2016-10-25 13:10:28
1H|$^&|||HA-8380V^11605011^V01.08    |||||||||201610251253
P|1
O|1|1610240834--------^0001^01|0001|^^^HbA1c|R||||||||||||||00000000^00000000^0^F^------^-------^------^-------^------^-------^------^-------^C1L5J08^2017-10
R|1|^^^ValueHbA1c|6.7|%||||F|||201610250622
R|2|^^^ValueIFCC|50|mmol/mol||||F
R|3|^^^ValueHbF|0.4|%||||F
R|4|^^^AreaTotal|39210|count||||F
R|5|^^^PeakHbA1ab|4^351^0.9|sec^count^%||||F
R|6|^^^PeakHbA1ab|6^785^2.0|sec^count^%||||F
R|7|^^^PeakHbF|8^161^0.4|sec^count^%||||F
R|8|^^^PeakLA1c|11^836^2.1|sec^count^%||||F
R|9|^^^PeakSA1c|18^2515^6.4|sec^count^%||||F
R|10|^^^PeakA0|36^34562^88.1|sec^count^%||||F
R|11|^^^TimeBottom|1^5^8^10^15^29^48|sec||||F
R|12|^^^TimeBase|2^29|sec||||F
R|13|^^^TimeSA1c|15^29|sec||||F
R|14|^^^TimeHbF|8^10|sec||||F
R|15|^^^TimeHbS||sec||||F
R|16|^^^TimeHbC||sec||||F
R|17|^^^TimeGain|18|sec||||F
R|18|^^^ValueGain|30^30|mOD||||F
R|19|^^^ADCount1|0000^0000^0000^0000^0000^0000^0000^0000^0000^0000^0000^0000^0000^0000^0000^0000^0000^0000^0000^0001^0001^0001^0003^0004^0006^0008^000B^000D^0011^0015|count||||F
R|20|^^^ADCount2|001A^001D^0022^0027^002B^0030^0034^0037^003A^003C^003D^003D^003D^003D^003D^003D^003D^003D^003D^003D^003F^0041^0044^0047^004A^004E^0051^0054^0057^0059|count||||F
R|21|^^^ADCount3|0059^0059^0057^0054^0052^004E^004A^0045^0041^003D^0038^0035^0032^002F^002B^002A^0028^0027^0027^0025^0023^0027^0027^0027^0028^002A^002A^002B^002B^002D|count||||F
R|22|^^^ADCount4|002F^002F^0030^0030^0030^0032^0032^0034^0035^0037^003A^003D^0042^0045^004C^0051^0056^005C^0061^0066^0069^006E^0070^0071^0073^0073^0071^006E^006C^0068|count||||F
R|23|^^^ADCount5|0064^005E^005B^0054^004F^004A^0045^0042^003C^0038^0034^0030^002B^002A^0025^0023^0020^001E^001D^001A^0018^0015^0015^0013^0011^0010^0010^000E^0010^0011|count||||F
R|24|^^^ADCount6|0013^0015^0018^001A^001E^0022^0025^002A^002F^0034^003A^0041^0047^004E^0054^005C^0063^006B^0071^0079^0080^0088^008D^0092^0095^009C^009D^00A0^00A2^00A2|count||||F
R|25|^^^ADCount7|00A0^00A0^009D^009C^0097^0093^008F^008A^0085^007E^0079^0073^006E^0068^0063^005E^0057^0052^004E^0049^0044^0041^003C^0038^0035^0032^002F^002B^002A^0027|count||||F
R|26|^^^ADCount8|0025^0023^0022^0020^001E^001D^001B^001B^001A^001A^0018^0018^0016^0016^0016^0016^0015^0015^0015^0015^0015^0015^0013^0013^0013^0013^0013^0013^0013^0013|count||||F
R|27|^^^ADCount9|0011^0011^0011^0011^0011^0011^0010^0010^0010^0010^000E^000D^000D^000D^000D^000D^000D^000B^000B^000B^000B^000B^0009^0009^0009^0009^0009^0008^0008^0008|count||||F
R|28|^^^ADCount0|0008^0008^0008^0008^0008^0008^0006^0006^0006^0006^0006^0006^0006^0006^0006^0006^0006^0006^0006^0006^0006^0006^0006^0006^0006^0006^0006^0006^0006^0006|count||||F
R|29|^^^ADCount1|0006^0006^0006^0006^0008^0008^0008^0008^0008^0008^0008^0008^0008^0008^0008^0008^0008^0008^0008^0008^0008^0008^0008^0006^0006^0006^0006^0006^0006^0006|count||||F
R|30|^^^ADCount2|0006^0006^0004^0004^0004^0004^0004^0004^0004^0003^0003^0003^0003^0004^0004^0004^0004^0013^0061^0134^0204^0204^0204^0204^0204^0204^0204^0204^0204^0204|count||||F
R|31|^^^ADCount3|0204^0204^0204^0204^0204^0204^0204^0204^0204^0204^0204^0204^0204^0204^0204^0204^0204^0204^0204^01CF^0182^0146^0117^00F0^00D0^00B6^00A0^008D^007E^0070|count||||F
R|32|^^^ADCount4|0064^005B^0052^004C^0044^003F^003A^0035^0034^0030^002B^002A^0027^0023^0020^001D^001A^0018^0015^0011^0010^000D^000B^0009^0008^0006^0006^0004^0004^0004|count||||F
R|33|^^^ADCount5|0004^0004^0004^0004^0004^0004^0004^0004^0003^0003^0003^0003^0003^0003^0003^0003^0003^0003^0003^0003^0001^0001^0001^0001^0001^0001^0001^0001^0001^0000|count||||F
R|34|^^^ADCount6|0000^0000^0001^0001^0001^0001^0001^0001^0001^0001^0001^0001^0001^0001^0001^0001^0001^0001^0001^0001^0001^0001^0001^0001^0000^0000^0000^0000^0000^0000|count||||F
L|1|N

2016-10-25 13:10:56
1H|$^&|||HA-8380V^11605011^V01.08    |||||||||201610251253
P|1
O|1|1610240834--------^0001^01|0001|^^^HbA1c|R||||||||||||||00000000^00000000^0^F^------^-------^------^-------^------^-------^------^-------^C1L5J08^2017-10
R|1|^^^ValueHbA1c|6.7|%||||F|||201610250622
R|2|^^^ValueIFCC|50|mmol/mol||||F
R|3|^^^ValueHbF|0.4|%||||F
R|4|^^^AreaTotal|39210|count||||F
R|5|^^^PeakHbA1ab|4^351^0.9|sec^count^%||||F
R|6|^^^PeakHbA1ab|6^785^2.0|sec^count^%||||F
R|7|^^^PeakHbF|8^161^0.4|sec^count^%||||F
R|8|^^^PeakLA1c|11^836^2.1|sec^count^%||||F
R|9|^^^PeakSA1c|18^2515^6.4|sec^count^%||||F
R|10|^^^PeakA0|36^34562^88.1|sec^count^%||||F
R|11|^^^TimeBottom|1^5^8^10^15^29^48|sec||||F
R|12|^^^TimeBase|2^29|sec||||F
R|13|^^^TimeSA1c|15^29|sec||||F
R|14|^^^TimeHbF|8^10|sec||||F
R|15|^^^TimeHbS||sec||||F
R|16|^^^TimeHbC||sec||||F
R|17|^^^TimeGain|18|sec||||F
R|18|^^^ValueGain|30^30|mOD||||F
R|19|^^^ADCount1|0000^0000^0000^0000^0000^0000^0000^0000^0000^0000^0000^0000^0000^0000^0000^0000^0000^0000^0000^0001^0001^0001^0003^0004^0006^0008^000B^000D^0011^0015|count||||F
R|20|^^^ADCount2|001A^001D^0022^0027^002B^0030^0034^0037^003A^003C^003D^003D^003D^003D^003D^003D^003D^003D^003D^003D^003F^0041^0044^0047^004A^004E^0051^0054^0057^0059|count||||F
R|21|^^^ADCount3|0059^0059^0057^0054^0052^004E^004A^0045^0041^003D^0038^0035^0032^002F^002B^002A^0028^0027^0027^0025^0023^0027^0027^0027^0028^002A^002A^002B^002B^002D|count||||F
R|22|^^^ADCount4|002F^002F^0030^0030^0030^0032^0032^0034^0035^0037^003A^003D^0042^0045^004C^0051^0056^005C^0061^0066^0069^006E^0070^0071^0073^0073^0071^006E^006C^0068|count||||F
R|23|^^^ADCount5|0064^005E^005B^0054^004F^004A^0045^0042^003C^0038^0034^0030^002B^002A^0025^0023^0020^001E^001D^001A^0018^0015^0015^0013^0011^0010^0010^000E^0010^0011|count||||F
R|24|^^^ADCount6|0013^0015^0018^001A^001E^0022^0025^002A^002F^0034^003A^0041^0047^004E^0054^005C^0063^006B^0071^0079^0080^0088^008D^0092^0095^009C^009D^00A0^00A2^00A2|count||||F
R|25|^^^ADCount7|00A0^00A0^009D^009C^0097^0093^008F^008A^0085^007E^0079^0073^006E^0068^0063^005E^0057^0052^004E^0049^0044^0041^003C^0038^0035^0032^002F^002B^002A^0027|count||||F
R|26|^^^ADCount8|0025^0023^0022^0020^001E^001D^001B^001B^001A^001A^0018^0018^0016^0016^0016^0016^0015^0015^0015^0015^0015^0015^0013^0013^0013^0013^0013^0013^0013^0013|count||||F
R|27|^^^ADCount9|0011^0011^0011^0011^0011^0011^0010^0010^0010^0010^000E^000D^000D^000D^000D^000D^000D^000B^000B^000B^000B^000B^0009^0009^0009^0009^0009^0008^0008^0008|count||||F
R|28|^^^ADCount0|0008^0008^0008^0008^0008^0008^0006^0006^0006^0006^0006^0006^0006^0006^0006^0006^0006^0006^0006^0006^0006^0006^0006^0006^0006^0006^0006^0006^0006^0006|count||||F
R|29|^^^ADCount1|0006^0006^0006^0006^0008^0008^0008^0008^0008^0008^0008^0008^0008^0008^0008^0008^0008^0008^0008^0008^0008^0008^0008^0006^0006^0006^0006^0006^0006^0006|count||||F
R|30|^^^ADCount2|0006^0006^0004^0004^0004^0004^0004^0004^0004^0003^0003^0003^0003^0004^0004^0004^0004^0013^0061^0134^0204^0204^0204^0204^0204^0204^0204^0204^0204^0204|count||||F
R|31|^^^ADCount3|0204^0204^0204^0204^0204^0204^0204^0204^0204^0204^0204^0204^0204^0204^0204^0204^0204^0204^0204^01CF^0182^0146^0117^00F0^00D0^00B6^00A0^008D^007E^0070|count||||F
R|32|^^^ADCount4|0064^005B^0052^004C^0044^003F^003A^0035^0034^0030^002B^002A^0027^0023^0020^001D^001A^0018^0015^0011^0010^000D^000B^0009^0008^0006^0006^0004^0004^0004|count||||F
R|33|^^^ADCount5|0004^0004^0004^0004^0004^0004^0004^0004^0003^0003^0003^0003^0003^0003^0003^0003^0003^0003^0003^0003^0001^0001^0001^0001^0001^0001^0001^0001^0001^0000|count||||F
R|34|^^^ADCount6|0000^0000^0001^0001^0001^0001^0001^0001^0001^0001^0001^0001^0001^0001^0001^0001^0001^0001^0001^0001^0001^0001^0001^0001^0000^0000^0000^0000^0000^0000|count||||F
L|1|N

2016-10-25 13:12:48
1H|$^&|||HA-8380V^11605011^V01.08    |||||||||201610251253
P|1
O|1|1610240834--------^0001^01|0001|^^^HbA1c|R||||||||||||||00000000^00000000^0^F^------^-------^------^-------^------^-------^------^-------^C1L5J08^2017-10
R|1|^^^ValueHbA1c|6.7|%||||F|||201610250622
R|2|^^^ValueIFCC|50|mmol/mol||||F
R|3|^^^ValueHbF|0.4|%||||F
R|4|^^^AreaTotal|39210|count||||F
R|5|^^^PeakHbA1ab|4^351^0.9|sec^count^%||||F
R|6|^^^PeakHbA1ab|6^785^2.0|sec^count^%||||F
R|7|^^^PeakHbF|8^161^0.4|sec^count^%||||F
R|8|^^^PeakLA1c|11^836^2.1|sec^count^%||||F
R|9|^^^PeakSA1c|18^2515^6.4|sec^count^%||||F
R|10|^^^PeakA0|36^34562^88.1|sec^count^%||||F
R|11|^^^TimeBottom|1^5^8^10^15^29^48|sec||||F
R|12|^^^TimeBase|2^29|sec||||F
R|13|^^^TimeSA1c|15^29|sec||||F
R|14|^^^TimeHbF|8^10|sec||||F
R|15|^^^TimeHbS||sec||||F
R|16|^^^TimeHbC||sec||||F
R|17|^^^TimeGain|18|sec||||F
R|18|^^^ValueGain|30^30|mOD||||F
R|19|^^^ADCount1|0000^0000^0000^0000^0000^0000^0000^0000^0000^0000^0000^0000^0000^0000^0000^0000^0000^0000^0000^0001^0001^0001^0003^0004^0006^0008^000B^000D^0011^0015|count||||F
R|20|^^^ADCount2|001A^001D^0022^0027^002B^0030^0034^0037^003A^003C^003D^003D^003D^003D^003D^003D^003D^003D^003D^003D^003F^0041^0044^0047^004A^004E^0051^0054^0057^0059|count||||F
R|21|^^^ADCount3|0059^0059^0057^0054^0052^004E^004A^0045^0041^003D^0038^0035^0032^002F^002B^002A^0028^0027^0027^0025^0023^0027^0027^0027^0028^002A^002A^002B^002B^002D|count||||F
R|22|^^^ADCount4|002F^002F^0030^0030^0030^0032^0032^0034^0035^0037^003A^003D^0042^0045^004C^0051^0056^005C^0061^0066^0069^006E^0070^0071^0073^0073^0071^006E^006C^0068|count||||F
R|23|^^^ADCount5|0064^005E^005B^0054^004F^004A^0045^0042^003C^0038^0034^0030^002B^002A^0025^0023^0020^001E^001D^001A^0018^0015^0015^0013^0011^0010^0010^000E^0010^0011|count||||F
R|24|^^^ADCount6|0013^0015^0018^001A^001E^0022^0025^002A^002F^0034^003A^0041^0047^004E^0054^005C^0063^006B^0071^0079^0080^0088^008D^0092^0095^009C^009D^00A0^00A2^00A2|count||||F
R|25|^^^ADCount7|00A0^00A0^009D^009C^0097^0093^008F^008A^0085^007E^0079^0073^006E^0068^0063^005E^0057^0052^004E^0049^0044^0041^003C^0038^0035^0032^002F^002B^002A^0027|count||||F
R|26|^^^ADCount8|0025^0023^0022^0020^001E^001D^001B^001B^001A^001A^0018^0018^0016^0016^0016^0016^0015^0015^0015^0015^0015^0015^0013^0013^0013^0013^0013^0013^0013^0013|count||||F
R|27|^^^ADCount9|0011^0011^0011^0011^0011^0011^0010^0010^0010^0010^000E^000D^000D^000D^000D^000D^000D^000B^000B^000B^000B^000B^0009^0009^0009^0009^0009^0008^0008^0008|count||||F
R|28|^^^ADCount0|0008^0008^0008^0008^0008^0008^0006^0006^0006^0006^0006^0006^0006^0006^0006^0006^0006^0006^0006^0006^0006^0006^0006^0006^0006^0006^0006^0006^0006^0006|count||||F
R|29|^^^ADCount1|0006^0006^0006^0006^0008^0008^0008^0008^0008^0008^0008^0008^0008^0008^0008^0008^0008^0008^0008^0008^0008^0008^0008^0006^0006^0006^0006^0006^0006^0006|count||||F
R|30|^^^ADCount2|0006^0006^0004^0004^0004^0004^0004^0004^0004^0003^0003^0003^0003^0004^0004^0004^0004^0013^0061^0134^0204^0204^0204^0204^0204^0204^0204^0204^0204^0204|count||||F
R|31|^^^ADCount3|0204^0204^0204^0204^0204^0204^0204^0204^0204^0204^0204^0204^0204^0204^0204^0204^0204^0204^0204^01CF^0182^0146^0117^00F0^00D0^00B6^00A0^008D^007E^0070|count||||F
R|32|^^^ADCount4|0064^005B^0052^004C^0044^003F^003A^0035^0034^0030^002B^002A^0027^0023^0020^001D^001A^0018^0015^0011^0010^000D^000B^0009^0008^0006^0006^0004^0004^0004|count||||F
R|33|^^^ADCount5|0004^0004^0004^0004^0004^0004^0004^0004^0003^0003^0003^0003^0003^0003^0003^0003^0003^0003^0003^0003^0001^0001^0001^0001^0001^0001^0001^0001^0001^0000|count||||F
R|34|^^^ADCount6|0000^0000^0001^0001^0001^0001^0001^0001^0001^0001^0001^0001^0001^0001^0001^0001^0001^0001^0001^0001^0001^0001^0001^0001^0000^0000^0000^0000^0000^0000|count||||F
L|1|N

