[2018-11-28 오전 3:51:41] SqlStr :  select a.ResAcpDte, a.ResAcpCod, a.ResAcpNum, a.ResSpmCod, a.ResChtNum, b.PbsPatNam, a.ResLabCod 
  from ResInf a, PbsInf b 
 where a.ResSpmNum = '1800156710'
   and a.ResAcpCod = 'URI' 
   and a.ResMzhTyp <> 'L' 
   and a.ResRepTyp <> 'F' 
   and a.ResChtNum = b.PbsChtNum 
 order by a.ResLabCod 


[2018-11-28 오전 3:53:29] SqlStr :  select a.ResAcpDte, a.ResAcpCod, a.ResAcpNum, a.ResSpmCod, a.ResChtNum, b.PbsPatNam, a.ResLabCod 
  from ResInf a, PbsInf b 
 where a.ResSpmNum = '1800156710'
   and a.ResAcpCod = 'URI' 
   and a.ResMzhTyp <> 'L' 
   and a.ResRepTyp <> 'F' 
   and a.ResChtNum = b.PbsChtNum 
 order by a.ResLabCod 


[2018-11-28 오전 3:53:29] sOrdList : 20181128|URI/1/U01|38215|박정옥|18|001|002|003|004|005|006|007|008|009|010|011|012|026|027|028|029|030|031|

[2018-11-28 오전 6:45:10] SqlStr :  select a.ResAcpDte, a.ResAcpCod, a.ResAcpNum, a.ResSpmCod, a.ResChtNum, b.PbsPatNam, a.ResLabCod 
  from ResInf a, PbsInf b 
 where a.ResSpmNum = '1810156684'
   and a.ResAcpCod = 'URI' 
   and a.ResMzhTyp <> 'L' 
   and a.ResRepTyp <> 'F' 
   and a.ResChtNum = b.PbsChtNum 
 order by a.ResLabCod 


[2018-11-28 오전 6:45:13] SqlStr :  select a.ResAcpDte, a.ResAcpCod, a.ResAcpNum, a.ResSpmCod, a.ResChtNum, b.PbsPatNam, a.ResLabCod 
  from ResInf a, PbsInf b 
 where a.ResSpmNum = '1810156673'
   and a.ResAcpCod = 'URI' 
   and a.ResMzhTyp <> 'L' 
   and a.ResRepTyp <> 'F' 
   and a.ResChtNum = b.PbsChtNum 
 order by a.ResLabCod 


[2018-11-28 오전 6:46:59] SqlStr :  select a.ResAcpDte, a.ResAcpCod, a.ResAcpNum, a.ResSpmCod, a.ResChtNum, b.PbsPatNam, a.ResLabCod 
  from ResInf a, PbsInf b 
 where a.ResSpmNum = '1810156684'
   and a.ResAcpCod = 'URI' 
   and a.ResMzhTyp <> 'L' 
   and a.ResRepTyp <> 'F' 
   and a.ResChtNum = b.PbsChtNum 
 order by a.ResLabCod 


[2018-11-28 오전 6:46:59] sOrdList : 20181128|URI/3/U01|279579|양희정|18|001|002|003|004|005|006|007|008|009|010|011|012|026|027|028|029|030|031|

[2018-11-28 오전 6:47:25] SqlStr :  select a.ResAcpDte, a.ResAcpCod, a.ResAcpNum, a.ResSpmCod, a.ResChtNum, b.PbsPatNam, a.ResLabCod 
  from ResInf a, PbsInf b 
 where a.ResSpmNum = '1810156673'
   and a.ResAcpCod = 'URI' 
   and a.ResMzhTyp <> 'L' 
   and a.ResRepTyp <> 'F' 
   and a.ResChtNum = b.PbsChtNum 
 order by a.ResLabCod 


[2018-11-28 오전 6:47:25] sOrdList : 20181128|URI/4/U01|260867|명인순|18|001|002|003|004|005|006|007|008|009|010|011|012|026|027|028|029|030|031|

[2018-11-28 오전 6:50:40] SqlStr :  select a.ResAcpDte, a.ResAcpCod, a.ResAcpNum, a.ResSpmCod, a.ResChtNum, b.PbsPatNam, a.ResLabCod 
  from ResInf a, PbsInf b 
 where a.ResSpmNum = '1810156537'
   and a.ResAcpCod = 'URI' 
   and a.ResMzhTyp <> 'L' 
   and a.ResRepTyp <> 'F' 
   and a.ResChtNum = b.PbsChtNum 
 order by a.ResLabCod 


[2018-11-28 오전 6:52:51] SqlStr :  select a.ResAcpDte, a.ResAcpCod, a.ResAcpNum, a.ResSpmCod, a.ResChtNum, b.PbsPatNam, a.ResLabCod 
  from ResInf a, PbsInf b 
 where a.ResSpmNum = '1810156537'
   and a.ResAcpCod = 'URI' 
   and a.ResMzhTyp <> 'L' 
   and a.ResRepTyp <> 'F' 
   and a.ResChtNum = b.PbsChtNum 
 order by a.ResLabCod 


[2018-11-28 오전 6:52:51] sOrdList : 20181128|URI/2/U01|103703|이무진|18|001|002|003|004|005|006|007|008|009|010|011|012|026|027|028|029|030|031|

[2018-11-28 오전 7:25:26] SqlStr :  select a.ResAcpDte, a.ResAcpCod, a.ResAcpNum, a.ResSpmCod, a.ResChtNum, b.PbsPatNam, a.ResLabCod 
  from ResInf a, PbsInf b 
 where a.ResSpmNum = '1810156525'
   and a.ResAcpCod = 'URI' 
   and a.ResMzhTyp <> 'L' 
   and a.ResRepTyp <> 'F' 
   and a.ResChtNum = b.PbsChtNum 
 order by a.ResLabCod 


[2018-11-28 오전 7:27:14] SqlStr :  select a.ResAcpDte, a.ResAcpCod, a.ResAcpNum, a.ResSpmCod, a.ResChtNum, b.PbsPatNam, a.ResLabCod 
  from ResInf a, PbsInf b 
 where a.ResSpmNum = '1810156525'
   and a.ResAcpCod = 'URI' 
   and a.ResMzhTyp <> 'L' 
   and a.ResRepTyp <> 'F' 
   and a.ResChtNum = b.PbsChtNum 
 order by a.ResLabCod 


[2018-11-28 오전 7:27:14] sOrdList : 20181128|URI/5/U01|243782|김희곤|18|001|002|003|004|005|006|007|008|009|010|011|012|026|027|028|029|030|031|

[2018-11-28 오전 7:57:12] SqlStr :  select a.ResAcpDte, a.ResAcpCod, a.ResAcpNum, a.ResSpmCod, a.ResChtNum, b.PbsPatNam, a.ResLabCod 
  from ResInf a, PbsInf b 
 where a.ResSpmNum = '1810156497'
   and a.ResAcpCod = 'URI' 
   and a.ResMzhTyp <> 'L' 
   and a.ResRepTyp <> 'F' 
   and a.ResChtNum = b.PbsChtNum 
 order by a.ResLabCod 


[2018-11-28 오전 7:57:15] SqlStr :  select a.ResAcpDte, a.ResAcpCod, a.ResAcpNum, a.ResSpmCod, a.ResChtNum, b.PbsPatNam, a.ResLabCod 
  from ResInf a, PbsInf b 
 where a.ResSpmNum = '1810156521'
   and a.ResAcpCod = 'URI' 
   and a.ResMzhTyp <> 'L' 
   and a.ResRepTyp <> 'F' 
   and a.ResChtNum = b.PbsChtNum 
 order by a.ResLabCod 


[2018-11-28 오전 7:57:18] SqlStr :  select a.ResAcpDte, a.ResAcpCod, a.ResAcpNum, a.ResSpmCod, a.ResChtNum, b.PbsPatNam, a.ResLabCod 
  from ResInf a, PbsInf b 
 where a.ResSpmNum = '1810156713'
   and a.ResAcpCod = 'URI' 
   and a.ResMzhTyp <> 'L' 
   and a.ResRepTyp <> 'F' 
   and a.ResChtNum = b.PbsChtNum 
 order by a.ResLabCod 


[2018-11-28 오전 7:58:59] SqlStr :  select a.ResAcpDte, a.ResAcpCod, a.ResAcpNum, a.ResSpmCod, a.ResChtNum, b.PbsPatNam, a.ResLabCod 
  from ResInf a, PbsInf b 
 where a.ResSpmNum = '1810156497'
   and a.ResAcpCod = 'URI' 
   and a.ResMzhTyp <> 'L' 
   and a.ResRepTyp <> 'F' 
   and a.ResChtNum = b.PbsChtNum 
 order by a.ResLabCod 


[2018-11-28 오전 7:58:59] sOrdList : 20181128|URI/7/U01|55922|박병석|18|001|002|003|004|005|006|007|008|009|010|011|012|026|027|028|029|030|031|

[2018-11-28 오전 7:59:11] SqlStr :  select a.ResAcpDte, a.ResAcpCod, a.ResAcpNum, a.ResSpmCod, a.ResChtNum, b.PbsPatNam, a.ResLabCod 
  from ResInf a, PbsInf b 
 where a.ResSpmNum = '1810156521'
   and a.ResAcpCod = 'URI' 
   and a.ResMzhTyp <> 'L' 
   and a.ResRepTyp <> 'F' 
   and a.ResChtNum = b.PbsChtNum 
 order by a.ResLabCod 


[2018-11-28 오전 7:59:11] sOrdList : 20181128|URI/8/U01|135719|김월산|18|001|002|003|004|005|006|007|008|009|010|011|012|026|027|028|029|030|031|

[2018-11-28 오전 7:59:25] SqlStr :  select a.ResAcpDte, a.ResAcpCod, a.ResAcpNum, a.ResSpmCod, a.ResChtNum, b.PbsPatNam, a.ResLabCod 
  from ResInf a, PbsInf b 
 where a.ResSpmNum = '1810156713'
   and a.ResAcpCod = 'URI' 
   and a.ResMzhTyp <> 'L' 
   and a.ResRepTyp <> 'F' 
   and a.ResChtNum = b.PbsChtNum 
 order by a.ResLabCod 


[2018-11-28 오전 7:59:25] sOrdList : 20181128|URI/6/U01|254937|김영순|18|001|002|003|004|005|006|007|008|009|010|011|012|026|027|028|029|030|031|

[2018-11-28 오전 8:53:39] SqlStr :  select a.ResAcpDte, a.ResAcpCod, a.ResAcpNum, a.ResSpmCod, a.ResChtNum, b.PbsPatNam, a.ResLabCod 
  from ResInf a, PbsInf b 
 where a.ResSpmNum = '1800156740'
   and a.ResAcpCod = 'URI' 
   and a.ResMzhTyp <> 'L' 
   and a.ResRepTyp <> 'F' 
   and a.ResChtNum = b.PbsChtNum 
 order by a.ResLabCod 


[2018-11-28 오전 8:55:27] SqlStr :  select a.ResAcpDte, a.ResAcpCod, a.ResAcpNum, a.ResSpmCod, a.ResChtNum, b.PbsPatNam, a.ResLabCod 
  from ResInf a, PbsInf b 
 where a.ResSpmNum = '1800156740'
   and a.ResAcpCod = 'URI' 
   and a.ResMzhTyp <> 'L' 
   and a.ResRepTyp <> 'F' 
   and a.ResChtNum = b.PbsChtNum 
 order by a.ResLabCod 


[2018-11-28 오전 8:55:27] sOrdList : 20181128|URI/9/U01|71060|정병수|18|001|002|003|004|005|006|007|008|009|010|011|012|026|027|028|029|030|031|

[2018-11-28 오전 8:57:58] SqlStr :  select a.ResAcpDte, a.ResAcpCod, a.ResAcpNum, a.ResSpmCod, a.ResChtNum, b.PbsPatNam, a.ResLabCod 
  from ResInf a, PbsInf b 
 where a.ResSpmNum = '1800156728'
   and a.ResAcpCod = 'URI' 
   and a.ResMzhTyp <> 'L' 
   and a.ResRepTyp <> 'F' 
   and a.ResChtNum = b.PbsChtNum 
 order by a.ResLabCod 


[2018-11-28 오전 8:58:01] SqlStr :  select a.ResAcpDte, a.ResAcpCod, a.ResAcpNum, a.ResSpmCod, a.ResChtNum, b.PbsPatNam, a.ResLabCod 
  from ResInf a, PbsInf b 
 where a.ResSpmNum = '1800156743'
   and a.ResAcpCod = 'URI' 
   and a.ResMzhTyp <> 'L' 
   and a.ResRepTyp <> 'F' 
   and a.ResChtNum = b.PbsChtNum 
 order by a.ResLabCod 


[2018-11-28 오전 8:59:45] SqlStr :  select a.ResAcpDte, a.ResAcpCod, a.ResAcpNum, a.ResSpmCod, a.ResChtNum, b.PbsPatNam, a.ResLabCod 
  from ResInf a, PbsInf b 
 where a.ResSpmNum = '1800156728'
   and a.ResAcpCod = 'URI' 
   and a.ResMzhTyp <> 'L' 
   and a.ResRepTyp <> 'F' 
   and a.ResChtNum = b.PbsChtNum 
 order by a.ResLabCod 


[2018-11-28 오전 8:59:45] sOrdList : 20181128|URI/10/U01|32185|이상국|18|001|002|003|004|005|006|007|008|009|010|011|012|026|027|028|029|030|031|

[2018-11-28 오전 8:59:58] SqlStr :  select a.ResAcpDte, a.ResAcpCod, a.ResAcpNum, a.ResSpmCod, a.ResChtNum, b.PbsPatNam, a.ResLabCod 
  from ResInf a, PbsInf b 
 where a.ResSpmNum = '1800156743'
   and a.ResAcpCod = 'URI' 
   and a.ResMzhTyp <> 'L' 
   and a.ResRepTyp <> 'F' 
   and a.ResChtNum = b.PbsChtNum 
 order by a.ResLabCod 


[2018-11-28 오전 8:59:58] sOrdList : 20181128|URI/11/U01|84336|김윤란|18|001|002|003|004|005|006|007|008|009|010|011|012|026|027|028|029|030|031|

[2018-11-28 오전 9:35:54] SqlStr :  select a.ResAcpDte, a.ResAcpCod, a.ResAcpNum, a.ResSpmCod, a.ResChtNum, b.PbsPatNam, a.ResLabCod 
  from ResInf a, PbsInf b 
 where a.ResSpmNum = '1800156765'
   and a.ResAcpCod = 'URI' 
   and a.ResMzhTyp <> 'L' 
   and a.ResRepTyp <> 'F' 
   and a.ResChtNum = b.PbsChtNum 
 order by a.ResLabCod 


[2018-11-28 오전 9:37:41] SqlStr :  select a.ResAcpDte, a.ResAcpCod, a.ResAcpNum, a.ResSpmCod, a.ResChtNum, b.PbsPatNam, a.ResLabCod 
  from ResInf a, PbsInf b 
 where a.ResSpmNum = '1800156765'
   and a.ResAcpCod = 'URI' 
   and a.ResMzhTyp <> 'L' 
   and a.ResRepTyp <> 'F' 
   and a.ResChtNum = b.PbsChtNum 
 order by a.ResLabCod 


[2018-11-28 오전 9:37:41] sOrdList : 20181128|URI/12/U01|196954|박영찬|18|001|002|003|004|005|006|007|008|009|010|011|012|026|027|028|029|030|031|

