[2018-11-27 오전 12:00:05] SqlStr :  select a.ResAcpDte, a.ResAcpCod, a.ResAcpNum, a.ResSpmCod, a.ResChtNum, b.PbsPatNam, a.ResLabCod 
  from ResInf a, PbsInf b 
 where a.ResSpmNum = '1800156205'
   and a.ResAcpCod = 'URI' 
   and a.ResMzhTyp <> 'L' 
   and a.ResRepTyp <> 'F' 
   and a.ResChtNum = b.PbsChtNum 
 order by a.ResLabCod 


[2018-11-27 오전 12:52:15] SqlStr :  select a.ResAcpDte, a.ResAcpCod, a.ResAcpNum, a.ResSpmCod, a.ResChtNum, b.PbsPatNam, a.ResLabCod 
  from ResInf a, PbsInf b 
 where a.ResSpmNum = '1810155994'
   and a.ResAcpCod = 'URI' 
   and a.ResMzhTyp <> 'L' 
   and a.ResRepTyp <> 'F' 
   and a.ResChtNum = b.PbsChtNum 
 order by a.ResLabCod 


[2018-11-27 오전 12:54:05] SqlStr :  select a.ResAcpDte, a.ResAcpCod, a.ResAcpNum, a.ResSpmCod, a.ResChtNum, b.PbsPatNam, a.ResLabCod 
  from ResInf a, PbsInf b 
 where a.ResSpmNum = '1810155994'
   and a.ResAcpCod = 'URI' 
   and a.ResMzhTyp <> 'L' 
   and a.ResRepTyp <> 'F' 
   and a.ResChtNum = b.PbsChtNum 
 order by a.ResLabCod 


[2018-11-27 오전 12:54:05] sOrdList : 20181127|URI/1/U01|182895|김춘호|18|001|002|003|004|005|006|007|008|009|010|011|012|026|027|028|029|030|031|

[2018-11-27 오전 2:12:16] SqlStr :  select a.ResAcpDte, a.ResAcpCod, a.ResAcpNum, a.ResSpmCod, a.ResChtNum, b.PbsPatNam, a.ResLabCod 
  from ResInf a, PbsInf b 
 where a.ResSpmNum = '1810156129'
   and a.ResAcpCod = 'URI' 
   and a.ResMzhTyp <> 'L' 
   and a.ResRepTyp <> 'F' 
   and a.ResChtNum = b.PbsChtNum 
 order by a.ResLabCod 


[2018-11-27 오전 2:14:08] SqlStr :  select a.ResAcpDte, a.ResAcpCod, a.ResAcpNum, a.ResSpmCod, a.ResChtNum, b.PbsPatNam, a.ResLabCod 
  from ResInf a, PbsInf b 
 where a.ResSpmNum = '1810156129'
   and a.ResAcpCod = 'URI' 
   and a.ResMzhTyp <> 'L' 
   and a.ResRepTyp <> 'F' 
   and a.ResChtNum = b.PbsChtNum 
 order by a.ResLabCod 


[2018-11-27 오전 2:14:08] sOrdList : 20181127|URI/2/U01|1748|정선옥|18|001|002|003|004|005|006|007|008|009|010|011|012|026|027|028|029|030|031|

[2018-11-27 오전 7:31:03] SqlStr :  select a.ResAcpDte, a.ResAcpCod, a.ResAcpNum, a.ResSpmCod, a.ResChtNum, b.PbsPatNam, a.ResLabCod 
  from ResInf a, PbsInf b 
 where a.ResSpmNum = '1810156210'
   and a.ResAcpCod = 'URI' 
   and a.ResMzhTyp <> 'L' 
   and a.ResRepTyp <> 'F' 
   and a.ResChtNum = b.PbsChtNum 
 order by a.ResLabCod 


[2018-11-27 오전 7:31:06] SqlStr :  select a.ResAcpDte, a.ResAcpCod, a.ResAcpNum, a.ResSpmCod, a.ResChtNum, b.PbsPatNam, a.ResLabCod 
  from ResInf a, PbsInf b 
 where a.ResSpmNum = '1810156153'
   and a.ResAcpCod = 'URI' 
   and a.ResMzhTyp <> 'L' 
   and a.ResRepTyp <> 'F' 
   and a.ResChtNum = b.PbsChtNum 
 order by a.ResLabCod 


[2018-11-27 오전 7:31:09] SqlStr :  select a.ResAcpDte, a.ResAcpCod, a.ResAcpNum, a.ResSpmCod, a.ResChtNum, b.PbsPatNam, a.ResLabCod 
  from ResInf a, PbsInf b 
 where a.ResSpmNum = '1810156159'
   and a.ResAcpCod = 'URI' 
   and a.ResMzhTyp <> 'L' 
   and a.ResRepTyp <> 'F' 
   and a.ResChtNum = b.PbsChtNum 
 order by a.ResLabCod 


[2018-11-27 오전 7:31:38] SqlStr :  select a.ResAcpDte, a.ResAcpCod, a.ResAcpNum, a.ResSpmCod, a.ResChtNum, b.PbsPatNam, a.ResLabCod 
  from ResInf a, PbsInf b 
 where a.ResSpmNum = '1810156221'
   and a.ResAcpCod = 'URI' 
   and a.ResMzhTyp <> 'L' 
   and a.ResRepTyp <> 'F' 
   and a.ResChtNum = b.PbsChtNum 
 order by a.ResLabCod 


[2018-11-27 오전 7:32:50] SqlStr :  select a.ResAcpDte, a.ResAcpCod, a.ResAcpNum, a.ResSpmCod, a.ResChtNum, b.PbsPatNam, a.ResLabCod 
  from ResInf a, PbsInf b 
 where a.ResSpmNum = '1810156210'
   and a.ResAcpCod = 'URI' 
   and a.ResMzhTyp <> 'L' 
   and a.ResRepTyp <> 'F' 
   and a.ResChtNum = b.PbsChtNum 
 order by a.ResLabCod 


[2018-11-27 오전 7:32:50] sOrdList : 20181127|URI/6/U01|285227|한상예|18|001|002|003|004|005|006|007|008|009|010|011|012|026|027|028|029|030|031|

[2018-11-27 오전 7:33:03] SqlStr :  select a.ResAcpDte, a.ResAcpCod, a.ResAcpNum, a.ResSpmCod, a.ResChtNum, b.PbsPatNam, a.ResLabCod 
  from ResInf a, PbsInf b 
 where a.ResSpmNum = '1810156153'
   and a.ResAcpCod = 'URI' 
   and a.ResMzhTyp <> 'L' 
   and a.ResRepTyp <> 'F' 
   and a.ResChtNum = b.PbsChtNum 
 order by a.ResLabCod 


[2018-11-27 오전 7:33:03] sOrdList : 20181127|URI/3/U01|285291|오세은|18|001|002|003|004|005|006|007|008|009|010|011|012|026|027|028|029|030|031|

[2018-11-27 오전 7:33:15] SqlStr :  select a.ResAcpDte, a.ResAcpCod, a.ResAcpNum, a.ResSpmCod, a.ResChtNum, b.PbsPatNam, a.ResLabCod 
  from ResInf a, PbsInf b 
 where a.ResSpmNum = '1810156159'
   and a.ResAcpCod = 'URI' 
   and a.ResMzhTyp <> 'L' 
   and a.ResRepTyp <> 'F' 
   and a.ResChtNum = b.PbsChtNum 
 order by a.ResLabCod 


[2018-11-27 오전 7:33:15] sOrdList : 20181127|URI/4/U01|285094|원성희|18|001|002|003|004|005|006|007|008|009|010|011|012|026|027|028|029|030|031|

[2018-11-27 오전 7:33:29] SqlStr :  select a.ResAcpDte, a.ResAcpCod, a.ResAcpNum, a.ResSpmCod, a.ResChtNum, b.PbsPatNam, a.ResLabCod 
  from ResInf a, PbsInf b 
 where a.ResSpmNum = '1810156221'
   and a.ResAcpCod = 'URI' 
   and a.ResMzhTyp <> 'L' 
   and a.ResRepTyp <> 'F' 
   and a.ResChtNum = b.PbsChtNum 
 order by a.ResLabCod 


[2018-11-27 오전 7:33:29] sOrdList : 20181127|URI/5/U03|30797|박금옥|18|001|002|003|004|005|006|007|008|009|010|011|012|026|027|028|029|030|031|

[2018-11-27 오전 8:30:18] SqlStr :  select a.ResAcpDte, a.ResAcpCod, a.ResAcpNum, a.ResSpmCod, a.ResChtNum, b.PbsPatNam, a.ResLabCod 
  from ResInf a, PbsInf b 
 where a.ResSpmNum = '1810156124'
   and a.ResAcpCod = 'URI' 
   and a.ResMzhTyp <> 'L' 
   and a.ResRepTyp <> 'F' 
   and a.ResChtNum = b.PbsChtNum 
 order by a.ResLabCod 


[2018-11-27 오전 8:30:21] SqlStr :  select a.ResAcpDte, a.ResAcpCod, a.ResAcpNum, a.ResSpmCod, a.ResChtNum, b.PbsPatNam, a.ResLabCod 
  from ResInf a, PbsInf b 
 where a.ResSpmNum = '1810155806'
   and a.ResAcpCod = 'URI' 
   and a.ResMzhTyp <> 'L' 
   and a.ResRepTyp <> 'F' 
   and a.ResChtNum = b.PbsChtNum 
 order by a.ResLabCod 


[2018-11-27 오전 8:32:06] SqlStr :  select a.ResAcpDte, a.ResAcpCod, a.ResAcpNum, a.ResSpmCod, a.ResChtNum, b.PbsPatNam, a.ResLabCod 
  from ResInf a, PbsInf b 
 where a.ResSpmNum = '1810156124'
   and a.ResAcpCod = 'URI' 
   and a.ResMzhTyp <> 'L' 
   and a.ResRepTyp <> 'F' 
   and a.ResChtNum = b.PbsChtNum 
 order by a.ResLabCod 


[2018-11-27 오전 8:32:06] sOrdList : 20181127|URI/8/U01|222650|남기우|18|001|002|003|004|005|006|007|008|009|010|011|012|026|027|028|029|030|031|

[2018-11-27 오전 8:32:19] SqlStr :  select a.ResAcpDte, a.ResAcpCod, a.ResAcpNum, a.ResSpmCod, a.ResChtNum, b.PbsPatNam, a.ResLabCod 
  from ResInf a, PbsInf b 
 where a.ResSpmNum = '1810155806'
   and a.ResAcpCod = 'URI' 
   and a.ResMzhTyp <> 'L' 
   and a.ResRepTyp <> 'F' 
   and a.ResChtNum = b.PbsChtNum 
 order by a.ResLabCod 


[2018-11-27 오전 8:32:19] sOrdList : 20181127|URI/7/U01|16725|송해자|18|001|002|003|004|005|006|007|008|009|010|011|012|026|027|028|029|030|031|

[2018-11-27 오전 8:48:36] SqlStr :  select a.ResAcpDte, a.ResAcpCod, a.ResAcpNum, a.ResSpmCod, a.ResChtNum, b.PbsPatNam, a.ResLabCod 
  from ResInf a, PbsInf b 
 where a.ResSpmNum = '1800156241'
   and a.ResAcpCod = 'URI' 
   and a.ResMzhTyp <> 'L' 
   and a.ResRepTyp <> 'F' 
   and a.ResChtNum = b.PbsChtNum 
 order by a.ResLabCod 


[2018-11-27 오전 8:50:23] SqlStr :  select a.ResAcpDte, a.ResAcpCod, a.ResAcpNum, a.ResSpmCod, a.ResChtNum, b.PbsPatNam, a.ResLabCod 
  from ResInf a, PbsInf b 
 where a.ResSpmNum = '1800156241'
   and a.ResAcpCod = 'URI' 
   and a.ResMzhTyp <> 'L' 
   and a.ResRepTyp <> 'F' 
   and a.ResChtNum = b.PbsChtNum 
 order by a.ResLabCod 


[2018-11-27 오전 8:50:23] sOrdList : 20181127|URI/9/U01|249526|진호|18|001|002|003|004|005|006|007|008|009|010|011|012|026|027|028|029|030|031|

[2018-11-27 오전 9:24:05] SqlStr :  select a.ResAcpDte, a.ResAcpCod, a.ResAcpNum, a.ResSpmCod, a.ResChtNum, b.PbsPatNam, a.ResLabCod 
  from ResInf a, PbsInf b 
 where a.ResSpmNum = '1810156246'
   and a.ResAcpCod = 'URI' 
   and a.ResMzhTyp <> 'L' 
   and a.ResRepTyp <> 'F' 
   and a.ResChtNum = b.PbsChtNum 
 order by a.ResLabCod 


[2018-11-27 오전 9:24:08] SqlStr :  select a.ResAcpDte, a.ResAcpCod, a.ResAcpNum, a.ResSpmCod, a.ResChtNum, b.PbsPatNam, a.ResLabCod 
  from ResInf a, PbsInf b 
 where a.ResSpmNum = '1810156100'
   and a.ResAcpCod = 'URI' 
   and a.ResMzhTyp <> 'L' 
   and a.ResRepTyp <> 'F' 
   and a.ResChtNum = b.PbsChtNum 
 order by a.ResLabCod 


[2018-11-27 오전 9:24:11] SqlStr :  select a.ResAcpDte, a.ResAcpCod, a.ResAcpNum, a.ResSpmCod, a.ResChtNum, b.PbsPatNam, a.ResLabCod 
  from ResInf a, PbsInf b 
 where a.ResSpmNum = '1800156264'
   and a.ResAcpCod = 'URI' 
   and a.ResMzhTyp <> 'L' 
   and a.ResRepTyp <> 'F' 
   and a.ResChtNum = b.PbsChtNum 
 order by a.ResLabCod 


[2018-11-27 오전 9:24:41] SqlStr :  select a.ResAcpDte, a.ResAcpCod, a.ResAcpNum, a.ResSpmCod, a.ResChtNum, b.PbsPatNam, a.ResLabCod 
  from ResInf a, PbsInf b 
 where a.ResSpmNum = '1800156275'
   and a.ResAcpCod = 'URI' 
   and a.ResMzhTyp <> 'L' 
   and a.ResRepTyp <> 'F' 
   and a.ResChtNum = b.PbsChtNum 
 order by a.ResLabCod 


[2018-11-27 오전 9:24:55] SqlStr :  select a.ResAcpDte, a.ResAcpCod, a.ResAcpNum, a.ResSpmCod, a.ResChtNum, b.PbsPatNam, a.ResLabCod 
  from ResInf a, PbsInf b 
 where a.ResSpmNum = '1800156287'
   and a.ResAcpCod = 'URI' 
   and a.ResMzhTyp <> 'L' 
   and a.ResRepTyp <> 'F' 
   and a.ResChtNum = b.PbsChtNum 
 order by a.ResLabCod 


[2018-11-27 오전 9:25:08] SqlStr :  select a.ResAcpDte, a.ResAcpCod, a.ResAcpNum, a.ResSpmCod, a.ResChtNum, b.PbsPatNam, a.ResLabCod 
  from ResInf a, PbsInf b 
 where a.ResSpmNum = '1810156253'
   and a.ResAcpCod = 'URI' 
   and a.ResMzhTyp <> 'L' 
   and a.ResRepTyp <> 'F' 
   and a.ResChtNum = b.PbsChtNum 
 order by a.ResLabCod 


[2018-11-27 오전 9:25:22] SqlStr :  select a.ResAcpDte, a.ResAcpCod, a.ResAcpNum, a.ResSpmCod, a.ResChtNum, b.PbsPatNam, a.ResLabCod 
  from ResInf a, PbsInf b 
 where a.ResSpmNum = '1800156268'
   and a.ResAcpCod = 'URI' 
   and a.ResMzhTyp <> 'L' 
   and a.ResRepTyp <> 'F' 
   and a.ResChtNum = b.PbsChtNum 
 order by a.ResLabCod 


[2018-11-27 오전 9:25:34] SqlStr :  select a.ResAcpDte, a.ResAcpCod, a.ResAcpNum, a.ResSpmCod, a.ResChtNum, b.PbsPatNam, a.ResLabCod 
  from ResInf a, PbsInf b 
 where a.ResSpmNum = '1800156255'
   and a.ResAcpCod = 'URI' 
   and a.ResMzhTyp <> 'L' 
   and a.ResRepTyp <> 'F' 
   and a.ResChtNum = b.PbsChtNum 
 order by a.ResLabCod 


[2018-11-27 오전 9:25:53] SqlStr :  select a.ResAcpDte, a.ResAcpCod, a.ResAcpNum, a.ResSpmCod, a.ResChtNum, b.PbsPatNam, a.ResLabCod 
  from ResInf a, PbsInf b 
 where a.ResSpmNum = '1810156246'
   and a.ResAcpCod = 'URI' 
   and a.ResMzhTyp <> 'L' 
   and a.ResRepTyp <> 'F' 
   and a.ResChtNum = b.PbsChtNum 
 order by a.ResLabCod 


[2018-11-27 오전 9:25:53] sOrdList : 20181127|URI/15/U01|241595|이정례|18|001|002|003|004|005|006|007|008|009|010|011|012|026|027|028|029|030|031|

[2018-11-27 오전 9:26:06] SqlStr :  select a.ResAcpDte, a.ResAcpCod, a.ResAcpNum, a.ResSpmCod, a.ResChtNum, b.PbsPatNam, a.ResLabCod 
  from ResInf a, PbsInf b 
 where a.ResSpmNum = '1810156100'
   and a.ResAcpCod = 'URI' 
   and a.ResMzhTyp <> 'L' 
   and a.ResRepTyp <> 'F' 
   and a.ResChtNum = b.PbsChtNum 
 order by a.ResLabCod 


[2018-11-27 오전 9:26:06] sOrdList : 20181127|URI/17/U01|34868|변정애|18|001|002|003|004|005|006|007|008|009|010|011|012|026|027|028|029|030|031|

[2018-11-27 오전 9:26:20] SqlStr :  select a.ResAcpDte, a.ResAcpCod, a.ResAcpNum, a.ResSpmCod, a.ResChtNum, b.PbsPatNam, a.ResLabCod 
  from ResInf a, PbsInf b 
 where a.ResSpmNum = '1800156264'
   and a.ResAcpCod = 'URI' 
   and a.ResMzhTyp <> 'L' 
   and a.ResRepTyp <> 'F' 
   and a.ResChtNum = b.PbsChtNum 
 order by a.ResLabCod 


[2018-11-27 오전 9:26:20] sOrdList : 20181127|URI/12/U01|71431|원재희|18|001|002|003|004|005|006|007|008|009|010|011|012|026|027|028|029|030|031|

[2018-11-27 오전 9:26:32] SqlStr :  select a.ResAcpDte, a.ResAcpCod, a.ResAcpNum, a.ResSpmCod, a.ResChtNum, b.PbsPatNam, a.ResLabCod 
  from ResInf a, PbsInf b 
 where a.ResSpmNum = '1800156275'
   and a.ResAcpCod = 'URI' 
   and a.ResMzhTyp <> 'L' 
   and a.ResRepTyp <> 'F' 
   and a.ResChtNum = b.PbsChtNum 
 order by a.ResLabCod 


[2018-11-27 오전 9:26:32] sOrdList : 20181127|URI/14/U01|169439|도성덕|18|001|002|003|004|005|006|007|008|009|010|011|012|026|027|028|029|030|031|

[2018-11-27 오전 9:26:45] SqlStr :  select a.ResAcpDte, a.ResAcpCod, a.ResAcpNum, a.ResSpmCod, a.ResChtNum, b.PbsPatNam, a.ResLabCod 
  from ResInf a, PbsInf b 
 where a.ResSpmNum = '1800156287'
   and a.ResAcpCod = 'URI' 
   and a.ResMzhTyp <> 'L' 
   and a.ResRepTyp <> 'F' 
   and a.ResChtNum = b.PbsChtNum 
 order by a.ResLabCod 


[2018-11-27 오전 9:26:45] sOrdList : 20181127|URI/16/U01|1855|강정자|18|001|002|003|004|005|006|007|008|009|010|011|012|026|027|028|029|030|031|

[2018-11-27 오전 9:26:59] SqlStr :  select a.ResAcpDte, a.ResAcpCod, a.ResAcpNum, a.ResSpmCod, a.ResChtNum, b.PbsPatNam, a.ResLabCod 
  from ResInf a, PbsInf b 
 where a.ResSpmNum = '1810156253'
   and a.ResAcpCod = 'URI' 
   and a.ResMzhTyp <> 'L' 
   and a.ResRepTyp <> 'F' 
   and a.ResChtNum = b.PbsChtNum 
 order by a.ResLabCod 


[2018-11-27 오전 9:26:59] sOrdList : 20181127|URI/10/U01|280038|김동균|18|001|002|003|004|005|006|007|008|009|010|011|012|026|027|028|029|030|031|

[2018-11-27 오전 9:27:11] SqlStr :  select a.ResAcpDte, a.ResAcpCod, a.ResAcpNum, a.ResSpmCod, a.ResChtNum, b.PbsPatNam, a.ResLabCod 
  from ResInf a, PbsInf b 
 where a.ResSpmNum = '1800156268'
   and a.ResAcpCod = 'URI' 
   and a.ResMzhTyp <> 'L' 
   and a.ResRepTyp <> 'F' 
   and a.ResChtNum = b.PbsChtNum 
 order by a.ResLabCod 


[2018-11-27 오전 9:27:11] sOrdList : 20181127|URI/13/U01|273192|조진우|18|001|002|003|004|005|006|007|008|009|010|011|012|026|027|028|029|030|031|

[2018-11-27 오전 9:27:24] SqlStr :  select a.ResAcpDte, a.ResAcpCod, a.ResAcpNum, a.ResSpmCod, a.ResChtNum, b.PbsPatNam, a.ResLabCod 
  from ResInf a, PbsInf b 
 where a.ResSpmNum = '1800156255'
   and a.ResAcpCod = 'URI' 
   and a.ResMzhTyp <> 'L' 
   and a.ResRepTyp <> 'F' 
   and a.ResChtNum = b.PbsChtNum 
 order by a.ResLabCod 


[2018-11-27 오전 9:27:24] sOrdList : 20181127|URI/11/U01|79482|이욱형|18|001|002|003|004|005|006|007|008|009|010|011|012|026|027|028|029|030|031|

[2018-11-27 오전 9:52:50] SqlStr :  select a.ResAcpDte, a.ResAcpCod, a.ResAcpNum, a.ResSpmCod, a.ResChtNum, b.PbsPatNam, a.ResLabCod 
  from ResInf a, PbsInf b 
 where a.ResSpmNum = '1810156318'
   and a.ResAcpCod = 'URI' 
   and a.ResMzhTyp <> 'L' 
   and a.ResRepTyp <> 'F' 
   and a.ResChtNum = b.PbsChtNum 
 order by a.ResLabCod 


[2018-11-27 오전 9:52:53] SqlStr :  select a.ResAcpDte, a.ResAcpCod, a.ResAcpNum, a.ResSpmCod, a.ResChtNum, b.PbsPatNam, a.ResLabCod 
  from ResInf a, PbsInf b 
 where a.ResSpmNum = '1800156308'
   and a.ResAcpCod = 'URI' 
   and a.ResMzhTyp <> 'L' 
   and a.ResRepTyp <> 'F' 
   and a.ResChtNum = b.PbsChtNum 
 order by a.ResLabCod 


[2018-11-27 오전 9:52:56] SqlStr :  select a.ResAcpDte, a.ResAcpCod, a.ResAcpNum, a.ResSpmCod, a.ResChtNum, b.PbsPatNam, a.ResLabCod 
  from ResInf a, PbsInf b 
 where a.ResSpmNum = '1810156312'
   and a.ResAcpCod = 'URI' 
   and a.ResMzhTyp <> 'L' 
   and a.ResRepTyp <> 'F' 
   and a.ResChtNum = b.PbsChtNum 
 order by a.ResLabCod 


[2018-11-27 오전 9:53:26] SqlStr :  select a.ResAcpDte, a.ResAcpCod, a.ResAcpNum, a.ResSpmCod, a.ResChtNum, b.PbsPatNam, a.ResLabCod 
  from ResInf a, PbsInf b 
 where a.ResSpmNum = '1800156316'
   and a.ResAcpCod = 'URI' 
   and a.ResMzhTyp <> 'L' 
   and a.ResRepTyp <> 'F' 
   and a.ResChtNum = b.PbsChtNum 
 order by a.ResLabCod 


[2018-11-27 오전 9:54:37] SqlStr :  select a.ResAcpDte, a.ResAcpCod, a.ResAcpNum, a.ResSpmCod, a.ResChtNum, b.PbsPatNam, a.ResLabCod 
  from ResInf a, PbsInf b 
 where a.ResSpmNum = '1810156318'
   and a.ResAcpCod = 'URI' 
   and a.ResMzhTyp <> 'L' 
   and a.ResRepTyp <> 'F' 
   and a.ResChtNum = b.PbsChtNum 
 order by a.ResLabCod 


[2018-11-27 오전 9:54:37] sOrdList : 20181127|URI/21/U01|241094|박경순|18|001|002|003|004|005|006|007|008|009|010|011|012|026|027|028|029|030|031|

[2018-11-27 오전 9:54:51] SqlStr :  select a.ResAcpDte, a.ResAcpCod, a.ResAcpNum, a.ResSpmCod, a.ResChtNum, b.PbsPatNam, a.ResLabCod 
  from ResInf a, PbsInf b 
 where a.ResSpmNum = '1800156308'
   and a.ResAcpCod = 'URI' 
   and a.ResMzhTyp <> 'L' 
   and a.ResRepTyp <> 'F' 
   and a.ResChtNum = b.PbsChtNum 
 order by a.ResLabCod 


[2018-11-27 오전 9:54:51] sOrdList : 20181127|URI/19/U01|16188|조광호|18|001|002|003|004|005|006|007|008|009|010|011|012|026|027|028|029|030|031|

[2018-11-27 오전 9:55:04] SqlStr :  select a.ResAcpDte, a.ResAcpCod, a.ResAcpNum, a.ResSpmCod, a.ResChtNum, b.PbsPatNam, a.ResLabCod 
  from ResInf a, PbsInf b 
 where a.ResSpmNum = '1810156312'
   and a.ResAcpCod = 'URI' 
   and a.ResMzhTyp <> 'L' 
   and a.ResRepTyp <> 'F' 
   and a.ResChtNum = b.PbsChtNum 
 order by a.ResLabCod 


[2018-11-27 오전 9:55:04] sOrdList : 20181127|URI/20/U01|180852|김정희|18|001|002|003|004|005|006|007|008|009|010|011|012|026|027|028|029|030|031|

[2018-11-27 오전 9:55:17] SqlStr :  select a.ResAcpDte, a.ResAcpCod, a.ResAcpNum, a.ResSpmCod, a.ResChtNum, b.PbsPatNam, a.ResLabCod 
  from ResInf a, PbsInf b 
 where a.ResSpmNum = '1800156316'
   and a.ResAcpCod = 'URI' 
   and a.ResMzhTyp <> 'L' 
   and a.ResRepTyp <> 'F' 
   and a.ResChtNum = b.PbsChtNum 
 order by a.ResLabCod 


[2018-11-27 오전 9:55:17] sOrdList : 

[2018-11-27 오전 9:58:49] SqlStr :  select a.ResAcpDte, a.ResAcpCod, a.ResAcpNum, a.ResSpmCod, a.ResChtNum, b.PbsPatNam, a.ResLabCod 
  from ResInf a, PbsInf b 
 where a.ResSpmNum = '1800156316'
   and a.ResAcpCod = 'URI' 
   and a.ResMzhTyp <> 'L' 
   and a.ResRepTyp <> 'F' 
   and a.ResChtNum = b.PbsChtNum 
 order by a.ResLabCod 


[2018-11-27 오전 10:08:04] SqlStr :  select a.ResAcpDte, a.ResAcpCod, a.ResAcpNum, a.ResSpmCod, a.ResChtNum, b.PbsPatNam, a.ResLabCod 
  from ResInf a, PbsInf b 
 where a.ResSpmNum = '1800156316'
   and a.ResAcpCod = 'URI' 
   and a.ResMzhTyp <> 'L' 
   and a.ResRepTyp <> 'F' 
   and a.ResChtNum = b.PbsChtNum 
 order by a.ResLabCod 


[2018-11-27 오전 10:09:33] SqlStr :  select a.ResAcpDte, a.ResAcpCod, a.ResAcpNum, a.ResSpmCod, a.ResChtNum, b.PbsPatNam, a.ResLabCod 
  from ResInf a, PbsInf b 
 where a.ResSpmNum = '1800156316'
   and a.ResAcpCod = 'URI' 
   and a.ResMzhTyp <> 'L' 
   and a.ResRepTyp <> 'F' 
   and a.ResChtNum = b.PbsChtNum 
 order by a.ResLabCod 


[2018-11-27 오전 10:09:33] sOrdList : 20181127|URI/27/U01|132901|유제일|18|001|002|003|004|005|006|007|008|009|010|011|012|026|027|028|029|030|031|

[2018-11-27 오전 10:09:53] SqlStr :  select a.ResAcpDte, a.ResAcpCod, a.ResAcpNum, a.ResSpmCod, a.ResChtNum, b.PbsPatNam, a.ResLabCod 
  from ResInf a, PbsInf b 
 where a.ResSpmNum = '1800156331'
   and a.ResAcpCod = 'URI' 
   and a.ResMzhTyp <> 'L' 
   and a.ResRepTyp <> 'F' 
   and a.ResChtNum = b.PbsChtNum 
 order by a.ResLabCod 


[2018-11-27 오전 10:09:56] SqlStr :  select a.ResAcpDte, a.ResAcpCod, a.ResAcpNum, a.ResSpmCod, a.ResChtNum, b.PbsPatNam, a.ResLabCod 
  from ResInf a, PbsInf b 
 where a.ResSpmNum = '1800156321'
   and a.ResAcpCod = 'URI' 
   and a.ResMzhTyp <> 'L' 
   and a.ResRepTyp <> 'F' 
   and a.ResChtNum = b.PbsChtNum 
 order by a.ResLabCod 


[2018-11-27 오전 10:09:59] SqlStr :  select a.ResAcpDte, a.ResAcpCod, a.ResAcpNum, a.ResSpmCod, a.ResChtNum, b.PbsPatNam, a.ResLabCod 
  from ResInf a, PbsInf b 
 where a.ResSpmNum = '1800156336'
   and a.ResAcpCod = 'URI' 
   and a.ResMzhTyp <> 'L' 
   and a.ResRepTyp <> 'F' 
   and a.ResChtNum = b.PbsChtNum 
 order by a.ResLabCod 


[2018-11-27 오전 10:10:28] SqlStr :  select a.ResAcpDte, a.ResAcpCod, a.ResAcpNum, a.ResSpmCod, a.ResChtNum, b.PbsPatNam, a.ResLabCod 
  from ResInf a, PbsInf b 
 where a.ResSpmNum = '1800156296'
   and a.ResAcpCod = 'URI' 
   and a.ResMzhTyp <> 'L' 
   and a.ResRepTyp <> 'F' 
   and a.ResChtNum = b.PbsChtNum 
 order by a.ResLabCod 


[2018-11-27 오전 10:10:42] SqlStr :  select a.ResAcpDte, a.ResAcpCod, a.ResAcpNum, a.ResSpmCod, a.ResChtNum, b.PbsPatNam, a.ResLabCod 
  from ResInf a, PbsInf b 
 where a.ResSpmNum = '1800156311'
   and a.ResAcpCod = 'URI' 
   and a.ResMzhTyp <> 'L' 
   and a.ResRepTyp <> 'F' 
   and a.ResChtNum = b.PbsChtNum 
 order by a.ResLabCod 


[2018-11-27 오전 10:10:55] SqlStr :  select a.ResAcpDte, a.ResAcpCod, a.ResAcpNum, a.ResSpmCod, a.ResChtNum, b.PbsPatNam, a.ResLabCod 
  from ResInf a, PbsInf b 
 where a.ResSpmNum = '1820049533'
   and a.ResAcpCod = 'URI' 
   and a.ResMzhTyp <> 'L' 
   and a.ResRepTyp <> 'F' 
   and a.ResChtNum = b.PbsChtNum 
 order by a.ResLabCod 


[2018-11-27 오전 10:11:40] SqlStr :  select a.ResAcpDte, a.ResAcpCod, a.ResAcpNum, a.ResSpmCod, a.ResChtNum, b.PbsPatNam, a.ResLabCod 
  from ResInf a, PbsInf b 
 where a.ResSpmNum = '1800156331'
   and a.ResAcpCod = 'URI' 
   and a.ResMzhTyp <> 'L' 
   and a.ResRepTyp <> 'F' 
   and a.ResChtNum = b.PbsChtNum 
 order by a.ResLabCod 


[2018-11-27 오전 10:11:40] sOrdList : 20181127|URI/22/U01|285304|이범호|18|001|002|003|004|005|006|007|008|009|010|011|012|026|027|028|029|030|031|

[2018-11-27 오전 10:11:53] SqlStr :  select a.ResAcpDte, a.ResAcpCod, a.ResAcpNum, a.ResSpmCod, a.ResChtNum, b.PbsPatNam, a.ResLabCod 
  from ResInf a, PbsInf b 
 where a.ResSpmNum = '1800156321'
   and a.ResAcpCod = 'URI' 
   and a.ResMzhTyp <> 'L' 
   and a.ResRepTyp <> 'F' 
   and a.ResChtNum = b.PbsChtNum 
 order by a.ResLabCod 


[2018-11-27 오전 10:11:53] sOrdList : 20181127|URI/23/U01|285305|이명옥|18|001|002|003|004|005|006|007|008|009|010|011|012|026|027|028|029|030|031|

[2018-11-27 오전 10:12:06] SqlStr :  select a.ResAcpDte, a.ResAcpCod, a.ResAcpNum, a.ResSpmCod, a.ResChtNum, b.PbsPatNam, a.ResLabCod 
  from ResInf a, PbsInf b 
 where a.ResSpmNum = '1800156336'
   and a.ResAcpCod = 'URI' 
   and a.ResMzhTyp <> 'L' 
   and a.ResRepTyp <> 'F' 
   and a.ResChtNum = b.PbsChtNum 
 order by a.ResLabCod 


[2018-11-27 오전 10:12:06] sOrdList : 20181127|URI/26/U01|222468|김종숙|18|001|002|003|004|005|006|007|008|009|010|011|012|026|027|028|029|030|031|

[2018-11-27 오전 10:12:19] SqlStr :  select a.ResAcpDte, a.ResAcpCod, a.ResAcpNum, a.ResSpmCod, a.ResChtNum, b.PbsPatNam, a.ResLabCod 
  from ResInf a, PbsInf b 
 where a.ResSpmNum = '1800156296'
   and a.ResAcpCod = 'URI' 
   and a.ResMzhTyp <> 'L' 
   and a.ResRepTyp <> 'F' 
   and a.ResChtNum = b.PbsChtNum 
 order by a.ResLabCod 


[2018-11-27 오전 10:12:19] sOrdList : 20181127|URI/18/U01|201472|한홍규|18|001|002|003|004|005|006|007|008|009|010|011|012|026|027|028|029|030|031|

[2018-11-27 오전 10:12:32] SqlStr :  select a.ResAcpDte, a.ResAcpCod, a.ResAcpNum, a.ResSpmCod, a.ResChtNum, b.PbsPatNam, a.ResLabCod 
  from ResInf a, PbsInf b 
 where a.ResSpmNum = '1800156311'
   and a.ResAcpCod = 'URI' 
   and a.ResMzhTyp <> 'L' 
   and a.ResRepTyp <> 'F' 
   and a.ResChtNum = b.PbsChtNum 
 order by a.ResLabCod 


[2018-11-27 오전 10:12:32] sOrdList : 20181127|URI/24/U01|31048|김익수|18|001|002|003|004|005|006|007|008|009|010|011|012|026|027|028|029|030|031|

[2018-11-27 오전 10:12:45] SqlStr :  select a.ResAcpDte, a.ResAcpCod, a.ResAcpNum, a.ResSpmCod, a.ResChtNum, b.PbsPatNam, a.ResLabCod 
  from ResInf a, PbsInf b 
 where a.ResSpmNum = '1820049533'
   and a.ResAcpCod = 'URI' 
   and a.ResMzhTyp <> 'L' 
   and a.ResRepTyp <> 'F' 
   and a.ResChtNum = b.PbsChtNum 
 order by a.ResLabCod 


[2018-11-27 오전 10:12:45] sOrdList : 20181127|URI/25/U01|284446|함현수|12|001|002|003|004|005|006|007|008|009|010|011|012|

[2018-11-27 오전 10:13:43] SqlStr :  select a.ResAcpDte, a.ResAcpCod, a.ResAcpNum, a.ResSpmCod, a.ResChtNum, b.PbsPatNam, a.ResLabCod 
  from ResInf a, PbsInf b 
 where a.ResSpmNum = '1820049533'
   and a.ResAcpCod = 'URI' 
   and a.ResMzhTyp <> 'L' 
   and a.ResRepTyp <> 'F' 
   and a.ResChtNum = b.PbsChtNum 
 order by a.ResLabCod 


[2018-11-27 오전 10:35:40] SqlStr :  select a.ResAcpDte, a.ResAcpCod, a.ResAcpNum, a.ResSpmCod, a.ResChtNum, b.PbsPatNam, a.ResLabCod 
  from ResInf a, PbsInf b 
 where a.ResSpmNum = '1800156316'
   and a.ResAcpCod = 'URI' 
   and a.ResMzhTyp <> 'L' 
   and a.ResRepTyp <> 'F' 
   and a.ResChtNum = b.PbsChtNum 
 order by a.ResLabCod 


[2018-11-27 오전 10:35:40] sOrdList : 20181127|URI/27/U01|132901|유제일|18|001|002|003|004|005|006|007|008|009|010|011|012|026|027|028|029|030|031|

[2018-11-27 오전 10:55:42] SqlStr :  select a.ResAcpDte, a.ResAcpCod, a.ResAcpNum, a.ResSpmCod, a.ResChtNum, b.PbsPatNam, a.ResLabCod 
  from ResInf a, PbsInf b 
 where a.ResSpmNum = '1800156339'
   and a.ResAcpCod = 'URI' 
   and a.ResMzhTyp <> 'L' 
   and a.ResRepTyp <> 'F' 
   and a.ResChtNum = b.PbsChtNum 
 order by a.ResLabCod 


[2018-11-27 오전 10:57:29] SqlStr :  select a.ResAcpDte, a.ResAcpCod, a.ResAcpNum, a.ResSpmCod, a.ResChtNum, b.PbsPatNam, a.ResLabCod 
  from ResInf a, PbsInf b 
 where a.ResSpmNum = '1800156339'
   and a.ResAcpCod = 'URI' 
   and a.ResMzhTyp <> 'L' 
   and a.ResRepTyp <> 'F' 
   and a.ResChtNum = b.PbsChtNum 
 order by a.ResLabCod 


[2018-11-27 오전 10:57:29] sOrdList : 20181127|URI/29/U01|205738|김춘향|18|001|002|003|004|005|006|007|008|009|010|011|012|026|027|028|029|030|031|

[2018-11-27 오전 11:05:20] SqlStr :  select a.ResAcpDte, a.ResAcpCod, a.ResAcpNum, a.ResSpmCod, a.ResChtNum, b.PbsPatNam, a.ResLabCod 
  from ResInf a, PbsInf b 
 where a.ResSpmNum = '1800156363'
   and a.ResAcpCod = 'URI' 
   and a.ResMzhTyp <> 'L' 
   and a.ResRepTyp <> 'F' 
   and a.ResChtNum = b.PbsChtNum 
 order by a.ResLabCod 


[2018-11-27 오전 11:07:07] SqlStr :  select a.ResAcpDte, a.ResAcpCod, a.ResAcpNum, a.ResSpmCod, a.ResChtNum, b.PbsPatNam, a.ResLabCod 
  from ResInf a, PbsInf b 
 where a.ResSpmNum = '1800156363'
   and a.ResAcpCod = 'URI' 
   and a.ResMzhTyp <> 'L' 
   and a.ResRepTyp <> 'F' 
   and a.ResChtNum = b.PbsChtNum 
 order by a.ResLabCod 


[2018-11-27 오전 11:07:07] sOrdList : 20181127|URI/28/U01|247000|신성수|18|001|002|003|004|005|006|007|008|009|010|011|012|026|027|028|029|030|031|

[2018-11-27 오전 11:56:14] SqlStr :  select a.ResAcpDte, a.ResAcpCod, a.ResAcpNum, a.ResSpmCod, a.ResChtNum, b.PbsPatNam, a.ResLabCod 
  from ResInf a, PbsInf b 
 where a.ResSpmNum = '1810156379'
   and a.ResAcpCod = 'URI' 
   and a.ResMzhTyp <> 'L' 
   and a.ResRepTyp <> 'F' 
   and a.ResChtNum = b.PbsChtNum 
 order by a.ResLabCod 


[2018-11-27 오전 11:56:17] SqlStr :  select a.ResAcpDte, a.ResAcpCod, a.ResAcpNum, a.ResSpmCod, a.ResChtNum, b.PbsPatNam, a.ResLabCod 
  from ResInf a, PbsInf b 
 where a.ResSpmNum = '1820049485'
   and a.ResAcpCod = 'URI' 
   and a.ResMzhTyp <> 'L' 
   and a.ResRepTyp <> 'F' 
   and a.ResChtNum = b.PbsChtNum 
 order by a.ResLabCod 


[2018-11-27 오전 11:56:21] SqlStr :  select a.ResAcpDte, a.ResAcpCod, a.ResAcpNum, a.ResSpmCod, a.ResChtNum, b.PbsPatNam, a.ResLabCod 
  from ResInf a, PbsInf b 
 where a.ResSpmNum = '1820049345'
   and a.ResAcpCod = 'URI' 
   and a.ResMzhTyp <> 'L' 
   and a.ResRepTyp <> 'F' 
   and a.ResChtNum = b.PbsChtNum 
 order by a.ResLabCod 


[2018-11-27 오전 11:56:50] SqlStr :  select a.ResAcpDte, a.ResAcpCod, a.ResAcpNum, a.ResSpmCod, a.ResChtNum, b.PbsPatNam, a.ResLabCod 
  from ResInf a, PbsInf b 
 where a.ResSpmNum = '1820049453'
   and a.ResAcpCod = 'URI' 
   and a.ResMzhTyp <> 'L' 
   and a.ResRepTyp <> 'F' 
   and a.ResChtNum = b.PbsChtNum 
 order by a.ResLabCod 


[2018-11-27 오전 11:57:02] SqlStr :  select a.ResAcpDte, a.ResAcpCod, a.ResAcpNum, a.ResSpmCod, a.ResChtNum, b.PbsPatNam, a.ResLabCod 
  from ResInf a, PbsInf b 
 where a.ResSpmNum = '1820049387'
   and a.ResAcpCod = 'URI' 
   and a.ResMzhTyp <> 'L' 
   and a.ResRepTyp <> 'F' 
   and a.ResChtNum = b.PbsChtNum 
 order by a.ResLabCod 


[2018-11-27 오전 11:57:16] SqlStr :  select a.ResAcpDte, a.ResAcpCod, a.ResAcpNum, a.ResSpmCod, a.ResChtNum, b.PbsPatNam, a.ResLabCod 
  from ResInf a, PbsInf b 
 where a.ResSpmNum = '1820049326'
   and a.ResAcpCod = 'URI' 
   and a.ResMzhTyp <> 'L' 
   and a.ResRepTyp <> 'F' 
   and a.ResChtNum = b.PbsChtNum 
 order by a.ResLabCod 


[2018-11-27 오전 11:57:28] SqlStr :  select a.ResAcpDte, a.ResAcpCod, a.ResAcpNum, a.ResSpmCod, a.ResChtNum, b.PbsPatNam, a.ResLabCod 
  from ResInf a, PbsInf b 
 where a.ResSpmNum = '1820049404'
   and a.ResAcpCod = 'URI' 
   and a.ResMzhTyp <> 'L' 
   and a.ResRepTyp <> 'F' 
   and a.ResChtNum = b.PbsChtNum 
 order by a.ResLabCod 


[2018-11-27 오전 11:57:41] SqlStr :  select a.ResAcpDte, a.ResAcpCod, a.ResAcpNum, a.ResSpmCod, a.ResChtNum, b.PbsPatNam, a.ResLabCod 
  from ResInf a, PbsInf b 
 where a.ResSpmNum = '1820049525'
   and a.ResAcpCod = 'URI' 
   and a.ResMzhTyp <> 'L' 
   and a.ResRepTyp <> 'F' 
   and a.ResChtNum = b.PbsChtNum 
 order by a.ResLabCod 


[2018-11-27 오전 11:57:54] SqlStr :  select a.ResAcpDte, a.ResAcpCod, a.ResAcpNum, a.ResSpmCod, a.ResChtNum, b.PbsPatNam, a.ResLabCod 
  from ResInf a, PbsInf b 
 where a.ResSpmNum = '1820049397'
   and a.ResAcpCod = 'URI' 
   and a.ResMzhTyp <> 'L' 
   and a.ResRepTyp <> 'F' 
   and a.ResChtNum = b.PbsChtNum 
 order by a.ResLabCod 


[2018-11-27 오전 11:58:00] SqlStr :  select a.ResAcpDte, a.ResAcpCod, a.ResAcpNum, a.ResSpmCod, a.ResChtNum, b.PbsPatNam, a.ResLabCod 
  from ResInf a, PbsInf b 
 where a.ResSpmNum = '1810156379'
   and a.ResAcpCod = 'URI' 
   and a.ResMzhTyp <> 'L' 
   and a.ResRepTyp <> 'F' 
   and a.ResChtNum = b.PbsChtNum 
 order by a.ResLabCod 


[2018-11-27 오전 11:58:00] sOrdList : 20181127|URI/89/U01|21757|김미숙|18|001|002|003|004|005|006|007|008|009|010|011|012|026|027|028|029|030|031|

[2018-11-27 오전 11:58:07] SqlStr :  select a.ResAcpDte, a.ResAcpCod, a.ResAcpNum, a.ResSpmCod, a.ResChtNum, b.PbsPatNam, a.ResLabCod 
  from ResInf a, PbsInf b 
 where a.ResSpmNum = '1820049446'
   and a.ResAcpCod = 'URI' 
   and a.ResMzhTyp <> 'L' 
   and a.ResRepTyp <> 'F' 
   and a.ResChtNum = b.PbsChtNum 
 order by a.ResLabCod 


[2018-11-27 오전 11:58:14] SqlStr :  select a.ResAcpDte, a.ResAcpCod, a.ResAcpNum, a.ResSpmCod, a.ResChtNum, b.PbsPatNam, a.ResLabCod 
  from ResInf a, PbsInf b 
 where a.ResSpmNum = '1820049485'
   and a.ResAcpCod = 'URI' 
   and a.ResMzhTyp <> 'L' 
   and a.ResRepTyp <> 'F' 
   and a.ResChtNum = b.PbsChtNum 
 order by a.ResLabCod 


[2018-11-27 오전 11:58:14] sOrdList : 20181127|URI/79/U01|220067|이성화|18|001|002|003|004|005|006|007|008|009|010|011|012|026|027|028|029|030|031|

[2018-11-27 오전 11:58:22] SqlStr :  select a.ResAcpDte, a.ResAcpCod, a.ResAcpNum, a.ResSpmCod, a.ResChtNum, b.PbsPatNam, a.ResLabCod 
  from ResInf a, PbsInf b 
 where a.ResSpmNum = '1820049369'
   and a.ResAcpCod = 'URI' 
   and a.ResMzhTyp <> 'L' 
   and a.ResRepTyp <> 'F' 
   and a.ResChtNum = b.PbsChtNum 
 order by a.ResLabCod 


[2018-11-27 오전 11:58:27] SqlStr :  select a.ResAcpDte, a.ResAcpCod, a.ResAcpNum, a.ResSpmCod, a.ResChtNum, b.PbsPatNam, a.ResLabCod 
  from ResInf a, PbsInf b 
 where a.ResSpmNum = '1820049345'
   and a.ResAcpCod = 'URI' 
   and a.ResMzhTyp <> 'L' 
   and a.ResRepTyp <> 'F' 
   and a.ResChtNum = b.PbsChtNum 
 order by a.ResLabCod 


[2018-11-27 오전 11:58:27] sOrdList : 20181127|URI/76/U01|122895|배지애|18|001|002|003|004|005|006|007|008|009|010|011|012|026|027|028|029|030|031|

[2018-11-27 오전 11:58:33] SqlStr :  select a.ResAcpDte, a.ResAcpCod, a.ResAcpNum, a.ResSpmCod, a.ResChtNum, b.PbsPatNam, a.ResLabCod 
  from ResInf a, PbsInf b 
 where a.ResSpmNum = '1820049380'
   and a.ResAcpCod = 'URI' 
   and a.ResMzhTyp <> 'L' 
   and a.ResRepTyp <> 'F' 
   and a.ResChtNum = b.PbsChtNum 
 order by a.ResLabCod 


[2018-11-27 오전 11:58:39] SqlStr :  select a.ResAcpDte, a.ResAcpCod, a.ResAcpNum, a.ResSpmCod, a.ResChtNum, b.PbsPatNam, a.ResLabCod 
  from ResInf a, PbsInf b 
 where a.ResSpmNum = '1820049453'
   and a.ResAcpCod = 'URI' 
   and a.ResMzhTyp <> 'L' 
   and a.ResRepTyp <> 'F' 
   and a.ResChtNum = b.PbsChtNum 
 order by a.ResLabCod 


[2018-11-27 오전 11:58:39] sOrdList : 20181127|URI/77/U01|285303|김경인|18|001|002|003|004|005|006|007|008|009|010|011|012|026|027|028|029|030|031|

[2018-11-27 오전 11:58:46] SqlStr :  select a.ResAcpDte, a.ResAcpCod, a.ResAcpNum, a.ResSpmCod, a.ResChtNum, b.PbsPatNam, a.ResLabCod 
  from ResInf a, PbsInf b 
 where a.ResSpmNum = '1820049410'
   and a.ResAcpCod = 'URI' 
   and a.ResMzhTyp <> 'L' 
   and a.ResRepTyp <> 'F' 
   and a.ResChtNum = b.PbsChtNum 
 order by a.ResLabCod 


[2018-11-27 오전 11:58:53] SqlStr :  select a.ResAcpDte, a.ResAcpCod, a.ResAcpNum, a.ResSpmCod, a.ResChtNum, b.PbsPatNam, a.ResLabCod 
  from ResInf a, PbsInf b 
 where a.ResSpmNum = '1820049387'
   and a.ResAcpCod = 'URI' 
   and a.ResMzhTyp <> 'L' 
   and a.ResRepTyp <> 'F' 
   and a.ResChtNum = b.PbsChtNum 
 order by a.ResLabCod 


[2018-11-27 오전 11:58:53] sOrdList : 20181127|URI/72/U01|116548|강향심|18|001|002|003|004|005|006|007|008|009|010|011|012|026|027|028|029|030|031|

[2018-11-27 오전 11:59:00] SqlStr :  select a.ResAcpDte, a.ResAcpCod, a.ResAcpNum, a.ResSpmCod, a.ResChtNum, b.PbsPatNam, a.ResLabCod 
  from ResInf a, PbsInf b 
 where a.ResSpmNum = '1820049357'
   and a.ResAcpCod = 'URI' 
   and a.ResMzhTyp <> 'L' 
   and a.ResRepTyp <> 'F' 
   and a.ResChtNum = b.PbsChtNum 
 order by a.ResLabCod 


[2018-11-27 오전 11:59:06] SqlStr :  select a.ResAcpDte, a.ResAcpCod, a.ResAcpNum, a.ResSpmCod, a.ResChtNum, b.PbsPatNam, a.ResLabCod 
  from ResInf a, PbsInf b 
 where a.ResSpmNum = '1820049326'
   and a.ResAcpCod = 'URI' 
   and a.ResMzhTyp <> 'L' 
   and a.ResRepTyp <> 'F' 
   and a.ResChtNum = b.PbsChtNum 
 order by a.ResLabCod 


[2018-11-27 오전 11:59:06] sOrdList : 20181127|URI/80/U01|10070|조혜인|18|001|002|003|004|005|006|007|008|009|010|011|012|026|027|028|029|030|031|

[2018-11-27 오전 11:59:13] SqlStr :  select a.ResAcpDte, a.ResAcpCod, a.ResAcpNum, a.ResSpmCod, a.ResChtNum, b.PbsPatNam, a.ResLabCod 
  from ResInf a, PbsInf b 
 where a.ResSpmNum = '1820049338'
   and a.ResAcpCod = 'URI' 
   and a.ResMzhTyp <> 'L' 
   and a.ResRepTyp <> 'F' 
   and a.ResChtNum = b.PbsChtNum 
 order by a.ResLabCod 


[2018-11-27 오전 11:59:19] SqlStr :  select a.ResAcpDte, a.ResAcpCod, a.ResAcpNum, a.ResSpmCod, a.ResChtNum, b.PbsPatNam, a.ResLabCod 
  from ResInf a, PbsInf b 
 where a.ResSpmNum = '1820049404'
   and a.ResAcpCod = 'URI' 
   and a.ResMzhTyp <> 'L' 
   and a.ResRepTyp <> 'F' 
   and a.ResChtNum = b.PbsChtNum 
 order by a.ResLabCod 


[2018-11-27 오전 11:59:19] sOrdList : 20181127|URI/74/U01|151378|유기흥|18|001|002|003|004|005|006|007|008|009|010|011|012|026|027|028|029|030|031|

[2018-11-27 오전 11:59:26] SqlStr :  select a.ResAcpDte, a.ResAcpCod, a.ResAcpNum, a.ResSpmCod, a.ResChtNum, b.PbsPatNam, a.ResLabCod 
  from ResInf a, PbsInf b 
 where a.ResSpmNum = '1820049332'
   and a.ResAcpCod = 'URI' 
   and a.ResMzhTyp <> 'L' 
   and a.ResRepTyp <> 'F' 
   and a.ResChtNum = b.PbsChtNum 
 order by a.ResLabCod 


[2018-11-27 오전 11:59:32] SqlStr :  select a.ResAcpDte, a.ResAcpCod, a.ResAcpNum, a.ResSpmCod, a.ResChtNum, b.PbsPatNam, a.ResLabCod 
  from ResInf a, PbsInf b 
 where a.ResSpmNum = '1820049525'
   and a.ResAcpCod = 'URI' 
   and a.ResMzhTyp <> 'L' 
   and a.ResRepTyp <> 'F' 
   and a.ResChtNum = b.PbsChtNum 
 order by a.ResLabCod 


[2018-11-27 오전 11:59:32] sOrdList : 20181127|URI/65/U01|21215|문향우|18|001|002|003|004|005|006|007|008|009|010|011|012|026|027|028|029|030|031|

[2018-11-27 오전 11:59:39] SqlStr :  select a.ResAcpDte, a.ResAcpCod, a.ResAcpNum, a.ResSpmCod, a.ResChtNum, b.PbsPatNam, a.ResLabCod 
  from ResInf a, PbsInf b 
 where a.ResSpmNum = '1820049351'
   and a.ResAcpCod = 'URI' 
   and a.ResMzhTyp <> 'L' 
   and a.ResRepTyp <> 'F' 
   and a.ResChtNum = b.PbsChtNum 
 order by a.ResLabCod 


[2018-11-27 오전 11:59:45] SqlStr :  select a.ResAcpDte, a.ResAcpCod, a.ResAcpNum, a.ResSpmCod, a.ResChtNum, b.PbsPatNam, a.ResLabCod 
  from ResInf a, PbsInf b 
 where a.ResSpmNum = '1820049397'
   and a.ResAcpCod = 'URI' 
   and a.ResMzhTyp <> 'L' 
   and a.ResRepTyp <> 'F' 
   and a.ResChtNum = b.PbsChtNum 
 order by a.ResLabCod 


[2018-11-27 오전 11:59:45] sOrdList : 20181127|URI/58/U01|89902|장석준|18|001|002|003|004|005|006|007|008|009|010|011|012|026|027|028|029|030|031|

[2018-11-27 오전 11:59:52] SqlStr :  select a.ResAcpDte, a.ResAcpCod, a.ResAcpNum, a.ResSpmCod, a.ResChtNum, b.PbsPatNam, a.ResLabCod 
  from ResInf a, PbsInf b 
 where a.ResSpmNum = '1820049501'
   and a.ResAcpCod = 'URI' 
   and a.ResMzhTyp <> 'L' 
   and a.ResRepTyp <> 'F' 
   and a.ResChtNum = b.PbsChtNum 
 order by a.ResLabCod 


[2018-11-27 오전 11:59:57] SqlStr :  select a.ResAcpDte, a.ResAcpCod, a.ResAcpNum, a.ResSpmCod, a.ResChtNum, b.PbsPatNam, a.ResLabCod 
  from ResInf a, PbsInf b 
 where a.ResSpmNum = '1820049446'
   and a.ResAcpCod = 'URI' 
   and a.ResMzhTyp <> 'L' 
   and a.ResRepTyp <> 'F' 
   and a.ResChtNum = b.PbsChtNum 
 order by a.ResLabCod 


[2018-11-27 오전 11:59:57] sOrdList : 20181127|URI/53/U01|29520|이회윤|18|001|002|003|004|005|006|007|008|009|010|011|012|026|027|028|029|030|031|

[2018-11-27 오후 12:00:05] SqlStr :  select a.ResAcpDte, a.ResAcpCod, a.ResAcpNum, a.ResSpmCod, a.ResChtNum, b.PbsPatNam, a.ResLabCod 
  from ResInf a, PbsInf b 
 where a.ResSpmNum = '1820049365'
   and a.ResAcpCod = 'URI' 
   and a.ResMzhTyp <> 'L' 
   and a.ResRepTyp <> 'F' 
   and a.ResChtNum = b.PbsChtNum 
 order by a.ResLabCod 


[2018-11-27 오후 12:00:11] SqlStr :  select a.ResAcpDte, a.ResAcpCod, a.ResAcpNum, a.ResSpmCod, a.ResChtNum, b.PbsPatNam, a.ResLabCod 
  from ResInf a, PbsInf b 
 where a.ResSpmNum = '1820049369'
   and a.ResAcpCod = 'URI' 
   and a.ResMzhTyp <> 'L' 
   and a.ResRepTyp <> 'F' 
   and a.ResChtNum = b.PbsChtNum 
 order by a.ResLabCod 


[2018-11-27 오후 12:00:11] sOrdList : 20181127|URI/41/U01|271508|안영수|18|001|002|003|004|005|006|007|008|009|010|011|012|026|027|028|029|030|031|

[2018-11-27 오후 12:00:24] SqlStr :  select a.ResAcpDte, a.ResAcpCod, a.ResAcpNum, a.ResSpmCod, a.ResChtNum, b.PbsPatNam, a.ResLabCod 
  from ResInf a, PbsInf b 
 where a.ResSpmNum = '1820049380'
   and a.ResAcpCod = 'URI' 
   and a.ResMzhTyp <> 'L' 
   and a.ResRepTyp <> 'F' 
   and a.ResChtNum = b.PbsChtNum 
 order by a.ResLabCod 


[2018-11-27 오후 12:00:24] sOrdList : 20181127|URI/43/U01|191813|변종욱|18|001|002|003|004|005|006|007|008|009|010|011|012|026|027|028|029|030|031|

[2018-11-27 오후 12:00:33] SqlStr :  select a.ResAcpDte, a.ResAcpCod, a.ResAcpNum, a.ResSpmCod, a.ResChtNum, b.PbsPatNam, a.ResLabCod 
  from ResInf a, PbsInf b 
 where a.ResSpmNum = '1820049570'
   and a.ResAcpCod = 'URI' 
   and a.ResMzhTyp <> 'L' 
   and a.ResRepTyp <> 'F' 
   and a.ResChtNum = b.PbsChtNum 
 order by a.ResLabCod 


[2018-11-27 오후 12:00:37] SqlStr :  select a.ResAcpDte, a.ResAcpCod, a.ResAcpNum, a.ResSpmCod, a.ResChtNum, b.PbsPatNam, a.ResLabCod 
  from ResInf a, PbsInf b 
 where a.ResSpmNum = '1820049410'
   and a.ResAcpCod = 'URI' 
   and a.ResMzhTyp <> 'L' 
   and a.ResRepTyp <> 'F' 
   and a.ResChtNum = b.PbsChtNum 
 order by a.ResLabCod 


[2018-11-27 오후 12:00:37] sOrdList : 20181127|URI/40/U01|285302|유훈석|18|001|002|003|004|005|006|007|008|009|010|011|012|026|027|028|029|030|031|

[2018-11-27 오후 12:00:44] SqlStr :  select a.ResAcpDte, a.ResAcpCod, a.ResAcpNum, a.ResSpmCod, a.ResChtNum, b.PbsPatNam, a.ResLabCod 
  from ResInf a, PbsInf b 
 where a.ResSpmNum = '1820049540'
   and a.ResAcpCod = 'URI' 
   and a.ResMzhTyp <> 'L' 
   and a.ResRepTyp <> 'F' 
   and a.ResChtNum = b.PbsChtNum 
 order by a.ResLabCod 


[2018-11-27 오후 12:00:47] SqlStr :  select a.ResAcpDte, a.ResAcpCod, a.ResAcpNum, a.ResSpmCod, a.ResChtNum, b.PbsPatNam, a.ResLabCod 
  from ResInf a, PbsInf b 
 where a.ResSpmNum = '1820049464'
   and a.ResAcpCod = 'URI' 
   and a.ResMzhTyp <> 'L' 
   and a.ResRepTyp <> 'F' 
   and a.ResChtNum = b.PbsChtNum 
 order by a.ResLabCod 


[2018-11-27 오후 12:00:52] SqlStr :  select a.ResAcpDte, a.ResAcpCod, a.ResAcpNum, a.ResSpmCod, a.ResChtNum, b.PbsPatNam, a.ResLabCod 
  from ResInf a, PbsInf b 
 where a.ResSpmNum = '1820049357'
   and a.ResAcpCod = 'URI' 
   and a.ResMzhTyp <> 'L' 
   and a.ResRepTyp <> 'F' 
   and a.ResChtNum = b.PbsChtNum 
 order by a.ResLabCod 


[2018-11-27 오후 12:00:52] sOrdList : 20181127|URI/42/U01|59896|정명훈|18|001|002|003|004|005|006|007|008|009|010|011|012|026|027|028|029|030|031|

[2018-11-27 오후 12:01:03] SqlStr :  select a.ResAcpDte, a.ResAcpCod, a.ResAcpNum, a.ResSpmCod, a.ResChtNum, b.PbsPatNam, a.ResLabCod 
  from ResInf a, PbsInf b 
 where a.ResSpmNum = '1820049338'
   and a.ResAcpCod = 'URI' 
   and a.ResMzhTyp <> 'L' 
   and a.ResRepTyp <> 'F' 
   and a.ResChtNum = b.PbsChtNum 
 order by a.ResLabCod 


[2018-11-27 오후 12:01:03] sOrdList : 20181127|URI/47/U01|120485|김영승|18|001|002|003|004|005|006|007|008|009|010|011|012|026|027|028|029|030|031|

[2018-11-27 오후 12:01:10] SqlStr :  select a.ResAcpDte, a.ResAcpCod, a.ResAcpNum, a.ResSpmCod, a.ResChtNum, b.PbsPatNam, a.ResLabCod 
  from ResInf a, PbsInf b 
 where a.ResSpmNum = '1820049529'
   and a.ResAcpCod = 'URI' 
   and a.ResMzhTyp <> 'L' 
   and a.ResRepTyp <> 'F' 
   and a.ResChtNum = b.PbsChtNum 
 order by a.ResLabCod 


[2018-11-27 오후 12:01:16] SqlStr :  select a.ResAcpDte, a.ResAcpCod, a.ResAcpNum, a.ResSpmCod, a.ResChtNum, b.PbsPatNam, a.ResLabCod 
  from ResInf a, PbsInf b 
 where a.ResSpmNum = '1820049332'
   and a.ResAcpCod = 'URI' 
   and a.ResMzhTyp <> 'L' 
   and a.ResRepTyp <> 'F' 
   and a.ResChtNum = b.PbsChtNum 
 order by a.ResLabCod 


[2018-11-27 오후 12:01:16] sOrdList : 20181127|URI/51/U01|209760|고동현|18|001|002|003|004|005|006|007|008|009|010|011|012|026|027|028|029|030|031|

[2018-11-27 오후 12:01:23] SqlStr :  select a.ResAcpDte, a.ResAcpCod, a.ResAcpNum, a.ResSpmCod, a.ResChtNum, b.PbsPatNam, a.ResLabCod 
  from ResInf a, PbsInf b 
 where a.ResSpmNum = '1820049558'
   and a.ResAcpCod = 'URI' 
   and a.ResMzhTyp <> 'L' 
   and a.ResRepTyp <> 'F' 
   and a.ResChtNum = b.PbsChtNum 
 order by a.ResLabCod 


[2018-11-27 오후 12:01:30] SqlStr :  select a.ResAcpDte, a.ResAcpCod, a.ResAcpNum, a.ResSpmCod, a.ResChtNum, b.PbsPatNam, a.ResLabCod 
  from ResInf a, PbsInf b 
 where a.ResSpmNum = '1820049351'
   and a.ResAcpCod = 'URI' 
   and a.ResMzhTyp <> 'L' 
   and a.ResRepTyp <> 'F' 
   and a.ResChtNum = b.PbsChtNum 
 order by a.ResLabCod 


[2018-11-27 오후 12:01:30] sOrdList : 20181127|URI/44/U01|285299|윤경준|18|001|002|003|004|005|006|007|008|009|010|011|012|026|027|028|029|030|031|

[2018-11-27 오후 12:01:36] SqlStr :  select a.ResAcpDte, a.ResAcpCod, a.ResAcpNum, a.ResSpmCod, a.ResChtNum, b.PbsPatNam, a.ResLabCod 
  from ResInf a, PbsInf b 
 where a.ResSpmNum = '1820049574'
   and a.ResAcpCod = 'URI' 
   and a.ResMzhTyp <> 'L' 
   and a.ResRepTyp <> 'F' 
   and a.ResChtNum = b.PbsChtNum 
 order by a.ResLabCod 


[2018-11-27 오후 12:01:42] SqlStr :  select a.ResAcpDte, a.ResAcpCod, a.ResAcpNum, a.ResSpmCod, a.ResChtNum, b.PbsPatNam, a.ResLabCod 
  from ResInf a, PbsInf b 
 where a.ResSpmNum = '1820049501'
   and a.ResAcpCod = 'URI' 
   and a.ResMzhTyp <> 'L' 
   and a.ResRepTyp <> 'F' 
   and a.ResChtNum = b.PbsChtNum 
 order by a.ResLabCod 


[2018-11-27 오후 12:01:42] sOrdList : 20181127|URI/52/U01|36279|정만영|18|001|002|003|004|005|006|007|008|009|010|011|012|026|027|028|029|030|031|

[2018-11-27 오후 12:01:49] SqlStr :  select a.ResAcpDte, a.ResAcpCod, a.ResAcpNum, a.ResSpmCod, a.ResChtNum, b.PbsPatNam, a.ResLabCod 
  from ResInf a, PbsInf b 
 where a.ResSpmNum = '1820049460'
   and a.ResAcpCod = 'URI' 
   and a.ResMzhTyp <> 'L' 
   and a.ResRepTyp <> 'F' 
   and a.ResChtNum = b.PbsChtNum 
 order by a.ResLabCod 


[2018-11-27 오후 12:01:55] SqlStr :  select a.ResAcpDte, a.ResAcpCod, a.ResAcpNum, a.ResSpmCod, a.ResChtNum, b.PbsPatNam, a.ResLabCod 
  from ResInf a, PbsInf b 
 where a.ResSpmNum = '1820049365'
   and a.ResAcpCod = 'URI' 
   and a.ResMzhTyp <> 'L' 
   and a.ResRepTyp <> 'F' 
   and a.ResChtNum = b.PbsChtNum 
 order by a.ResLabCod 


[2018-11-27 오후 12:01:55] sOrdList : 20181127|URI/48/U01|134414|박민준|18|001|002|003|004|005|006|007|008|009|010|011|012|026|027|028|029|030|031|

[2018-11-27 오후 12:01:59] SqlStr :  select a.ResAcpDte, a.ResAcpCod, a.ResAcpNum, a.ResSpmCod, a.ResChtNum, b.PbsPatNam, a.ResLabCod 
  from ResInf a, PbsInf b 
 where a.ResSpmNum = '1820049505'
   and a.ResAcpCod = 'URI' 
   and a.ResMzhTyp <> 'L' 
   and a.ResRepTyp <> 'F' 
   and a.ResChtNum = b.PbsChtNum 
 order by a.ResLabCod 


[2018-11-27 오후 12:02:15] SqlStr :  select a.ResAcpDte, a.ResAcpCod, a.ResAcpNum, a.ResSpmCod, a.ResChtNum, b.PbsPatNam, a.ResLabCod 
  from ResInf a, PbsInf b 
 where a.ResSpmNum = '1820049436'
   and a.ResAcpCod = 'URI' 
   and a.ResMzhTyp <> 'L' 
   and a.ResRepTyp <> 'F' 
   and a.ResChtNum = b.PbsChtNum 
 order by a.ResLabCod 


[2018-11-27 오후 12:02:22] SqlStr :  select a.ResAcpDte, a.ResAcpCod, a.ResAcpNum, a.ResSpmCod, a.ResChtNum, b.PbsPatNam, a.ResLabCod 
  from ResInf a, PbsInf b 
 where a.ResSpmNum = '1820049570'
   and a.ResAcpCod = 'URI' 
   and a.ResMzhTyp <> 'L' 
   and a.ResRepTyp <> 'F' 
   and a.ResChtNum = b.PbsChtNum 
 order by a.ResLabCod 


[2018-11-27 오후 12:02:22] sOrdList : 20181127|URI/33/U01|270955|안지훈|1|005|

[2018-11-27 오후 12:02:28] SqlStr :  select a.ResAcpDte, a.ResAcpCod, a.ResAcpNum, a.ResSpmCod, a.ResChtNum, b.PbsPatNam, a.ResLabCod 
  from ResInf a, PbsInf b 
 where a.ResSpmNum = '1820049543'
   and a.ResAcpCod = 'URI' 
   and a.ResMzhTyp <> 'L' 
   and a.ResRepTyp <> 'F' 
   and a.ResChtNum = b.PbsChtNum 
 order by a.ResLabCod 


[2018-11-27 오후 12:02:35] SqlStr :  select a.ResAcpDte, a.ResAcpCod, a.ResAcpNum, a.ResSpmCod, a.ResChtNum, b.PbsPatNam, a.ResLabCod 
  from ResInf a, PbsInf b 
 where a.ResSpmNum = '1820049540'
   and a.ResAcpCod = 'URI' 
   and a.ResMzhTyp <> 'L' 
   and a.ResRepTyp <> 'F' 
   and a.ResChtNum = b.PbsChtNum 
 order by a.ResLabCod 


[2018-11-27 오후 12:02:35] sOrdList : 20181127|URI/37/U01|62907|유병제|1|005|

[2018-11-27 오후 12:02:43] SqlStr :  select a.ResAcpDte, a.ResAcpCod, a.ResAcpNum, a.ResSpmCod, a.ResChtNum, b.PbsPatNam, a.ResLabCod 
  from ResInf a, PbsInf b 
 where a.ResSpmNum = '1820049550'
   and a.ResAcpCod = 'URI' 
   and a.ResMzhTyp <> 'L' 
   and a.ResRepTyp <> 'F' 
   and a.ResChtNum = b.PbsChtNum 
 order by a.ResLabCod 


[2018-11-27 오후 12:02:49] SqlStr :  select a.ResAcpDte, a.ResAcpCod, a.ResAcpNum, a.ResSpmCod, a.ResChtNum, b.PbsPatNam, a.ResLabCod 
  from ResInf a, PbsInf b 
 where a.ResSpmNum = '1820049464'
   and a.ResAcpCod = 'URI' 
   and a.ResMzhTyp <> 'L' 
   and a.ResRepTyp <> 'F' 
   and a.ResChtNum = b.PbsChtNum 
 order by a.ResLabCod 


[2018-11-27 오후 12:02:49] sOrdList : 20181127|URI/46/U01|165107|이종춘|1|005|

[2018-11-27 오후 12:02:54] SqlStr :  select a.ResAcpDte, a.ResAcpCod, a.ResAcpNum, a.ResSpmCod, a.ResChtNum, b.PbsPatNam, a.ResLabCod 
  from ResInf a, PbsInf b 
 where a.ResSpmNum = '1820049537'
   and a.ResAcpCod = 'URI' 
   and a.ResMzhTyp <> 'L' 
   and a.ResRepTyp <> 'F' 
   and a.ResChtNum = b.PbsChtNum 
 order by a.ResLabCod 


[2018-11-27 오후 12:03:01] SqlStr :  select a.ResAcpDte, a.ResAcpCod, a.ResAcpNum, a.ResSpmCod, a.ResChtNum, b.PbsPatNam, a.ResLabCod 
  from ResInf a, PbsInf b 
 where a.ResSpmNum = '1820049529'
   and a.ResAcpCod = 'URI' 
   and a.ResMzhTyp <> 'L' 
   and a.ResRepTyp <> 'F' 
   and a.ResChtNum = b.PbsChtNum 
 order by a.ResLabCod 


[2018-11-27 오후 12:03:01] sOrdList : 20181127|URI/55/U01|126773|김순태|1|005|

[2018-11-27 오후 12:03:07] SqlStr :  select a.ResAcpDte, a.ResAcpCod, a.ResAcpNum, a.ResSpmCod, a.ResChtNum, b.PbsPatNam, a.ResLabCod 
  from ResInf a, PbsInf b 
 where a.ResSpmNum = '1820049440'
   and a.ResAcpCod = 'URI' 
   and a.ResMzhTyp <> 'L' 
   and a.ResRepTyp <> 'F' 
   and a.ResChtNum = b.PbsChtNum 
 order by a.ResLabCod 


[2018-11-27 오후 12:03:15] SqlStr :  select a.ResAcpDte, a.ResAcpCod, a.ResAcpNum, a.ResSpmCod, a.ResChtNum, b.PbsPatNam, a.ResLabCod 
  from ResInf a, PbsInf b 
 where a.ResSpmNum = '1820049558'
   and a.ResAcpCod = 'URI' 
   and a.ResMzhTyp <> 'L' 
   and a.ResRepTyp <> 'F' 
   and a.ResChtNum = b.PbsChtNum 
 order by a.ResLabCod 


[2018-11-27 오후 12:03:15] sOrdList : 20181127|URI/60/U01|46188|최병록|1|005|

[2018-11-27 오후 12:03:22] SqlStr :  select a.ResAcpDte, a.ResAcpCod, a.ResAcpNum, a.ResSpmCod, a.ResChtNum, b.PbsPatNam, a.ResLabCod 
  from ResInf a, PbsInf b 
 where a.ResSpmNum = '1820049470'
   and a.ResAcpCod = 'URI' 
   and a.ResMzhTyp <> 'L' 
   and a.ResRepTyp <> 'F' 
   and a.ResChtNum = b.PbsChtNum 
 order by a.ResLabCod 


[2018-11-27 오후 12:03:27] SqlStr :  select a.ResAcpDte, a.ResAcpCod, a.ResAcpNum, a.ResSpmCod, a.ResChtNum, b.PbsPatNam, a.ResLabCod 
  from ResInf a, PbsInf b 
 where a.ResSpmNum = '1820049574'
   and a.ResAcpCod = 'URI' 
   and a.ResMzhTyp <> 'L' 
   and a.ResRepTyp <> 'F' 
   and a.ResChtNum = b.PbsChtNum 
 order by a.ResLabCod 


[2018-11-27 오후 12:03:27] sOrdList : 20181127|URI/64/U01|221206|배은희|1|005|

[2018-11-27 오후 12:03:35] SqlStr :  select a.ResAcpDte, a.ResAcpCod, a.ResAcpNum, a.ResSpmCod, a.ResChtNum, b.PbsPatNam, a.ResLabCod 
  from ResInf a, PbsInf b 
 where a.ResSpmNum = '1820049428'
   and a.ResAcpCod = 'URI' 
   and a.ResMzhTyp <> 'L' 
   and a.ResRepTyp <> 'F' 
   and a.ResChtNum = b.PbsChtNum 
 order by a.ResLabCod 


[2018-11-27 오후 12:03:41] SqlStr :  select a.ResAcpDte, a.ResAcpCod, a.ResAcpNum, a.ResSpmCod, a.ResChtNum, b.PbsPatNam, a.ResLabCod 
  from ResInf a, PbsInf b 
 where a.ResSpmNum = '1820049460'
   and a.ResAcpCod = 'URI' 
   and a.ResMzhTyp <> 'L' 
   and a.ResRepTyp <> 'F' 
   and a.ResChtNum = b.PbsChtNum 
 order by a.ResLabCod 


[2018-11-27 오후 12:03:41] sOrdList : 20181127|URI/69/U01|41354|김경자|1|005|

[2018-11-27 오후 12:03:48] SqlStr :  select a.ResAcpDte, a.ResAcpCod, a.ResAcpNum, a.ResSpmCod, a.ResChtNum, b.PbsPatNam, a.ResLabCod 
  from ResInf a, PbsInf b 
 where a.ResSpmNum = '1820049555'
   and a.ResAcpCod = 'URI' 
   and a.ResMzhTyp <> 'L' 
   and a.ResRepTyp <> 'F' 
   and a.ResChtNum = b.PbsChtNum 
 order by a.ResLabCod 


[2018-11-27 오후 12:03:53] SqlStr :  select a.ResAcpDte, a.ResAcpCod, a.ResAcpNum, a.ResSpmCod, a.ResChtNum, b.PbsPatNam, a.ResLabCod 
  from ResInf a, PbsInf b 
 where a.ResSpmNum = '1820049505'
   and a.ResAcpCod = 'URI' 
   and a.ResMzhTyp <> 'L' 
   and a.ResRepTyp <> 'F' 
   and a.ResChtNum = b.PbsChtNum 
 order by a.ResLabCod 


[2018-11-27 오후 12:03:53] sOrdList : 20181127|URI/75/U01|12662|함정란|1|005|

[2018-11-27 오후 12:04:01] SqlStr :  select a.ResAcpDte, a.ResAcpCod, a.ResAcpNum, a.ResSpmCod, a.ResChtNum, b.PbsPatNam, a.ResLabCod 
  from ResInf a, PbsInf b 
 where a.ResSpmNum = '1820049546'
   and a.ResAcpCod = 'URI' 
   and a.ResMzhTyp <> 'L' 
   and a.ResRepTyp <> 'F' 
   and a.ResChtNum = b.PbsChtNum 
 order by a.ResLabCod 


[2018-11-27 오후 12:04:06] SqlStr :  select a.ResAcpDte, a.ResAcpCod, a.ResAcpNum, a.ResSpmCod, a.ResChtNum, b.PbsPatNam, a.ResLabCod 
  from ResInf a, PbsInf b 
 where a.ResSpmNum = '1820049436'
   and a.ResAcpCod = 'URI' 
   and a.ResMzhTyp <> 'L' 
   and a.ResRepTyp <> 'F' 
   and a.ResChtNum = b.PbsChtNum 
 order by a.ResLabCod 


[2018-11-27 오후 12:04:06] sOrdList : 20181127|URI/83/U01|285298|한정화|1|005|

[2018-11-27 오후 12:04:14] SqlStr :  select a.ResAcpDte, a.ResAcpCod, a.ResAcpNum, a.ResSpmCod, a.ResChtNum, b.PbsPatNam, a.ResLabCod 
  from ResInf a, PbsInf b 
 where a.ResSpmNum = '1820049489'
   and a.ResAcpCod = 'URI' 
   and a.ResMzhTyp <> 'L' 
   and a.ResRepTyp <> 'F' 
   and a.ResChtNum = b.PbsChtNum 
 order by a.ResLabCod 


[2018-11-27 오후 12:04:19] SqlStr :  select a.ResAcpDte, a.ResAcpCod, a.ResAcpNum, a.ResSpmCod, a.ResChtNum, b.PbsPatNam, a.ResLabCod 
  from ResInf a, PbsInf b 
 where a.ResSpmNum = '1820049543'
   and a.ResAcpCod = 'URI' 
   and a.ResMzhTyp <> 'L' 
   and a.ResRepTyp <> 'F' 
   and a.ResChtNum = b.PbsChtNum 
 order by a.ResLabCod 


[2018-11-27 오후 12:04:19] sOrdList : 20181127|URI/88/U01|253964|문숙경|1|005|

[2018-11-27 오후 12:04:26] SqlStr :  select a.ResAcpDte, a.ResAcpCod, a.ResAcpNum, a.ResSpmCod, a.ResChtNum, b.PbsPatNam, a.ResLabCod 
  from ResInf a, PbsInf b 
 where a.ResSpmNum = '1820049600'
   and a.ResAcpCod = 'URI' 
   and a.ResMzhTyp <> 'L' 
   and a.ResRepTyp <> 'F' 
   and a.ResChtNum = b.PbsChtNum 
 order by a.ResLabCod 


[2018-11-27 오후 12:04:32] SqlStr :  select a.ResAcpDte, a.ResAcpCod, a.ResAcpNum, a.ResSpmCod, a.ResChtNum, b.PbsPatNam, a.ResLabCod 
  from ResInf a, PbsInf b 
 where a.ResSpmNum = '1820049550'
   and a.ResAcpCod = 'URI' 
   and a.ResMzhTyp <> 'L' 
   and a.ResRepTyp <> 'F' 
   and a.ResChtNum = b.PbsChtNum 
 order by a.ResLabCod 


[2018-11-27 오후 12:04:32] sOrdList : 20181127|URI/32/U01|27517|이남식|1|005|

[2018-11-27 오후 12:04:40] SqlStr :  select a.ResAcpDte, a.ResAcpCod, a.ResAcpNum, a.ResSpmCod, a.ResChtNum, b.PbsPatNam, a.ResLabCod 
  from ResInf a, PbsInf b 
 where a.ResSpmNum = '1820049592'
   and a.ResAcpCod = 'URI' 
   and a.ResMzhTyp <> 'L' 
   and a.ResRepTyp <> 'F' 
   and a.ResChtNum = b.PbsChtNum 
 order by a.ResLabCod 


[2018-11-27 오후 12:04:45] SqlStr :  select a.ResAcpDte, a.ResAcpCod, a.ResAcpNum, a.ResSpmCod, a.ResChtNum, b.PbsPatNam, a.ResLabCod 
  from ResInf a, PbsInf b 
 where a.ResSpmNum = '1820049537'
   and a.ResAcpCod = 'URI' 
   and a.ResMzhTyp <> 'L' 
   and a.ResRepTyp <> 'F' 
   and a.ResChtNum = b.PbsChtNum 
 order by a.ResLabCod 


[2018-11-27 오후 12:04:45] sOrdList : 20181127|URI/36/U01|48182|이종준|1|005|

[2018-11-27 오후 12:04:59] SqlStr :  select a.ResAcpDte, a.ResAcpCod, a.ResAcpNum, a.ResSpmCod, a.ResChtNum, b.PbsPatNam, a.ResLabCod 
  from ResInf a, PbsInf b 
 where a.ResSpmNum = '1820049440'
   and a.ResAcpCod = 'URI' 
   and a.ResMzhTyp <> 'L' 
   and a.ResRepTyp <> 'F' 
   and a.ResChtNum = b.PbsChtNum 
 order by a.ResLabCod 


[2018-11-27 오후 12:04:59] sOrdList : 20181127|URI/45/U01|199100|심기태|1|005|

[2018-11-27 오후 12:05:11] SqlStr :  select a.ResAcpDte, a.ResAcpCod, a.ResAcpNum, a.ResSpmCod, a.ResChtNum, b.PbsPatNam, a.ResLabCod 
  from ResInf a, PbsInf b 
 where a.ResSpmNum = '1820049470'
   and a.ResAcpCod = 'URI' 
   and a.ResMzhTyp <> 'L' 
   and a.ResRepTyp <> 'F' 
   and a.ResChtNum = b.PbsChtNum 
 order by a.ResLabCod 


[2018-11-27 오후 12:05:11] sOrdList : 20181127|URI/54/U01|252455|김시엽|1|005|

[2018-11-27 오후 12:05:25] SqlStr :  select a.ResAcpDte, a.ResAcpCod, a.ResAcpNum, a.ResSpmCod, a.ResChtNum, b.PbsPatNam, a.ResLabCod 
  from ResInf a, PbsInf b 
 where a.ResSpmNum = '1820049428'
   and a.ResAcpCod = 'URI' 
   and a.ResMzhTyp <> 'L' 
   and a.ResRepTyp <> 'F' 
   and a.ResChtNum = b.PbsChtNum 
 order by a.ResLabCod 


[2018-11-27 오후 12:05:25] sOrdList : 20181127|URI/59/U01|119995|이다니엘|1|005|

[2018-11-27 오후 12:05:44] SqlStr :  select a.ResAcpDte, a.ResAcpCod, a.ResAcpNum, a.ResSpmCod, a.ResChtNum, b.PbsPatNam, a.ResLabCod 
  from ResInf a, PbsInf b 
 where a.ResSpmNum = '1820049555'
   and a.ResAcpCod = 'URI' 
   and a.ResMzhTyp <> 'L' 
   and a.ResRepTyp <> 'F' 
   and a.ResChtNum = b.PbsChtNum 
 order by a.ResLabCod 


[2018-11-27 오후 12:05:44] sOrdList : 20181127|URI/63/U01|160417|조민자|1|005|

[2018-11-27 오후 12:05:52] SqlStr :  select a.ResAcpDte, a.ResAcpCod, a.ResAcpNum, a.ResSpmCod, a.ResChtNum, b.PbsPatNam, a.ResLabCod 
  from ResInf a, PbsInf b 
 where a.ResSpmNum = '1820049546'
   and a.ResAcpCod = 'URI' 
   and a.ResMzhTyp <> 'L' 
   and a.ResRepTyp <> 'F' 
   and a.ResChtNum = b.PbsChtNum 
 order by a.ResLabCod 


[2018-11-27 오후 12:05:52] sOrdList : 20181127|URI/68/U01|149470|김은경|1|005|

[2018-11-27 오후 12:06:03] SqlStr :  select a.ResAcpDte, a.ResAcpCod, a.ResAcpNum, a.ResSpmCod, a.ResChtNum, b.PbsPatNam, a.ResLabCod 
  from ResInf a, PbsInf b 
 where a.ResSpmNum = '1820049489'
   and a.ResAcpCod = 'URI' 
   and a.ResMzhTyp <> 'L' 
   and a.ResRepTyp <> 'F' 
   and a.ResChtNum = b.PbsChtNum 
 order by a.ResLabCod 


[2018-11-27 오후 12:06:03] sOrdList : 20181127|URI/73/U01|132136|김미숙|1|005|

[2018-11-27 오후 12:06:28] SqlStr :  select a.ResAcpDte, a.ResAcpCod, a.ResAcpNum, a.ResSpmCod, a.ResChtNum, b.PbsPatNam, a.ResLabCod 
  from ResInf a, PbsInf b 
 where a.ResSpmNum = '1820049600'
   and a.ResAcpCod = 'URI' 
   and a.ResMzhTyp <> 'L' 
   and a.ResRepTyp <> 'F' 
   and a.ResChtNum = b.PbsChtNum 
 order by a.ResLabCod 


[2018-11-27 오후 12:06:28] sOrdList : 20181127|URI/87/U01|180504|유양재|1|005|

[2018-11-27 오후 12:06:36] SqlStr :  select a.ResAcpDte, a.ResAcpCod, a.ResAcpNum, a.ResSpmCod, a.ResChtNum, b.PbsPatNam, a.ResLabCod 
  from ResInf a, PbsInf b 
 where a.ResSpmNum = '1820049592'
   and a.ResAcpCod = 'URI' 
   and a.ResMzhTyp <> 'L' 
   and a.ResRepTyp <> 'F' 
   and a.ResChtNum = b.PbsChtNum 
 order by a.ResLabCod 


[2018-11-27 오후 12:06:36] sOrdList : 20181127|URI/82/U01|190527|유칠곤|1|005|

[2018-11-27 오후 12:07:04] SqlStr :  select a.ResAcpDte, a.ResAcpCod, a.ResAcpNum, a.ResSpmCod, a.ResChtNum, b.PbsPatNam, a.ResLabCod 
  from ResInf a, PbsInf b 
 where a.ResSpmNum = '1820049494'
   and a.ResAcpCod = 'URI' 
   and a.ResMzhTyp <> 'L' 
   and a.ResRepTyp <> 'F' 
   and a.ResChtNum = b.PbsChtNum 
 order by a.ResLabCod 


[2018-11-27 오후 12:07:07] SqlStr :  select a.ResAcpDte, a.ResAcpCod, a.ResAcpNum, a.ResSpmCod, a.ResChtNum, b.PbsPatNam, a.ResLabCod 
  from ResInf a, PbsInf b 
 where a.ResSpmNum = '1820049567'
   and a.ResAcpCod = 'URI' 
   and a.ResMzhTyp <> 'L' 
   and a.ResRepTyp <> 'F' 
   and a.ResChtNum = b.PbsChtNum 
 order by a.ResLabCod 


[2018-11-27 오후 12:07:10] SqlStr :  select a.ResAcpDte, a.ResAcpCod, a.ResAcpNum, a.ResSpmCod, a.ResChtNum, b.PbsPatNam, a.ResLabCod 
  from ResInf a, PbsInf b 
 where a.ResSpmNum = '1820049518'
   and a.ResAcpCod = 'URI' 
   and a.ResMzhTyp <> 'L' 
   and a.ResRepTyp <> 'F' 
   and a.ResChtNum = b.PbsChtNum 
 order by a.ResLabCod 


[2018-11-27 오후 12:07:42] SqlStr :  select a.ResAcpDte, a.ResAcpCod, a.ResAcpNum, a.ResSpmCod, a.ResChtNum, b.PbsPatNam, a.ResLabCod 
  from ResInf a, PbsInf b 
 where a.ResSpmNum = '1820049474'
   and a.ResAcpCod = 'URI' 
   and a.ResMzhTyp <> 'L' 
   and a.ResRepTyp <> 'F' 
   and a.ResChtNum = b.PbsChtNum 
 order by a.ResLabCod 


[2018-11-27 오후 12:07:56] SqlStr :  select a.ResAcpDte, a.ResAcpCod, a.ResAcpNum, a.ResSpmCod, a.ResChtNum, b.PbsPatNam, a.ResLabCod 
  from ResInf a, PbsInf b 
 where a.ResSpmNum = '1820049415'
   and a.ResAcpCod = 'URI' 
   and a.ResMzhTyp <> 'L' 
   and a.ResRepTyp <> 'F' 
   and a.ResChtNum = b.PbsChtNum 
 order by a.ResLabCod 


[2018-11-27 오후 12:08:08] SqlStr :  select a.ResAcpDte, a.ResAcpCod, a.ResAcpNum, a.ResSpmCod, a.ResChtNum, b.PbsPatNam, a.ResLabCod 
  from ResInf a, PbsInf b 
 where a.ResSpmNum = '1820049587'
   and a.ResAcpCod = 'URI' 
   and a.ResMzhTyp <> 'L' 
   and a.ResRepTyp <> 'F' 
   and a.ResChtNum = b.PbsChtNum 
 order by a.ResLabCod 


[2018-11-27 오후 12:08:22] SqlStr :  select a.ResAcpDte, a.ResAcpCod, a.ResAcpNum, a.ResSpmCod, a.ResChtNum, b.PbsPatNam, a.ResLabCod 
  from ResInf a, PbsInf b 
 where a.ResSpmNum = '1820049561'
   and a.ResAcpCod = 'URI' 
   and a.ResMzhTyp <> 'L' 
   and a.ResRepTyp <> 'F' 
   and a.ResChtNum = b.PbsChtNum 
 order by a.ResLabCod 


[2018-11-27 오후 12:08:34] SqlStr :  select a.ResAcpDte, a.ResAcpCod, a.ResAcpNum, a.ResSpmCod, a.ResChtNum, b.PbsPatNam, a.ResLabCod 
  from ResInf a, PbsInf b 
 where a.ResSpmNum = '1820049374'
   and a.ResAcpCod = 'URI' 
   and a.ResMzhTyp <> 'L' 
   and a.ResRepTyp <> 'F' 
   and a.ResChtNum = b.PbsChtNum 
 order by a.ResLabCod 


[2018-11-27 오후 12:08:48] SqlStr :  select a.ResAcpDte, a.ResAcpCod, a.ResAcpNum, a.ResSpmCod, a.ResChtNum, b.PbsPatNam, a.ResLabCod 
  from ResInf a, PbsInf b 
 where a.ResSpmNum = '1820049583'
   and a.ResAcpCod = 'URI' 
   and a.ResMzhTyp <> 'L' 
   and a.ResRepTyp <> 'F' 
   and a.ResChtNum = b.PbsChtNum 
 order by a.ResLabCod 


[2018-11-27 오후 12:08:54] SqlStr :  select a.ResAcpDte, a.ResAcpCod, a.ResAcpNum, a.ResSpmCod, a.ResChtNum, b.PbsPatNam, a.ResLabCod 
  from ResInf a, PbsInf b 
 where a.ResSpmNum = '1820049494'
   and a.ResAcpCod = 'URI' 
   and a.ResMzhTyp <> 'L' 
   and a.ResRepTyp <> 'F' 
   and a.ResChtNum = b.PbsChtNum 
 order by a.ResLabCod 


[2018-11-27 오후 12:08:54] sOrdList : 20181127|URI/86/U01|87179|김선덕|1|005|

[2018-11-27 오후 12:09:01] SqlStr :  select a.ResAcpDte, a.ResAcpCod, a.ResAcpNum, a.ResSpmCod, a.ResChtNum, b.PbsPatNam, a.ResLabCod 
  from ResInf a, PbsInf b 
 where a.ResSpmNum = '1820049360'
   and a.ResAcpCod = 'URI' 
   and a.ResMzhTyp <> 'L' 
   and a.ResRepTyp <> 'F' 
   and a.ResChtNum = b.PbsChtNum 
 order by a.ResLabCod 


[2018-11-27 오후 12:09:07] SqlStr :  select a.ResAcpDte, a.ResAcpCod, a.ResAcpNum, a.ResSpmCod, a.ResChtNum, b.PbsPatNam, a.ResLabCod 
  from ResInf a, PbsInf b 
 where a.ResSpmNum = '1820049567'
   and a.ResAcpCod = 'URI' 
   and a.ResMzhTyp <> 'L' 
   and a.ResRepTyp <> 'F' 
   and a.ResChtNum = b.PbsChtNum 
 order by a.ResLabCod 


[2018-11-27 오후 12:09:07] sOrdList : 20181127|URI/31/U01|285312|김재호|1|005|

[2018-11-27 오후 12:09:15] SqlStr :  select a.ResAcpDte, a.ResAcpCod, a.ResAcpNum, a.ResSpmCod, a.ResChtNum, b.PbsPatNam, a.ResLabCod 
  from ResInf a, PbsInf b 
 where a.ResSpmNum = '1820049514'
   and a.ResAcpCod = 'URI' 
   and a.ResMzhTyp <> 'L' 
   and a.ResRepTyp <> 'F' 
   and a.ResChtNum = b.PbsChtNum 
 order by a.ResLabCod 


[2018-11-27 오후 12:09:27] SqlStr :  select a.ResAcpDte, a.ResAcpCod, a.ResAcpNum, a.ResSpmCod, a.ResChtNum, b.PbsPatNam, a.ResLabCod 
  from ResInf a, PbsInf b 
 where a.ResSpmNum = '1820049595'
   and a.ResAcpCod = 'URI' 
   and a.ResMzhTyp <> 'L' 
   and a.ResRepTyp <> 'F' 
   and a.ResChtNum = b.PbsChtNum 
 order by a.ResLabCod 


[2018-11-27 오후 12:09:29] SqlStr :  select a.ResAcpDte, a.ResAcpCod, a.ResAcpNum, a.ResSpmCod, a.ResChtNum, b.PbsPatNam, a.ResLabCod 
  from ResInf a, PbsInf b 
 where a.ResSpmNum = '1820049518'
   and a.ResAcpCod = 'URI' 
   and a.ResMzhTyp <> 'L' 
   and a.ResRepTyp <> 'F' 
   and a.ResChtNum = b.PbsChtNum 
 order by a.ResLabCod 


[2018-11-27 오후 12:09:29] sOrdList : 20181127|URI/35/U01|26230|채규만|1|005|

[2018-11-27 오후 12:09:37] SqlStr :  select a.ResAcpDte, a.ResAcpCod, a.ResAcpNum, a.ResSpmCod, a.ResChtNum, b.PbsPatNam, a.ResLabCod 
  from ResInf a, PbsInf b 
 where a.ResSpmNum = '1820049474'
   and a.ResAcpCod = 'URI' 
   and a.ResMzhTyp <> 'L' 
   and a.ResRepTyp <> 'F' 
   and a.ResChtNum = b.PbsChtNum 
 order by a.ResLabCod 


[2018-11-27 오후 12:09:37] sOrdList : 20181127|URI/39/U01|27040|박영운|1|005|

[2018-11-27 오후 12:09:40] SqlStr :  select a.ResAcpDte, a.ResAcpCod, a.ResAcpNum, a.ResSpmCod, a.ResChtNum, b.PbsPatNam, a.ResLabCod 
  from ResInf a, PbsInf b 
 where a.ResSpmNum = '1820049564'
   and a.ResAcpCod = 'URI' 
   and a.ResMzhTyp <> 'L' 
   and a.ResRepTyp <> 'F' 
   and a.ResChtNum = b.PbsChtNum 
 order by a.ResLabCod 


[2018-11-27 오후 12:09:46] SqlStr :  select a.ResAcpDte, a.ResAcpCod, a.ResAcpNum, a.ResSpmCod, a.ResChtNum, b.PbsPatNam, a.ResLabCod 
  from ResInf a, PbsInf b 
 where a.ResSpmNum = '1820049415'
   and a.ResAcpCod = 'URI' 
   and a.ResMzhTyp <> 'L' 
   and a.ResRepTyp <> 'F' 
   and a.ResChtNum = b.PbsChtNum 
 order by a.ResLabCod 


[2018-11-27 오후 12:09:46] sOrdList : 20181127|URI/50/U01|152615|이은일|1|005|

[2018-11-27 오후 12:09:53] SqlStr :  select a.ResAcpDte, a.ResAcpCod, a.ResAcpNum, a.ResSpmCod, a.ResChtNum, b.PbsPatNam, a.ResLabCod 
  from ResInf a, PbsInf b 
 where a.ResSpmNum = '1820049419'
   and a.ResAcpCod = 'URI' 
   and a.ResMzhTyp <> 'L' 
   and a.ResRepTyp <> 'F' 
   and a.ResChtNum = b.PbsChtNum 
 order by a.ResLabCod 


[2018-11-27 오후 12:09:59] SqlStr :  select a.ResAcpDte, a.ResAcpCod, a.ResAcpNum, a.ResSpmCod, a.ResChtNum, b.PbsPatNam, a.ResLabCod 
  from ResInf a, PbsInf b 
 where a.ResSpmNum = '1820049587'
   and a.ResAcpCod = 'URI' 
   and a.ResMzhTyp <> 'L' 
   and a.ResRepTyp <> 'F' 
   and a.ResChtNum = b.PbsChtNum 
 order by a.ResLabCod 


[2018-11-27 오후 12:09:59] sOrdList : 20181127|URI/57/U01|90603|김응모|1|005|

[2018-11-27 오후 12:10:06] SqlStr :  select a.ResAcpDte, a.ResAcpCod, a.ResAcpNum, a.ResSpmCod, a.ResChtNum, b.PbsPatNam, a.ResLabCod 
  from ResInf a, PbsInf b 
 where a.ResSpmNum = '1820049467'
   and a.ResAcpCod = 'URI' 
   and a.ResMzhTyp <> 'L' 
   and a.ResRepTyp <> 'F' 
   and a.ResChtNum = b.PbsChtNum 
 order by a.ResLabCod 


[2018-11-27 오후 12:10:18] SqlStr :  select a.ResAcpDte, a.ResAcpCod, a.ResAcpNum, a.ResSpmCod, a.ResChtNum, b.PbsPatNam, a.ResLabCod 
  from ResInf a, PbsInf b 
 where a.ResSpmNum = '1820049561'
   and a.ResAcpCod = 'URI' 
   and a.ResMzhTyp <> 'L' 
   and a.ResRepTyp <> 'F' 
   and a.ResChtNum = b.PbsChtNum 
 order by a.ResLabCod 


[2018-11-27 오후 12:10:18] sOrdList : 20181127|URI/62/U01|167749|만태권|1|005|

[2018-11-27 오후 12:10:20] SqlStr :  select a.ResAcpDte, a.ResAcpCod, a.ResAcpNum, a.ResSpmCod, a.ResChtNum, b.PbsPatNam, a.ResLabCod 
  from ResInf a, PbsInf b 
 where a.ResSpmNum = '1820049477'
   and a.ResAcpCod = 'URI' 
   and a.ResMzhTyp <> 'L' 
   and a.ResRepTyp <> 'F' 
   and a.ResChtNum = b.PbsChtNum 
 order by a.ResLabCod 


[2018-11-27 오후 12:10:26] SqlStr :  select a.ResAcpDte, a.ResAcpCod, a.ResAcpNum, a.ResSpmCod, a.ResChtNum, b.PbsPatNam, a.ResLabCod 
  from ResInf a, PbsInf b 
 where a.ResSpmNum = '1820049374'
   and a.ResAcpCod = 'URI' 
   and a.ResMzhTyp <> 'L' 
   and a.ResRepTyp <> 'F' 
   and a.ResChtNum = b.PbsChtNum 
 order by a.ResLabCod 


[2018-11-27 오후 12:10:26] sOrdList : 20181127|URI/67/U01|127023|전순이|1|005|

[2018-11-27 오후 12:10:32] SqlStr :  select a.ResAcpDte, a.ResAcpCod, a.ResAcpNum, a.ResSpmCod, a.ResChtNum, b.PbsPatNam, a.ResLabCod 
  from ResInf a, PbsInf b 
 where a.ResSpmNum = '1820049432'
   and a.ResAcpCod = 'URI' 
   and a.ResMzhTyp <> 'L' 
   and a.ResRepTyp <> 'F' 
   and a.ResChtNum = b.PbsChtNum 
 order by a.ResLabCod 


[2018-11-27 오후 12:10:40] SqlStr :  select a.ResAcpDte, a.ResAcpCod, a.ResAcpNum, a.ResSpmCod, a.ResChtNum, b.PbsPatNam, a.ResLabCod 
  from ResInf a, PbsInf b 
 where a.ResSpmNum = '1820049583'
   and a.ResAcpCod = 'URI' 
   and a.ResMzhTyp <> 'L' 
   and a.ResRepTyp <> 'F' 
   and a.ResChtNum = b.PbsChtNum 
 order by a.ResLabCod 


[2018-11-27 오후 12:10:40] sOrdList : 20181127|URI/71/U01|220607|최은영|1|005|

[2018-11-27 오후 12:10:46] SqlStr :  select a.ResAcpDte, a.ResAcpCod, a.ResAcpNum, a.ResSpmCod, a.ResChtNum, b.PbsPatNam, a.ResLabCod 
  from ResInf a, PbsInf b 
 where a.ResSpmNum = '1820049393'
   and a.ResAcpCod = 'URI' 
   and a.ResMzhTyp <> 'L' 
   and a.ResRepTyp <> 'F' 
   and a.ResChtNum = b.PbsChtNum 
 order by a.ResLabCod 


[2018-11-27 오후 12:10:59] SqlStr :  select a.ResAcpDte, a.ResAcpCod, a.ResAcpNum, a.ResSpmCod, a.ResChtNum, b.PbsPatNam, a.ResLabCod 
  from ResInf a, PbsInf b 
 where a.ResSpmNum = '1820049424'
   and a.ResAcpCod = 'URI' 
   and a.ResMzhTyp <> 'L' 
   and a.ResRepTyp <> 'F' 
   and a.ResChtNum = b.PbsChtNum 
 order by a.ResLabCod 


[2018-11-27 오후 12:10:59] SqlStr :  select a.ResAcpDte, a.ResAcpCod, a.ResAcpNum, a.ResSpmCod, a.ResChtNum, b.PbsPatNam, a.ResLabCod 
  from ResInf a, PbsInf b 
 where a.ResSpmNum = '1820049360'
   and a.ResAcpCod = 'URI' 
   and a.ResMzhTyp <> 'L' 
   and a.ResRepTyp <> 'F' 
   and a.ResChtNum = b.PbsChtNum 
 order by a.ResLabCod 


[2018-11-27 오후 12:10:59] sOrdList : 20181127|URI/81/U01|261854|김수경|1|005|

[2018-11-27 오후 12:11:07] SqlStr :  select a.ResAcpDte, a.ResAcpCod, a.ResAcpNum, a.ResSpmCod, a.ResChtNum, b.PbsPatNam, a.ResLabCod 
  from ResInf a, PbsInf b 
 where a.ResSpmNum = '1820049514'
   and a.ResAcpCod = 'URI' 
   and a.ResMzhTyp <> 'L' 
   and a.ResRepTyp <> 'F' 
   and a.ResChtNum = b.PbsChtNum 
 order by a.ResLabCod 


[2018-11-27 오후 12:11:07] sOrdList : 20181127|URI/85/U01|284701|김옥선|1|005|

[2018-11-27 오후 12:11:12] SqlStr :  select a.ResAcpDte, a.ResAcpCod, a.ResAcpNum, a.ResSpmCod, a.ResChtNum, b.PbsPatNam, a.ResLabCod 
  from ResInf a, PbsInf b 
 where a.ResSpmNum = '1820049456'
   and a.ResAcpCod = 'URI' 
   and a.ResMzhTyp <> 'L' 
   and a.ResRepTyp <> 'F' 
   and a.ResChtNum = b.PbsChtNum 
 order by a.ResLabCod 


[2018-11-27 오후 12:11:17] SqlStr :  select a.ResAcpDte, a.ResAcpCod, a.ResAcpNum, a.ResSpmCod, a.ResChtNum, b.PbsPatNam, a.ResLabCod 
  from ResInf a, PbsInf b 
 where a.ResSpmNum = '1820049595'
   and a.ResAcpCod = 'URI' 
   and a.ResMzhTyp <> 'L' 
   and a.ResRepTyp <> 'F' 
   and a.ResChtNum = b.PbsChtNum 
 order by a.ResLabCod 


[2018-11-27 오후 12:11:17] sOrdList : 20181127|URI/30/U01|73826|유병국|1|005|

[2018-11-27 오후 12:11:27] SqlStr :  select a.ResAcpDte, a.ResAcpCod, a.ResAcpNum, a.ResSpmCod, a.ResChtNum, b.PbsPatNam, a.ResLabCod 
  from ResInf a, PbsInf b 
 where a.ResSpmNum = '1820049578'
   and a.ResAcpCod = 'URI' 
   and a.ResMzhTyp <> 'L' 
   and a.ResRepTyp <> 'F' 
   and a.ResChtNum = b.PbsChtNum 
 order by a.ResLabCod 


[2018-11-27 오후 12:11:30] SqlStr :  select a.ResAcpDte, a.ResAcpCod, a.ResAcpNum, a.ResSpmCod, a.ResChtNum, b.PbsPatNam, a.ResLabCod 
  from ResInf a, PbsInf b 
 where a.ResSpmNum = '1820049564'
   and a.ResAcpCod = 'URI' 
   and a.ResMzhTyp <> 'L' 
   and a.ResRepTyp <> 'F' 
   and a.ResChtNum = b.PbsChtNum 
 order by a.ResLabCod 


[2018-11-27 오후 12:11:30] sOrdList : 20181127|URI/34/U01|285308|아리프|1|005|

[2018-11-27 오후 12:11:38] SqlStr :  select a.ResAcpDte, a.ResAcpCod, a.ResAcpNum, a.ResSpmCod, a.ResChtNum, b.PbsPatNam, a.ResLabCod 
  from ResInf a, PbsInf b 
 where a.ResSpmNum = '1820049558'
   and a.ResAcpCod = 'URI' 
   and a.ResMzhTyp <> 'L' 
   and a.ResRepTyp <> 'F' 
   and a.ResChtNum = b.PbsChtNum 
 order by a.ResLabCod 


[2018-11-27 오후 12:11:50] SqlStr :  select a.ResAcpDte, a.ResAcpCod, a.ResAcpNum, a.ResSpmCod, a.ResChtNum, b.PbsPatNam, a.ResLabCod 
  from ResInf a, PbsInf b 
 where a.ResSpmNum = '1820049419'
   and a.ResAcpCod = 'URI' 
   and a.ResMzhTyp <> 'L' 
   and a.ResRepTyp <> 'F' 
   and a.ResChtNum = b.PbsChtNum 
 order by a.ResLabCod 


[2018-11-27 오후 12:11:50] sOrdList : 20181127|URI/38/U01|29214|임붕순|1|005|

[2018-11-27 오후 12:11:57] SqlStr :  select a.ResAcpDte, a.ResAcpCod, a.ResAcpNum, a.ResSpmCod, a.ResChtNum, b.PbsPatNam, a.ResLabCod 
  from ResInf a, PbsInf b 
 where a.ResSpmNum = '1820049467'
   and a.ResAcpCod = 'URI' 
   and a.ResMzhTyp <> 'L' 
   and a.ResRepTyp <> 'F' 
   and a.ResChtNum = b.PbsChtNum 
 order by a.ResLabCod 


[2018-11-27 오후 12:11:57] sOrdList : 20181127|URI/49/U01|113618|최기활|1|005|

[2018-11-27 오후 12:12:09] SqlStr :  select a.ResAcpDte, a.ResAcpCod, a.ResAcpNum, a.ResSpmCod, a.ResChtNum, b.PbsPatNam, a.ResLabCod 
  from ResInf a, PbsInf b 
 where a.ResSpmNum = '1820049477'
   and a.ResAcpCod = 'URI' 
   and a.ResMzhTyp <> 'L' 
   and a.ResRepTyp <> 'F' 
   and a.ResChtNum = b.PbsChtNum 
 order by a.ResLabCod 


[2018-11-27 오후 12:12:09] sOrdList : 20181127|URI/56/U01|197365|이정희|1|005|

[2018-11-27 오후 12:12:25] SqlStr :  select a.ResAcpDte, a.ResAcpCod, a.ResAcpNum, a.ResSpmCod, a.ResChtNum, b.PbsPatNam, a.ResLabCod 
  from ResInf a, PbsInf b 
 where a.ResSpmNum = '1820049583'
   and a.ResAcpCod = 'URI' 
   and a.ResMzhTyp <> 'L' 
   and a.ResRepTyp <> 'F' 
   and a.ResChtNum = b.PbsChtNum 
 order by a.ResLabCod 


[2018-11-27 오후 12:12:31] SqlStr :  select a.ResAcpDte, a.ResAcpCod, a.ResAcpNum, a.ResSpmCod, a.ResChtNum, b.PbsPatNam, a.ResLabCod 
  from ResInf a, PbsInf b 
 where a.ResSpmNum = '1820049432'
   and a.ResAcpCod = 'URI' 
   and a.ResMzhTyp <> 'L' 
   and a.ResRepTyp <> 'F' 
   and a.ResChtNum = b.PbsChtNum 
 order by a.ResLabCod 


[2018-11-27 오후 12:12:31] sOrdList : 20181127|URI/61/U01|249352|전기용|1|005|

[2018-11-27 오후 12:12:39] SqlStr :  select a.ResAcpDte, a.ResAcpCod, a.ResAcpNum, a.ResSpmCod, a.ResChtNum, b.PbsPatNam, a.ResLabCod 
  from ResInf a, PbsInf b 
 where a.ResSpmNum = '1820049393'
   and a.ResAcpCod = 'URI' 
   and a.ResMzhTyp <> 'L' 
   and a.ResRepTyp <> 'F' 
   and a.ResChtNum = b.PbsChtNum 
 order by a.ResLabCod 


[2018-11-27 오후 12:12:39] sOrdList : 20181127|URI/66/U01|119325|최승녀|1|005|

[2018-11-27 오후 12:12:48] SqlStr :  select a.ResAcpDte, a.ResAcpCod, a.ResAcpNum, a.ResSpmCod, a.ResChtNum, b.PbsPatNam, a.ResLabCod 
  from ResInf a, PbsInf b 
 where a.ResSpmNum = '1820049424'
   and a.ResAcpCod = 'URI' 
   and a.ResMzhTyp <> 'L' 
   and a.ResRepTyp <> 'F' 
   and a.ResChtNum = b.PbsChtNum 
 order by a.ResLabCod 


[2018-11-27 오후 12:12:48] sOrdList : 20181127|URI/70/U01|21178|박윤자|1|005|

[2018-11-27 오후 12:13:02] SqlStr :  select a.ResAcpDte, a.ResAcpCod, a.ResAcpNum, a.ResSpmCod, a.ResChtNum, b.PbsPatNam, a.ResLabCod 
  from ResInf a, PbsInf b 
 where a.ResSpmNum = '1820049456'
   and a.ResAcpCod = 'URI' 
   and a.ResMzhTyp <> 'L' 
   and a.ResRepTyp <> 'F' 
   and a.ResChtNum = b.PbsChtNum 
 order by a.ResLabCod 


[2018-11-27 오후 12:13:02] sOrdList : 20181127|URI/78/U01|285300|최연진|1|005|

[2018-11-27 오후 12:13:23] SqlStr :  select a.ResAcpDte, a.ResAcpCod, a.ResAcpNum, a.ResSpmCod, a.ResChtNum, b.PbsPatNam, a.ResLabCod 
  from ResInf a, PbsInf b 
 where a.ResSpmNum = '1820049578'
   and a.ResAcpCod = 'URI' 
   and a.ResMzhTyp <> 'L' 
   and a.ResRepTyp <> 'F' 
   and a.ResChtNum = b.PbsChtNum 
 order by a.ResLabCod 


[2018-11-27 오후 12:13:23] sOrdList : 20181127|URI/84/U01|285301|강영순|1|005|

[2018-11-27 오후 12:34:56] SqlStr :  select a.ResAcpDte, a.ResAcpCod, a.ResAcpNum, a.ResSpmCod, a.ResChtNum, b.PbsPatNam, a.ResLabCod 
  from ResInf a, PbsInf b 
 where a.ResSpmNum = '1800156397'
   and a.ResAcpCod = 'URI' 
   and a.ResMzhTyp <> 'L' 
   and a.ResRepTyp <> 'F' 
   and a.ResChtNum = b.PbsChtNum 
 order by a.ResLabCod 


[2018-11-27 오후 12:34:59] SqlStr :  select a.ResAcpDte, a.ResAcpCod, a.ResAcpNum, a.ResSpmCod, a.ResChtNum, b.PbsPatNam, a.ResLabCod 
  from ResInf a, PbsInf b 
 where a.ResSpmNum = '1800156406'
   and a.ResAcpCod = 'URI' 
   and a.ResMzhTyp <> 'L' 
   and a.ResRepTyp <> 'F' 
   and a.ResChtNum = b.PbsChtNum 
 order by a.ResLabCod 


[2018-11-27 오후 12:35:02] SqlStr :  select a.ResAcpDte, a.ResAcpCod, a.ResAcpNum, a.ResSpmCod, a.ResChtNum, b.PbsPatNam, a.ResLabCod 
  from ResInf a, PbsInf b 
 where a.ResSpmNum = '1800156392'
   and a.ResAcpCod = 'URI' 
   and a.ResMzhTyp <> 'L' 
   and a.ResRepTyp <> 'F' 
   and a.ResChtNum = b.PbsChtNum 
 order by a.ResLabCod 


[2018-11-27 오후 12:35:33] SqlStr :  select a.ResAcpDte, a.ResAcpCod, a.ResAcpNum, a.ResSpmCod, a.ResChtNum, b.PbsPatNam, a.ResLabCod 
  from ResInf a, PbsInf b 
 where a.ResSpmNum = '1810156414'
   and a.ResAcpCod = 'URI' 
   and a.ResMzhTyp <> 'L' 
   and a.ResRepTyp <> 'F' 
   and a.ResChtNum = b.PbsChtNum 
 order by a.ResLabCod 


[2018-11-27 오후 12:36:44] SqlStr :  select a.ResAcpDte, a.ResAcpCod, a.ResAcpNum, a.ResSpmCod, a.ResChtNum, b.PbsPatNam, a.ResLabCod 
  from ResInf a, PbsInf b 
 where a.ResSpmNum = '1800156397'
   and a.ResAcpCod = 'URI' 
   and a.ResMzhTyp <> 'L' 
   and a.ResRepTyp <> 'F' 
   and a.ResChtNum = b.PbsChtNum 
 order by a.ResLabCod 


[2018-11-27 오후 12:36:44] sOrdList : 20181127|URI/90/U01|174787|김광수|18|001|002|003|004|005|006|007|008|009|010|011|012|026|027|028|029|030|031|

[2018-11-27 오후 12:36:57] SqlStr :  select a.ResAcpDte, a.ResAcpCod, a.ResAcpNum, a.ResSpmCod, a.ResChtNum, b.PbsPatNam, a.ResLabCod 
  from ResInf a, PbsInf b 
 where a.ResSpmNum = '1800156406'
   and a.ResAcpCod = 'URI' 
   and a.ResMzhTyp <> 'L' 
   and a.ResRepTyp <> 'F' 
   and a.ResChtNum = b.PbsChtNum 
 order by a.ResLabCod 


[2018-11-27 오후 12:36:57] sOrdList : 20181127|URI/92/U01|97475|김명자|18|001|002|003|004|005|006|007|008|009|010|011|012|026|027|028|029|030|031|

[2018-11-27 오후 12:37:11] SqlStr :  select a.ResAcpDte, a.ResAcpCod, a.ResAcpNum, a.ResSpmCod, a.ResChtNum, b.PbsPatNam, a.ResLabCod 
  from ResInf a, PbsInf b 
 where a.ResSpmNum = '1800156392'
   and a.ResAcpCod = 'URI' 
   and a.ResMzhTyp <> 'L' 
   and a.ResRepTyp <> 'F' 
   and a.ResChtNum = b.PbsChtNum 
 order by a.ResLabCod 


[2018-11-27 오후 12:37:11] sOrdList : 20181127|URI/91/U01|285321|이귀임|18|001|002|003|004|005|006|007|008|009|010|011|012|026|027|028|029|030|031|

[2018-11-27 오후 12:37:24] SqlStr :  select a.ResAcpDte, a.ResAcpCod, a.ResAcpNum, a.ResSpmCod, a.ResChtNum, b.PbsPatNam, a.ResLabCod 
  from ResInf a, PbsInf b 
 where a.ResSpmNum = '1810156414'
   and a.ResAcpCod = 'URI' 
   and a.ResMzhTyp <> 'L' 
   and a.ResRepTyp <> 'F' 
   and a.ResChtNum = b.PbsChtNum 
 order by a.ResLabCod 


[2018-11-27 오후 12:37:24] sOrdList : 20181127|URI/93/U01|285287|장순길|18|001|002|003|004|005|006|007|008|009|010|011|012|026|027|028|029|030|031|

[2018-11-27 오후 1:03:31] SqlStr :  select a.ResAcpDte, a.ResAcpCod, a.ResAcpNum, a.ResSpmCod, a.ResChtNum, b.PbsPatNam, a.ResLabCod 
  from ResInf a, PbsInf b 
 where a.ResSpmNum = '1820049357'
   and a.ResAcpCod = 'URI' 
   and a.ResMzhTyp <> 'L' 
   and a.ResRepTyp <> 'F' 
   and a.ResChtNum = b.PbsChtNum 
 order by a.ResLabCod 


[2018-11-27 오후 1:59:51] SqlStr :  select a.ResAcpDte, a.ResAcpCod, a.ResAcpNum, a.ResSpmCod, a.ResChtNum, b.PbsPatNam, a.ResLabCod 
  from ResInf a, PbsInf b 
 where a.ResSpmNum = 'QC-UK0059LL'
   and a.ResAcpCod = 'URI' 
   and a.ResMzhTyp <> 'L' 
   and a.ResRepTyp <> 'F' 
   and a.ResChtNum = b.PbsChtNum 
 order by a.ResLabCod 


[2018-11-27 오후 1:59:51] sOrdList : 

[2018-11-27 오후 2:01:29] SqlStr :  select a.ResAcpDte, a.ResAcpCod, a.ResAcpNum, a.ResSpmCod, a.ResChtNum, b.PbsPatNam, a.ResLabCod 
  from ResInf a, PbsInf b 
 where a.ResSpmNum = 'QC-UC01808L'
   and a.ResAcpCod = 'URI' 
   and a.ResMzhTyp <> 'L' 
   and a.ResRepTyp <> 'F' 
   and a.ResChtNum = b.PbsChtNum 
 order by a.ResLabCod 


[2018-11-27 오후 2:01:29] sOrdList : 

[2018-11-27 오후 2:01:42] SqlStr :  select a.ResAcpDte, a.ResAcpCod, a.ResAcpNum, a.ResSpmCod, a.ResChtNum, b.PbsPatNam, a.ResLabCod 
  from ResInf a, PbsInf b 
 where a.ResSpmNum = 'QC-UC01808H'
   and a.ResAcpCod = 'URI' 
   and a.ResMzhTyp <> 'L' 
   and a.ResRepTyp <> 'F' 
   and a.ResChtNum = b.PbsChtNum 
 order by a.ResLabCod 


[2018-11-27 오후 2:01:42] sOrdList : 

[2018-11-27 오후 2:02:28] SqlStr :  select a.ResAcpDte, a.ResAcpCod, a.ResAcpNum, a.ResSpmCod, a.ResChtNum, b.PbsPatNam, a.ResLabCod 
  from ResInf a, PbsInf b 
 where a.ResSpmNum = 'QC-UK0059HL'
   and a.ResAcpCod = 'URI' 
   and a.ResMzhTyp <> 'L' 
   and a.ResRepTyp <> 'F' 
   and a.ResChtNum = b.PbsChtNum 
 order by a.ResLabCod 


[2018-11-27 오후 2:02:28] sOrdList : 

[2018-11-27 오후 2:05:24] SqlStr :  select a.ResAcpDte, a.ResAcpCod, a.ResAcpNum, a.ResSpmCod, a.ResChtNum, b.PbsPatNam, a.ResLabCod 
  from ResInf a, PbsInf b 
 where a.ResSpmNum = '1800156377'
   and a.ResAcpCod = 'URI' 
   and a.ResMzhTyp <> 'L' 
   and a.ResRepTyp <> 'F' 
   and a.ResChtNum = b.PbsChtNum 
 order by a.ResLabCod 


[2018-11-27 오후 2:05:28] SqlStr :  select a.ResAcpDte, a.ResAcpCod, a.ResAcpNum, a.ResSpmCod, a.ResChtNum, b.PbsPatNam, a.ResLabCod 
  from ResInf a, PbsInf b 
 where a.ResSpmNum = '1800156434'
   and a.ResAcpCod = 'URI' 
   and a.ResMzhTyp <> 'L' 
   and a.ResRepTyp <> 'F' 
   and a.ResChtNum = b.PbsChtNum 
 order by a.ResLabCod 


[2018-11-27 오후 2:05:31] SqlStr :  select a.ResAcpDte, a.ResAcpCod, a.ResAcpNum, a.ResSpmCod, a.ResChtNum, b.PbsPatNam, a.ResLabCod 
  from ResInf a, PbsInf b 
 where a.ResSpmNum = '1800156435'
   and a.ResAcpCod = 'URI' 
   and a.ResMzhTyp <> 'L' 
   and a.ResRepTyp <> 'F' 
   and a.ResChtNum = b.PbsChtNum 
 order by a.ResLabCod 


[2018-11-27 오후 2:07:13] SqlStr :  select a.ResAcpDte, a.ResAcpCod, a.ResAcpNum, a.ResSpmCod, a.ResChtNum, b.PbsPatNam, a.ResLabCod 
  from ResInf a, PbsInf b 
 where a.ResSpmNum = '1800156377'
   and a.ResAcpCod = 'URI' 
   and a.ResMzhTyp <> 'L' 
   and a.ResRepTyp <> 'F' 
   and a.ResChtNum = b.PbsChtNum 
 order by a.ResLabCod 


[2018-11-27 오후 2:07:13] sOrdList : 20181127|URI/94/U01|285323|김점남|18|001|002|003|004|005|006|007|008|009|010|011|012|026|027|028|029|030|031|

[2018-11-27 오후 2:07:26] SqlStr :  select a.ResAcpDte, a.ResAcpCod, a.ResAcpNum, a.ResSpmCod, a.ResChtNum, b.PbsPatNam, a.ResLabCod 
  from ResInf a, PbsInf b 
 where a.ResSpmNum = '1800156434'
   and a.ResAcpCod = 'URI' 
   and a.ResMzhTyp <> 'L' 
   and a.ResRepTyp <> 'F' 
   and a.ResChtNum = b.PbsChtNum 
 order by a.ResLabCod 


[2018-11-27 오후 2:07:26] sOrdList : 20181127|URI/95/U01|31334|박상길|18|001|002|003|004|005|006|007|008|009|010|011|012|026|027|028|029|030|031|

[2018-11-27 오후 2:07:39] SqlStr :  select a.ResAcpDte, a.ResAcpCod, a.ResAcpNum, a.ResSpmCod, a.ResChtNum, b.PbsPatNam, a.ResLabCod 
  from ResInf a, PbsInf b 
 where a.ResSpmNum = '1800156435'
   and a.ResAcpCod = 'URI' 
   and a.ResMzhTyp <> 'L' 
   and a.ResRepTyp <> 'F' 
   and a.ResChtNum = b.PbsChtNum 
 order by a.ResLabCod 


[2018-11-27 오후 2:07:39] sOrdList : 20181127|URI/96/U01|125156|윤영미|18|001|002|003|004|005|006|007|008|009|010|011|012|026|027|028|029|030|031|

[2018-11-27 오후 2:44:56] SqlStr :  select a.ResAcpDte, a.ResAcpCod, a.ResAcpNum, a.ResSpmCod, a.ResChtNum, b.PbsPatNam, a.ResLabCod 
  from ResInf a, PbsInf b 
 where a.ResSpmNum = '1810156447'
   and a.ResAcpCod = 'URI' 
   and a.ResMzhTyp <> 'L' 
   and a.ResRepTyp <> 'F' 
   and a.ResChtNum = b.PbsChtNum 
 order by a.ResLabCod 


[2018-11-27 오후 2:44:59] SqlStr :  select a.ResAcpDte, a.ResAcpCod, a.ResAcpNum, a.ResSpmCod, a.ResChtNum, b.PbsPatNam, a.ResLabCod 
  from ResInf a, PbsInf b 
 where a.ResSpmNum = '1810156448'
   and a.ResAcpCod = 'URI' 
   and a.ResMzhTyp <> 'L' 
   and a.ResRepTyp <> 'F' 
   and a.ResChtNum = b.PbsChtNum 
 order by a.ResLabCod 


[2018-11-27 오후 2:45:02] SqlStr :  select a.ResAcpDte, a.ResAcpCod, a.ResAcpNum, a.ResSpmCod, a.ResChtNum, b.PbsPatNam, a.ResLabCod 
  from ResInf a, PbsInf b 
 where a.ResSpmNum = '1810156049'
   and a.ResAcpCod = 'URI' 
   and a.ResMzhTyp <> 'L' 
   and a.ResRepTyp <> 'F' 
   and a.ResChtNum = b.PbsChtNum 
 order by a.ResLabCod 


[2018-11-27 오후 2:45:31] SqlStr :  select a.ResAcpDte, a.ResAcpCod, a.ResAcpNum, a.ResSpmCod, a.ResChtNum, b.PbsPatNam, a.ResLabCod 
  from ResInf a, PbsInf b 
 where a.ResSpmNum = '1820049611'
   and a.ResAcpCod = 'URI' 
   and a.ResMzhTyp <> 'L' 
   and a.ResRepTyp <> 'F' 
   and a.ResChtNum = b.PbsChtNum 
 order by a.ResLabCod 


[2018-11-27 오후 2:46:43] SqlStr :  select a.ResAcpDte, a.ResAcpCod, a.ResAcpNum, a.ResSpmCod, a.ResChtNum, b.PbsPatNam, a.ResLabCod 
  from ResInf a, PbsInf b 
 where a.ResSpmNum = '1810156447'
   and a.ResAcpCod = 'URI' 
   and a.ResMzhTyp <> 'L' 
   and a.ResRepTyp <> 'F' 
   and a.ResChtNum = b.PbsChtNum 
 order by a.ResLabCod 


[2018-11-27 오후 2:46:43] sOrdList : 20181127|URI/98/U01|34902|천춘자|18|001|002|003|004|005|006|007|008|009|010|011|012|026|027|028|029|030|031|

[2018-11-27 오후 2:46:57] SqlStr :  select a.ResAcpDte, a.ResAcpCod, a.ResAcpNum, a.ResSpmCod, a.ResChtNum, b.PbsPatNam, a.ResLabCod 
  from ResInf a, PbsInf b 
 where a.ResSpmNum = '1810156448'
   and a.ResAcpCod = 'URI' 
   and a.ResMzhTyp <> 'L' 
   and a.ResRepTyp <> 'F' 
   and a.ResChtNum = b.PbsChtNum 
 order by a.ResLabCod 


[2018-11-27 오후 2:46:57] sOrdList : 20181127|URI/99/U01|160174|이광식|18|001|002|003|004|005|006|007|008|009|010|011|012|026|027|028|029|030|031|

[2018-11-27 오후 2:47:10] SqlStr :  select a.ResAcpDte, a.ResAcpCod, a.ResAcpNum, a.ResSpmCod, a.ResChtNum, b.PbsPatNam, a.ResLabCod 
  from ResInf a, PbsInf b 
 where a.ResSpmNum = '1810156049'
   and a.ResAcpCod = 'URI' 
   and a.ResMzhTyp <> 'L' 
   and a.ResRepTyp <> 'F' 
   and a.ResChtNum = b.PbsChtNum 
 order by a.ResLabCod 


[2018-11-27 오후 2:47:10] sOrdList : 20181127|URI/100/U01|217425|김학관|18|001|002|003|004|005|006|007|008|009|010|011|012|026|027|028|029|030|031|

[2018-11-27 오후 2:47:23] SqlStr :  select a.ResAcpDte, a.ResAcpCod, a.ResAcpNum, a.ResSpmCod, a.ResChtNum, b.PbsPatNam, a.ResLabCod 
  from ResInf a, PbsInf b 
 where a.ResSpmNum = '1820049611'
   and a.ResAcpCod = 'URI' 
   and a.ResMzhTyp <> 'L' 
   and a.ResRepTyp <> 'F' 
   and a.ResChtNum = b.PbsChtNum 
 order by a.ResLabCod 


[2018-11-27 오후 2:47:23] sOrdList : 20181127|URI/97/U01|54788|임승근|1|005|

[2018-11-27 오후 2:50:55] SqlStr :  select a.ResAcpDte, a.ResAcpCod, a.ResAcpNum, a.ResSpmCod, a.ResChtNum, b.PbsPatNam, a.ResLabCod 
  from ResInf a, PbsInf b 
 where a.ResSpmNum = '1810156466'
   and a.ResAcpCod = 'URI' 
   and a.ResMzhTyp <> 'L' 
   and a.ResRepTyp <> 'F' 
   and a.ResChtNum = b.PbsChtNum 
 order by a.ResLabCod 


[2018-11-27 오후 2:51:00] SqlStr :  select a.ResAcpDte, a.ResAcpCod, a.ResAcpNum, a.ResSpmCod, a.ResChtNum, b.PbsPatNam, a.ResLabCod 
  from ResInf a, PbsInf b 
 where a.ResSpmNum = '1820049611'
   and a.ResAcpCod = 'URI' 
   and a.ResMzhTyp <> 'L' 
   and a.ResRepTyp <> 'F' 
   and a.ResChtNum = b.PbsChtNum 
 order by a.ResLabCod 


[2018-11-27 오후 2:52:42] SqlStr :  select a.ResAcpDte, a.ResAcpCod, a.ResAcpNum, a.ResSpmCod, a.ResChtNum, b.PbsPatNam, a.ResLabCod 
  from ResInf a, PbsInf b 
 where a.ResSpmNum = '1810156466'
   and a.ResAcpCod = 'URI' 
   and a.ResMzhTyp <> 'L' 
   and a.ResRepTyp <> 'F' 
   and a.ResChtNum = b.PbsChtNum 
 order by a.ResLabCod 


[2018-11-27 오후 2:52:42] sOrdList : 

[2018-11-27 오후 2:53:40] SqlStr :  select a.ResAcpDte, a.ResAcpCod, a.ResAcpNum, a.ResSpmCod, a.ResChtNum, b.PbsPatNam, a.ResLabCod 
  from ResInf a, PbsInf b 
 where a.ResSpmNum = '1810156466'
   and a.ResAcpCod = 'URI' 
   and a.ResMzhTyp <> 'L' 
   and a.ResRepTyp <> 'F' 
   and a.ResChtNum = b.PbsChtNum 
 order by a.ResLabCod 


[2018-11-27 오후 2:57:22] SqlStr :  select a.ResAcpDte, a.ResAcpCod, a.ResAcpNum, a.ResSpmCod, a.ResChtNum, b.PbsPatNam, a.ResLabCod 
  from ResInf a, PbsInf b 
 where a.ResSpmNum = '1810156466'
   and a.ResAcpCod = 'URI' 
   and a.ResMzhTyp <> 'L' 
   and a.ResRepTyp <> 'F' 
   and a.ResChtNum = b.PbsChtNum 
 order by a.ResLabCod 


[2018-11-27 오후 2:58:51] SqlStr :  select a.ResAcpDte, a.ResAcpCod, a.ResAcpNum, a.ResSpmCod, a.ResChtNum, b.PbsPatNam, a.ResLabCod 
  from ResInf a, PbsInf b 
 where a.ResSpmNum = '1810156466'
   and a.ResAcpCod = 'URI' 
   and a.ResMzhTyp <> 'L' 
   and a.ResRepTyp <> 'F' 
   and a.ResChtNum = b.PbsChtNum 
 order by a.ResLabCod 


[2018-11-27 오후 2:58:51] sOrdList : 20181127|URI/103/U01|258680|안수철|18|001|002|003|004|005|006|007|008|009|010|011|012|026|027|028|029|030|031|

[2018-11-27 오후 2:59:23] SqlStr :  select a.ResAcpDte, a.ResAcpCod, a.ResAcpNum, a.ResSpmCod, a.ResChtNum, b.PbsPatNam, a.ResLabCod 
  from ResInf a, PbsInf b 
 where a.ResSpmNum = '1820049618'
   and a.ResAcpCod = 'URI' 
   and a.ResMzhTyp <> 'L' 
   and a.ResRepTyp <> 'F' 
   and a.ResChtNum = b.PbsChtNum 
 order by a.ResLabCod 


[2018-11-27 오후 2:59:26] SqlStr :  select a.ResAcpDte, a.ResAcpCod, a.ResAcpNum, a.ResSpmCod, a.ResChtNum, b.PbsPatNam, a.ResLabCod 
  from ResInf a, PbsInf b 
 where a.ResSpmNum = '1820049615'
   and a.ResAcpCod = 'URI' 
   and a.ResMzhTyp <> 'L' 
   and a.ResRepTyp <> 'F' 
   and a.ResChtNum = b.PbsChtNum 
 order by a.ResLabCod 


[2018-11-27 오후 3:01:09] SqlStr :  select a.ResAcpDte, a.ResAcpCod, a.ResAcpNum, a.ResSpmCod, a.ResChtNum, b.PbsPatNam, a.ResLabCod 
  from ResInf a, PbsInf b 
 where a.ResSpmNum = '1820049618'
   and a.ResAcpCod = 'URI' 
   and a.ResMzhTyp <> 'L' 
   and a.ResRepTyp <> 'F' 
   and a.ResChtNum = b.PbsChtNum 
 order by a.ResLabCod 


[2018-11-27 오후 3:01:09] sOrdList : 20181127|URI/102/U01|285012|김명선|1|005|

[2018-11-27 오후 3:01:23] SqlStr :  select a.ResAcpDte, a.ResAcpCod, a.ResAcpNum, a.ResSpmCod, a.ResChtNum, b.PbsPatNam, a.ResLabCod 
  from ResInf a, PbsInf b 
 where a.ResSpmNum = '1820049615'
   and a.ResAcpCod = 'URI' 
   and a.ResMzhTyp <> 'L' 
   and a.ResRepTyp <> 'F' 
   and a.ResChtNum = b.PbsChtNum 
 order by a.ResLabCod 


[2018-11-27 오후 3:01:23] sOrdList : 20181127|URI/101/U01|255140|장대근|4|005|008|013|015|

[2018-11-27 오후 3:02:04] SqlStr :  select a.ResAcpDte, a.ResAcpCod, a.ResAcpNum, a.ResSpmCod, a.ResChtNum, b.PbsPatNam, a.ResLabCod 
  from ResInf a, PbsInf b 
 where a.ResSpmNum = '1820049618'
   and a.ResAcpCod = 'URI' 
   and a.ResMzhTyp <> 'L' 
   and a.ResRepTyp <> 'F' 
   and a.ResChtNum = b.PbsChtNum 
 order by a.ResLabCod 


[2018-11-27 오후 3:02:07] SqlStr :  select a.ResAcpDte, a.ResAcpCod, a.ResAcpNum, a.ResSpmCod, a.ResChtNum, b.PbsPatNam, a.ResLabCod 
  from ResInf a, PbsInf b 
 where a.ResSpmNum = '1820049615'
   and a.ResAcpCod = 'URI' 
   and a.ResMzhTyp <> 'L' 
   and a.ResRepTyp <> 'F' 
   and a.ResChtNum = b.PbsChtNum 
 order by a.ResLabCod 


[2018-11-27 오후 3:10:21] SqlStr :  select a.ResAcpDte, a.ResAcpCod, a.ResAcpNum, a.ResSpmCod, a.ResChtNum, b.PbsPatNam, a.ResLabCod 
  from ResInf a, PbsInf b 
 where a.ResSpmNum = '1810156482'
   and a.ResAcpCod = 'URI' 
   and a.ResMzhTyp <> 'L' 
   and a.ResRepTyp <> 'F' 
   and a.ResChtNum = b.PbsChtNum 
 order by a.ResLabCod 


[2018-11-27 오후 3:12:08] SqlStr :  select a.ResAcpDte, a.ResAcpCod, a.ResAcpNum, a.ResSpmCod, a.ResChtNum, b.PbsPatNam, a.ResLabCod 
  from ResInf a, PbsInf b 
 where a.ResSpmNum = '1810156482'
   and a.ResAcpCod = 'URI' 
   and a.ResMzhTyp <> 'L' 
   and a.ResRepTyp <> 'F' 
   and a.ResChtNum = b.PbsChtNum 
 order by a.ResLabCod 


[2018-11-27 오후 3:12:08] sOrdList : 20181127|URI/104/U01|128259|이동복|18|001|002|003|004|005|006|007|008|009|010|011|012|026|027|028|029|030|031|

[2018-11-27 오후 3:50:10] SqlStr :  select a.ResAcpDte, a.ResAcpCod, a.ResAcpNum, a.ResSpmCod, a.ResChtNum, b.PbsPatNam, a.ResLabCod 
  from ResInf a, PbsInf b 
 where a.ResSpmNum = '1800156480'
   and a.ResAcpCod = 'URI' 
   and a.ResMzhTyp <> 'L' 
   and a.ResRepTyp <> 'F' 
   and a.ResChtNum = b.PbsChtNum 
 order by a.ResLabCod 


[2018-11-27 오후 3:50:13] SqlStr :  select a.ResAcpDte, a.ResAcpCod, a.ResAcpNum, a.ResSpmCod, a.ResChtNum, b.PbsPatNam, a.ResLabCod 
  from ResInf a, PbsInf b 
 where a.ResSpmNum = '1810156514'
   and a.ResAcpCod = 'URI' 
   and a.ResMzhTyp <> 'L' 
   and a.ResRepTyp <> 'F' 
   and a.ResChtNum = b.PbsChtNum 
 order by a.ResLabCod 


[2018-11-27 오후 3:51:59] SqlStr :  select a.ResAcpDte, a.ResAcpCod, a.ResAcpNum, a.ResSpmCod, a.ResChtNum, b.PbsPatNam, a.ResLabCod 
  from ResInf a, PbsInf b 
 where a.ResSpmNum = '1800156480'
   and a.ResAcpCod = 'URI' 
   and a.ResMzhTyp <> 'L' 
   and a.ResRepTyp <> 'F' 
   and a.ResChtNum = b.PbsChtNum 
 order by a.ResLabCod 


[2018-11-27 오후 3:51:59] sOrdList : 20181127|URI/105/U01|35632|김정숙|18|001|002|003|004|005|006|007|008|009|010|011|012|026|027|028|029|030|031|

[2018-11-27 오후 3:52:12] SqlStr :  select a.ResAcpDte, a.ResAcpCod, a.ResAcpNum, a.ResSpmCod, a.ResChtNum, b.PbsPatNam, a.ResLabCod 
  from ResInf a, PbsInf b 
 where a.ResSpmNum = '1810156514'
   and a.ResAcpCod = 'URI' 
   and a.ResMzhTyp <> 'L' 
   and a.ResRepTyp <> 'F' 
   and a.ResChtNum = b.PbsChtNum 
 order by a.ResLabCod 


[2018-11-27 오후 3:52:12] sOrdList : 20181127|URI/106/U01|22609|문의훈|18|001|002|003|004|005|006|007|008|009|010|011|012|026|027|028|029|030|031|

[2018-11-27 오후 4:39:09] SqlStr :  select a.ResAcpDte, a.ResAcpCod, a.ResAcpNum, a.ResSpmCod, a.ResChtNum, b.PbsPatNam, a.ResLabCod 
  from ResInf a, PbsInf b 
 where a.ResSpmNum = '1810156060'
   and a.ResAcpCod = 'URI' 
   and a.ResMzhTyp <> 'L' 
   and a.ResRepTyp <> 'F' 
   and a.ResChtNum = b.PbsChtNum 
 order by a.ResLabCod 


[2018-11-27 오후 4:39:12] SqlStr :  select a.ResAcpDte, a.ResAcpCod, a.ResAcpNum, a.ResSpmCod, a.ResChtNum, b.PbsPatNam, a.ResLabCod 
  from ResInf a, PbsInf b 
 where a.ResSpmNum = '1820049625'
   and a.ResAcpCod = 'URI' 
   and a.ResMzhTyp <> 'L' 
   and a.ResRepTyp <> 'F' 
   and a.ResChtNum = b.PbsChtNum 
 order by a.ResLabCod 


[2018-11-27 오후 4:40:57] SqlStr :  select a.ResAcpDte, a.ResAcpCod, a.ResAcpNum, a.ResSpmCod, a.ResChtNum, b.PbsPatNam, a.ResLabCod 
  from ResInf a, PbsInf b 
 where a.ResSpmNum = '1810156060'
   and a.ResAcpCod = 'URI' 
   and a.ResMzhTyp <> 'L' 
   and a.ResRepTyp <> 'F' 
   and a.ResChtNum = b.PbsChtNum 
 order by a.ResLabCod 


[2018-11-27 오후 4:40:57] sOrdList : 20181127|URI/108/U01|284722|이승규|18|001|002|003|004|005|006|007|008|009|010|011|012|026|027|028|029|030|031|

[2018-11-27 오후 4:41:10] SqlStr :  select a.ResAcpDte, a.ResAcpCod, a.ResAcpNum, a.ResSpmCod, a.ResChtNum, b.PbsPatNam, a.ResLabCod 
  from ResInf a, PbsInf b 
 where a.ResSpmNum = '1820049625'
   and a.ResAcpCod = 'URI' 
   and a.ResMzhTyp <> 'L' 
   and a.ResRepTyp <> 'F' 
   and a.ResChtNum = b.PbsChtNum 
 order by a.ResLabCod 


[2018-11-27 오후 4:41:10] sOrdList : 20181127|URI/107/U01|212409|홍영자|12|001|002|003|004|005|006|007|008|009|010|011|012|

[2018-11-27 오후 4:44:25] SqlStr :  select a.ResAcpDte, a.ResAcpCod, a.ResAcpNum, a.ResSpmCod, a.ResChtNum, b.PbsPatNam, a.ResLabCod 
  from ResInf a, PbsInf b 
 where a.ResSpmNum = '1820049625'
   and a.ResAcpCod = 'URI' 
   and a.ResMzhTyp <> 'L' 
   and a.ResRepTyp <> 'F' 
   and a.ResChtNum = b.PbsChtNum 
 order by a.ResLabCod 


[2018-11-27 오후 4:58:00] SqlStr :  select a.ResAcpDte, a.ResAcpCod, a.ResAcpNum, a.ResSpmCod, a.ResChtNum, b.PbsPatNam, a.ResLabCod 
  from ResInf a, PbsInf b 
 where a.ResSpmNum = '1810156545'
   and a.ResAcpCod = 'URI' 
   and a.ResMzhTyp <> 'L' 
   and a.ResRepTyp <> 'F' 
   and a.ResChtNum = b.PbsChtNum 
 order by a.ResLabCod 


[2018-11-27 오후 4:59:47] SqlStr :  select a.ResAcpDte, a.ResAcpCod, a.ResAcpNum, a.ResSpmCod, a.ResChtNum, b.PbsPatNam, a.ResLabCod 
  from ResInf a, PbsInf b 
 where a.ResSpmNum = '1810156545'
   and a.ResAcpCod = 'URI' 
   and a.ResMzhTyp <> 'L' 
   and a.ResRepTyp <> 'F' 
   and a.ResChtNum = b.PbsChtNum 
 order by a.ResLabCod 


[2018-11-27 오후 4:59:47] sOrdList : 20181127|URI/109/U01|226187|조봉용|18|001|002|003|004|005|006|007|008|009|010|011|012|026|027|028|029|030|031|

[2018-11-27 오후 7:30:20] SqlStr :  select a.ResAcpDte, a.ResAcpCod, a.ResAcpNum, a.ResSpmCod, a.ResChtNum, b.PbsPatNam, a.ResLabCod 
  from ResInf a, PbsInf b 
 where a.ResSpmNum = '1800156632'
   and a.ResAcpCod = 'URI' 
   and a.ResMzhTyp <> 'L' 
   and a.ResRepTyp <> 'F' 
   and a.ResChtNum = b.PbsChtNum 
 order by a.ResLabCod 


[2018-11-27 오후 7:32:09] SqlStr :  select a.ResAcpDte, a.ResAcpCod, a.ResAcpNum, a.ResSpmCod, a.ResChtNum, b.PbsPatNam, a.ResLabCod 
  from ResInf a, PbsInf b 
 where a.ResSpmNum = '1800156632'
   and a.ResAcpCod = 'URI' 
   and a.ResMzhTyp <> 'L' 
   and a.ResRepTyp <> 'F' 
   and a.ResChtNum = b.PbsChtNum 
 order by a.ResLabCod 


[2018-11-27 오후 7:32:09] sOrdList : 20181127|URI/110/U01|230372|이순예|18|001|002|003|004|005|006|007|008|009|010|011|012|026|027|028|029|030|031|

[2018-11-27 오후 7:53:17] SqlStr :  select a.ResAcpDte, a.ResAcpCod, a.ResAcpNum, a.ResSpmCod, a.ResChtNum, b.PbsPatNam, a.ResLabCod 
  from ResInf a, PbsInf b 
 where a.ResSpmNum = '1800156649'
   and a.ResAcpCod = 'URI' 
   and a.ResMzhTyp <> 'L' 
   and a.ResRepTyp <> 'F' 
   and a.ResChtNum = b.PbsChtNum 
 order by a.ResLabCod 


[2018-11-27 오후 7:55:05] SqlStr :  select a.ResAcpDte, a.ResAcpCod, a.ResAcpNum, a.ResSpmCod, a.ResChtNum, b.PbsPatNam, a.ResLabCod 
  from ResInf a, PbsInf b 
 where a.ResSpmNum = '1800156649'
   and a.ResAcpCod = 'URI' 
   and a.ResMzhTyp <> 'L' 
   and a.ResRepTyp <> 'F' 
   and a.ResChtNum = b.PbsChtNum 
 order by a.ResLabCod 


[2018-11-27 오후 7:55:05] sOrdList : 20181127|URI/111/U01|176124|강선자|18|001|002|003|004|005|006|007|008|009|010|011|012|026|027|028|029|030|031|

[2018-11-27 오후 8:18:48] SqlStr :  select a.ResAcpDte, a.ResAcpCod, a.ResAcpNum, a.ResSpmCod, a.ResChtNum, b.PbsPatNam, a.ResLabCod 
  from ResInf a, PbsInf b 
 where a.ResSpmNum = '1800156662'
   and a.ResAcpCod = 'URI' 
   and a.ResMzhTyp <> 'L' 
   and a.ResRepTyp <> 'F' 
   and a.ResChtNum = b.PbsChtNum 
 order by a.ResLabCod 


[2018-11-27 오후 8:20:36] SqlStr :  select a.ResAcpDte, a.ResAcpCod, a.ResAcpNum, a.ResSpmCod, a.ResChtNum, b.PbsPatNam, a.ResLabCod 
  from ResInf a, PbsInf b 
 where a.ResSpmNum = '1800156662'
   and a.ResAcpCod = 'URI' 
   and a.ResMzhTyp <> 'L' 
   and a.ResRepTyp <> 'F' 
   and a.ResChtNum = b.PbsChtNum 
 order by a.ResLabCod 


[2018-11-27 오후 8:20:36] sOrdList : 20181127|URI/112/U01|98223|손영호|18|001|002|003|004|005|006|007|008|009|010|011|012|026|027|028|029|030|031|

[2018-11-27 오후 10:32:37] SqlStr :  select a.ResAcpDte, a.ResAcpCod, a.ResAcpNum, a.ResSpmCod, a.ResChtNum, b.PbsPatNam, a.ResLabCod 
  from ResInf a, PbsInf b 
 where a.ResSpmNum = '1800156681'
   and a.ResAcpCod = 'URI' 
   and a.ResMzhTyp <> 'L' 
   and a.ResRepTyp <> 'F' 
   and a.ResChtNum = b.PbsChtNum 
 order by a.ResLabCod 


[2018-11-27 오후 10:34:25] SqlStr :  select a.ResAcpDte, a.ResAcpCod, a.ResAcpNum, a.ResSpmCod, a.ResChtNum, b.PbsPatNam, a.ResLabCod 
  from ResInf a, PbsInf b 
 where a.ResSpmNum = '1800156681'
   and a.ResAcpCod = 'URI' 
   and a.ResMzhTyp <> 'L' 
   and a.ResRepTyp <> 'F' 
   and a.ResChtNum = b.PbsChtNum 
 order by a.ResLabCod 


[2018-11-27 오후 10:34:25] sOrdList : 20181127|URI/113/U01|248473|정용은|18|001|002|003|004|005|006|007|008|009|010|011|012|026|027|028|029|030|031|

[2018-11-27 오후 11:50:43] SqlStr :  select a.ResAcpDte, a.ResAcpCod, a.ResAcpNum, a.ResSpmCod, a.ResChtNum, b.PbsPatNam, a.ResLabCod 
  from ResInf a, PbsInf b 
 where a.ResSpmNum = '1800156689'
   and a.ResAcpCod = 'URI' 
   and a.ResMzhTyp <> 'L' 
   and a.ResRepTyp <> 'F' 
   and a.ResChtNum = b.PbsChtNum 
 order by a.ResLabCod 


[2018-11-27 오후 11:52:33] SqlStr :  select a.ResAcpDte, a.ResAcpCod, a.ResAcpNum, a.ResSpmCod, a.ResChtNum, b.PbsPatNam, a.ResLabCod 
  from ResInf a, PbsInf b 
 where a.ResSpmNum = '1800156689'
   and a.ResAcpCod = 'URI' 
   and a.ResMzhTyp <> 'L' 
   and a.ResRepTyp <> 'F' 
   and a.ResChtNum = b.PbsChtNum 
 order by a.ResLabCod 


[2018-11-27 오후 11:52:33] sOrdList : 20181127|URI/114/U01|204837|최룡송|18|001|002|003|004|005|006|007|008|009|010|011|012|026|027|028|029|030|031|

