[2018-11-08 오전 12:40:24] SqlStr :  select a.ResAcpDte, a.ResAcpCod, a.ResAcpNum, a.ResSpmCod, a.ResChtNum, b.PbsPatNam, a.ResLabCod 
  from ResInf a, PbsInf b 
 where a.ResSpmNum = '1800147284'
   and a.ResAcpCod = 'URI' 
   and a.ResMzhTyp <> 'L' 
   and a.ResRepTyp <> 'F' 
   and a.ResChtNum = b.PbsChtNum 
 order by a.ResLabCod 


[2018-11-08 오전 12:42:13] SqlStr :  select a.ResAcpDte, a.ResAcpCod, a.ResAcpNum, a.ResSpmCod, a.ResChtNum, b.PbsPatNam, a.ResLabCod 
  from ResInf a, PbsInf b 
 where a.ResSpmNum = '1800147284'
   and a.ResAcpCod = 'URI' 
   and a.ResMzhTyp <> 'L' 
   and a.ResRepTyp <> 'F' 
   and a.ResChtNum = b.PbsChtNum 
 order by a.ResLabCod 


[2018-11-08 오전 12:42:13] sOrdList : 20181108|URI/1/U01|7595|성백일|18|001|002|003|004|005|006|007|008|009|010|011|012|026|027|028|029|030|031|

[2018-11-08 오전 2:05:05] SqlStr :  select a.ResAcpDte, a.ResAcpCod, a.ResAcpNum, a.ResSpmCod, a.ResChtNum, b.PbsPatNam, a.ResLabCod 
  from ResInf a, PbsInf b 
 where a.ResSpmNum = '1800147293'
   and a.ResAcpCod = 'URI' 
   and a.ResMzhTyp <> 'L' 
   and a.ResRepTyp <> 'F' 
   and a.ResChtNum = b.PbsChtNum 
 order by a.ResLabCod 


[2018-11-08 오전 2:05:08] SqlStr :  select a.ResAcpDte, a.ResAcpCod, a.ResAcpNum, a.ResSpmCod, a.ResChtNum, b.PbsPatNam, a.ResLabCod 
  from ResInf a, PbsInf b 
 where a.ResSpmNum = '1800147277'
   and a.ResAcpCod = 'URI' 
   and a.ResMzhTyp <> 'L' 
   and a.ResRepTyp <> 'F' 
   and a.ResChtNum = b.PbsChtNum 
 order by a.ResLabCod 


[2018-11-08 오전 2:05:11] SqlStr :  select a.ResAcpDte, a.ResAcpCod, a.ResAcpNum, a.ResSpmCod, a.ResChtNum, b.PbsPatNam, a.ResLabCod 
  from ResInf a, PbsInf b 
 where a.ResSpmNum = '1810147199'
   and a.ResAcpCod = 'URI' 
   and a.ResMzhTyp <> 'L' 
   and a.ResRepTyp <> 'F' 
   and a.ResChtNum = b.PbsChtNum 
 order by a.ResLabCod 


[2018-11-08 오전 2:05:46] SqlStr :  select a.ResAcpDte, a.ResAcpCod, a.ResAcpNum, a.ResSpmCod, a.ResChtNum, b.PbsPatNam, a.ResLabCod 
  from ResInf a, PbsInf b 
 where a.ResSpmNum = '1810147141'
   and a.ResAcpCod = 'URI' 
   and a.ResMzhTyp <> 'L' 
   and a.ResRepTyp <> 'F' 
   and a.ResChtNum = b.PbsChtNum 
 order by a.ResLabCod 


[2018-11-08 오전 2:06:58] SqlStr :  select a.ResAcpDte, a.ResAcpCod, a.ResAcpNum, a.ResSpmCod, a.ResChtNum, b.PbsPatNam, a.ResLabCod 
  from ResInf a, PbsInf b 
 where a.ResSpmNum = '1800147293'
   and a.ResAcpCod = 'URI' 
   and a.ResMzhTyp <> 'L' 
   and a.ResRepTyp <> 'F' 
   and a.ResChtNum = b.PbsChtNum 
 order by a.ResLabCod 


[2018-11-08 오전 2:06:58] sOrdList : 20181108|URI/5/U01|97640|고은숙|18|001|002|003|004|005|006|007|008|009|010|011|012|026|027|028|029|030|031|

[2018-11-08 오전 2:07:11] SqlStr :  select a.ResAcpDte, a.ResAcpCod, a.ResAcpNum, a.ResSpmCod, a.ResChtNum, b.PbsPatNam, a.ResLabCod 
  from ResInf a, PbsInf b 
 where a.ResSpmNum = '1800147277'
   and a.ResAcpCod = 'URI' 
   and a.ResMzhTyp <> 'L' 
   and a.ResRepTyp <> 'F' 
   and a.ResChtNum = b.PbsChtNum 
 order by a.ResLabCod 


[2018-11-08 오전 2:07:11] sOrdList : 20181108|URI/2/U01|150353|심종성|18|001|002|003|004|005|006|007|008|009|010|011|012|026|027|028|029|030|031|

[2018-11-08 오전 2:07:24] SqlStr :  select a.ResAcpDte, a.ResAcpCod, a.ResAcpNum, a.ResSpmCod, a.ResChtNum, b.PbsPatNam, a.ResLabCod 
  from ResInf a, PbsInf b 
 where a.ResSpmNum = '1810147199'
   and a.ResAcpCod = 'URI' 
   and a.ResMzhTyp <> 'L' 
   and a.ResRepTyp <> 'F' 
   and a.ResChtNum = b.PbsChtNum 
 order by a.ResLabCod 


[2018-11-08 오전 2:07:24] sOrdList : 20181108|URI/3/U01|284413|정낙정|18|001|002|003|004|005|006|007|008|009|010|011|012|026|027|028|029|030|031|

[2018-11-08 오전 2:07:37] SqlStr :  select a.ResAcpDte, a.ResAcpCod, a.ResAcpNum, a.ResSpmCod, a.ResChtNum, b.PbsPatNam, a.ResLabCod 
  from ResInf a, PbsInf b 
 where a.ResSpmNum = '1810147141'
   and a.ResAcpCod = 'URI' 
   and a.ResMzhTyp <> 'L' 
   and a.ResRepTyp <> 'F' 
   and a.ResChtNum = b.PbsChtNum 
 order by a.ResLabCod 


[2018-11-08 오전 2:07:37] sOrdList : 20181108|URI/4/U01|60350|유은남|18|001|002|003|004|005|006|007|008|009|010|011|012|026|027|028|029|030|031|

[2018-11-08 오전 5:14:01] SqlStr :  select a.ResAcpDte, a.ResAcpCod, a.ResAcpNum, a.ResSpmCod, a.ResChtNum, b.PbsPatNam, a.ResLabCod 
  from ResInf a, PbsInf b 
 where a.ResSpmNum = '1800147307'
   and a.ResAcpCod = 'URI' 
   and a.ResMzhTyp <> 'L' 
   and a.ResRepTyp <> 'F' 
   and a.ResChtNum = b.PbsChtNum 
 order by a.ResLabCod 


[2018-11-08 오전 5:15:51] SqlStr :  select a.ResAcpDte, a.ResAcpCod, a.ResAcpNum, a.ResSpmCod, a.ResChtNum, b.PbsPatNam, a.ResLabCod 
  from ResInf a, PbsInf b 
 where a.ResSpmNum = '1800147307'
   and a.ResAcpCod = 'URI' 
   and a.ResMzhTyp <> 'L' 
   and a.ResRepTyp <> 'F' 
   and a.ResChtNum = b.PbsChtNum 
 order by a.ResLabCod 


[2018-11-08 오전 5:15:51] sOrdList : 20181108|URI/6/U01|284527|박성국|18|001|002|003|004|005|006|007|008|009|010|011|012|026|027|028|029|030|031|

[2018-11-08 오전 6:35:36] SqlStr :  select a.ResAcpDte, a.ResAcpCod, a.ResAcpNum, a.ResSpmCod, a.ResChtNum, b.PbsPatNam, a.ResLabCod 
  from ResInf a, PbsInf b 
 where a.ResSpmNum = '1800147314'
   and a.ResAcpCod = 'URI' 
   and a.ResMzhTyp <> 'L' 
   and a.ResRepTyp <> 'F' 
   and a.ResChtNum = b.PbsChtNum 
 order by a.ResLabCod 


[2018-11-08 오전 6:35:39] SqlStr :  select a.ResAcpDte, a.ResAcpCod, a.ResAcpNum, a.ResSpmCod, a.ResChtNum, b.PbsPatNam, a.ResLabCod 
  from ResInf a, PbsInf b 
 where a.ResSpmNum = '1810147060'
   and a.ResAcpCod = 'URI' 
   and a.ResMzhTyp <> 'L' 
   and a.ResRepTyp <> 'F' 
   and a.ResChtNum = b.PbsChtNum 
 order by a.ResLabCod 


[2018-11-08 오전 6:36:18] SqlStr :  select a.ResAcpDte, a.ResAcpCod, a.ResAcpNum, a.ResSpmCod, a.ResChtNum, b.PbsPatNam, a.ResLabCod 
  from ResInf a, PbsInf b 
 where a.ResSpmNum = '1810147287'
   and a.ResAcpCod = 'URI' 
   and a.ResMzhTyp <> 'L' 
   and a.ResRepTyp <> 'F' 
   and a.ResChtNum = b.PbsChtNum 
 order by a.ResLabCod 


[2018-11-08 오전 6:36:30] SqlStr :  select a.ResAcpDte, a.ResAcpCod, a.ResAcpNum, a.ResSpmCod, a.ResChtNum, b.PbsPatNam, a.ResLabCod 
  from ResInf a, PbsInf b 
 where a.ResSpmNum = '1800147123'
   and a.ResAcpCod = 'URI' 
   and a.ResMzhTyp <> 'L' 
   and a.ResRepTyp <> 'F' 
   and a.ResChtNum = b.PbsChtNum 
 order by a.ResLabCod 


[2018-11-08 오전 6:36:44] SqlStr :  select a.ResAcpDte, a.ResAcpCod, a.ResAcpNum, a.ResSpmCod, a.ResChtNum, b.PbsPatNam, a.ResLabCod 
  from ResInf a, PbsInf b 
 where a.ResSpmNum = '1800147258'
   and a.ResAcpCod = 'URI' 
   and a.ResMzhTyp <> 'L' 
   and a.ResRepTyp <> 'F' 
   and a.ResChtNum = b.PbsChtNum 
 order by a.ResLabCod 


[2018-11-08 오전 6:37:28] SqlStr :  select a.ResAcpDte, a.ResAcpCod, a.ResAcpNum, a.ResSpmCod, a.ResChtNum, b.PbsPatNam, a.ResLabCod 
  from ResInf a, PbsInf b 
 where a.ResSpmNum = '1800147314'
   and a.ResAcpCod = 'URI' 
   and a.ResMzhTyp <> 'L' 
   and a.ResRepTyp <> 'F' 
   and a.ResChtNum = b.PbsChtNum 
 order by a.ResLabCod 


[2018-11-08 오전 6:37:28] sOrdList : 20181108|URI/10/U01|204766|김대훈|18|001|002|003|004|005|006|007|008|009|010|011|012|026|027|028|029|030|031|

[2018-11-08 오전 6:37:54] SqlStr :  select a.ResAcpDte, a.ResAcpCod, a.ResAcpNum, a.ResSpmCod, a.ResChtNum, b.PbsPatNam, a.ResLabCod 
  from ResInf a, PbsInf b 
 where a.ResSpmNum = '1810147060'
   and a.ResAcpCod = 'URI' 
   and a.ResMzhTyp <> 'L' 
   and a.ResRepTyp <> 'F' 
   and a.ResChtNum = b.PbsChtNum 
 order by a.ResLabCod 


[2018-11-08 오전 6:37:54] sOrdList : 20181108|URI/8/U01|284365|김창환|18|001|002|003|004|005|006|007|008|009|010|011|012|026|027|028|029|030|031|

[2018-11-08 오전 6:38:08] SqlStr :  select a.ResAcpDte, a.ResAcpCod, a.ResAcpNum, a.ResSpmCod, a.ResChtNum, b.PbsPatNam, a.ResLabCod 
  from ResInf a, PbsInf b 
 where a.ResSpmNum = '1810147287'
   and a.ResAcpCod = 'URI' 
   and a.ResMzhTyp <> 'L' 
   and a.ResRepTyp <> 'F' 
   and a.ResChtNum = b.PbsChtNum 
 order by a.ResLabCod 


[2018-11-08 오전 6:38:08] sOrdList : 20181108|URI/11/U01|84984|유풍호|18|001|002|003|004|005|006|007|008|009|010|011|012|026|027|028|029|030|031|

[2018-11-08 오전 6:38:21] SqlStr :  select a.ResAcpDte, a.ResAcpCod, a.ResAcpNum, a.ResSpmCod, a.ResChtNum, b.PbsPatNam, a.ResLabCod 
  from ResInf a, PbsInf b 
 where a.ResSpmNum = '1800147123'
   and a.ResAcpCod = 'URI' 
   and a.ResMzhTyp <> 'L' 
   and a.ResRepTyp <> 'F' 
   and a.ResChtNum = b.PbsChtNum 
 order by a.ResLabCod 


[2018-11-08 오전 6:38:21] sOrdList : 20181108|URI/7/U01|284523|한영철|18|001|002|003|004|005|006|007|008|009|010|011|012|026|027|028|029|030|031|

[2018-11-08 오전 6:38:35] SqlStr :  select a.ResAcpDte, a.ResAcpCod, a.ResAcpNum, a.ResSpmCod, a.ResChtNum, b.PbsPatNam, a.ResLabCod 
  from ResInf a, PbsInf b 
 where a.ResSpmNum = '1800147258'
   and a.ResAcpCod = 'URI' 
   and a.ResMzhTyp <> 'L' 
   and a.ResRepTyp <> 'F' 
   and a.ResChtNum = b.PbsChtNum 
 order by a.ResLabCod 


[2018-11-08 오전 6:38:35] sOrdList : 20181108|URI/9/U01|230181|김민재|18|001|002|003|004|005|006|007|008|009|010|011|012|026|027|028|029|030|031|

[2018-11-08 오전 6:41:44] SqlStr :  select a.ResAcpDte, a.ResAcpCod, a.ResAcpNum, a.ResSpmCod, a.ResChtNum, b.PbsPatNam, a.ResLabCod 
  from ResInf a, PbsInf b 
 where a.ResSpmNum = '1810146947'
   and a.ResAcpCod = 'URI' 
   and a.ResMzhTyp <> 'L' 
   and a.ResRepTyp <> 'F' 
   and a.ResChtNum = b.PbsChtNum 
 order by a.ResLabCod 


[2018-11-08 오전 6:43:54] SqlStr :  select a.ResAcpDte, a.ResAcpCod, a.ResAcpNum, a.ResSpmCod, a.ResChtNum, b.PbsPatNam, a.ResLabCod 
  from ResInf a, PbsInf b 
 where a.ResSpmNum = '1810146947'
   and a.ResAcpCod = 'URI' 
   and a.ResMzhTyp <> 'L' 
   and a.ResRepTyp <> 'F' 
   and a.ResChtNum = b.PbsChtNum 
 order by a.ResLabCod 


[2018-11-08 오전 6:43:54] sOrdList : 20181108|URI/12/U01|16725|송해자|18|001|002|003|004|005|006|007|008|009|010|011|012|026|027|028|029|030|031|

[2018-11-08 오전 7:11:04] SqlStr :  select a.ResAcpDte, a.ResAcpCod, a.ResAcpNum, a.ResSpmCod, a.ResChtNum, b.PbsPatNam, a.ResLabCod 
  from ResInf a, PbsInf b 
 where a.ResSpmNum = '1800147388'
   and a.ResAcpCod = 'URI' 
   and a.ResMzhTyp <> 'L' 
   and a.ResRepTyp <> 'F' 
   and a.ResChtNum = b.PbsChtNum 
 order by a.ResLabCod 


[2018-11-08 오전 7:11:07] SqlStr :  select a.ResAcpDte, a.ResAcpCod, a.ResAcpNum, a.ResSpmCod, a.ResChtNum, b.PbsPatNam, a.ResLabCod 
  from ResInf a, PbsInf b 
 where a.ResSpmNum = '1800147341'
   and a.ResAcpCod = 'URI' 
   and a.ResMzhTyp <> 'L' 
   and a.ResRepTyp <> 'F' 
   and a.ResChtNum = b.PbsChtNum 
 order by a.ResLabCod 


[2018-11-08 오전 7:12:56] SqlStr :  select a.ResAcpDte, a.ResAcpCod, a.ResAcpNum, a.ResSpmCod, a.ResChtNum, b.PbsPatNam, a.ResLabCod 
  from ResInf a, PbsInf b 
 where a.ResSpmNum = '1800147388'
   and a.ResAcpCod = 'URI' 
   and a.ResMzhTyp <> 'L' 
   and a.ResRepTyp <> 'F' 
   and a.ResChtNum = b.PbsChtNum 
 order by a.ResLabCod 


[2018-11-08 오전 7:12:56] sOrdList : 20181108|URI/14/U01|183122|안은정|18|001|002|003|004|005|006|007|008|009|010|011|012|026|027|028|029|030|031|

[2018-11-08 오전 7:13:08] SqlStr :  select a.ResAcpDte, a.ResAcpCod, a.ResAcpNum, a.ResSpmCod, a.ResChtNum, b.PbsPatNam, a.ResLabCod 
  from ResInf a, PbsInf b 
 where a.ResSpmNum = '1800147341'
   and a.ResAcpCod = 'URI' 
   and a.ResMzhTyp <> 'L' 
   and a.ResRepTyp <> 'F' 
   and a.ResChtNum = b.PbsChtNum 
 order by a.ResLabCod 


[2018-11-08 오전 7:13:08] sOrdList : 20181108|URI/13/U01|48113|이나|18|001|002|003|004|005|006|007|008|009|010|011|012|026|027|028|029|030|031|

[2018-11-08 오전 8:52:30] SqlStr :  select a.ResAcpDte, a.ResAcpCod, a.ResAcpNum, a.ResSpmCod, a.ResChtNum, b.PbsPatNam, a.ResLabCod 
  from ResInf a, PbsInf b 
 where a.ResSpmNum = '1800147456'
   and a.ResAcpCod = 'URI' 
   and a.ResMzhTyp <> 'L' 
   and a.ResRepTyp <> 'F' 
   and a.ResChtNum = b.PbsChtNum 
 order by a.ResLabCod 


[2018-11-08 오전 8:52:33] SqlStr :  select a.ResAcpDte, a.ResAcpCod, a.ResAcpNum, a.ResSpmCod, a.ResChtNum, b.PbsPatNam, a.ResLabCod 
  from ResInf a, PbsInf b 
 where a.ResSpmNum = '1820044896'
   and a.ResAcpCod = 'URI' 
   and a.ResMzhTyp <> 'L' 
   and a.ResRepTyp <> 'F' 
   and a.ResChtNum = b.PbsChtNum 
 order by a.ResLabCod 


[2018-11-08 오전 8:54:24] SqlStr :  select a.ResAcpDte, a.ResAcpCod, a.ResAcpNum, a.ResSpmCod, a.ResChtNum, b.PbsPatNam, a.ResLabCod 
  from ResInf a, PbsInf b 
 where a.ResSpmNum = '1800147456'
   and a.ResAcpCod = 'URI' 
   and a.ResMzhTyp <> 'L' 
   and a.ResRepTyp <> 'F' 
   and a.ResChtNum = b.PbsChtNum 
 order by a.ResLabCod 


[2018-11-08 오전 8:54:24] sOrdList : 20181108|URI/16/U01|3469|김용희|18|001|002|003|004|005|006|007|008|009|010|011|012|026|027|028|029|030|031|

[2018-11-08 오전 8:54:38] SqlStr :  select a.ResAcpDte, a.ResAcpCod, a.ResAcpNum, a.ResSpmCod, a.ResChtNum, b.PbsPatNam, a.ResLabCod 
  from ResInf a, PbsInf b 
 where a.ResSpmNum = '1820044896'
   and a.ResAcpCod = 'URI' 
   and a.ResMzhTyp <> 'L' 
   and a.ResRepTyp <> 'F' 
   and a.ResChtNum = b.PbsChtNum 
 order by a.ResLabCod 


[2018-11-08 오전 8:54:38] sOrdList : 20181108|URI/15/U01|284485|한재민|12|001|002|003|004|005|006|007|008|009|010|011|012|

[2018-11-08 오전 8:57:56] SqlStr :  select a.ResAcpDte, a.ResAcpCod, a.ResAcpNum, a.ResSpmCod, a.ResChtNum, b.PbsPatNam, a.ResLabCod 
  from ResInf a, PbsInf b 
 where a.ResSpmNum = '1820044896'
   and a.ResAcpCod = 'URI' 
   and a.ResMzhTyp <> 'L' 
   and a.ResRepTyp <> 'F' 
   and a.ResChtNum = b.PbsChtNum 
 order by a.ResLabCod 


[2018-11-08 오전 9:17:15] SqlStr :  select a.ResAcpDte, a.ResAcpCod, a.ResAcpNum, a.ResSpmCod, a.ResChtNum, b.PbsPatNam, a.ResLabCod 
  from ResInf a, PbsInf b 
 where a.ResSpmNum = '1810147160'
   and a.ResAcpCod = 'URI' 
   and a.ResMzhTyp <> 'L' 
   and a.ResRepTyp <> 'F' 
   and a.ResChtNum = b.PbsChtNum 
 order by a.ResLabCod 


[2018-11-08 오전 9:17:18] SqlStr :  select a.ResAcpDte, a.ResAcpCod, a.ResAcpNum, a.ResSpmCod, a.ResChtNum, b.PbsPatNam, a.ResLabCod 
  from ResInf a, PbsInf b 
 where a.ResSpmNum = '1810147172'
   and a.ResAcpCod = 'URI' 
   and a.ResMzhTyp <> 'L' 
   and a.ResRepTyp <> 'F' 
   and a.ResChtNum = b.PbsChtNum 
 order by a.ResLabCod 


[2018-11-08 오전 9:19:02] SqlStr :  select a.ResAcpDte, a.ResAcpCod, a.ResAcpNum, a.ResSpmCod, a.ResChtNum, b.PbsPatNam, a.ResLabCod 
  from ResInf a, PbsInf b 
 where a.ResSpmNum = '1810147160'
   and a.ResAcpCod = 'URI' 
   and a.ResMzhTyp <> 'L' 
   and a.ResRepTyp <> 'F' 
   and a.ResChtNum = b.PbsChtNum 
 order by a.ResLabCod 


[2018-11-08 오전 9:19:02] sOrdList : 20181108|URI/19/U01|279642|류지성|18|001|002|003|004|005|006|007|008|009|010|011|012|026|027|028|029|030|031|

[2018-11-08 오전 9:19:16] SqlStr :  select a.ResAcpDte, a.ResAcpCod, a.ResAcpNum, a.ResSpmCod, a.ResChtNum, b.PbsPatNam, a.ResLabCod 
  from ResInf a, PbsInf b 
 where a.ResSpmNum = '1810147172'
   and a.ResAcpCod = 'URI' 
   and a.ResMzhTyp <> 'L' 
   and a.ResRepTyp <> 'F' 
   and a.ResChtNum = b.PbsChtNum 
 order by a.ResLabCod 


[2018-11-08 오전 9:19:16] sOrdList : 20181108|URI/20/U01|238058|공현민|18|001|002|003|004|005|006|007|008|009|010|011|012|026|027|028|029|030|031|

[2018-11-08 오전 9:22:32] SqlStr :  select a.ResAcpDte, a.ResAcpCod, a.ResAcpNum, a.ResSpmCod, a.ResChtNum, b.PbsPatNam, a.ResLabCod 
  from ResInf a, PbsInf b 
 where a.ResSpmNum = '1810147491'
   and a.ResAcpCod = 'URI' 
   and a.ResMzhTyp <> 'L' 
   and a.ResRepTyp <> 'F' 
   and a.ResChtNum = b.PbsChtNum 
 order by a.ResLabCod 


[2018-11-08 오전 9:22:35] SqlStr :  select a.ResAcpDte, a.ResAcpCod, a.ResAcpNum, a.ResSpmCod, a.ResChtNum, b.PbsPatNam, a.ResLabCod 
  from ResInf a, PbsInf b 
 where a.ResSpmNum = '1820044926'
   and a.ResAcpCod = 'URI' 
   and a.ResMzhTyp <> 'L' 
   and a.ResRepTyp <> 'F' 
   and a.ResChtNum = b.PbsChtNum 
 order by a.ResLabCod 


[2018-11-08 오전 9:22:38] SqlStr :  select a.ResAcpDte, a.ResAcpCod, a.ResAcpNum, a.ResSpmCod, a.ResChtNum, b.PbsPatNam, a.ResLabCod 
  from ResInf a, PbsInf b 
 where a.ResSpmNum = '1800147482'
   and a.ResAcpCod = 'URI' 
   and a.ResMzhTyp <> 'L' 
   and a.ResRepTyp <> 'F' 
   and a.ResChtNum = b.PbsChtNum 
 order by a.ResLabCod 


[2018-11-08 오전 9:24:20] SqlStr :  select a.ResAcpDte, a.ResAcpCod, a.ResAcpNum, a.ResSpmCod, a.ResChtNum, b.PbsPatNam, a.ResLabCod 
  from ResInf a, PbsInf b 
 where a.ResSpmNum = '1810147491'
   and a.ResAcpCod = 'URI' 
   and a.ResMzhTyp <> 'L' 
   and a.ResRepTyp <> 'F' 
   and a.ResChtNum = b.PbsChtNum 
 order by a.ResLabCod 


[2018-11-08 오전 9:24:20] sOrdList : 20181108|URI/21/U01|35698|김계환|18|001|002|003|004|005|006|007|008|009|010|011|012|026|027|028|029|030|031|

[2018-11-08 오전 9:24:33] SqlStr :  select a.ResAcpDte, a.ResAcpCod, a.ResAcpNum, a.ResSpmCod, a.ResChtNum, b.PbsPatNam, a.ResLabCod 
  from ResInf a, PbsInf b 
 where a.ResSpmNum = '1820044926'
   and a.ResAcpCod = 'URI' 
   and a.ResMzhTyp <> 'L' 
   and a.ResRepTyp <> 'F' 
   and a.ResChtNum = b.PbsChtNum 
 order by a.ResLabCod 


[2018-11-08 오전 9:24:33] sOrdList : 20181108|URI/17/U01|268411|방경수|12|001|002|003|004|005|006|007|008|009|010|011|012|

[2018-11-08 오전 9:24:52] SqlStr :  select a.ResAcpDte, a.ResAcpCod, a.ResAcpNum, a.ResSpmCod, a.ResChtNum, b.PbsPatNam, a.ResLabCod 
  from ResInf a, PbsInf b 
 where a.ResSpmNum = '1800147482'
   and a.ResAcpCod = 'URI' 
   and a.ResMzhTyp <> 'L' 
   and a.ResRepTyp <> 'F' 
   and a.ResChtNum = b.PbsChtNum 
 order by a.ResLabCod 


[2018-11-08 오전 9:24:52] sOrdList : 20181108|URI/22/U01|135120|한창규|18|001|002|003|004|005|006|007|008|009|010|011|012|026|027|028|029|030|031|

[2018-11-08 오전 9:25:26] SqlStr :  select a.ResAcpDte, a.ResAcpCod, a.ResAcpNum, a.ResSpmCod, a.ResChtNum, b.PbsPatNam, a.ResLabCod 
  from ResInf a, PbsInf b 
 where a.ResSpmNum = '1820044926'
   and a.ResAcpCod = 'URI' 
   and a.ResMzhTyp <> 'L' 
   and a.ResRepTyp <> 'F' 
   and a.ResChtNum = b.PbsChtNum 
 order by a.ResLabCod 


[2018-11-08 오전 9:35:29] SqlStr :  select a.ResAcpDte, a.ResAcpCod, a.ResAcpNum, a.ResSpmCod, a.ResChtNum, b.PbsPatNam, a.ResLabCod 
  from ResInf a, PbsInf b 
 where a.ResSpmNum = '1810147513'
   and a.ResAcpCod = 'URI' 
   and a.ResMzhTyp <> 'L' 
   and a.ResRepTyp <> 'F' 
   and a.ResChtNum = b.PbsChtNum 
 order by a.ResLabCod 


[2018-11-08 오전 9:35:32] SqlStr :  select a.ResAcpDte, a.ResAcpCod, a.ResAcpNum, a.ResSpmCod, a.ResChtNum, b.PbsPatNam, a.ResLabCod 
  from ResInf a, PbsInf b 
 where a.ResSpmNum = '1820044989'
   and a.ResAcpCod = 'URI' 
   and a.ResMzhTyp <> 'L' 
   and a.ResRepTyp <> 'F' 
   and a.ResChtNum = b.PbsChtNum 
 order by a.ResLabCod 


[2018-11-08 오전 9:37:19] SqlStr :  select a.ResAcpDte, a.ResAcpCod, a.ResAcpNum, a.ResSpmCod, a.ResChtNum, b.PbsPatNam, a.ResLabCod 
  from ResInf a, PbsInf b 
 where a.ResSpmNum = '1810147513'
   and a.ResAcpCod = 'URI' 
   and a.ResMzhTyp <> 'L' 
   and a.ResRepTyp <> 'F' 
   and a.ResChtNum = b.PbsChtNum 
 order by a.ResLabCod 


[2018-11-08 오전 9:37:19] sOrdList : 20181108|URI/24/U01|96177|박완규|18|001|002|003|004|005|006|007|008|009|010|011|012|026|027|028|029|030|031|

[2018-11-08 오전 9:37:33] SqlStr :  select a.ResAcpDte, a.ResAcpCod, a.ResAcpNum, a.ResSpmCod, a.ResChtNum, b.PbsPatNam, a.ResLabCod 
  from ResInf a, PbsInf b 
 where a.ResSpmNum = '1820044989'
   and a.ResAcpCod = 'URI' 
   and a.ResMzhTyp <> 'L' 
   and a.ResRepTyp <> 'F' 
   and a.ResChtNum = b.PbsChtNum 
 order by a.ResLabCod 


[2018-11-08 오전 9:37:33] sOrdList : 20181108|URI/23/U01|284487|허용석|12|001|002|003|004|005|006|007|008|009|010|011|012|

[2018-11-08 오전 9:38:18] SqlStr :  select a.ResAcpDte, a.ResAcpCod, a.ResAcpNum, a.ResSpmCod, a.ResChtNum, b.PbsPatNam, a.ResLabCod 
  from ResInf a, PbsInf b 
 where a.ResSpmNum = '1820044989'
   and a.ResAcpCod = 'URI' 
   and a.ResMzhTyp <> 'L' 
   and a.ResRepTyp <> 'F' 
   and a.ResChtNum = b.PbsChtNum 
 order by a.ResLabCod 


[2018-11-08 오전 9:54:54] SqlStr :  select a.ResAcpDte, a.ResAcpCod, a.ResAcpNum, a.ResSpmCod, a.ResChtNum, b.PbsPatNam, a.ResLabCod 
  from ResInf a, PbsInf b 
 where a.ResSpmNum = '1820045032'
   and a.ResAcpCod = 'URI' 
   and a.ResMzhTyp <> 'L' 
   and a.ResRepTyp <> 'F' 
   and a.ResChtNum = b.PbsChtNum 
 order by a.ResLabCod 


[2018-11-08 오전 9:54:57] SqlStr :  select a.ResAcpDte, a.ResAcpCod, a.ResAcpNum, a.ResSpmCod, a.ResChtNum, b.PbsPatNam, a.ResLabCod 
  from ResInf a, PbsInf b 
 where a.ResSpmNum = '1800147521'
   and a.ResAcpCod = 'URI' 
   and a.ResMzhTyp <> 'L' 
   and a.ResRepTyp <> 'F' 
   and a.ResChtNum = b.PbsChtNum 
 order by a.ResLabCod 


[2018-11-08 오전 9:56:42] SqlStr :  select a.ResAcpDte, a.ResAcpCod, a.ResAcpNum, a.ResSpmCod, a.ResChtNum, b.PbsPatNam, a.ResLabCod 
  from ResInf a, PbsInf b 
 where a.ResSpmNum = '1820045032'
   and a.ResAcpCod = 'URI' 
   and a.ResMzhTyp <> 'L' 
   and a.ResRepTyp <> 'F' 
   and a.ResChtNum = b.PbsChtNum 
 order by a.ResLabCod 


[2018-11-08 오전 9:56:42] sOrdList : 20181108|URI/25/U01|284486|정동근|12|001|002|003|004|005|006|007|008|009|010|011|012|

[2018-11-08 오전 9:56:55] SqlStr :  select a.ResAcpDte, a.ResAcpCod, a.ResAcpNum, a.ResSpmCod, a.ResChtNum, b.PbsPatNam, a.ResLabCod 
  from ResInf a, PbsInf b 
 where a.ResSpmNum = '1800147521'
   and a.ResAcpCod = 'URI' 
   and a.ResMzhTyp <> 'L' 
   and a.ResRepTyp <> 'F' 
   and a.ResChtNum = b.PbsChtNum 
 order by a.ResLabCod 


[2018-11-08 오전 9:56:55] sOrdList : 20181108|URI/26/U01|8135|이영호|18|001|002|003|004|005|006|007|008|009|010|011|012|026|027|028|029|030|031|

[2018-11-08 오전 10:00:07] SqlStr :  select a.ResAcpDte, a.ResAcpCod, a.ResAcpNum, a.ResSpmCod, a.ResChtNum, b.PbsPatNam, a.ResLabCod 
  from ResInf a, PbsInf b 
 where a.ResSpmNum = '1820045032'
   and a.ResAcpCod = 'URI' 
   and a.ResMzhTyp <> 'L' 
   and a.ResRepTyp <> 'F' 
   and a.ResChtNum = b.PbsChtNum 
 order by a.ResLabCod 


[2018-11-08 오전 10:11:45] SqlStr :  select a.ResAcpDte, a.ResAcpCod, a.ResAcpNum, a.ResSpmCod, a.ResChtNum, b.PbsPatNam, a.ResLabCod 
  from ResInf a, PbsInf b 
 where a.ResSpmNum = '1800147530'
   and a.ResAcpCod = 'URI' 
   and a.ResMzhTyp <> 'L' 
   and a.ResRepTyp <> 'F' 
   and a.ResChtNum = b.PbsChtNum 
 order by a.ResLabCod 


[2018-11-08 오전 10:11:48] SqlStr :  select a.ResAcpDte, a.ResAcpCod, a.ResAcpNum, a.ResSpmCod, a.ResChtNum, b.PbsPatNam, a.ResLabCod 
  from ResInf a, PbsInf b 
 where a.ResSpmNum = '1800147494'
   and a.ResAcpCod = 'URI' 
   and a.ResMzhTyp <> 'L' 
   and a.ResRepTyp <> 'F' 
   and a.ResChtNum = b.PbsChtNum 
 order by a.ResLabCod 


[2018-11-08 오전 10:13:34] SqlStr :  select a.ResAcpDte, a.ResAcpCod, a.ResAcpNum, a.ResSpmCod, a.ResChtNum, b.PbsPatNam, a.ResLabCod 
  from ResInf a, PbsInf b 
 where a.ResSpmNum = '1800147530'
   and a.ResAcpCod = 'URI' 
   and a.ResMzhTyp <> 'L' 
   and a.ResRepTyp <> 'F' 
   and a.ResChtNum = b.PbsChtNum 
 order by a.ResLabCod 


[2018-11-08 오전 10:13:34] sOrdList : 20181108|URI/27/U01|284534|데란주|18|001|002|003|004|005|006|007|008|009|010|011|012|026|027|028|029|030|031|

[2018-11-08 오전 10:13:47] SqlStr :  select a.ResAcpDte, a.ResAcpCod, a.ResAcpNum, a.ResSpmCod, a.ResChtNum, b.PbsPatNam, a.ResLabCod 
  from ResInf a, PbsInf b 
 where a.ResSpmNum = '1800147494'
   and a.ResAcpCod = 'URI' 
   and a.ResMzhTyp <> 'L' 
   and a.ResRepTyp <> 'F' 
   and a.ResChtNum = b.PbsChtNum 
 order by a.ResLabCod 


[2018-11-08 오전 10:13:47] sOrdList : 20181108|URI/28/U01|1105|최흥균|18|001|002|003|004|005|006|007|008|009|010|011|012|026|027|028|029|030|031|

[2018-11-08 오전 10:35:10] SqlStr :  select a.ResAcpDte, a.ResAcpCod, a.ResAcpNum, a.ResSpmCod, a.ResChtNum, b.PbsPatNam, a.ResLabCod 
  from ResInf a, PbsInf b 
 where a.ResSpmNum = '1800147544'
   and a.ResAcpCod = 'URI' 
   and a.ResMzhTyp <> 'L' 
   and a.ResRepTyp <> 'F' 
   and a.ResChtNum = b.PbsChtNum 
 order by a.ResLabCod 


[2018-11-08 오전 10:36:58] SqlStr :  select a.ResAcpDte, a.ResAcpCod, a.ResAcpNum, a.ResSpmCod, a.ResChtNum, b.PbsPatNam, a.ResLabCod 
  from ResInf a, PbsInf b 
 where a.ResSpmNum = '1800147544'
   and a.ResAcpCod = 'URI' 
   and a.ResMzhTyp <> 'L' 
   and a.ResRepTyp <> 'F' 
   and a.ResChtNum = b.PbsChtNum 
 order by a.ResLabCod 


[2018-11-08 오전 10:36:58] sOrdList : 20181108|URI/29/U01|62401|송진주|18|001|002|003|004|005|006|007|008|009|010|011|012|026|027|028|029|030|031|

[2018-11-08 오전 11:07:47] SqlStr :  select a.ResAcpDte, a.ResAcpCod, a.ResAcpNum, a.ResSpmCod, a.ResChtNum, b.PbsPatNam, a.ResLabCod 
  from ResInf a, PbsInf b 
 where a.ResSpmNum = '1800147551'
   and a.ResAcpCod = 'URI' 
   and a.ResMzhTyp <> 'L' 
   and a.ResRepTyp <> 'F' 
   and a.ResChtNum = b.PbsChtNum 
 order by a.ResLabCod 


[2018-11-08 오전 11:07:50] SqlStr :  select a.ResAcpDte, a.ResAcpCod, a.ResAcpNum, a.ResSpmCod, a.ResChtNum, b.PbsPatNam, a.ResLabCod 
  from ResInf a, PbsInf b 
 where a.ResSpmNum = '1800147555'
   and a.ResAcpCod = 'URI' 
   and a.ResMzhTyp <> 'L' 
   and a.ResRepTyp <> 'F' 
   and a.ResChtNum = b.PbsChtNum 
 order by a.ResLabCod 


[2018-11-08 오전 11:07:53] SqlStr :  select a.ResAcpDte, a.ResAcpCod, a.ResAcpNum, a.ResSpmCod, a.ResChtNum, b.PbsPatNam, a.ResLabCod 
  from ResInf a, PbsInf b 
 where a.ResSpmNum = '1810147566'
   and a.ResAcpCod = 'URI' 
   and a.ResMzhTyp <> 'L' 
   and a.ResRepTyp <> 'F' 
   and a.ResChtNum = b.PbsChtNum 
 order by a.ResLabCod 


[2018-11-08 오전 11:09:34] SqlStr :  select a.ResAcpDte, a.ResAcpCod, a.ResAcpNum, a.ResSpmCod, a.ResChtNum, b.PbsPatNam, a.ResLabCod 
  from ResInf a, PbsInf b 
 where a.ResSpmNum = '1800147551'
   and a.ResAcpCod = 'URI' 
   and a.ResMzhTyp <> 'L' 
   and a.ResRepTyp <> 'F' 
   and a.ResChtNum = b.PbsChtNum 
 order by a.ResLabCod 


[2018-11-08 오전 11:09:34] sOrdList : 20181108|URI/32/U01|248972|김동범|18|001|002|003|004|005|006|007|008|009|010|011|012|026|027|028|029|030|031|

[2018-11-08 오전 11:09:47] SqlStr :  select a.ResAcpDte, a.ResAcpCod, a.ResAcpNum, a.ResSpmCod, a.ResChtNum, b.PbsPatNam, a.ResLabCod 
  from ResInf a, PbsInf b 
 where a.ResSpmNum = '1800147555'
   and a.ResAcpCod = 'URI' 
   and a.ResMzhTyp <> 'L' 
   and a.ResRepTyp <> 'F' 
   and a.ResChtNum = b.PbsChtNum 
 order by a.ResLabCod 


[2018-11-08 오전 11:09:47] sOrdList : 20181108|URI/30/U01|211372|이종운|7|004|005|006|007|008|009|010|

[2018-11-08 오전 11:10:01] SqlStr :  select a.ResAcpDte, a.ResAcpCod, a.ResAcpNum, a.ResSpmCod, a.ResChtNum, b.PbsPatNam, a.ResLabCod 
  from ResInf a, PbsInf b 
 where a.ResSpmNum = '1810147566'
   and a.ResAcpCod = 'URI' 
   and a.ResMzhTyp <> 'L' 
   and a.ResRepTyp <> 'F' 
   and a.ResChtNum = b.PbsChtNum 
 order by a.ResLabCod 


[2018-11-08 오전 11:10:01] sOrdList : 20181108|URI/31/U01|11966|최낙규|18|001|002|003|004|005|006|007|008|009|010|011|012|026|027|028|029|030|031|

[2018-11-08 오전 11:13:16] SqlStr :  select a.ResAcpDte, a.ResAcpCod, a.ResAcpNum, a.ResSpmCod, a.ResChtNum, b.PbsPatNam, a.ResLabCod 
  from ResInf a, PbsInf b 
 where a.ResSpmNum = '1800147555'
   and a.ResAcpCod = 'URI' 
   and a.ResMzhTyp <> 'L' 
   and a.ResRepTyp <> 'F' 
   and a.ResChtNum = b.PbsChtNum 
 order by a.ResLabCod 


[2018-11-08 오전 11:18:20] SqlStr :  select a.ResAcpDte, a.ResAcpCod, a.ResAcpNum, a.ResSpmCod, a.ResChtNum, b.PbsPatNam, a.ResLabCod 
  from ResInf a, PbsInf b 
 where a.ResSpmNum = '1800147581'
   and a.ResAcpCod = 'URI' 
   and a.ResMzhTyp <> 'L' 
   and a.ResRepTyp <> 'F' 
   and a.ResChtNum = b.PbsChtNum 
 order by a.ResLabCod 


[2018-11-08 오전 11:20:07] SqlStr :  select a.ResAcpDte, a.ResAcpCod, a.ResAcpNum, a.ResSpmCod, a.ResChtNum, b.PbsPatNam, a.ResLabCod 
  from ResInf a, PbsInf b 
 where a.ResSpmNum = '1800147581'
   and a.ResAcpCod = 'URI' 
   and a.ResMzhTyp <> 'L' 
   and a.ResRepTyp <> 'F' 
   and a.ResChtNum = b.PbsChtNum 
 order by a.ResLabCod 


[2018-11-08 오전 11:20:07] sOrdList : 20181108|URI/33/U01|213428|홍준기|18|001|002|003|004|005|006|007|008|009|010|011|012|026|027|028|029|030|031|

[2018-11-08 오전 11:51:31] SqlStr :  select a.ResAcpDte, a.ResAcpCod, a.ResAcpNum, a.ResSpmCod, a.ResChtNum, b.PbsPatNam, a.ResLabCod 
  from ResInf a, PbsInf b 
 where a.ResSpmNum = '1810147591'
   and a.ResAcpCod = 'URI' 
   and a.ResMzhTyp <> 'L' 
   and a.ResRepTyp <> 'F' 
   and a.ResChtNum = b.PbsChtNum 
 order by a.ResLabCod 


[2018-11-08 오전 11:51:34] SqlStr :  select a.ResAcpDte, a.ResAcpCod, a.ResAcpNum, a.ResSpmCod, a.ResChtNum, b.PbsPatNam, a.ResLabCod 
  from ResInf a, PbsInf b 
 where a.ResSpmNum = '1800147598'
   and a.ResAcpCod = 'URI' 
   and a.ResMzhTyp <> 'L' 
   and a.ResRepTyp <> 'F' 
   and a.ResChtNum = b.PbsChtNum 
 order by a.ResLabCod 


[2018-11-08 오전 11:51:37] SqlStr :  select a.ResAcpDte, a.ResAcpCod, a.ResAcpNum, a.ResSpmCod, a.ResChtNum, b.PbsPatNam, a.ResLabCod 
  from ResInf a, PbsInf b 
 where a.ResSpmNum = '1800147591'
   and a.ResAcpCod = 'URI' 
   and a.ResMzhTyp <> 'L' 
   and a.ResRepTyp <> 'F' 
   and a.ResChtNum = b.PbsChtNum 
 order by a.ResLabCod 


[2018-11-08 오전 11:53:12] SqlStr :  select a.ResAcpDte, a.ResAcpCod, a.ResAcpNum, a.ResSpmCod, a.ResChtNum, b.PbsPatNam, a.ResLabCod 
  from ResInf a, PbsInf b 
 where a.ResSpmNum = '1820044941'
   and a.ResAcpCod = 'URI' 
   and a.ResMzhTyp <> 'L' 
   and a.ResRepTyp <> 'F' 
   and a.ResChtNum = b.PbsChtNum 
 order by a.ResLabCod 


[2018-11-08 오전 11:53:15] SqlStr :  select a.ResAcpDte, a.ResAcpCod, a.ResAcpNum, a.ResSpmCod, a.ResChtNum, b.PbsPatNam, a.ResLabCod 
  from ResInf a, PbsInf b 
 where a.ResSpmNum = '1820045022'
   and a.ResAcpCod = 'URI' 
   and a.ResMzhTyp <> 'L' 
   and a.ResRepTyp <> 'F' 
   and a.ResChtNum = b.PbsChtNum 
 order by a.ResLabCod 


[2018-11-08 오전 11:53:18] SqlStr :  select a.ResAcpDte, a.ResAcpCod, a.ResAcpNum, a.ResSpmCod, a.ResChtNum, b.PbsPatNam, a.ResLabCod 
  from ResInf a, PbsInf b 
 where a.ResSpmNum = '1810147591'
   and a.ResAcpCod = 'URI' 
   and a.ResMzhTyp <> 'L' 
   and a.ResRepTyp <> 'F' 
   and a.ResChtNum = b.PbsChtNum 
 order by a.ResLabCod 


[2018-11-08 오전 11:53:18] sOrdList : 20181108|URI/87/U01|8721|한상현|18|001|002|003|004|005|006|007|008|009|010|011|012|026|027|028|029|030|031|

[2018-11-08 오전 11:53:19] SqlStr :  select a.ResAcpDte, a.ResAcpCod, a.ResAcpNum, a.ResSpmCod, a.ResChtNum, b.PbsPatNam, a.ResLabCod 
  from ResInf a, PbsInf b 
 where a.ResSpmNum = '1820045125'
   and a.ResAcpCod = 'URI' 
   and a.ResMzhTyp <> 'L' 
   and a.ResRepTyp <> 'F' 
   and a.ResChtNum = b.PbsChtNum 
 order by a.ResLabCod 


[2018-11-08 오전 11:53:31] SqlStr :  select a.ResAcpDte, a.ResAcpCod, a.ResAcpNum, a.ResSpmCod, a.ResChtNum, b.PbsPatNam, a.ResLabCod 
  from ResInf a, PbsInf b 
 where a.ResSpmNum = '1800147598'
   and a.ResAcpCod = 'URI' 
   and a.ResMzhTyp <> 'L' 
   and a.ResRepTyp <> 'F' 
   and a.ResChtNum = b.PbsChtNum 
 order by a.ResLabCod 


[2018-11-08 오전 11:53:31] sOrdList : 20181108|URI/86/U01|53355|이정태|18|001|002|003|004|005|006|007|008|009|010|011|012|026|027|028|029|030|031|

[2018-11-08 오전 11:53:42] SqlStr :  select a.ResAcpDte, a.ResAcpCod, a.ResAcpNum, a.ResSpmCod, a.ResChtNum, b.PbsPatNam, a.ResLabCod 
  from ResInf a, PbsInf b 
 where a.ResSpmNum = '1820044979'
   and a.ResAcpCod = 'URI' 
   and a.ResMzhTyp <> 'L' 
   and a.ResRepTyp <> 'F' 
   and a.ResChtNum = b.PbsChtNum 
 order by a.ResLabCod 


[2018-11-08 오전 11:53:48] SqlStr :  select a.ResAcpDte, a.ResAcpCod, a.ResAcpNum, a.ResSpmCod, a.ResChtNum, b.PbsPatNam, a.ResLabCod 
  from ResInf a, PbsInf b 
 where a.ResSpmNum = '1800147591'
   and a.ResAcpCod = 'URI' 
   and a.ResMzhTyp <> 'L' 
   and a.ResRepTyp <> 'F' 
   and a.ResChtNum = b.PbsChtNum 
 order by a.ResLabCod 


[2018-11-08 오전 11:53:48] sOrdList : 20181108|URI/34/U01|1957|유태주|18|001|002|003|004|005|006|007|008|009|010|011|012|026|027|028|029|030|031|

[2018-11-08 오전 11:53:52] SqlStr :  select a.ResAcpDte, a.ResAcpCod, a.ResAcpNum, a.ResSpmCod, a.ResChtNum, b.PbsPatNam, a.ResLabCod 
  from ResInf a, PbsInf b 
 where a.ResSpmNum = '1820045046'
   and a.ResAcpCod = 'URI' 
   and a.ResMzhTyp <> 'L' 
   and a.ResRepTyp <> 'F' 
   and a.ResChtNum = b.PbsChtNum 
 order by a.ResLabCod 


[2018-11-08 오전 11:54:04] SqlStr :  select a.ResAcpDte, a.ResAcpCod, a.ResAcpNum, a.ResSpmCod, a.ResChtNum, b.PbsPatNam, a.ResLabCod 
  from ResInf a, PbsInf b 
 where a.ResSpmNum = '1820045014'
   and a.ResAcpCod = 'URI' 
   and a.ResMzhTyp <> 'L' 
   and a.ResRepTyp <> 'F' 
   and a.ResChtNum = b.PbsChtNum 
 order by a.ResLabCod 


[2018-11-08 오전 11:54:18] SqlStr :  select a.ResAcpDte, a.ResAcpCod, a.ResAcpNum, a.ResSpmCod, a.ResChtNum, b.PbsPatNam, a.ResLabCod 
  from ResInf a, PbsInf b 
 where a.ResSpmNum = '1820044909'
   and a.ResAcpCod = 'URI' 
   and a.ResMzhTyp <> 'L' 
   and a.ResRepTyp <> 'F' 
   and a.ResChtNum = b.PbsChtNum 
 order by a.ResLabCod 


[2018-11-08 오전 11:54:30] SqlStr :  select a.ResAcpDte, a.ResAcpCod, a.ResAcpNum, a.ResSpmCod, a.ResChtNum, b.PbsPatNam, a.ResLabCod 
  from ResInf a, PbsInf b 
 where a.ResSpmNum = '1820044985'
   and a.ResAcpCod = 'URI' 
   and a.ResMzhTyp <> 'L' 
   and a.ResRepTyp <> 'F' 
   and a.ResChtNum = b.PbsChtNum 
 order by a.ResLabCod 


[2018-11-08 오전 11:54:44] SqlStr :  select a.ResAcpDte, a.ResAcpCod, a.ResAcpNum, a.ResSpmCod, a.ResChtNum, b.PbsPatNam, a.ResLabCod 
  from ResInf a, PbsInf b 
 where a.ResSpmNum = '1820044902'
   and a.ResAcpCod = 'URI' 
   and a.ResMzhTyp <> 'L' 
   and a.ResRepTyp <> 'F' 
   and a.ResChtNum = b.PbsChtNum 
 order by a.ResLabCod 


[2018-11-08 오전 11:54:49] SqlStr :  select a.ResAcpDte, a.ResAcpCod, a.ResAcpNum, a.ResSpmCod, a.ResChtNum, b.PbsPatNam, a.ResLabCod 
  from ResInf a, PbsInf b 
 where a.ResSpmNum = '1820044941'
   and a.ResAcpCod = 'URI' 
   and a.ResMzhTyp <> 'L' 
   and a.ResRepTyp <> 'F' 
   and a.ResChtNum = b.PbsChtNum 
 order by a.ResLabCod 


[2018-11-08 오전 11:54:49] sOrdList : 20181108|URI/38/U01|8396|송선영|18|001|002|003|004|005|006|007|008|009|010|011|012|026|027|028|029|030|031|

[2018-11-08 오전 11:54:57] SqlStr :  select a.ResAcpDte, a.ResAcpCod, a.ResAcpNum, a.ResSpmCod, a.ResChtNum, b.PbsPatNam, a.ResLabCod 
  from ResInf a, PbsInf b 
 where a.ResSpmNum = '1820044915'
   and a.ResAcpCod = 'URI' 
   and a.ResMzhTyp <> 'L' 
   and a.ResRepTyp <> 'F' 
   and a.ResChtNum = b.PbsChtNum 
 order by a.ResLabCod 


[2018-11-08 오전 11:55:02] SqlStr :  select a.ResAcpDte, a.ResAcpCod, a.ResAcpNum, a.ResSpmCod, a.ResChtNum, b.PbsPatNam, a.ResLabCod 
  from ResInf a, PbsInf b 
 where a.ResSpmNum = '1820045022'
   and a.ResAcpCod = 'URI' 
   and a.ResMzhTyp <> 'L' 
   and a.ResRepTyp <> 'F' 
   and a.ResChtNum = b.PbsChtNum 
 order by a.ResLabCod 


[2018-11-08 오전 11:55:02] sOrdList : 20181108|URI/43/U01|59685|김명자|18|001|002|003|004|005|006|007|008|009|010|011|012|026|027|028|029|030|031|

[2018-11-08 오전 11:55:12] SqlStr :  select a.ResAcpDte, a.ResAcpCod, a.ResAcpNum, a.ResSpmCod, a.ResChtNum, b.PbsPatNam, a.ResLabCod 
  from ResInf a, PbsInf b 
 where a.ResSpmNum = '1820044932'
   and a.ResAcpCod = 'URI' 
   and a.ResMzhTyp <> 'L' 
   and a.ResRepTyp <> 'F' 
   and a.ResChtNum = b.PbsChtNum 
 order by a.ResLabCod 


[2018-11-08 오전 11:55:15] SqlStr :  select a.ResAcpDte, a.ResAcpCod, a.ResAcpNum, a.ResSpmCod, a.ResChtNum, b.PbsPatNam, a.ResLabCod 
  from ResInf a, PbsInf b 
 where a.ResSpmNum = '1820045125'
   and a.ResAcpCod = 'URI' 
   and a.ResMzhTyp <> 'L' 
   and a.ResRepTyp <> 'F' 
   and a.ResChtNum = b.PbsChtNum 
 order by a.ResLabCod 


[2018-11-08 오전 11:55:15] sOrdList : 20181108|URI/51/U01|279811|최효숙|12|001|002|003|004|005|006|007|008|009|010|011|012|

[2018-11-08 오전 11:55:23] SqlStr :  select a.ResAcpDte, a.ResAcpCod, a.ResAcpNum, a.ResSpmCod, a.ResChtNum, b.PbsPatNam, a.ResLabCod 
  from ResInf a, PbsInf b 
 where a.ResSpmNum = '1820045053'
   and a.ResAcpCod = 'URI' 
   and a.ResMzhTyp <> 'L' 
   and a.ResRepTyp <> 'F' 
   and a.ResChtNum = b.PbsChtNum 
 order by a.ResLabCod 


[2018-11-08 오전 11:55:28] SqlStr :  select a.ResAcpDte, a.ResAcpCod, a.ResAcpNum, a.ResSpmCod, a.ResChtNum, b.PbsPatNam, a.ResLabCod 
  from ResInf a, PbsInf b 
 where a.ResSpmNum = '1820044979'
   and a.ResAcpCod = 'URI' 
   and a.ResMzhTyp <> 'L' 
   and a.ResRepTyp <> 'F' 
   and a.ResChtNum = b.PbsChtNum 
 order by a.ResLabCod 


[2018-11-08 오전 11:55:28] sOrdList : 20181108|URI/48/U01|284533|김지은|18|001|002|003|004|005|006|007|008|009|010|011|012|026|027|028|029|030|031|

[2018-11-08 오전 11:55:42] SqlStr :  select a.ResAcpDte, a.ResAcpCod, a.ResAcpNum, a.ResSpmCod, a.ResChtNum, b.PbsPatNam, a.ResLabCod 
  from ResInf a, PbsInf b 
 where a.ResSpmNum = '1820045046'
   and a.ResAcpCod = 'URI' 
   and a.ResMzhTyp <> 'L' 
   and a.ResRepTyp <> 'F' 
   and a.ResChtNum = b.PbsChtNum 
 order by a.ResLabCod 


[2018-11-08 오전 11:55:42] sOrdList : 20181108|URI/54/U01|215055|김양희|18|001|002|003|004|005|006|007|008|009|010|011|012|026|027|028|029|030|031|

[2018-11-08 오전 11:55:55] SqlStr :  select a.ResAcpDte, a.ResAcpCod, a.ResAcpNum, a.ResSpmCod, a.ResChtNum, b.PbsPatNam, a.ResLabCod 
  from ResInf a, PbsInf b 
 where a.ResSpmNum = '1820045014'
   and a.ResAcpCod = 'URI' 
   and a.ResMzhTyp <> 'L' 
   and a.ResRepTyp <> 'F' 
   and a.ResChtNum = b.PbsChtNum 
 order by a.ResLabCod 


[2018-11-08 오전 11:55:55] sOrdList : 20181108|URI/64/U01|32276|최병옥|18|001|002|003|004|005|006|007|008|009|010|011|012|026|027|028|029|030|031|

[2018-11-08 오전 11:56:08] SqlStr :  select a.ResAcpDte, a.ResAcpCod, a.ResAcpNum, a.ResSpmCod, a.ResChtNum, b.PbsPatNam, a.ResLabCod 
  from ResInf a, PbsInf b 
 where a.ResSpmNum = '1820044909'
   and a.ResAcpCod = 'URI' 
   and a.ResMzhTyp <> 'L' 
   and a.ResRepTyp <> 'F' 
   and a.ResChtNum = b.PbsChtNum 
 order by a.ResLabCod 


[2018-11-08 오전 11:56:08] sOrdList : 20181108|URI/66/U01|160447|최용진|18|001|002|003|004|005|006|007|008|009|010|011|012|026|027|028|029|030|031|

[2018-11-08 오전 11:56:21] SqlStr :  select a.ResAcpDte, a.ResAcpCod, a.ResAcpNum, a.ResSpmCod, a.ResChtNum, b.PbsPatNam, a.ResLabCod 
  from ResInf a, PbsInf b 
 where a.ResSpmNum = '1820044985'
   and a.ResAcpCod = 'URI' 
   and a.ResMzhTyp <> 'L' 
   and a.ResRepTyp <> 'F' 
   and a.ResChtNum = b.PbsChtNum 
 order by a.ResLabCod 


[2018-11-08 오전 11:56:21] sOrdList : 20181108|URI/69/U01|209756|조진수|18|001|002|003|004|005|006|007|008|009|010|011|012|026|027|028|029|030|031|

[2018-11-08 오전 11:56:34] SqlStr :  select a.ResAcpDte, a.ResAcpCod, a.ResAcpNum, a.ResSpmCod, a.ResChtNum, b.PbsPatNam, a.ResLabCod 
  from ResInf a, PbsInf b 
 where a.ResSpmNum = '1820044902'
   and a.ResAcpCod = 'URI' 
   and a.ResMzhTyp <> 'L' 
   and a.ResRepTyp <> 'F' 
   and a.ResChtNum = b.PbsChtNum 
 order by a.ResLabCod 


[2018-11-08 오전 11:56:34] sOrdList : 20181108|URI/77/U01|237306|최중호|18|001|002|003|004|005|006|007|008|009|010|011|012|026|027|028|029|030|031|

[2018-11-08 오전 11:56:36] SqlStr :  select a.ResAcpDte, a.ResAcpCod, a.ResAcpNum, a.ResSpmCod, a.ResChtNum, b.PbsPatNam, a.ResLabCod 
  from ResInf a, PbsInf b 
 where a.ResSpmNum = '1820045038'
   and a.ResAcpCod = 'URI' 
   and a.ResMzhTyp <> 'L' 
   and a.ResRepTyp <> 'F' 
   and a.ResChtNum = b.PbsChtNum 
 order by a.ResLabCod 


[2018-11-08 오전 11:56:39] SqlStr :  select a.ResAcpDte, a.ResAcpCod, a.ResAcpNum, a.ResSpmCod, a.ResChtNum, b.PbsPatNam, a.ResLabCod 
  from ResInf a, PbsInf b 
 where a.ResSpmNum = '1820045071'
   and a.ResAcpCod = 'URI' 
   and a.ResMzhTyp <> 'L' 
   and a.ResRepTyp <> 'F' 
   and a.ResChtNum = b.PbsChtNum 
 order by a.ResLabCod 


[2018-11-08 오전 11:56:43] SqlStr :  select a.ResAcpDte, a.ResAcpCod, a.ResAcpNum, a.ResSpmCod, a.ResChtNum, b.PbsPatNam, a.ResLabCod 
  from ResInf a, PbsInf b 
 where a.ResSpmNum = '1820044922'
   and a.ResAcpCod = 'URI' 
   and a.ResMzhTyp <> 'L' 
   and a.ResRepTyp <> 'F' 
   and a.ResChtNum = b.PbsChtNum 
 order by a.ResLabCod 


[2018-11-08 오전 11:56:49] SqlStr :  select a.ResAcpDte, a.ResAcpCod, a.ResAcpNum, a.ResSpmCod, a.ResChtNum, b.PbsPatNam, a.ResLabCod 
  from ResInf a, PbsInf b 
 where a.ResSpmNum = '1820044915'
   and a.ResAcpCod = 'URI' 
   and a.ResMzhTyp <> 'L' 
   and a.ResRepTyp <> 'F' 
   and a.ResChtNum = b.PbsChtNum 
 order by a.ResLabCod 


[2018-11-08 오전 11:56:49] sOrdList : 20181108|URI/78/U01|98096|강희권|18|001|002|003|004|005|006|007|008|009|010|011|012|026|027|028|029|030|031|

[2018-11-08 오전 11:57:00] SqlStr :  select a.ResAcpDte, a.ResAcpCod, a.ResAcpNum, a.ResSpmCod, a.ResChtNum, b.PbsPatNam, a.ResLabCod 
  from ResInf a, PbsInf b 
 where a.ResSpmNum = '1820044932'
   and a.ResAcpCod = 'URI' 
   and a.ResMzhTyp <> 'L' 
   and a.ResRepTyp <> 'F' 
   and a.ResChtNum = b.PbsChtNum 
 order by a.ResLabCod 


[2018-11-08 오전 11:57:00] sOrdList : 20181108|URI/82/U01|109689|박경식|18|001|002|003|004|005|006|007|008|009|010|011|012|026|027|028|029|030|031|

[2018-11-08 오전 11:57:08] SqlStr :  select a.ResAcpDte, a.ResAcpCod, a.ResAcpNum, a.ResSpmCod, a.ResChtNum, b.PbsPatNam, a.ResLabCod 
  from ResInf a, PbsInf b 
 where a.ResSpmNum = '1820045060'
   and a.ResAcpCod = 'URI' 
   and a.ResMzhTyp <> 'L' 
   and a.ResRepTyp <> 'F' 
   and a.ResChtNum = b.PbsChtNum 
 order by a.ResLabCod 


[2018-11-08 오전 11:57:14] SqlStr :  select a.ResAcpDte, a.ResAcpCod, a.ResAcpNum, a.ResSpmCod, a.ResChtNum, b.PbsPatNam, a.ResLabCod 
  from ResInf a, PbsInf b 
 where a.ResSpmNum = '1820045053'
   and a.ResAcpCod = 'URI' 
   and a.ResMzhTyp <> 'L' 
   and a.ResRepTyp <> 'F' 
   and a.ResChtNum = b.PbsChtNum 
 order by a.ResLabCod 


[2018-11-08 오전 11:57:14] sOrdList : 20181108|URI/79/U01|284538|석낙언|18|001|002|003|004|005|006|007|008|009|010|011|012|026|027|028|029|030|031|

[2018-11-08 오전 11:57:19] SqlStr :  select a.ResAcpDte, a.ResAcpCod, a.ResAcpNum, a.ResSpmCod, a.ResChtNum, b.PbsPatNam, a.ResLabCod 
  from ResInf a, PbsInf b 
 where a.ResSpmNum = '1820045121'
   and a.ResAcpCod = 'URI' 
   and a.ResMzhTyp <> 'L' 
   and a.ResRepTyp <> 'F' 
   and a.ResChtNum = b.PbsChtNum 
 order by a.ResLabCod 


[2018-11-08 오전 11:57:33] SqlStr :  select a.ResAcpDte, a.ResAcpCod, a.ResAcpNum, a.ResSpmCod, a.ResChtNum, b.PbsPatNam, a.ResLabCod 
  from ResInf a, PbsInf b 
 where a.ResSpmNum = '1820044972'
   and a.ResAcpCod = 'URI' 
   and a.ResMzhTyp <> 'L' 
   and a.ResRepTyp <> 'F' 
   and a.ResChtNum = b.PbsChtNum 
 order by a.ResLabCod 


[2018-11-08 오전 11:57:45] SqlStr :  select a.ResAcpDte, a.ResAcpCod, a.ResAcpNum, a.ResSpmCod, a.ResChtNum, b.PbsPatNam, a.ResLabCod 
  from ResInf a, PbsInf b 
 where a.ResSpmNum = '1820045025'
   and a.ResAcpCod = 'URI' 
   and a.ResMzhTyp <> 'L' 
   and a.ResRepTyp <> 'F' 
   and a.ResChtNum = b.PbsChtNum 
 order by a.ResLabCod 


[2018-11-08 오전 11:57:59] SqlStr :  select a.ResAcpDte, a.ResAcpCod, a.ResAcpNum, a.ResSpmCod, a.ResChtNum, b.PbsPatNam, a.ResLabCod 
  from ResInf a, PbsInf b 
 where a.ResSpmNum = '1820045078'
   and a.ResAcpCod = 'URI' 
   and a.ResMzhTyp <> 'L' 
   and a.ResRepTyp <> 'F' 
   and a.ResChtNum = b.PbsChtNum 
 order by a.ResLabCod 


[2018-11-08 오전 11:58:12] SqlStr :  select a.ResAcpDte, a.ResAcpCod, a.ResAcpNum, a.ResSpmCod, a.ResChtNum, b.PbsPatNam, a.ResLabCod 
  from ResInf a, PbsInf b 
 where a.ResSpmNum = '1820044953'
   and a.ResAcpCod = 'URI' 
   and a.ResMzhTyp <> 'L' 
   and a.ResRepTyp <> 'F' 
   and a.ResChtNum = b.PbsChtNum 
 order by a.ResLabCod 


[2018-11-08 오전 11:58:29] SqlStr :  select a.ResAcpDte, a.ResAcpCod, a.ResAcpNum, a.ResSpmCod, a.ResChtNum, b.PbsPatNam, a.ResLabCod 
  from ResInf a, PbsInf b 
 where a.ResSpmNum = '1820045038'
   and a.ResAcpCod = 'URI' 
   and a.ResMzhTyp <> 'L' 
   and a.ResRepTyp <> 'F' 
   and a.ResChtNum = b.PbsChtNum 
 order by a.ResLabCod 


[2018-11-08 오전 11:58:29] sOrdList : 20181108|URI/39/U01|31114|유은환|1|005|

[2018-11-08 오전 11:58:37] SqlStr :  select a.ResAcpDte, a.ResAcpCod, a.ResAcpNum, a.ResSpmCod, a.ResChtNum, b.PbsPatNam, a.ResLabCod 
  from ResInf a, PbsInf b 
 where a.ResSpmNum = '1820045071'
   and a.ResAcpCod = 'URI' 
   and a.ResMzhTyp <> 'L' 
   and a.ResRepTyp <> 'F' 
   and a.ResChtNum = b.PbsChtNum 
 order by a.ResLabCod 


[2018-11-08 오전 11:58:37] sOrdList : 20181108|URI/44/U01|284531|이송구|1|005|

[2018-11-08 오전 11:58:40] SqlStr :  select a.ResAcpDte, a.ResAcpCod, a.ResAcpNum, a.ResSpmCod, a.ResChtNum, b.PbsPatNam, a.ResLabCod 
  from ResInf a, PbsInf b 
 where a.ResSpmNum = '1820045106'
   and a.ResAcpCod = 'URI' 
   and a.ResMzhTyp <> 'L' 
   and a.ResRepTyp <> 'F' 
   and a.ResChtNum = b.PbsChtNum 
 order by a.ResLabCod 


[2018-11-08 오전 11:58:45] SqlStr :  select a.ResAcpDte, a.ResAcpCod, a.ResAcpNum, a.ResSpmCod, a.ResChtNum, b.PbsPatNam, a.ResLabCod 
  from ResInf a, PbsInf b 
 where a.ResSpmNum = '1820044922'
   and a.ResAcpCod = 'URI' 
   and a.ResMzhTyp <> 'L' 
   and a.ResRepTyp <> 'F' 
   and a.ResChtNum = b.PbsChtNum 
 order by a.ResLabCod 


[2018-11-08 오전 11:58:45] sOrdList : 20181108|URI/49/U01|100206|한영희|1|005|

[2018-11-08 오전 11:58:51] SqlStr :  select a.ResAcpDte, a.ResAcpCod, a.ResAcpNum, a.ResSpmCod, a.ResChtNum, b.PbsPatNam, a.ResLabCod 
  from ResInf a, PbsInf b 
 where a.ResSpmNum = '1820045138'
   and a.ResAcpCod = 'URI' 
   and a.ResMzhTyp <> 'L' 
   and a.ResRepTyp <> 'F' 
   and a.ResChtNum = b.PbsChtNum 
 order by a.ResLabCod 


[2018-11-08 오전 11:58:58] SqlStr :  select a.ResAcpDte, a.ResAcpCod, a.ResAcpNum, a.ResSpmCod, a.ResChtNum, b.PbsPatNam, a.ResLabCod 
  from ResInf a, PbsInf b 
 where a.ResSpmNum = '1820045060'
   and a.ResAcpCod = 'URI' 
   and a.ResMzhTyp <> 'L' 
   and a.ResRepTyp <> 'F' 
   and a.ResChtNum = b.PbsChtNum 
 order by a.ResLabCod 


[2018-11-08 오전 11:58:58] sOrdList : 20181108|URI/55/U01|80269|박태원|1|005|

[2018-11-08 오전 11:59:04] SqlStr :  select a.ResAcpDte, a.ResAcpCod, a.ResAcpNum, a.ResSpmCod, a.ResChtNum, b.PbsPatNam, a.ResLabCod 
  from ResInf a, PbsInf b 
 where a.ResSpmNum = '1820044997'
   and a.ResAcpCod = 'URI' 
   and a.ResMzhTyp <> 'L' 
   and a.ResRepTyp <> 'F' 
   and a.ResChtNum = b.PbsChtNum 
 order by a.ResLabCod 


[2018-11-08 오전 11:59:17] SqlStr :  select a.ResAcpDte, a.ResAcpCod, a.ResAcpNum, a.ResSpmCod, a.ResChtNum, b.PbsPatNam, a.ResLabCod 
  from ResInf a, PbsInf b 
 where a.ResSpmNum = '1820045082'
   and a.ResAcpCod = 'URI' 
   and a.ResMzhTyp <> 'L' 
   and a.ResRepTyp <> 'F' 
   and a.ResChtNum = b.PbsChtNum 
 order by a.ResLabCod 


[2018-11-08 오전 11:59:18] SqlStr :  select a.ResAcpDte, a.ResAcpCod, a.ResAcpNum, a.ResSpmCod, a.ResChtNum, b.PbsPatNam, a.ResLabCod 
  from ResInf a, PbsInf b 
 where a.ResSpmNum = '1820045121'
   and a.ResAcpCod = 'URI' 
   and a.ResMzhTyp <> 'L' 
   and a.ResRepTyp <> 'F' 
   and a.ResChtNum = b.PbsChtNum 
 order by a.ResLabCod 


[2018-11-08 오전 11:59:18] sOrdList : 20181108|URI/37/U01|139254|윤현숙|1|005|

[2018-11-08 오전 11:59:26] SqlStr :  select a.ResAcpDte, a.ResAcpCod, a.ResAcpNum, a.ResSpmCod, a.ResChtNum, b.PbsPatNam, a.ResLabCod 
  from ResInf a, PbsInf b 
 where a.ResSpmNum = '1820044972'
   and a.ResAcpCod = 'URI' 
   and a.ResMzhTyp <> 'L' 
   and a.ResRepTyp <> 'F' 
   and a.ResChtNum = b.PbsChtNum 
 order by a.ResLabCod 


[2018-11-08 오전 11:59:26] sOrdList : 20181108|URI/59/U01|256647|김광희|1|005|

[2018-11-08 오전 11:59:30] SqlStr :  select a.ResAcpDte, a.ResAcpCod, a.ResAcpNum, a.ResSpmCod, a.ResChtNum, b.PbsPatNam, a.ResLabCod 
  from ResInf a, PbsInf b 
 where a.ResSpmNum = '1820044949'
   and a.ResAcpCod = 'URI' 
   and a.ResMzhTyp <> 'L' 
   and a.ResRepTyp <> 'F' 
   and a.ResChtNum = b.PbsChtNum 
 order by a.ResLabCod 


[2018-11-08 오전 11:59:36] SqlStr :  select a.ResAcpDte, a.ResAcpCod, a.ResAcpNum, a.ResSpmCod, a.ResChtNum, b.PbsPatNam, a.ResLabCod 
  from ResInf a, PbsInf b 
 where a.ResSpmNum = '1820045025'
   and a.ResAcpCod = 'URI' 
   and a.ResMzhTyp <> 'L' 
   and a.ResRepTyp <> 'F' 
   and a.ResChtNum = b.PbsChtNum 
 order by a.ResLabCod 


[2018-11-08 오전 11:59:36] sOrdList : 20181108|URI/63/U01|49248|이용만|1|005|

[2018-11-08 오전 11:59:44] SqlStr :  select a.ResAcpDte, a.ResAcpCod, a.ResAcpNum, a.ResSpmCod, a.ResChtNum, b.PbsPatNam, a.ResLabCod 
  from ResInf a, PbsInf b 
 where a.ResSpmNum = '1820045000'
   and a.ResAcpCod = 'URI' 
   and a.ResMzhTyp <> 'L' 
   and a.ResRepTyp <> 'F' 
   and a.ResChtNum = b.PbsChtNum 
 order by a.ResLabCod 


[2018-11-08 오전 11:59:57] SqlStr :  select a.ResAcpDte, a.ResAcpCod, a.ResAcpNum, a.ResSpmCod, a.ResChtNum, b.PbsPatNam, a.ResLabCod 
  from ResInf a, PbsInf b 
 where a.ResSpmNum = '1820044963'
   and a.ResAcpCod = 'URI' 
   and a.ResMzhTyp <> 'L' 
   and a.ResRepTyp <> 'F' 
   and a.ResChtNum = b.PbsChtNum 
 order by a.ResLabCod 


[2018-11-08 오후 12:00:00] SqlStr :  select a.ResAcpDte, a.ResAcpCod, a.ResAcpNum, a.ResSpmCod, a.ResChtNum, b.PbsPatNam, a.ResLabCod 
  from ResInf a, PbsInf b 
 where a.ResSpmNum = '1820045078'
   and a.ResAcpCod = 'URI' 
   and a.ResMzhTyp <> 'L' 
   and a.ResRepTyp <> 'F' 
   and a.ResChtNum = b.PbsChtNum 
 order by a.ResLabCod 


[2018-11-08 오후 12:00:00] sOrdList : 20181108|URI/70/U01|238562|피툰|1|005|

[2018-11-08 오후 12:00:04] SqlStr :  select a.ResAcpDte, a.ResAcpCod, a.ResAcpNum, a.ResSpmCod, a.ResChtNum, b.PbsPatNam, a.ResLabCod 
  from ResInf a, PbsInf b 
 where a.ResSpmNum = '1820045125'
   and a.ResAcpCod = 'URI' 
   and a.ResMzhTyp <> 'L' 
   and a.ResRepTyp <> 'F' 
   and a.ResChtNum = b.PbsChtNum 
 order by a.ResLabCod 


[2018-11-08 오후 12:00:08] SqlStr :  select a.ResAcpDte, a.ResAcpCod, a.ResAcpNum, a.ResSpmCod, a.ResChtNum, b.PbsPatNam, a.ResLabCod 
  from ResInf a, PbsInf b 
 where a.ResSpmNum = '1820044953'
   and a.ResAcpCod = 'URI' 
   and a.ResMzhTyp <> 'L' 
   and a.ResRepTyp <> 'F' 
   and a.ResChtNum = b.PbsChtNum 
 order by a.ResLabCod 


[2018-11-08 오후 12:00:08] sOrdList : 20181108|URI/74/U01|120619|이석봉|1|005|

[2018-11-08 오후 12:00:10] SqlStr :  select a.ResAcpDte, a.ResAcpCod, a.ResAcpNum, a.ResSpmCod, a.ResChtNum, b.PbsPatNam, a.ResLabCod 
  from ResInf a, PbsInf b 
 where a.ResSpmNum = '1820045102'
   and a.ResAcpCod = 'URI' 
   and a.ResMzhTyp <> 'L' 
   and a.ResRepTyp <> 'F' 
   and a.ResChtNum = b.PbsChtNum 
 order by a.ResLabCod 


[2018-11-08 오후 12:00:23] SqlStr :  select a.ResAcpDte, a.ResAcpCod, a.ResAcpNum, a.ResSpmCod, a.ResChtNum, b.PbsPatNam, a.ResLabCod 
  from ResInf a, PbsInf b 
 where a.ResSpmNum = '1820044958'
   and a.ResAcpCod = 'URI' 
   and a.ResMzhTyp <> 'L' 
   and a.ResRepTyp <> 'F' 
   and a.ResChtNum = b.PbsChtNum 
 order by a.ResLabCod 


[2018-11-08 오후 12:00:29] SqlStr :  select a.ResAcpDte, a.ResAcpCod, a.ResAcpNum, a.ResSpmCod, a.ResChtNum, b.PbsPatNam, a.ResLabCod 
  from ResInf a, PbsInf b 
 where a.ResSpmNum = '1820045106'
   and a.ResAcpCod = 'URI' 
   and a.ResMzhTyp <> 'L' 
   and a.ResRepTyp <> 'F' 
   and a.ResChtNum = b.PbsChtNum 
 order by a.ResLabCod 


[2018-11-08 오후 12:00:29] sOrdList : 20181108|URI/36/U01|271031|하명구|1|005|

[2018-11-08 오후 12:00:36] SqlStr :  select a.ResAcpDte, a.ResAcpCod, a.ResAcpNum, a.ResSpmCod, a.ResChtNum, b.PbsPatNam, a.ResLabCod 
  from ResInf a, PbsInf b 
 where a.ResSpmNum = '1820045114'
   and a.ResAcpCod = 'URI' 
   and a.ResMzhTyp <> 'L' 
   and a.ResRepTyp <> 'F' 
   and a.ResChtNum = b.PbsChtNum 
 order by a.ResLabCod 


[2018-11-08 오후 12:00:43] SqlStr :  select a.ResAcpDte, a.ResAcpCod, a.ResAcpNum, a.ResSpmCod, a.ResChtNum, b.PbsPatNam, a.ResLabCod 
  from ResInf a, PbsInf b 
 where a.ResSpmNum = '1820045138'
   and a.ResAcpCod = 'URI' 
   and a.ResMzhTyp <> 'L' 
   and a.ResRepTyp <> 'F' 
   and a.ResChtNum = b.PbsChtNum 
 order by a.ResLabCod 


[2018-11-08 오후 12:00:43] sOrdList : 20181108|URI/35/U01|165320|윤미옥|1|005|

[2018-11-08 오후 12:00:51] SqlStr :  select a.ResAcpDte, a.ResAcpCod, a.ResAcpNum, a.ResSpmCod, a.ResChtNum, b.PbsPatNam, a.ResLabCod 
  from ResInf a, PbsInf b 
 where a.ResSpmNum = '1820045133'
   and a.ResAcpCod = 'URI' 
   and a.ResMzhTyp <> 'L' 
   and a.ResRepTyp <> 'F' 
   and a.ResChtNum = b.PbsChtNum 
 order by a.ResLabCod 


[2018-11-08 오후 12:00:56] SqlStr :  select a.ResAcpDte, a.ResAcpCod, a.ResAcpNum, a.ResSpmCod, a.ResChtNum, b.PbsPatNam, a.ResLabCod 
  from ResInf a, PbsInf b 
 where a.ResSpmNum = '1820044997'
   and a.ResAcpCod = 'URI' 
   and a.ResMzhTyp <> 'L' 
   and a.ResRepTyp <> 'F' 
   and a.ResChtNum = b.PbsChtNum 
 order by a.ResLabCod 


[2018-11-08 오후 12:00:56] sOrdList : 20181108|URI/42/U01|108592|홍순미|1|005|

[2018-11-08 오후 12:01:02] SqlStr :  select a.ResAcpDte, a.ResAcpCod, a.ResAcpNum, a.ResSpmCod, a.ResChtNum, b.PbsPatNam, a.ResLabCod 
  from ResInf a, PbsInf b 
 where a.ResSpmNum = '1820045075'
   and a.ResAcpCod = 'URI' 
   and a.ResMzhTyp <> 'L' 
   and a.ResRepTyp <> 'F' 
   and a.ResChtNum = b.PbsChtNum 
 order by a.ResLabCod 


[2018-11-08 오후 12:01:08] SqlStr :  select a.ResAcpDte, a.ResAcpCod, a.ResAcpNum, a.ResSpmCod, a.ResChtNum, b.PbsPatNam, a.ResLabCod 
  from ResInf a, PbsInf b 
 where a.ResSpmNum = '1820045082'
   and a.ResAcpCod = 'URI' 
   and a.ResMzhTyp <> 'L' 
   and a.ResRepTyp <> 'F' 
   and a.ResChtNum = b.PbsChtNum 
 order by a.ResLabCod 


[2018-11-08 오후 12:01:08] sOrdList : 20181108|URI/47/U01|225039|최선환|1|005|

[2018-11-08 오후 12:01:21] SqlStr :  select a.ResAcpDte, a.ResAcpCod, a.ResAcpNum, a.ResSpmCod, a.ResChtNum, b.PbsPatNam, a.ResLabCod 
  from ResInf a, PbsInf b 
 where a.ResSpmNum = '1820044949'
   and a.ResAcpCod = 'URI' 
   and a.ResMzhTyp <> 'L' 
   and a.ResRepTyp <> 'F' 
   and a.ResChtNum = b.PbsChtNum 
 order by a.ResLabCod 


[2018-11-08 오후 12:01:21] sOrdList : 20181108|URI/53/U01|50478|전계화|1|005|

[2018-11-08 오후 12:01:28] SqlStr :  select a.ResAcpDte, a.ResAcpCod, a.ResAcpNum, a.ResSpmCod, a.ResChtNum, b.PbsPatNam, a.ResLabCod 
  from ResInf a, PbsInf b 
 where a.ResSpmNum = '1820044918'
   and a.ResAcpCod = 'URI' 
   and a.ResMzhTyp <> 'L' 
   and a.ResRepTyp <> 'F' 
   and a.ResChtNum = b.PbsChtNum 
 order by a.ResLabCod 


[2018-11-08 오후 12:01:41] SqlStr :  select a.ResAcpDte, a.ResAcpCod, a.ResAcpNum, a.ResSpmCod, a.ResChtNum, b.PbsPatNam, a.ResLabCod 
  from ResInf a, PbsInf b 
 where a.ResSpmNum = '1820045000'
   and a.ResAcpCod = 'URI' 
   and a.ResMzhTyp <> 'L' 
   and a.ResRepTyp <> 'F' 
   and a.ResChtNum = b.PbsChtNum 
 order by a.ResLabCod 


[2018-11-08 오후 12:01:41] sOrdList : 20181108|URI/58/U01|242264|유지환|1|005|

[2018-11-08 오후 12:01:42] SqlStr :  select a.ResAcpDte, a.ResAcpCod, a.ResAcpNum, a.ResSpmCod, a.ResChtNum, b.PbsPatNam, a.ResLabCod 
  from ResInf a, PbsInf b 
 where a.ResSpmNum = '1820045110'
   and a.ResAcpCod = 'URI' 
   and a.ResMzhTyp <> 'L' 
   and a.ResRepTyp <> 'F' 
   and a.ResChtNum = b.PbsChtNum 
 order by a.ResLabCod 


[2018-11-08 오후 12:01:48] SqlStr :  select a.ResAcpDte, a.ResAcpCod, a.ResAcpNum, a.ResSpmCod, a.ResChtNum, b.PbsPatNam, a.ResLabCod 
  from ResInf a, PbsInf b 
 where a.ResSpmNum = '1820044963'
   and a.ResAcpCod = 'URI' 
   and a.ResMzhTyp <> 'L' 
   and a.ResRepTyp <> 'F' 
   and a.ResChtNum = b.PbsChtNum 
 order by a.ResLabCod 


[2018-11-08 오후 12:01:48] sOrdList : 20181108|URI/62/U01|284528|최선희|1|005|

[2018-11-08 오후 12:02:00] SqlStr :  select a.ResAcpDte, a.ResAcpCod, a.ResAcpNum, a.ResSpmCod, a.ResChtNum, b.PbsPatNam, a.ResLabCod 
  from ResInf a, PbsInf b 
 where a.ResSpmNum = '1820045102'
   and a.ResAcpCod = 'URI' 
   and a.ResMzhTyp <> 'L' 
   and a.ResRepTyp <> 'F' 
   and a.ResChtNum = b.PbsChtNum 
 order by a.ResLabCod 


[2018-11-08 오후 12:02:00] sOrdList : 20181108|URI/68/U01|65906|최교신|1|005|

[2018-11-08 오후 12:02:22] SqlStr :  select a.ResAcpDte, a.ResAcpCod, a.ResAcpNum, a.ResSpmCod, a.ResChtNum, b.PbsPatNam, a.ResLabCod 
  from ResInf a, PbsInf b 
 where a.ResSpmNum = '1820044958'
   and a.ResAcpCod = 'URI' 
   and a.ResMzhTyp <> 'L' 
   and a.ResRepTyp <> 'F' 
   and a.ResChtNum = b.PbsChtNum 
 order by a.ResLabCod 


[2018-11-08 오후 12:02:22] sOrdList : 20181108|URI/41/U01|120481|이선영|1|005|

[2018-11-08 오후 12:02:29] SqlStr :  select a.ResAcpDte, a.ResAcpCod, a.ResAcpNum, a.ResSpmCod, a.ResChtNum, b.PbsPatNam, a.ResLabCod 
  from ResInf a, PbsInf b 
 where a.ResSpmNum = '1820045114'
   and a.ResAcpCod = 'URI' 
   and a.ResMzhTyp <> 'L' 
   and a.ResRepTyp <> 'F' 
   and a.ResChtNum = b.PbsChtNum 
 order by a.ResLabCod 


[2018-11-08 오후 12:02:29] sOrdList : 20181108|URI/40/U01|168757|김연오|1|005|

[2018-11-08 오후 12:02:40] SqlStr :  select a.ResAcpDte, a.ResAcpCod, a.ResAcpNum, a.ResSpmCod, a.ResChtNum, b.PbsPatNam, a.ResLabCod 
  from ResInf a, PbsInf b 
 where a.ResSpmNum = '1820045133'
   and a.ResAcpCod = 'URI' 
   and a.ResMzhTyp <> 'L' 
   and a.ResRepTyp <> 'F' 
   and a.ResChtNum = b.PbsChtNum 
 order by a.ResLabCod 


[2018-11-08 오후 12:02:40] sOrdList : 20181108|URI/46/U01|275411|동하오린|1|005|

[2018-11-08 오후 12:02:53] SqlStr :  select a.ResAcpDte, a.ResAcpCod, a.ResAcpNum, a.ResSpmCod, a.ResChtNum, b.PbsPatNam, a.ResLabCod 
  from ResInf a, PbsInf b 
 where a.ResSpmNum = '1820045075'
   and a.ResAcpCod = 'URI' 
   and a.ResMzhTyp <> 'L' 
   and a.ResRepTyp <> 'F' 
   and a.ResChtNum = b.PbsChtNum 
 order by a.ResLabCod 


[2018-11-08 오후 12:02:53] sOrdList : 20181108|URI/73/U01|280632|김영대|1|005|

[2018-11-08 오후 12:04:49] SqlStr :  select a.ResAcpDte, a.ResAcpCod, a.ResAcpNum, a.ResSpmCod, a.ResChtNum, b.PbsPatNam, a.ResLabCod 
  from ResInf a, PbsInf b 
 where a.ResSpmNum = '1820045063'
   and a.ResAcpCod = 'URI' 
   and a.ResMzhTyp <> 'L' 
   and a.ResRepTyp <> 'F' 
   and a.ResChtNum = b.PbsChtNum 
 order by a.ResLabCod 


[2018-11-08 오후 12:05:04] SqlStr :  select a.ResAcpDte, a.ResAcpCod, a.ResAcpNum, a.ResSpmCod, a.ResChtNum, b.PbsPatNam, a.ResLabCod 
  from ResInf a, PbsInf b 
 where a.ResSpmNum = '1820045117'
   and a.ResAcpCod = 'URI' 
   and a.ResMzhTyp <> 'L' 
   and a.ResRepTyp <> 'F' 
   and a.ResChtNum = b.PbsChtNum 
 order by a.ResLabCod 


[2018-11-08 오후 12:05:16] SqlStr :  select a.ResAcpDte, a.ResAcpCod, a.ResAcpNum, a.ResSpmCod, a.ResChtNum, b.PbsPatNam, a.ResLabCod 
  from ResInf a, PbsInf b 
 where a.ResSpmNum = '1820045007'
   and a.ResAcpCod = 'URI' 
   and a.ResMzhTyp <> 'L' 
   and a.ResRepTyp <> 'F' 
   and a.ResChtNum = b.PbsChtNum 
 order by a.ResLabCod 


[2018-11-08 오후 12:05:29] SqlStr :  select a.ResAcpDte, a.ResAcpCod, a.ResAcpNum, a.ResSpmCod, a.ResChtNum, b.PbsPatNam, a.ResLabCod 
  from ResInf a, PbsInf b 
 where a.ResSpmNum = '1820044937'
   and a.ResAcpCod = 'URI' 
   and a.ResMzhTyp <> 'L' 
   and a.ResRepTyp <> 'F' 
   and a.ResChtNum = b.PbsChtNum 
 order by a.ResLabCod 


[2018-11-08 오후 12:05:42] SqlStr :  select a.ResAcpDte, a.ResAcpCod, a.ResAcpNum, a.ResSpmCod, a.ResChtNum, b.PbsPatNam, a.ResLabCod 
  from ResInf a, PbsInf b 
 where a.ResSpmNum = '1820045004'
   and a.ResAcpCod = 'URI' 
   and a.ResMzhTyp <> 'L' 
   and a.ResRepTyp <> 'F' 
   and a.ResChtNum = b.PbsChtNum 
 order by a.ResLabCod 


[2018-11-08 오후 12:05:58] SqlStr :  select a.ResAcpDte, a.ResAcpCod, a.ResAcpNum, a.ResSpmCod, a.ResChtNum, b.PbsPatNam, a.ResLabCod 
  from ResInf a, PbsInf b 
 where a.ResSpmNum = '1820045066'
   and a.ResAcpCod = 'URI' 
   and a.ResMzhTyp <> 'L' 
   and a.ResRepTyp <> 'F' 
   and a.ResChtNum = b.PbsChtNum 
 order by a.ResLabCod 


[2018-11-08 오후 12:06:08] SqlStr :  select a.ResAcpDte, a.ResAcpCod, a.ResAcpNum, a.ResSpmCod, a.ResChtNum, b.PbsPatNam, a.ResLabCod 
  from ResInf a, PbsInf b 
 where a.ResSpmNum = '1820045088'
   and a.ResAcpCod = 'URI' 
   and a.ResMzhTyp <> 'L' 
   and a.ResRepTyp <> 'F' 
   and a.ResChtNum = b.PbsChtNum 
 order by a.ResLabCod 


[2018-11-08 오후 12:06:14] SqlStr :  select a.ResAcpDte, a.ResAcpCod, a.ResAcpNum, a.ResSpmCod, a.ResChtNum, b.PbsPatNam, a.ResLabCod 
  from ResInf a, PbsInf b 
 where a.ResSpmNum = '1820044918'
   and a.ResAcpCod = 'URI' 
   and a.ResMzhTyp <> 'L' 
   and a.ResRepTyp <> 'F' 
   and a.ResChtNum = b.PbsChtNum 
 order by a.ResLabCod 


[2018-11-08 오후 12:06:14] sOrdList : 20181108|URI/85/U01|16763|이태구|1|005|

[2018-11-08 오후 12:06:22] SqlStr :  select a.ResAcpDte, a.ResAcpCod, a.ResAcpNum, a.ResSpmCod, a.ResChtNum, b.PbsPatNam, a.ResLabCod 
  from ResInf a, PbsInf b 
 where a.ResSpmNum = '1820045057'
   and a.ResAcpCod = 'URI' 
   and a.ResMzhTyp <> 'L' 
   and a.ResRepTyp <> 'F' 
   and a.ResChtNum = b.PbsChtNum 
 order by a.ResLabCod 


[2018-11-08 오후 12:06:27] SqlStr :  select a.ResAcpDte, a.ResAcpCod, a.ResAcpNum, a.ResSpmCod, a.ResChtNum, b.PbsPatNam, a.ResLabCod 
  from ResInf a, PbsInf b 
 where a.ResSpmNum = '1820045110'
   and a.ResAcpCod = 'URI' 
   and a.ResMzhTyp <> 'L' 
   and a.ResRepTyp <> 'F' 
   and a.ResChtNum = b.PbsChtNum 
 order by a.ResLabCod 


[2018-11-08 오후 12:06:27] sOrdList : 20181108|URI/52/U01|71967|정소희|1|005|

[2018-11-08 오후 12:06:35] SqlStr :  select a.ResAcpDte, a.ResAcpCod, a.ResAcpNum, a.ResSpmCod, a.ResChtNum, b.PbsPatNam, a.ResLabCod 
  from ResInf a, PbsInf b 
 where a.ResSpmNum = '1820044993'
   and a.ResAcpCod = 'URI' 
   and a.ResMzhTyp <> 'L' 
   and a.ResRepTyp <> 'F' 
   and a.ResChtNum = b.PbsChtNum 
 order by a.ResLabCod 


[2018-11-08 오후 12:06:48] SqlStr :  select a.ResAcpDte, a.ResAcpCod, a.ResAcpNum, a.ResSpmCod, a.ResChtNum, b.PbsPatNam, a.ResLabCod 
  from ResInf a, PbsInf b 
 where a.ResSpmNum = '1820045085'
   and a.ResAcpCod = 'URI' 
   and a.ResMzhTyp <> 'L' 
   and a.ResRepTyp <> 'F' 
   and a.ResChtNum = b.PbsChtNum 
 order by a.ResLabCod 


[2018-11-08 오후 12:06:52] SqlStr :  select a.ResAcpDte, a.ResAcpCod, a.ResAcpNum, a.ResSpmCod, a.ResChtNum, b.PbsPatNam, a.ResLabCod 
  from ResInf a, PbsInf b 
 where a.ResSpmNum = '1820045063'
   and a.ResAcpCod = 'URI' 
   and a.ResMzhTyp <> 'L' 
   and a.ResRepTyp <> 'F' 
   and a.ResChtNum = b.PbsChtNum 
 order by a.ResLabCod 


[2018-11-08 오후 12:06:52] sOrdList : 20181108|URI/57/U01|238504|나롱|1|005|

[2018-11-08 오후 12:07:00] SqlStr :  select a.ResAcpDte, a.ResAcpCod, a.ResAcpNum, a.ResSpmCod, a.ResChtNum, b.PbsPatNam, a.ResLabCod 
  from ResInf a, PbsInf b 
 where a.ResSpmNum = '1820045117'
   and a.ResAcpCod = 'URI' 
   and a.ResMzhTyp <> 'L' 
   and a.ResRepTyp <> 'F' 
   and a.ResChtNum = b.PbsChtNum 
 order by a.ResLabCod 


[2018-11-08 오후 12:07:00] sOrdList : 20181108|URI/61/U01|168693|주희석|1|005|

[2018-11-08 오후 12:07:03] SqlStr :  select a.ResAcpDte, a.ResAcpCod, a.ResAcpNum, a.ResSpmCod, a.ResChtNum, b.PbsPatNam, a.ResLabCod 
  from ResInf a, PbsInf b 
 where a.ResSpmNum = '1820045095'
   and a.ResAcpCod = 'URI' 
   and a.ResMzhTyp <> 'L' 
   and a.ResRepTyp <> 'F' 
   and a.ResChtNum = b.PbsChtNum 
 order by a.ResLabCod 


[2018-11-08 오후 12:07:08] SqlStr :  select a.ResAcpDte, a.ResAcpCod, a.ResAcpNum, a.ResSpmCod, a.ResChtNum, b.PbsPatNam, a.ResLabCod 
  from ResInf a, PbsInf b 
 where a.ResSpmNum = '1820045007'
   and a.ResAcpCod = 'URI' 
   and a.ResMzhTyp <> 'L' 
   and a.ResRepTyp <> 'F' 
   and a.ResChtNum = b.PbsChtNum 
 order by a.ResLabCod 


[2018-11-08 오후 12:07:08] sOrdList : 20181108|URI/67/U01|123266|한득주|1|005|

[2018-11-08 오후 12:07:22] SqlStr :  select a.ResAcpDte, a.ResAcpCod, a.ResAcpNum, a.ResSpmCod, a.ResChtNum, b.PbsPatNam, a.ResLabCod 
  from ResInf a, PbsInf b 
 where a.ResSpmNum = '1820044937'
   and a.ResAcpCod = 'URI' 
   and a.ResMzhTyp <> 'L' 
   and a.ResRepTyp <> 'F' 
   and a.ResChtNum = b.PbsChtNum 
 order by a.ResLabCod 


[2018-11-08 오후 12:07:22] sOrdList : 20181108|URI/45/U01|284529|김미리|1|005|

[2018-11-08 오후 12:07:27] SqlStr :  select a.ResAcpDte, a.ResAcpCod, a.ResAcpNum, a.ResSpmCod, a.ResChtNum, b.PbsPatNam, a.ResLabCod 
  from ResInf a, PbsInf b 
 where a.ResSpmNum = '1820045092'
   and a.ResAcpCod = 'URI' 
   and a.ResMzhTyp <> 'L' 
   and a.ResRepTyp <> 'F' 
   and a.ResChtNum = b.PbsChtNum 
 order by a.ResLabCod 


[2018-11-08 오후 12:07:41] SqlStr :  select a.ResAcpDte, a.ResAcpCod, a.ResAcpNum, a.ResSpmCod, a.ResChtNum, b.PbsPatNam, a.ResLabCod 
  from ResInf a, PbsInf b 
 where a.ResSpmNum = '1820045004'
   and a.ResAcpCod = 'URI' 
   and a.ResMzhTyp <> 'L' 
   and a.ResRepTyp <> 'F' 
   and a.ResChtNum = b.PbsChtNum 
 order by a.ResLabCod 


[2018-11-08 오후 12:07:41] sOrdList : 20181108|URI/50/U01|27687|장미영|1|005|

[2018-11-08 오후 12:07:49] SqlStr :  select a.ResAcpDte, a.ResAcpCod, a.ResAcpNum, a.ResSpmCod, a.ResChtNum, b.PbsPatNam, a.ResLabCod 
  from ResInf a, PbsInf b 
 where a.ResSpmNum = '1820045066'
   and a.ResAcpCod = 'URI' 
   and a.ResMzhTyp <> 'L' 
   and a.ResRepTyp <> 'F' 
   and a.ResChtNum = b.PbsChtNum 
 order by a.ResLabCod 


[2018-11-08 오후 12:07:49] sOrdList : 20181108|URI/56/U01|177029|박지성|1|005|

[2018-11-08 오후 12:07:53] SqlStr :  select a.ResAcpDte, a.ResAcpCod, a.ResAcpNum, a.ResSpmCod, a.ResChtNum, b.PbsPatNam, a.ResLabCod 
  from ResInf a, PbsInf b 
 where a.ResSpmNum = '1820044945'
   and a.ResAcpCod = 'URI' 
   and a.ResMzhTyp <> 'L' 
   and a.ResRepTyp <> 'F' 
   and a.ResChtNum = b.PbsChtNum 
 order by a.ResLabCod 


[2018-11-08 오후 12:07:59] SqlStr :  select a.ResAcpDte, a.ResAcpCod, a.ResAcpNum, a.ResSpmCod, a.ResChtNum, b.PbsPatNam, a.ResLabCod 
  from ResInf a, PbsInf b 
 where a.ResSpmNum = '1820045088'
   and a.ResAcpCod = 'URI' 
   and a.ResMzhTyp <> 'L' 
   and a.ResRepTyp <> 'F' 
   and a.ResChtNum = b.PbsChtNum 
 order by a.ResLabCod 


[2018-11-08 오후 12:07:59] sOrdList : 20181108|URI/60/U01|254169|전병민|1|005|

[2018-11-08 오후 12:08:12] SqlStr :  select a.ResAcpDte, a.ResAcpCod, a.ResAcpNum, a.ResSpmCod, a.ResChtNum, b.PbsPatNam, a.ResLabCod 
  from ResInf a, PbsInf b 
 where a.ResSpmNum = '1820045057'
   and a.ResAcpCod = 'URI' 
   and a.ResMzhTyp <> 'L' 
   and a.ResRepTyp <> 'F' 
   and a.ResChtNum = b.PbsChtNum 
 order by a.ResLabCod 


[2018-11-08 오후 12:08:12] sOrdList : 20181108|URI/65/U01|234587|박관석|1|005|

[2018-11-08 오후 12:08:20] SqlStr :  select a.ResAcpDte, a.ResAcpCod, a.ResAcpNum, a.ResSpmCod, a.ResChtNum, b.PbsPatNam, a.ResLabCod 
  from ResInf a, PbsInf b 
 where a.ResSpmNum = '1800147627'
   and a.ResAcpCod = 'URI' 
   and a.ResMzhTyp <> 'L' 
   and a.ResRepTyp <> 'F' 
   and a.ResChtNum = b.PbsChtNum 
 order by a.ResLabCod 


[2018-11-08 오후 12:08:32] SqlStr :  select a.ResAcpDte, a.ResAcpCod, a.ResAcpNum, a.ResSpmCod, a.ResChtNum, b.PbsPatNam, a.ResLabCod 
  from ResInf a, PbsInf b 
 where a.ResSpmNum = '1820044993'
   and a.ResAcpCod = 'URI' 
   and a.ResMzhTyp <> 'L' 
   and a.ResRepTyp <> 'F' 
   and a.ResChtNum = b.PbsChtNum 
 order by a.ResLabCod 


[2018-11-08 오후 12:08:32] sOrdList : 20181108|URI/72/U01|158069|김명수|1|005|

[2018-11-08 오후 12:08:33] SqlStr :  select a.ResAcpDte, a.ResAcpCod, a.ResAcpNum, a.ResSpmCod, a.ResChtNum, b.PbsPatNam, a.ResLabCod 
  from ResInf a, PbsInf b 
 where a.ResSpmNum = '1800147620'
   and a.ResAcpCod = 'URI' 
   and a.ResMzhTyp <> 'L' 
   and a.ResRepTyp <> 'F' 
   and a.ResChtNum = b.PbsChtNum 
 order by a.ResLabCod 


[2018-11-08 오후 12:08:39] SqlStr :  select a.ResAcpDte, a.ResAcpCod, a.ResAcpNum, a.ResSpmCod, a.ResChtNum, b.PbsPatNam, a.ResLabCod 
  from ResInf a, PbsInf b 
 where a.ResSpmNum = '1820045085'
   and a.ResAcpCod = 'URI' 
   and a.ResMzhTyp <> 'L' 
   and a.ResRepTyp <> 'F' 
   and a.ResChtNum = b.PbsChtNum 
 order by a.ResLabCod 


[2018-11-08 오후 12:08:39] sOrdList : 20181108|URI/71/U01|17717|박영철|1|005|

[2018-11-08 오후 12:09:14] SqlStr :  select a.ResAcpDte, a.ResAcpCod, a.ResAcpNum, a.ResSpmCod, a.ResChtNum, b.PbsPatNam, a.ResLabCod 
  from ResInf a, PbsInf b 
 where a.ResSpmNum = '1820045095'
   and a.ResAcpCod = 'URI' 
   and a.ResMzhTyp <> 'L' 
   and a.ResRepTyp <> 'F' 
   and a.ResChtNum = b.PbsChtNum 
 order by a.ResLabCod 


[2018-11-08 오후 12:09:14] sOrdList : 20181108|URI/76/U01|157565|이현두|1|005|

[2018-11-08 오후 12:09:31] SqlStr :  select a.ResAcpDte, a.ResAcpCod, a.ResAcpNum, a.ResSpmCod, a.ResChtNum, b.PbsPatNam, a.ResLabCod 
  from ResInf a, PbsInf b 
 where a.ResSpmNum = '1820045092'
   and a.ResAcpCod = 'URI' 
   and a.ResMzhTyp <> 'L' 
   and a.ResRepTyp <> 'F' 
   and a.ResChtNum = b.PbsChtNum 
 order by a.ResLabCod 


[2018-11-08 오후 12:09:31] sOrdList : 20181108|URI/84/U01|284537|조경록|1|005|

[2018-11-08 오후 12:09:43] SqlStr :  select a.ResAcpDte, a.ResAcpCod, a.ResAcpNum, a.ResSpmCod, a.ResChtNum, b.PbsPatNam, a.ResLabCod 
  from ResInf a, PbsInf b 
 where a.ResSpmNum = '1820044945'
   and a.ResAcpCod = 'URI' 
   and a.ResMzhTyp <> 'L' 
   and a.ResRepTyp <> 'F' 
   and a.ResChtNum = b.PbsChtNum 
 order by a.ResLabCod 


[2018-11-08 오후 12:09:43] sOrdList : 20181108|URI/83/U01|36735|유재우|1|005|

[2018-11-08 오후 12:10:10] SqlStr :  select a.ResAcpDte, a.ResAcpCod, a.ResAcpNum, a.ResSpmCod, a.ResChtNum, b.PbsPatNam, a.ResLabCod 
  from ResInf a, PbsInf b 
 where a.ResSpmNum = '1800147627'
   and a.ResAcpCod = 'URI' 
   and a.ResMzhTyp <> 'L' 
   and a.ResRepTyp <> 'F' 
   and a.ResChtNum = b.PbsChtNum 
 order by a.ResLabCod 


[2018-11-08 오후 12:10:10] sOrdList : 20181108|URI/89/U01|76144|박필숙|18|001|002|003|004|005|006|007|008|009|010|011|012|026|027|028|029|030|031|

[2018-11-08 오후 12:10:13] SqlStr :  select a.ResAcpDte, a.ResAcpCod, a.ResAcpNum, a.ResSpmCod, a.ResChtNum, b.PbsPatNam, a.ResLabCod 
  from ResInf a, PbsInf b 
 where a.ResSpmNum = '1820045066'
   and a.ResAcpCod = 'URI' 
   and a.ResMzhTyp <> 'L' 
   and a.ResRepTyp <> 'F' 
   and a.ResChtNum = b.PbsChtNum 
 order by a.ResLabCod 


[2018-11-08 오후 12:10:17] SqlStr :  select a.ResAcpDte, a.ResAcpCod, a.ResAcpNum, a.ResSpmCod, a.ResChtNum, b.PbsPatNam, a.ResLabCod 
  from ResInf a, PbsInf b 
 where a.ResSpmNum = '1820045088'
   and a.ResAcpCod = 'URI' 
   and a.ResMzhTyp <> 'L' 
   and a.ResRepTyp <> 'F' 
   and a.ResChtNum = b.PbsChtNum 
 order by a.ResLabCod 


[2018-11-08 오후 12:10:19] SqlStr :  select a.ResAcpDte, a.ResAcpCod, a.ResAcpNum, a.ResSpmCod, a.ResChtNum, b.PbsPatNam, a.ResLabCod 
  from ResInf a, PbsInf b 
 where a.ResSpmNum = '1820045057'
   and a.ResAcpCod = 'URI' 
   and a.ResMzhTyp <> 'L' 
   and a.ResRepTyp <> 'F' 
   and a.ResChtNum = b.PbsChtNum 
 order by a.ResLabCod 


[2018-11-08 오후 12:10:23] SqlStr :  select a.ResAcpDte, a.ResAcpCod, a.ResAcpNum, a.ResSpmCod, a.ResChtNum, b.PbsPatNam, a.ResLabCod 
  from ResInf a, PbsInf b 
 where a.ResSpmNum = '1800147620'
   and a.ResAcpCod = 'URI' 
   and a.ResMzhTyp <> 'L' 
   and a.ResRepTyp <> 'F' 
   and a.ResChtNum = b.PbsChtNum 
 order by a.ResLabCod 


[2018-11-08 오후 12:10:23] sOrdList : 20181108|URI/88/U01|258579|김종분|18|001|002|003|004|005|006|007|008|009|010|011|012|026|027|028|029|030|031|

[2018-11-08 오후 12:10:24] SqlStr :  select a.ResAcpDte, a.ResAcpCod, a.ResAcpNum, a.ResSpmCod, a.ResChtNum, b.PbsPatNam, a.ResLabCod 
  from ResInf a, PbsInf b 
 where a.ResSpmNum = '1820044993'
   and a.ResAcpCod = 'URI' 
   and a.ResMzhTyp <> 'L' 
   and a.ResRepTyp <> 'F' 
   and a.ResChtNum = b.PbsChtNum 
 order by a.ResLabCod 


[2018-11-08 오후 12:10:27] SqlStr :  select a.ResAcpDte, a.ResAcpCod, a.ResAcpNum, a.ResSpmCod, a.ResChtNum, b.PbsPatNam, a.ResLabCod 
  from ResInf a, PbsInf b 
 where a.ResSpmNum = '1820045085'
   and a.ResAcpCod = 'URI' 
   and a.ResMzhTyp <> 'L' 
   and a.ResRepTyp <> 'F' 
   and a.ResChtNum = b.PbsChtNum 
 order by a.ResLabCod 


[2018-11-08 오후 12:10:40] SqlStr :  select a.ResAcpDte, a.ResAcpCod, a.ResAcpNum, a.ResSpmCod, a.ResChtNum, b.PbsPatNam, a.ResLabCod 
  from ResInf a, PbsInf b 
 where a.ResSpmNum = '1820045095'
   and a.ResAcpCod = 'URI' 
   and a.ResMzhTyp <> 'L' 
   and a.ResRepTyp <> 'F' 
   and a.ResChtNum = b.PbsChtNum 
 order by a.ResLabCod 


[2018-11-08 오후 12:10:42] SqlStr :  select a.ResAcpDte, a.ResAcpCod, a.ResAcpNum, a.ResSpmCod, a.ResChtNum, b.PbsPatNam, a.ResLabCod 
  from ResInf a, PbsInf b 
 where a.ResSpmNum = '1820045129'
   and a.ResAcpCod = 'URI' 
   and a.ResMzhTyp <> 'L' 
   and a.ResRepTyp <> 'F' 
   and a.ResChtNum = b.PbsChtNum 
 order by a.ResLabCod 


[2018-11-08 오후 12:10:42] sOrdList : 20181108|URI/81/U01|10448|서현수|1|005|

[2018-11-08 오후 12:10:44] SqlStr :  select a.ResAcpDte, a.ResAcpCod, a.ResAcpNum, a.ResSpmCod, a.ResChtNum, b.PbsPatNam, a.ResLabCod 
  from ResInf a, PbsInf b 
 where a.ResSpmNum = '1820045098'
   and a.ResAcpCod = 'URI' 
   and a.ResMzhTyp <> 'L' 
   and a.ResRepTyp <> 'F' 
   and a.ResChtNum = b.PbsChtNum 
 order by a.ResLabCod 


[2018-11-08 오후 12:10:47] SqlStr :  select a.ResAcpDte, a.ResAcpCod, a.ResAcpNum, a.ResSpmCod, a.ResChtNum, b.PbsPatNam, a.ResLabCod 
  from ResInf a, PbsInf b 
 where a.ResSpmNum = '1820045092'
   and a.ResAcpCod = 'URI' 
   and a.ResMzhTyp <> 'L' 
   and a.ResRepTyp <> 'F' 
   and a.ResChtNum = b.PbsChtNum 
 order by a.ResLabCod 


[2018-11-08 오후 12:10:51] SqlStr :  select a.ResAcpDte, a.ResAcpCod, a.ResAcpNum, a.ResSpmCod, a.ResChtNum, b.PbsPatNam, a.ResLabCod 
  from ResInf a, PbsInf b 
 where a.ResSpmNum = '1820044945'
   and a.ResAcpCod = 'URI' 
   and a.ResMzhTyp <> 'L' 
   and a.ResRepTyp <> 'F' 
   and a.ResChtNum = b.PbsChtNum 
 order by a.ResLabCod 


[2018-11-08 오후 12:14:27] SqlStr :  select a.ResAcpDte, a.ResAcpCod, a.ResAcpNum, a.ResSpmCod, a.ResChtNum, b.PbsPatNam, a.ResLabCod 
  from ResInf a, PbsInf b 
 where a.ResSpmNum = '1820044967'
   and a.ResAcpCod = 'URI' 
   and a.ResMzhTyp <> 'L' 
   and a.ResRepTyp <> 'F' 
   and a.ResChtNum = b.PbsChtNum 
 order by a.ResLabCod 


[2018-11-08 오후 12:14:27] sOrdList : 20181108|URI/80/U01|94702|박중철|1|005|

[2018-11-08 오후 12:19:08] SqlStr :  select a.ResAcpDte, a.ResAcpCod, a.ResAcpNum, a.ResSpmCod, a.ResChtNum, b.PbsPatNam, a.ResLabCod 
  from ResInf a, PbsInf b 
 where a.ResSpmNum = '1820045098'
   and a.ResAcpCod = 'URI' 
   and a.ResMzhTyp <> 'L' 
   and a.ResRepTyp <> 'F' 
   and a.ResChtNum = b.PbsChtNum 
 order by a.ResLabCod 


[2018-11-08 오후 12:19:08] sOrdList : 20181108|URI/75/U01|279698|이택근|1|005|

[2018-11-08 오후 12:26:38] SqlStr :  select a.ResAcpDte, a.ResAcpCod, a.ResAcpNum, a.ResSpmCod, a.ResChtNum, b.PbsPatNam, a.ResLabCod 
  from ResInf a, PbsInf b 
 where a.ResSpmNum = '1820045143'
   and a.ResAcpCod = 'URI' 
   and a.ResMzhTyp <> 'L' 
   and a.ResRepTyp <> 'F' 
   and a.ResChtNum = b.PbsChtNum 
 order by a.ResLabCod 


[2018-11-08 오후 12:28:24] SqlStr :  select a.ResAcpDte, a.ResAcpCod, a.ResAcpNum, a.ResSpmCod, a.ResChtNum, b.PbsPatNam, a.ResLabCod 
  from ResInf a, PbsInf b 
 where a.ResSpmNum = '1820045143'
   and a.ResAcpCod = 'URI' 
   and a.ResMzhTyp <> 'L' 
   and a.ResRepTyp <> 'F' 
   and a.ResChtNum = b.PbsChtNum 
 order by a.ResLabCod 


[2018-11-08 오후 12:28:24] sOrdList : 20181108|URI/90/U01|30392|성윤제|1|005|

[2018-11-08 오후 12:31:50] SqlStr :  select a.ResAcpDte, a.ResAcpCod, a.ResAcpNum, a.ResSpmCod, a.ResChtNum, b.PbsPatNam, a.ResLabCod 
  from ResInf a, PbsInf b 
 where a.ResSpmNum = '1820045143'
   and a.ResAcpCod = 'URI' 
   and a.ResMzhTyp <> 'L' 
   and a.ResRepTyp <> 'F' 
   and a.ResChtNum = b.PbsChtNum 
 order by a.ResLabCod 


[2018-11-08 오후 1:52:22] SqlStr :  select a.ResAcpDte, a.ResAcpCod, a.ResAcpNum, a.ResSpmCod, a.ResChtNum, b.PbsPatNam, a.ResLabCod 
  from ResInf a, PbsInf b 
 where a.ResSpmNum = 'QC-UK0050LL'
   and a.ResAcpCod = 'URI' 
   and a.ResMzhTyp <> 'L' 
   and a.ResRepTyp <> 'F' 
   and a.ResChtNum = b.PbsChtNum 
 order by a.ResLabCod 


[2018-11-08 오후 1:52:22] sOrdList : 

[2018-11-08 오후 1:53:23] SqlStr :  select a.ResAcpDte, a.ResAcpCod, a.ResAcpNum, a.ResSpmCod, a.ResChtNum, b.PbsPatNam, a.ResLabCod 
  from ResInf a, PbsInf b 
 where a.ResSpmNum = 'QC-UC01808L'
   and a.ResAcpCod = 'URI' 
   and a.ResMzhTyp <> 'L' 
   and a.ResRepTyp <> 'F' 
   and a.ResChtNum = b.PbsChtNum 
 order by a.ResLabCod 


[2018-11-08 오후 1:53:23] sOrdList : 

[2018-11-08 오후 1:53:35] SqlStr :  select a.ResAcpDte, a.ResAcpCod, a.ResAcpNum, a.ResSpmCod, a.ResChtNum, b.PbsPatNam, a.ResLabCod 
  from ResInf a, PbsInf b 
 where a.ResSpmNum = 'QC-UC01808H'
   and a.ResAcpCod = 'URI' 
   and a.ResMzhTyp <> 'L' 
   and a.ResRepTyp <> 'F' 
   and a.ResChtNum = b.PbsChtNum 
 order by a.ResLabCod 


[2018-11-08 오후 1:53:35] sOrdList : 

[2018-11-08 오후 1:54:44] SqlStr :  select a.ResAcpDte, a.ResAcpCod, a.ResAcpNum, a.ResSpmCod, a.ResChtNum, b.PbsPatNam, a.ResLabCod 
  from ResInf a, PbsInf b 
 where a.ResSpmNum = 'QC-UK0050HL'
   and a.ResAcpCod = 'URI' 
   and a.ResMzhTyp <> 'L' 
   and a.ResRepTyp <> 'F' 
   and a.ResChtNum = b.PbsChtNum 
 order by a.ResLabCod 


[2018-11-08 오후 1:54:44] sOrdList : 

[2018-11-08 오후 2:11:22] SqlStr :  select a.ResAcpDte, a.ResAcpCod, a.ResAcpNum, a.ResSpmCod, a.ResChtNum, b.PbsPatNam, a.ResLabCod 
  from ResInf a, PbsInf b 
 where a.ResSpmNum = '1810147677'
   and a.ResAcpCod = 'URI' 
   and a.ResMzhTyp <> 'L' 
   and a.ResRepTyp <> 'F' 
   and a.ResChtNum = b.PbsChtNum 
 order by a.ResLabCod 


[2018-11-08 오후 2:11:26] SqlStr :  select a.ResAcpDte, a.ResAcpCod, a.ResAcpNum, a.ResSpmCod, a.ResChtNum, b.PbsPatNam, a.ResLabCod 
  from ResInf a, PbsInf b 
 where a.ResSpmNum = '1810147672'
   and a.ResAcpCod = 'URI' 
   and a.ResMzhTyp <> 'L' 
   and a.ResRepTyp <> 'F' 
   and a.ResChtNum = b.PbsChtNum 
 order by a.ResLabCod 


[2018-11-08 오후 2:11:29] SqlStr :  select a.ResAcpDte, a.ResAcpCod, a.ResAcpNum, a.ResSpmCod, a.ResChtNum, b.PbsPatNam, a.ResLabCod 
  from ResInf a, PbsInf b 
 where a.ResSpmNum = '1810147641'
   and a.ResAcpCod = 'URI' 
   and a.ResMzhTyp <> 'L' 
   and a.ResRepTyp <> 'F' 
   and a.ResChtNum = b.PbsChtNum 
 order by a.ResLabCod 


[2018-11-08 오후 2:11:59] SqlStr :  select a.ResAcpDte, a.ResAcpCod, a.ResAcpNum, a.ResSpmCod, a.ResChtNum, b.PbsPatNam, a.ResLabCod 
  from ResInf a, PbsInf b 
 where a.ResSpmNum = '1810147648'
   and a.ResAcpCod = 'URI' 
   and a.ResMzhTyp <> 'L' 
   and a.ResRepTyp <> 'F' 
   and a.ResChtNum = b.PbsChtNum 
 order by a.ResLabCod 


[2018-11-08 오후 2:12:11] SqlStr :  select a.ResAcpDte, a.ResAcpCod, a.ResAcpNum, a.ResSpmCod, a.ResChtNum, b.PbsPatNam, a.ResLabCod 
  from ResInf a, PbsInf b 
 where a.ResSpmNum = '1810147694'
   and a.ResAcpCod = 'URI' 
   and a.ResMzhTyp <> 'L' 
   and a.ResRepTyp <> 'F' 
   and a.ResChtNum = b.PbsChtNum 
 order by a.ResLabCod 


[2018-11-08 오후 2:12:25] SqlStr :  select a.ResAcpDte, a.ResAcpCod, a.ResAcpNum, a.ResSpmCod, a.ResChtNum, b.PbsPatNam, a.ResLabCod 
  from ResInf a, PbsInf b 
 where a.ResSpmNum = '1820045028'
   and a.ResAcpCod = 'URI' 
   and a.ResMzhTyp <> 'L' 
   and a.ResRepTyp <> 'F' 
   and a.ResChtNum = b.PbsChtNum 
 order by a.ResLabCod 


[2018-11-08 오후 2:12:37] SqlStr :  select a.ResAcpDte, a.ResAcpCod, a.ResAcpNum, a.ResSpmCod, a.ResChtNum, b.PbsPatNam, a.ResLabCod 
  from ResInf a, PbsInf b 
 where a.ResSpmNum = '1820045154'
   and a.ResAcpCod = 'URI' 
   and a.ResMzhTyp <> 'L' 
   and a.ResRepTyp <> 'F' 
   and a.ResChtNum = b.PbsChtNum 
 order by a.ResLabCod 


[2018-11-08 오후 2:13:10] SqlStr :  select a.ResAcpDte, a.ResAcpCod, a.ResAcpNum, a.ResSpmCod, a.ResChtNum, b.PbsPatNam, a.ResLabCod 
  from ResInf a, PbsInf b 
 where a.ResSpmNum = '1810147677'
   and a.ResAcpCod = 'URI' 
   and a.ResMzhTyp <> 'L' 
   and a.ResRepTyp <> 'F' 
   and a.ResChtNum = b.PbsChtNum 
 order by a.ResLabCod 


[2018-11-08 오후 2:13:10] sOrdList : 20181108|URI/93/U01|149350|김종민|18|001|002|003|004|005|006|007|008|009|010|011|012|026|027|028|029|030|031|

[2018-11-08 오후 2:13:22] SqlStr :  select a.ResAcpDte, a.ResAcpCod, a.ResAcpNum, a.ResSpmCod, a.ResChtNum, b.PbsPatNam, a.ResLabCod 
  from ResInf a, PbsInf b 
 where a.ResSpmNum = '1810147672'
   and a.ResAcpCod = 'URI' 
   and a.ResMzhTyp <> 'L' 
   and a.ResRepTyp <> 'F' 
   and a.ResChtNum = b.PbsChtNum 
 order by a.ResLabCod 


[2018-11-08 오후 2:13:22] sOrdList : 20181108|URI/92/U01|171787|이충규|18|001|002|003|004|005|006|007|008|009|010|011|012|026|027|028|029|030|031|

[2018-11-08 오후 2:13:35] SqlStr :  select a.ResAcpDte, a.ResAcpCod, a.ResAcpNum, a.ResSpmCod, a.ResChtNum, b.PbsPatNam, a.ResLabCod 
  from ResInf a, PbsInf b 
 where a.ResSpmNum = '1810147641'
   and a.ResAcpCod = 'URI' 
   and a.ResMzhTyp <> 'L' 
   and a.ResRepTyp <> 'F' 
   and a.ResChtNum = b.PbsChtNum 
 order by a.ResLabCod 


[2018-11-08 오후 2:13:35] sOrdList : 20181108|URI/97/U01|7905|진병헌|18|001|002|003|004|005|006|007|008|009|010|011|012|026|027|028|029|030|031|

[2018-11-08 오후 2:13:49] SqlStr :  select a.ResAcpDte, a.ResAcpCod, a.ResAcpNum, a.ResSpmCod, a.ResChtNum, b.PbsPatNam, a.ResLabCod 
  from ResInf a, PbsInf b 
 where a.ResSpmNum = '1810147648'
   and a.ResAcpCod = 'URI' 
   and a.ResMzhTyp <> 'L' 
   and a.ResRepTyp <> 'F' 
   and a.ResChtNum = b.PbsChtNum 
 order by a.ResLabCod 


[2018-11-08 오후 2:13:49] sOrdList : 20181108|URI/91/U01|54159|한재교|18|001|002|003|004|005|006|007|008|009|010|011|012|026|027|028|029|030|031|

[2018-11-08 오후 2:14:02] SqlStr :  select a.ResAcpDte, a.ResAcpCod, a.ResAcpNum, a.ResSpmCod, a.ResChtNum, b.PbsPatNam, a.ResLabCod 
  from ResInf a, PbsInf b 
 where a.ResSpmNum = '1810147694'
   and a.ResAcpCod = 'URI' 
   and a.ResMzhTyp <> 'L' 
   and a.ResRepTyp <> 'F' 
   and a.ResChtNum = b.PbsChtNum 
 order by a.ResLabCod 


[2018-11-08 오후 2:14:02] sOrdList : 20181108|URI/96/U01|284076|송지숙|18|001|002|003|004|005|006|007|008|009|010|011|012|026|027|028|029|030|031|

[2018-11-08 오후 2:14:15] SqlStr :  select a.ResAcpDte, a.ResAcpCod, a.ResAcpNum, a.ResSpmCod, a.ResChtNum, b.PbsPatNam, a.ResLabCod 
  from ResInf a, PbsInf b 
 where a.ResSpmNum = '1820045028'
   and a.ResAcpCod = 'URI' 
   and a.ResMzhTyp <> 'L' 
   and a.ResRepTyp <> 'F' 
   and a.ResChtNum = b.PbsChtNum 
 order by a.ResLabCod 


[2018-11-08 오후 2:14:15] sOrdList : 20181108|URI/95/U01|166993|박미숙|1|005|

[2018-11-08 오후 2:14:28] SqlStr :  select a.ResAcpDte, a.ResAcpCod, a.ResAcpNum, a.ResSpmCod, a.ResChtNum, b.PbsPatNam, a.ResLabCod 
  from ResInf a, PbsInf b 
 where a.ResSpmNum = '1820045154'
   and a.ResAcpCod = 'URI' 
   and a.ResMzhTyp <> 'L' 
   and a.ResRepTyp <> 'F' 
   and a.ResChtNum = b.PbsChtNum 
 order by a.ResLabCod 


[2018-11-08 오후 2:14:28] sOrdList : 20181108|URI/94/U01|71549|김재철|1|005|

[2018-11-08 오후 2:17:54] SqlStr :  select a.ResAcpDte, a.ResAcpCod, a.ResAcpNum, a.ResSpmCod, a.ResChtNum, b.PbsPatNam, a.ResLabCod 
  from ResInf a, PbsInf b 
 where a.ResSpmNum = '1820045028'
   and a.ResAcpCod = 'URI' 
   and a.ResMzhTyp <> 'L' 
   and a.ResRepTyp <> 'F' 
   and a.ResChtNum = b.PbsChtNum 
 order by a.ResLabCod 


[2018-11-08 오후 2:17:57] SqlStr :  select a.ResAcpDte, a.ResAcpCod, a.ResAcpNum, a.ResSpmCod, a.ResChtNum, b.PbsPatNam, a.ResLabCod 
  from ResInf a, PbsInf b 
 where a.ResSpmNum = '1820045154'
   and a.ResAcpCod = 'URI' 
   and a.ResMzhTyp <> 'L' 
   and a.ResRepTyp <> 'F' 
   and a.ResChtNum = b.PbsChtNum 
 order by a.ResLabCod 


[2018-11-08 오후 3:01:14] SqlStr :  select a.ResAcpDte, a.ResAcpCod, a.ResAcpNum, a.ResSpmCod, a.ResChtNum, b.PbsPatNam, a.ResLabCod 
  from ResInf a, PbsInf b 
 where a.ResSpmNum = '1810147741'
   and a.ResAcpCod = 'URI' 
   and a.ResMzhTyp <> 'L' 
   and a.ResRepTyp <> 'F' 
   and a.ResChtNum = b.PbsChtNum 
 order by a.ResLabCod 


[2018-11-08 오후 3:01:17] SqlStr :  select a.ResAcpDte, a.ResAcpCod, a.ResAcpNum, a.ResSpmCod, a.ResChtNum, b.PbsPatNam, a.ResLabCod 
  from ResInf a, PbsInf b 
 where a.ResSpmNum = '1800147711'
   and a.ResAcpCod = 'URI' 
   and a.ResMzhTyp <> 'L' 
   and a.ResRepTyp <> 'F' 
   and a.ResChtNum = b.PbsChtNum 
 order by a.ResLabCod 


[2018-11-08 오후 3:01:20] SqlStr :  select a.ResAcpDte, a.ResAcpCod, a.ResAcpNum, a.ResSpmCod, a.ResChtNum, b.PbsPatNam, a.ResLabCod 
  from ResInf a, PbsInf b 
 where a.ResSpmNum = '1810147726'
   and a.ResAcpCod = 'URI' 
   and a.ResMzhTyp <> 'L' 
   and a.ResRepTyp <> 'F' 
   and a.ResChtNum = b.PbsChtNum 
 order by a.ResLabCod 


[2018-11-08 오후 3:01:49] SqlStr :  select a.ResAcpDte, a.ResAcpCod, a.ResAcpNum, a.ResSpmCod, a.ResChtNum, b.PbsPatNam, a.ResLabCod 
  from ResInf a, PbsInf b 
 where a.ResSpmNum = '1800147705'
   and a.ResAcpCod = 'URI' 
   and a.ResMzhTyp <> 'L' 
   and a.ResRepTyp <> 'F' 
   and a.ResChtNum = b.PbsChtNum 
 order by a.ResLabCod 


[2018-11-08 오후 3:03:01] SqlStr :  select a.ResAcpDte, a.ResAcpCod, a.ResAcpNum, a.ResSpmCod, a.ResChtNum, b.PbsPatNam, a.ResLabCod 
  from ResInf a, PbsInf b 
 where a.ResSpmNum = '1810147741'
   and a.ResAcpCod = 'URI' 
   and a.ResMzhTyp <> 'L' 
   and a.ResRepTyp <> 'F' 
   and a.ResChtNum = b.PbsChtNum 
 order by a.ResLabCod 


[2018-11-08 오후 3:03:01] sOrdList : 20181108|URI/100/U01|195764|강정규|18|001|002|003|004|005|006|007|008|009|010|011|012|026|027|028|029|030|031|

[2018-11-08 오후 3:03:14] SqlStr :  select a.ResAcpDte, a.ResAcpCod, a.ResAcpNum, a.ResSpmCod, a.ResChtNum, b.PbsPatNam, a.ResLabCod 
  from ResInf a, PbsInf b 
 where a.ResSpmNum = '1800147711'
   and a.ResAcpCod = 'URI' 
   and a.ResMzhTyp <> 'L' 
   and a.ResRepTyp <> 'F' 
   and a.ResChtNum = b.PbsChtNum 
 order by a.ResLabCod 


[2018-11-08 오후 3:03:14] sOrdList : 20181108|URI/98/U01|120489|명매화|18|001|002|003|004|005|006|007|008|009|010|011|012|026|027|028|029|030|031|

[2018-11-08 오후 3:03:28] SqlStr :  select a.ResAcpDte, a.ResAcpCod, a.ResAcpNum, a.ResSpmCod, a.ResChtNum, b.PbsPatNam, a.ResLabCod 
  from ResInf a, PbsInf b 
 where a.ResSpmNum = '1810147726'
   and a.ResAcpCod = 'URI' 
   and a.ResMzhTyp <> 'L' 
   and a.ResRepTyp <> 'F' 
   and a.ResChtNum = b.PbsChtNum 
 order by a.ResLabCod 


[2018-11-08 오후 3:03:28] sOrdList : 20181108|URI/99/U01|31477|명정근|18|001|002|003|004|005|006|007|008|009|010|011|012|026|027|028|029|030|031|

[2018-11-08 오후 3:03:40] SqlStr :  select a.ResAcpDte, a.ResAcpCod, a.ResAcpNum, a.ResSpmCod, a.ResChtNum, b.PbsPatNam, a.ResLabCod 
  from ResInf a, PbsInf b 
 where a.ResSpmNum = '1800147705'
   and a.ResAcpCod = 'URI' 
   and a.ResMzhTyp <> 'L' 
   and a.ResRepTyp <> 'F' 
   and a.ResChtNum = b.PbsChtNum 
 order by a.ResLabCod 


[2018-11-08 오후 3:03:40] sOrdList : 20181108|URI/101/U01|58926|김주화|18|001|002|003|004|005|006|007|008|009|010|011|012|026|027|028|029|030|031|

[2018-11-08 오후 3:08:39] SqlStr :  select a.ResAcpDte, a.ResAcpCod, a.ResAcpNum, a.ResSpmCod, a.ResChtNum, b.PbsPatNam, a.ResLabCod 
  from ResInf a, PbsInf b 
 where a.ResSpmNum = '1810147689'
   and a.ResAcpCod = 'URI' 
   and a.ResMzhTyp <> 'L' 
   and a.ResRepTyp <> 'F' 
   and a.ResChtNum = b.PbsChtNum 
 order by a.ResLabCod 


[2018-11-08 오후 3:08:42] SqlStr :  select a.ResAcpDte, a.ResAcpCod, a.ResAcpNum, a.ResSpmCod, a.ResChtNum, b.PbsPatNam, a.ResLabCod 
  from ResInf a, PbsInf b 
 where a.ResSpmNum = '1810147656'
   and a.ResAcpCod = 'URI' 
   and a.ResMzhTyp <> 'L' 
   and a.ResRepTyp <> 'F' 
   and a.ResChtNum = b.PbsChtNum 
 order by a.ResLabCod 


[2018-11-08 오후 3:10:06] SqlStr :  select a.ResAcpDte, a.ResAcpCod, a.ResAcpNum, a.ResSpmCod, a.ResChtNum, b.PbsPatNam, a.ResLabCod 
  from ResInf a, PbsInf b 
 where a.ResSpmNum = '1800147686'
   and a.ResAcpCod = 'URI' 
   and a.ResMzhTyp <> 'L' 
   and a.ResRepTyp <> 'F' 
   and a.ResChtNum = b.PbsChtNum 
 order by a.ResLabCod 


[2018-11-08 오후 3:10:27] SqlStr :  select a.ResAcpDte, a.ResAcpCod, a.ResAcpNum, a.ResSpmCod, a.ResChtNum, b.PbsPatNam, a.ResLabCod 
  from ResInf a, PbsInf b 
 where a.ResSpmNum = '1810147689'
   and a.ResAcpCod = 'URI' 
   and a.ResMzhTyp <> 'L' 
   and a.ResRepTyp <> 'F' 
   and a.ResChtNum = b.PbsChtNum 
 order by a.ResLabCod 


[2018-11-08 오후 3:10:27] sOrdList : 20181108|URI/104/U01|284523|한영철|18|001|002|003|004|005|006|007|008|009|010|011|012|026|027|028|029|030|031|

[2018-11-08 오후 3:10:47] SqlStr :  select a.ResAcpDte, a.ResAcpCod, a.ResAcpNum, a.ResSpmCod, a.ResChtNum, b.PbsPatNam, a.ResLabCod 
  from ResInf a, PbsInf b 
 where a.ResSpmNum = '1810147656'
   and a.ResAcpCod = 'URI' 
   and a.ResMzhTyp <> 'L' 
   and a.ResRepTyp <> 'F' 
   and a.ResChtNum = b.PbsChtNum 
 order by a.ResLabCod 


[2018-11-08 오후 3:10:47] sOrdList : 20181108|URI/103/U01|183904|한금선|18|001|002|003|004|005|006|007|008|009|010|011|012|026|027|028|029|030|031|

[2018-11-08 오후 3:11:58] SqlStr :  select a.ResAcpDte, a.ResAcpCod, a.ResAcpNum, a.ResSpmCod, a.ResChtNum, b.PbsPatNam, a.ResLabCod 
  from ResInf a, PbsInf b 
 where a.ResSpmNum = '1800147686'
   and a.ResAcpCod = 'URI' 
   and a.ResMzhTyp <> 'L' 
   and a.ResRepTyp <> 'F' 
   and a.ResChtNum = b.PbsChtNum 
 order by a.ResLabCod 


[2018-11-08 오후 3:11:58] sOrdList : 20181108|URI/102/U01|284556|가재경|18|001|002|003|004|005|006|007|008|009|010|011|012|026|027|028|029|030|031|

[2018-11-08 오후 4:27:39] SqlStr :  select a.ResAcpDte, a.ResAcpCod, a.ResAcpNum, a.ResSpmCod, a.ResChtNum, b.PbsPatNam, a.ResLabCod 
  from ResInf a, PbsInf b 
 where a.ResSpmNum = '1810147682'
   and a.ResAcpCod = 'URI' 
   and a.ResMzhTyp <> 'L' 
   and a.ResRepTyp <> 'F' 
   and a.ResChtNum = b.PbsChtNum 
 order by a.ResLabCod 


[2018-11-08 오후 4:27:42] SqlStr :  select a.ResAcpDte, a.ResAcpCod, a.ResAcpNum, a.ResSpmCod, a.ResChtNum, b.PbsPatNam, a.ResLabCod 
  from ResInf a, PbsInf b 
 where a.ResSpmNum = '1810147697'
   and a.ResAcpCod = 'URI' 
   and a.ResMzhTyp <> 'L' 
   and a.ResRepTyp <> 'F' 
   and a.ResChtNum = b.PbsChtNum 
 order by a.ResLabCod 


[2018-11-08 오후 4:29:09] SqlStr :  select a.ResAcpDte, a.ResAcpCod, a.ResAcpNum, a.ResSpmCod, a.ResChtNum, b.PbsPatNam, a.ResLabCod 
  from ResInf a, PbsInf b 
 where a.ResSpmNum = '1810147767'
   and a.ResAcpCod = 'URI' 
   and a.ResMzhTyp <> 'L' 
   and a.ResRepTyp <> 'F' 
   and a.ResChtNum = b.PbsChtNum 
 order by a.ResLabCod 


[2018-11-08 오후 4:29:29] SqlStr :  select a.ResAcpDte, a.ResAcpCod, a.ResAcpNum, a.ResSpmCod, a.ResChtNum, b.PbsPatNam, a.ResLabCod 
  from ResInf a, PbsInf b 
 where a.ResSpmNum = '1810147682'
   and a.ResAcpCod = 'URI' 
   and a.ResMzhTyp <> 'L' 
   and a.ResRepTyp <> 'F' 
   and a.ResChtNum = b.PbsChtNum 
 order by a.ResLabCod 


[2018-11-08 오후 4:29:29] sOrdList : 20181108|URI/106/U01|44555|장영옥|18|001|002|003|004|005|006|007|008|009|010|011|012|026|027|028|029|030|031|

[2018-11-08 오후 4:29:42] SqlStr :  select a.ResAcpDte, a.ResAcpCod, a.ResAcpNum, a.ResSpmCod, a.ResChtNum, b.PbsPatNam, a.ResLabCod 
  from ResInf a, PbsInf b 
 where a.ResSpmNum = '1810147697'
   and a.ResAcpCod = 'URI' 
   and a.ResMzhTyp <> 'L' 
   and a.ResRepTyp <> 'F' 
   and a.ResChtNum = b.PbsChtNum 
 order by a.ResLabCod 


[2018-11-08 오후 4:29:42] sOrdList : 20181108|URI/105/U01|7875|김시연|18|001|002|003|004|005|006|007|008|009|010|011|012|026|027|028|029|030|031|

[2018-11-08 오후 4:31:01] SqlStr :  select a.ResAcpDte, a.ResAcpCod, a.ResAcpNum, a.ResSpmCod, a.ResChtNum, b.PbsPatNam, a.ResLabCod 
  from ResInf a, PbsInf b 
 where a.ResSpmNum = '1810147767'
   and a.ResAcpCod = 'URI' 
   and a.ResMzhTyp <> 'L' 
   and a.ResRepTyp <> 'F' 
   and a.ResChtNum = b.PbsChtNum 
 order by a.ResLabCod 


[2018-11-08 오후 4:31:01] sOrdList : 20181108|URI/107/U01|172899|허도규|18|001|002|003|004|005|006|007|008|009|010|011|012|026|027|028|029|030|031|

[2018-11-08 오후 4:46:33] SqlStr :  select a.ResAcpDte, a.ResAcpCod, a.ResAcpNum, a.ResSpmCod, a.ResChtNum, b.PbsPatNam, a.ResLabCod 
  from ResInf a, PbsInf b 
 where a.ResSpmNum = '1810147732'
   and a.ResAcpCod = 'URI' 
   and a.ResMzhTyp <> 'L' 
   and a.ResRepTyp <> 'F' 
   and a.ResChtNum = b.PbsChtNum 
 order by a.ResLabCod 


[2018-11-08 오후 4:48:24] SqlStr :  select a.ResAcpDte, a.ResAcpCod, a.ResAcpNum, a.ResSpmCod, a.ResChtNum, b.PbsPatNam, a.ResLabCod 
  from ResInf a, PbsInf b 
 where a.ResSpmNum = '1810147732'
   and a.ResAcpCod = 'URI' 
   and a.ResMzhTyp <> 'L' 
   and a.ResRepTyp <> 'F' 
   and a.ResChtNum = b.PbsChtNum 
 order by a.ResLabCod 


[2018-11-08 오후 4:48:24] sOrdList : 20181108|URI/108/U01|277123|백영기|18|001|002|003|004|005|006|007|008|009|010|011|012|026|027|028|029|030|031|

[2018-11-08 오후 5:10:55] SqlStr :  select a.ResAcpDte, a.ResAcpCod, a.ResAcpNum, a.ResSpmCod, a.ResChtNum, b.PbsPatNam, a.ResLabCod 
  from ResInf a, PbsInf b 
 where a.ResSpmNum = '1810147790'
   and a.ResAcpCod = 'URI' 
   and a.ResMzhTyp <> 'L' 
   and a.ResRepTyp <> 'F' 
   and a.ResChtNum = b.PbsChtNum 
 order by a.ResLabCod 


[2018-11-08 오후 5:12:46] SqlStr :  select a.ResAcpDte, a.ResAcpCod, a.ResAcpNum, a.ResSpmCod, a.ResChtNum, b.PbsPatNam, a.ResLabCod 
  from ResInf a, PbsInf b 
 where a.ResSpmNum = '1810147790'
   and a.ResAcpCod = 'URI' 
   and a.ResMzhTyp <> 'L' 
   and a.ResRepTyp <> 'F' 
   and a.ResChtNum = b.PbsChtNum 
 order by a.ResLabCod 


[2018-11-08 오후 5:12:46] sOrdList : 20181108|URI/109/U01|147661|홍건표|18|001|002|003|004|005|006|007|008|009|010|011|012|026|027|028|029|030|031|

[2018-11-08 오후 5:42:45] SqlStr :  select a.ResAcpDte, a.ResAcpCod, a.ResAcpNum, a.ResSpmCod, a.ResChtNum, b.PbsPatNam, a.ResLabCod 
  from ResInf a, PbsInf b 
 where a.ResSpmNum = '1800147811'
   and a.ResAcpCod = 'URI' 
   and a.ResMzhTyp <> 'L' 
   and a.ResRepTyp <> 'F' 
   and a.ResChtNum = b.PbsChtNum 
 order by a.ResLabCod 


[2018-11-08 오후 5:44:37] SqlStr :  select a.ResAcpDte, a.ResAcpCod, a.ResAcpNum, a.ResSpmCod, a.ResChtNum, b.PbsPatNam, a.ResLabCod 
  from ResInf a, PbsInf b 
 where a.ResSpmNum = '1800147811'
   and a.ResAcpCod = 'URI' 
   and a.ResMzhTyp <> 'L' 
   and a.ResRepTyp <> 'F' 
   and a.ResChtNum = b.PbsChtNum 
 order by a.ResLabCod 


[2018-11-08 오후 5:44:37] sOrdList : 20181108|URI/110/U01|14102|문춘희|18|001|002|003|004|005|006|007|008|009|010|011|012|026|027|028|029|030|031|

[2018-11-08 오후 6:27:18] SqlStr :  select a.ResAcpDte, a.ResAcpCod, a.ResAcpNum, a.ResSpmCod, a.ResChtNum, b.PbsPatNam, a.ResLabCod 
  from ResInf a, PbsInf b 
 where a.ResSpmNum = '1800147843'
   and a.ResAcpCod = 'URI' 
   and a.ResMzhTyp <> 'L' 
   and a.ResRepTyp <> 'F' 
   and a.ResChtNum = b.PbsChtNum 
 order by a.ResLabCod 


[2018-11-08 오후 6:29:05] SqlStr :  select a.ResAcpDte, a.ResAcpCod, a.ResAcpNum, a.ResSpmCod, a.ResChtNum, b.PbsPatNam, a.ResLabCod 
  from ResInf a, PbsInf b 
 where a.ResSpmNum = '1800147843'
   and a.ResAcpCod = 'URI' 
   and a.ResMzhTyp <> 'L' 
   and a.ResRepTyp <> 'F' 
   and a.ResChtNum = b.PbsChtNum 
 order by a.ResLabCod 


[2018-11-08 오후 6:29:05] sOrdList : 20181108|URI/111/U01|4468|이복환|18|001|002|003|004|005|006|007|008|009|010|011|012|026|027|028|029|030|031|

[2018-11-08 오후 6:41:27] SqlStr :  select a.ResAcpDte, a.ResAcpCod, a.ResAcpNum, a.ResSpmCod, a.ResChtNum, b.PbsPatNam, a.ResLabCod 
  from ResInf a, PbsInf b 
 where a.ResSpmNum = '1800147843'
   and a.ResAcpCod = 'URI' 
   and a.ResMzhTyp <> 'L' 
   and a.ResRepTyp <> 'F' 
   and a.ResChtNum = b.PbsChtNum 
 order by a.ResLabCod 


[2018-11-08 오후 6:41:27] sOrdList : 20181108|URI/111/U01|4468|이복환|18|001|002|003|004|005|006|007|008|009|010|011|012|026|027|028|029|030|031|

