[2018-11-01 오전 7:13:01] SqlStr :  select a.ResAcpDte, a.ResAcpCod, a.ResAcpNum, a.ResSpmCod, a.ResChtNum, b.PbsPatNam, a.ResLabCod 
  from ResInf a, PbsInf b 
 where a.ResSpmNum = '1810143806'
   and a.ResAcpCod = 'URI' 
   and a.ResMzhTyp <> 'L' 
   and a.ResRepTyp <> 'F' 
   and a.ResChtNum = b.PbsChtNum 
 order by a.ResLabCod 


[2018-11-01 오전 7:13:04] SqlStr :  select a.ResAcpDte, a.ResAcpCod, a.ResAcpNum, a.ResSpmCod, a.ResChtNum, b.PbsPatNam, a.ResLabCod 
  from ResInf a, PbsInf b 
 where a.ResSpmNum = '1810143743'
   and a.ResAcpCod = 'URI' 
   and a.ResMzhTyp <> 'L' 
   and a.ResRepTyp <> 'F' 
   and a.ResChtNum = b.PbsChtNum 
 order by a.ResLabCod 


[2018-11-01 오전 7:13:37] SqlStr :  select a.ResAcpDte, a.ResAcpCod, a.ResAcpNum, a.ResSpmCod, a.ResChtNum, b.PbsPatNam, a.ResLabCod 
  from ResInf a, PbsInf b 
 where a.ResSpmNum = '1810143884'
   and a.ResAcpCod = 'URI' 
   and a.ResMzhTyp <> 'L' 
   and a.ResRepTyp <> 'F' 
   and a.ResChtNum = b.PbsChtNum 
 order by a.ResLabCod 


[2018-11-01 오전 7:13:50] SqlStr :  select a.ResAcpDte, a.ResAcpCod, a.ResAcpNum, a.ResSpmCod, a.ResChtNum, b.PbsPatNam, a.ResLabCod 
  from ResInf a, PbsInf b 
 where a.ResSpmNum = '1810143823'
   and a.ResAcpCod = 'URI' 
   and a.ResMzhTyp <> 'L' 
   and a.ResRepTyp <> 'F' 
   and a.ResChtNum = b.PbsChtNum 
 order by a.ResLabCod 


[2018-11-01 오전 7:14:03] SqlStr :  select a.ResAcpDte, a.ResAcpCod, a.ResAcpNum, a.ResSpmCod, a.ResChtNum, b.PbsPatNam, a.ResLabCod 
  from ResInf a, PbsInf b 
 where a.ResSpmNum = '1810143676'
   and a.ResAcpCod = 'URI' 
   and a.ResMzhTyp <> 'L' 
   and a.ResRepTyp <> 'F' 
   and a.ResChtNum = b.PbsChtNum 
 order by a.ResLabCod 


[2018-11-01 오전 7:14:17] SqlStr :  select a.ResAcpDte, a.ResAcpCod, a.ResAcpNum, a.ResSpmCod, a.ResChtNum, b.PbsPatNam, a.ResLabCod 
  from ResInf a, PbsInf b 
 where a.ResSpmNum = '1810143846'
   and a.ResAcpCod = 'URI' 
   and a.ResMzhTyp <> 'L' 
   and a.ResRepTyp <> 'F' 
   and a.ResChtNum = b.PbsChtNum 
 order by a.ResLabCod 


[2018-11-01 오전 7:14:49] SqlStr :  select a.ResAcpDte, a.ResAcpCod, a.ResAcpNum, a.ResSpmCod, a.ResChtNum, b.PbsPatNam, a.ResLabCod 
  from ResInf a, PbsInf b 
 where a.ResSpmNum = '1810143806'
   and a.ResAcpCod = 'URI' 
   and a.ResMzhTyp <> 'L' 
   and a.ResRepTyp <> 'F' 
   and a.ResChtNum = b.PbsChtNum 
 order by a.ResLabCod 


[2018-11-01 오전 7:14:49] sOrdList : 20181101|URI/7/U01|284061|김영석|18|001|002|003|004|005|006|007|008|009|010|011|012|026|027|028|029|030|031|

[2018-11-01 오전 7:15:15] SqlStr :  select a.ResAcpDte, a.ResAcpCod, a.ResAcpNum, a.ResSpmCod, a.ResChtNum, b.PbsPatNam, a.ResLabCod 
  from ResInf a, PbsInf b 
 where a.ResSpmNum = '1810143743'
   and a.ResAcpCod = 'URI' 
   and a.ResMzhTyp <> 'L' 
   and a.ResRepTyp <> 'F' 
   and a.ResChtNum = b.PbsChtNum 
 order by a.ResLabCod 


[2018-11-01 오전 7:15:15] sOrdList : 20181101|URI/3/U01|95529|이순자|18|001|002|003|004|005|006|007|008|009|010|011|012|026|027|028|029|030|031|

[2018-11-01 오전 7:15:28] SqlStr :  select a.ResAcpDte, a.ResAcpCod, a.ResAcpNum, a.ResSpmCod, a.ResChtNum, b.PbsPatNam, a.ResLabCod 
  from ResInf a, PbsInf b 
 where a.ResSpmNum = '1810143884'
   and a.ResAcpCod = 'URI' 
   and a.ResMzhTyp <> 'L' 
   and a.ResRepTyp <> 'F' 
   and a.ResChtNum = b.PbsChtNum 
 order by a.ResLabCod 


[2018-11-01 오전 7:15:28] sOrdList : 20181101|URI/2/U01|115803|표영일|18|001|002|003|004|005|006|007|008|009|010|011|012|026|027|028|029|030|031|

[2018-11-01 오전 7:15:41] SqlStr :  select a.ResAcpDte, a.ResAcpCod, a.ResAcpNum, a.ResSpmCod, a.ResChtNum, b.PbsPatNam, a.ResLabCod 
  from ResInf a, PbsInf b 
 where a.ResSpmNum = '1810143823'
   and a.ResAcpCod = 'URI' 
   and a.ResMzhTyp <> 'L' 
   and a.ResRepTyp <> 'F' 
   and a.ResChtNum = b.PbsChtNum 
 order by a.ResLabCod 


[2018-11-01 오전 7:15:41] sOrdList : 20181101|URI/5/U01|102538|이종훈|18|001|002|003|004|005|006|007|008|009|010|011|012|026|027|028|029|030|031|

[2018-11-01 오전 7:15:54] SqlStr :  select a.ResAcpDte, a.ResAcpCod, a.ResAcpNum, a.ResSpmCod, a.ResChtNum, b.PbsPatNam, a.ResLabCod 
  from ResInf a, PbsInf b 
 where a.ResSpmNum = '1810143676'
   and a.ResAcpCod = 'URI' 
   and a.ResMzhTyp <> 'L' 
   and a.ResRepTyp <> 'F' 
   and a.ResChtNum = b.PbsChtNum 
 order by a.ResLabCod 


[2018-11-01 오전 7:15:54] sOrdList : 20181101|URI/4/U01|16725|송해자|18|001|002|003|004|005|006|007|008|009|010|011|012|026|027|028|029|030|031|

[2018-11-01 오전 7:16:07] SqlStr :  select a.ResAcpDte, a.ResAcpCod, a.ResAcpNum, a.ResSpmCod, a.ResChtNum, b.PbsPatNam, a.ResLabCod 
  from ResInf a, PbsInf b 
 where a.ResSpmNum = '1810143846'
   and a.ResAcpCod = 'URI' 
   and a.ResMzhTyp <> 'L' 
   and a.ResRepTyp <> 'F' 
   and a.ResChtNum = b.PbsChtNum 
 order by a.ResLabCod 


[2018-11-01 오전 7:16:07] sOrdList : 20181101|URI/1/U01|279642|류지성|18|001|002|003|004|005|006|007|008|009|010|011|012|026|027|028|029|030|031|

[2018-11-01 오전 7:19:14] SqlStr :  select a.ResAcpDte, a.ResAcpCod, a.ResAcpNum, a.ResSpmCod, a.ResChtNum, b.PbsPatNam, a.ResLabCod 
  from ResInf a, PbsInf b 
 where a.ResSpmNum = '1810143802'
   and a.ResAcpCod = 'URI' 
   and a.ResMzhTyp <> 'L' 
   and a.ResRepTyp <> 'F' 
   and a.ResChtNum = b.PbsChtNum 
 order by a.ResLabCod 


[2018-11-01 오전 7:34:08] SqlStr :  select a.ResAcpDte, a.ResAcpCod, a.ResAcpNum, a.ResSpmCod, a.ResChtNum, b.PbsPatNam, a.ResLabCod 
  from ResInf a, PbsInf b 
 where a.ResSpmNum = '1810143802'
   and a.ResAcpCod = 'URI' 
   and a.ResMzhTyp <> 'L' 
   and a.ResRepTyp <> 'F' 
   and a.ResChtNum = b.PbsChtNum 
 order by a.ResLabCod 


[2018-11-01 오전 7:34:08] sOrdList : 20181101|URI/6/U01|5150|지운식|18|001|002|003|004|005|006|007|008|009|010|011|012|026|027|028|029|030|031|

[2018-11-01 오전 7:57:44] SqlStr :  select a.ResAcpDte, a.ResAcpCod, a.ResAcpNum, a.ResSpmCod, a.ResChtNum, b.PbsPatNam, a.ResLabCod 
  from ResInf a, PbsInf b 
 where a.ResSpmNum = '1800144002'
   and a.ResAcpCod = 'URI' 
   and a.ResMzhTyp <> 'L' 
   and a.ResRepTyp <> 'F' 
   and a.ResChtNum = b.PbsChtNum 
 order by a.ResLabCod 


[2018-11-01 오전 7:59:32] SqlStr :  select a.ResAcpDte, a.ResAcpCod, a.ResAcpNum, a.ResSpmCod, a.ResChtNum, b.PbsPatNam, a.ResLabCod 
  from ResInf a, PbsInf b 
 where a.ResSpmNum = '1800144002'
   and a.ResAcpCod = 'URI' 
   and a.ResMzhTyp <> 'L' 
   and a.ResRepTyp <> 'F' 
   and a.ResChtNum = b.PbsChtNum 
 order by a.ResLabCod 


[2018-11-01 오전 7:59:32] sOrdList : 20181101|URI/8/U01|262505|김명진|18|001|002|003|004|005|006|007|008|009|010|011|012|026|027|028|029|030|031|

[2018-11-01 오전 9:05:58] SqlStr :  select a.ResAcpDte, a.ResAcpCod, a.ResAcpNum, a.ResSpmCod, a.ResChtNum, b.PbsPatNam, a.ResLabCod 
  from ResInf a, PbsInf b 
 where a.ResSpmNum = '1800144014'
   and a.ResAcpCod = 'URI' 
   and a.ResMzhTyp <> 'L' 
   and a.ResRepTyp <> 'F' 
   and a.ResChtNum = b.PbsChtNum 
 order by a.ResLabCod 


[2018-11-01 오전 9:07:45] SqlStr :  select a.ResAcpDte, a.ResAcpCod, a.ResAcpNum, a.ResSpmCod, a.ResChtNum, b.PbsPatNam, a.ResLabCod 
  from ResInf a, PbsInf b 
 where a.ResSpmNum = '1800144014'
   and a.ResAcpCod = 'URI' 
   and a.ResMzhTyp <> 'L' 
   and a.ResRepTyp <> 'F' 
   and a.ResChtNum = b.PbsChtNum 
 order by a.ResLabCod 


[2018-11-01 오전 9:07:45] sOrdList : 20181101|URI/10/U01|55130|안재후|18|001|002|003|004|005|006|007|008|009|010|011|012|026|027|028|029|030|031|

[2018-11-01 오전 9:13:00] SqlStr :  select a.ResAcpDte, a.ResAcpCod, a.ResAcpNum, a.ResSpmCod, a.ResChtNum, b.PbsPatNam, a.ResLabCod 
  from ResInf a, PbsInf b 
 where a.ResSpmNum = '1810144038'
   and a.ResAcpCod = 'URI' 
   and a.ResMzhTyp <> 'L' 
   and a.ResRepTyp <> 'F' 
   and a.ResChtNum = b.PbsChtNum 
 order by a.ResLabCod 


[2018-11-01 오전 9:13:03] SqlStr :  select a.ResAcpDte, a.ResAcpCod, a.ResAcpNum, a.ResSpmCod, a.ResChtNum, b.PbsPatNam, a.ResLabCod 
  from ResInf a, PbsInf b 
 where a.ResSpmNum = '1800144035'
   and a.ResAcpCod = 'URI' 
   and a.ResMzhTyp <> 'L' 
   and a.ResRepTyp <> 'F' 
   and a.ResChtNum = b.PbsChtNum 
 order by a.ResLabCod 


[2018-11-01 오전 9:14:47] SqlStr :  select a.ResAcpDte, a.ResAcpCod, a.ResAcpNum, a.ResSpmCod, a.ResChtNum, b.PbsPatNam, a.ResLabCod 
  from ResInf a, PbsInf b 
 where a.ResSpmNum = '1810144038'
   and a.ResAcpCod = 'URI' 
   and a.ResMzhTyp <> 'L' 
   and a.ResRepTyp <> 'F' 
   and a.ResChtNum = b.PbsChtNum 
 order by a.ResLabCod 


[2018-11-01 오전 9:14:47] sOrdList : 20181101|URI/9/U01|125843|이승민|18|001|002|003|004|005|006|007|008|009|010|011|012|026|027|028|029|030|031|

[2018-11-01 오전 9:15:00] SqlStr :  select a.ResAcpDte, a.ResAcpCod, a.ResAcpNum, a.ResSpmCod, a.ResChtNum, b.PbsPatNam, a.ResLabCod 
  from ResInf a, PbsInf b 
 where a.ResSpmNum = '1800144035'
   and a.ResAcpCod = 'URI' 
   and a.ResMzhTyp <> 'L' 
   and a.ResRepTyp <> 'F' 
   and a.ResChtNum = b.PbsChtNum 
 order by a.ResLabCod 


[2018-11-01 오전 9:15:00] sOrdList : 20181101|URI/11/U01|95016|윤정자|18|001|002|003|004|005|006|007|008|009|010|011|012|026|027|028|029|030|031|

[2018-11-01 오전 9:51:43] SqlStr :  select a.ResAcpDte, a.ResAcpCod, a.ResAcpNum, a.ResSpmCod, a.ResChtNum, b.PbsPatNam, a.ResLabCod 
  from ResInf a, PbsInf b 
 where a.ResSpmNum = '1810144047'
   and a.ResAcpCod = 'URI' 
   and a.ResMzhTyp <> 'L' 
   and a.ResRepTyp <> 'F' 
   and a.ResChtNum = b.PbsChtNum 
 order by a.ResLabCod 


[2018-11-01 오전 9:51:46] SqlStr :  select a.ResAcpDte, a.ResAcpCod, a.ResAcpNum, a.ResSpmCod, a.ResChtNum, b.PbsPatNam, a.ResLabCod 
  from ResInf a, PbsInf b 
 where a.ResSpmNum = '1810144050'
   and a.ResAcpCod = 'URI' 
   and a.ResMzhTyp <> 'L' 
   and a.ResRepTyp <> 'F' 
   and a.ResChtNum = b.PbsChtNum 
 order by a.ResLabCod 


[2018-11-01 오전 9:51:49] SqlStr :  select a.ResAcpDte, a.ResAcpCod, a.ResAcpNum, a.ResSpmCod, a.ResChtNum, b.PbsPatNam, a.ResLabCod 
  from ResInf a, PbsInf b 
 where a.ResSpmNum = '1810144044'
   and a.ResAcpCod = 'URI' 
   and a.ResMzhTyp <> 'L' 
   and a.ResRepTyp <> 'F' 
   and a.ResChtNum = b.PbsChtNum 
 order by a.ResLabCod 


[2018-11-01 오전 9:52:19] SqlStr :  select a.ResAcpDte, a.ResAcpCod, a.ResAcpNum, a.ResSpmCod, a.ResChtNum, b.PbsPatNam, a.ResLabCod 
  from ResInf a, PbsInf b 
 where a.ResSpmNum = '1800144067'
   and a.ResAcpCod = 'URI' 
   and a.ResMzhTyp <> 'L' 
   and a.ResRepTyp <> 'F' 
   and a.ResChtNum = b.PbsChtNum 
 order by a.ResLabCod 


[2018-11-01 오전 9:52:32] SqlStr :  select a.ResAcpDte, a.ResAcpCod, a.ResAcpNum, a.ResSpmCod, a.ResChtNum, b.PbsPatNam, a.ResLabCod 
  from ResInf a, PbsInf b 
 where a.ResSpmNum = '1810143654'
   and a.ResAcpCod = 'URI' 
   and a.ResMzhTyp <> 'L' 
   and a.ResRepTyp <> 'F' 
   and a.ResChtNum = b.PbsChtNum 
 order by a.ResLabCod 


[2018-11-01 오전 9:53:31] SqlStr :  select a.ResAcpDte, a.ResAcpCod, a.ResAcpNum, a.ResSpmCod, a.ResChtNum, b.PbsPatNam, a.ResLabCod 
  from ResInf a, PbsInf b 
 where a.ResSpmNum = '1810144047'
   and a.ResAcpCod = 'URI' 
   and a.ResMzhTyp <> 'L' 
   and a.ResRepTyp <> 'F' 
   and a.ResChtNum = b.PbsChtNum 
 order by a.ResLabCod 


[2018-11-01 오전 9:53:31] sOrdList : 20181101|URI/14/U01|158414|유승희|18|001|002|003|004|005|006|007|008|009|010|011|012|026|027|028|029|030|031|

[2018-11-01 오전 9:53:43] SqlStr :  select a.ResAcpDte, a.ResAcpCod, a.ResAcpNum, a.ResSpmCod, a.ResChtNum, b.PbsPatNam, a.ResLabCod 
  from ResInf a, PbsInf b 
 where a.ResSpmNum = '1810144050'
   and a.ResAcpCod = 'URI' 
   and a.ResMzhTyp <> 'L' 
   and a.ResRepTyp <> 'F' 
   and a.ResChtNum = b.PbsChtNum 
 order by a.ResLabCod 


[2018-11-01 오전 9:53:43] sOrdList : 20181101|URI/15/U01|18834|유찬위|18|001|002|003|004|005|006|007|008|009|010|011|012|026|027|028|029|030|031|

[2018-11-01 오전 9:53:57] SqlStr :  select a.ResAcpDte, a.ResAcpCod, a.ResAcpNum, a.ResSpmCod, a.ResChtNum, b.PbsPatNam, a.ResLabCod 
  from ResInf a, PbsInf b 
 where a.ResSpmNum = '1810144044'
   and a.ResAcpCod = 'URI' 
   and a.ResMzhTyp <> 'L' 
   and a.ResRepTyp <> 'F' 
   and a.ResChtNum = b.PbsChtNum 
 order by a.ResLabCod 


[2018-11-01 오전 9:53:57] sOrdList : 20181101|URI/13/U01|158497|유근수|18|001|002|003|004|005|006|007|008|009|010|011|012|026|027|028|029|030|031|

[2018-11-01 오전 9:54:10] SqlStr :  select a.ResAcpDte, a.ResAcpCod, a.ResAcpNum, a.ResSpmCod, a.ResChtNum, b.PbsPatNam, a.ResLabCod 
  from ResInf a, PbsInf b 
 where a.ResSpmNum = '1800144067'
   and a.ResAcpCod = 'URI' 
   and a.ResMzhTyp <> 'L' 
   and a.ResRepTyp <> 'F' 
   and a.ResChtNum = b.PbsChtNum 
 order by a.ResLabCod 


[2018-11-01 오전 9:54:10] sOrdList : 20181101|URI/12/U01|158449|전병택|18|001|002|003|004|005|006|007|008|009|010|011|012|026|027|028|029|030|031|

[2018-11-01 오전 9:54:23] SqlStr :  select a.ResAcpDte, a.ResAcpCod, a.ResAcpNum, a.ResSpmCod, a.ResChtNum, b.PbsPatNam, a.ResLabCod 
  from ResInf a, PbsInf b 
 where a.ResSpmNum = '1810143654'
   and a.ResAcpCod = 'URI' 
   and a.ResMzhTyp <> 'L' 
   and a.ResRepTyp <> 'F' 
   and a.ResChtNum = b.PbsChtNum 
 order by a.ResLabCod 


[2018-11-01 오전 9:54:23] sOrdList : 20181101|URI/16/U01|138020|김석배|18|001|002|003|004|005|006|007|008|009|010|011|012|026|027|028|029|030|031|

[2018-11-01 오전 10:10:15] SqlStr :  select a.ResAcpDte, a.ResAcpCod, a.ResAcpNum, a.ResSpmCod, a.ResChtNum, b.PbsPatNam, a.ResLabCod 
  from ResInf a, PbsInf b 
 where a.ResSpmNum = '1800144090'
   and a.ResAcpCod = 'URI' 
   and a.ResMzhTyp <> 'L' 
   and a.ResRepTyp <> 'F' 
   and a.ResChtNum = b.PbsChtNum 
 order by a.ResLabCod 


[2018-11-01 오전 10:10:18] SqlStr :  select a.ResAcpDte, a.ResAcpCod, a.ResAcpNum, a.ResSpmCod, a.ResChtNum, b.PbsPatNam, a.ResLabCod 
  from ResInf a, PbsInf b 
 where a.ResSpmNum = '1800144097'
   and a.ResAcpCod = 'URI' 
   and a.ResMzhTyp <> 'L' 
   and a.ResRepTyp <> 'F' 
   and a.ResChtNum = b.PbsChtNum 
 order by a.ResLabCod 


[2018-11-01 오전 10:12:03] SqlStr :  select a.ResAcpDte, a.ResAcpCod, a.ResAcpNum, a.ResSpmCod, a.ResChtNum, b.PbsPatNam, a.ResLabCod 
  from ResInf a, PbsInf b 
 where a.ResSpmNum = '1800144090'
   and a.ResAcpCod = 'URI' 
   and a.ResMzhTyp <> 'L' 
   and a.ResRepTyp <> 'F' 
   and a.ResChtNum = b.PbsChtNum 
 order by a.ResLabCod 


[2018-11-01 오전 10:12:03] sOrdList : 20181101|URI/17/U01|230372|이순예|18|001|002|003|004|005|006|007|008|009|010|011|012|026|027|028|029|030|031|

[2018-11-01 오전 10:12:16] SqlStr :  select a.ResAcpDte, a.ResAcpCod, a.ResAcpNum, a.ResSpmCod, a.ResChtNum, b.PbsPatNam, a.ResLabCod 
  from ResInf a, PbsInf b 
 where a.ResSpmNum = '1800144097'
   and a.ResAcpCod = 'URI' 
   and a.ResMzhTyp <> 'L' 
   and a.ResRepTyp <> 'F' 
   and a.ResChtNum = b.PbsChtNum 
 order by a.ResLabCod 


[2018-11-01 오전 10:12:16] sOrdList : 20181101|URI/18/U01|230759|박경아|18|001|002|003|004|005|006|007|008|009|010|011|012|026|027|028|029|030|031|

[2018-11-01 오전 10:34:34] SqlStr :  select a.ResAcpDte, a.ResAcpCod, a.ResAcpNum, a.ResSpmCod, a.ResChtNum, b.PbsPatNam, a.ResLabCod 
  from ResInf a, PbsInf b 
 where a.ResSpmNum = '1810144108'
   and a.ResAcpCod = 'URI' 
   and a.ResMzhTyp <> 'L' 
   and a.ResRepTyp <> 'F' 
   and a.ResChtNum = b.PbsChtNum 
 order by a.ResLabCod 


[2018-11-01 오전 10:34:37] SqlStr :  select a.ResAcpDte, a.ResAcpCod, a.ResAcpNum, a.ResSpmCod, a.ResChtNum, b.PbsPatNam, a.ResLabCod 
  from ResInf a, PbsInf b 
 where a.ResSpmNum = '1810144093'
   and a.ResAcpCod = 'URI' 
   and a.ResMzhTyp <> 'L' 
   and a.ResRepTyp <> 'F' 
   and a.ResChtNum = b.PbsChtNum 
 order by a.ResLabCod 


[2018-11-01 오전 10:34:40] SqlStr :  select a.ResAcpDte, a.ResAcpCod, a.ResAcpNum, a.ResSpmCod, a.ResChtNum, b.PbsPatNam, a.ResLabCod 
  from ResInf a, PbsInf b 
 where a.ResSpmNum = '1800144112'
   and a.ResAcpCod = 'URI' 
   and a.ResMzhTyp <> 'L' 
   and a.ResRepTyp <> 'F' 
   and a.ResChtNum = b.PbsChtNum 
 order by a.ResLabCod 


[2018-11-01 오전 10:36:24] SqlStr :  select a.ResAcpDte, a.ResAcpCod, a.ResAcpNum, a.ResSpmCod, a.ResChtNum, b.PbsPatNam, a.ResLabCod 
  from ResInf a, PbsInf b 
 where a.ResSpmNum = '1810144108'
   and a.ResAcpCod = 'URI' 
   and a.ResMzhTyp <> 'L' 
   and a.ResRepTyp <> 'F' 
   and a.ResChtNum = b.PbsChtNum 
 order by a.ResLabCod 


[2018-11-01 오전 10:36:24] sOrdList : 20181101|URI/21/U01|247453|편미라|18|001|002|003|004|005|006|007|008|009|010|011|012|026|027|028|029|030|031|

[2018-11-01 오전 10:36:37] SqlStr :  select a.ResAcpDte, a.ResAcpCod, a.ResAcpNum, a.ResSpmCod, a.ResChtNum, b.PbsPatNam, a.ResLabCod 
  from ResInf a, PbsInf b 
 where a.ResSpmNum = '1810144093'
   and a.ResAcpCod = 'URI' 
   and a.ResMzhTyp <> 'L' 
   and a.ResRepTyp <> 'F' 
   and a.ResChtNum = b.PbsChtNum 
 order by a.ResLabCod 


[2018-11-01 오전 10:36:37] sOrdList : 20181101|URI/19/U01|130945|이진한|18|001|002|003|004|005|006|007|008|009|010|011|012|026|027|028|029|030|031|

[2018-11-01 오전 10:36:50] SqlStr :  select a.ResAcpDte, a.ResAcpCod, a.ResAcpNum, a.ResSpmCod, a.ResChtNum, b.PbsPatNam, a.ResLabCod 
  from ResInf a, PbsInf b 
 where a.ResSpmNum = '1800144112'
   and a.ResAcpCod = 'URI' 
   and a.ResMzhTyp <> 'L' 
   and a.ResRepTyp <> 'F' 
   and a.ResChtNum = b.PbsChtNum 
 order by a.ResLabCod 


[2018-11-01 오전 10:36:50] sOrdList : 20181101|URI/20/U01|259223|고종선|18|001|002|003|004|005|006|007|008|009|010|011|012|026|027|028|029|030|031|

[2018-11-01 오전 11:12:46] SqlStr :  select a.ResAcpDte, a.ResAcpCod, a.ResAcpNum, a.ResSpmCod, a.ResChtNum, b.PbsPatNam, a.ResLabCod 
  from ResInf a, PbsInf b 
 where a.ResSpmNum = '1800144153'
   and a.ResAcpCod = 'URI' 
   and a.ResMzhTyp <> 'L' 
   and a.ResRepTyp <> 'F' 
   and a.ResChtNum = b.PbsChtNum 
 order by a.ResLabCod 


[2018-11-01 오전 11:14:33] SqlStr :  select a.ResAcpDte, a.ResAcpCod, a.ResAcpNum, a.ResSpmCod, a.ResChtNum, b.PbsPatNam, a.ResLabCod 
  from ResInf a, PbsInf b 
 where a.ResSpmNum = '1800144153'
   and a.ResAcpCod = 'URI' 
   and a.ResMzhTyp <> 'L' 
   and a.ResRepTyp <> 'F' 
   and a.ResChtNum = b.PbsChtNum 
 order by a.ResLabCod 


[2018-11-01 오전 11:14:33] sOrdList : 20181101|URI/22/U01|280145|송경순|18|001|002|003|004|005|006|007|008|009|010|011|012|026|027|028|029|030|031|

[2018-11-01 오전 11:17:38] SqlStr :  select a.ResAcpDte, a.ResAcpCod, a.ResAcpNum, a.ResSpmCod, a.ResChtNum, b.PbsPatNam, a.ResLabCod 
  from ResInf a, PbsInf b 
 where a.ResSpmNum = '1810143686'
   and a.ResAcpCod = 'URI' 
   and a.ResMzhTyp <> 'L' 
   and a.ResRepTyp <> 'F' 
   and a.ResChtNum = b.PbsChtNum 
 order by a.ResLabCod 


[2018-11-01 오전 11:17:41] SqlStr :  select a.ResAcpDte, a.ResAcpCod, a.ResAcpNum, a.ResSpmCod, a.ResChtNum, b.PbsPatNam, a.ResLabCod 
  from ResInf a, PbsInf b 
 where a.ResSpmNum = '1810144102'
   and a.ResAcpCod = 'URI' 
   and a.ResMzhTyp <> 'L' 
   and a.ResRepTyp <> 'F' 
   and a.ResChtNum = b.PbsChtNum 
 order by a.ResLabCod 


[2018-11-01 오전 11:19:29] SqlStr :  select a.ResAcpDte, a.ResAcpCod, a.ResAcpNum, a.ResSpmCod, a.ResChtNum, b.PbsPatNam, a.ResLabCod 
  from ResInf a, PbsInf b 
 where a.ResSpmNum = '1810143686'
   and a.ResAcpCod = 'URI' 
   and a.ResMzhTyp <> 'L' 
   and a.ResRepTyp <> 'F' 
   and a.ResChtNum = b.PbsChtNum 
 order by a.ResLabCod 


[2018-11-01 오전 11:19:29] sOrdList : 20181101|URI/24/U01|56210|김경호|18|001|002|003|004|005|006|007|008|009|010|011|012|026|027|028|029|030|031|

[2018-11-01 오전 11:19:42] SqlStr :  select a.ResAcpDte, a.ResAcpCod, a.ResAcpNum, a.ResSpmCod, a.ResChtNum, b.PbsPatNam, a.ResLabCod 
  from ResInf a, PbsInf b 
 where a.ResSpmNum = '1810144102'
   and a.ResAcpCod = 'URI' 
   and a.ResMzhTyp <> 'L' 
   and a.ResRepTyp <> 'F' 
   and a.ResChtNum = b.PbsChtNum 
 order by a.ResLabCod 


[2018-11-01 오전 11:19:42] sOrdList : 20181101|URI/23/U01|242704|박인섭|18|001|002|003|004|005|006|007|008|009|010|011|012|026|027|028|029|030|031|

[2018-11-01 오전 11:54:21] SqlStr :  select a.ResAcpDte, a.ResAcpCod, a.ResAcpNum, a.ResSpmCod, a.ResChtNum, b.PbsPatNam, a.ResLabCod 
  from ResInf a, PbsInf b 
 where a.ResSpmNum = '1800144101'
   and a.ResAcpCod = 'URI' 
   and a.ResMzhTyp <> 'L' 
   and a.ResRepTyp <> 'F' 
   and a.ResChtNum = b.PbsChtNum 
 order by a.ResLabCod 


[2018-11-01 오전 11:56:08] SqlStr :  select a.ResAcpDte, a.ResAcpCod, a.ResAcpNum, a.ResSpmCod, a.ResChtNum, b.PbsPatNam, a.ResLabCod 
  from ResInf a, PbsInf b 
 where a.ResSpmNum = '1800144101'
   and a.ResAcpCod = 'URI' 
   and a.ResMzhTyp <> 'L' 
   and a.ResRepTyp <> 'F' 
   and a.ResChtNum = b.PbsChtNum 
 order by a.ResLabCod 


[2018-11-01 오전 11:56:08] sOrdList : 20181101|URI/25/U01|11759|권중식|18|001|002|003|004|005|006|007|008|009|010|011|012|026|027|028|029|030|031|

[2018-11-01 오후 12:04:50] SqlStr :  select a.ResAcpDte, a.ResAcpCod, a.ResAcpNum, a.ResSpmCod, a.ResChtNum, b.PbsPatNam, a.ResLabCod 
  from ResInf a, PbsInf b 
 where a.ResSpmNum = '1820043831'
   and a.ResAcpCod = 'URI' 
   and a.ResMzhTyp <> 'L' 
   and a.ResRepTyp <> 'F' 
   and a.ResChtNum = b.PbsChtNum 
 order by a.ResLabCod 


[2018-11-01 오후 12:04:53] SqlStr :  select a.ResAcpDte, a.ResAcpCod, a.ResAcpNum, a.ResSpmCod, a.ResChtNum, b.PbsPatNam, a.ResLabCod 
  from ResInf a, PbsInf b 
 where a.ResSpmNum = '1820043835'
   and a.ResAcpCod = 'URI' 
   and a.ResMzhTyp <> 'L' 
   and a.ResRepTyp <> 'F' 
   and a.ResChtNum = b.PbsChtNum 
 order by a.ResLabCod 


[2018-11-01 오후 12:04:56] SqlStr :  select a.ResAcpDte, a.ResAcpCod, a.ResAcpNum, a.ResSpmCod, a.ResChtNum, b.PbsPatNam, a.ResLabCod 
  from ResInf a, PbsInf b 
 where a.ResSpmNum = '1820043794'
   and a.ResAcpCod = 'URI' 
   and a.ResMzhTyp <> 'L' 
   and a.ResRepTyp <> 'F' 
   and a.ResChtNum = b.PbsChtNum 
 order by a.ResLabCod 


[2018-11-01 오후 12:05:29] SqlStr :  select a.ResAcpDte, a.ResAcpCod, a.ResAcpNum, a.ResSpmCod, a.ResChtNum, b.PbsPatNam, a.ResLabCod 
  from ResInf a, PbsInf b 
 where a.ResSpmNum = '1820043790'
   and a.ResAcpCod = 'URI' 
   and a.ResMzhTyp <> 'L' 
   and a.ResRepTyp <> 'F' 
   and a.ResChtNum = b.PbsChtNum 
 order by a.ResLabCod 


[2018-11-01 오후 12:05:43] SqlStr :  select a.ResAcpDte, a.ResAcpCod, a.ResAcpNum, a.ResSpmCod, a.ResChtNum, b.PbsPatNam, a.ResLabCod 
  from ResInf a, PbsInf b 
 where a.ResSpmNum = '1820043760'
   and a.ResAcpCod = 'URI' 
   and a.ResMzhTyp <> 'L' 
   and a.ResRepTyp <> 'F' 
   and a.ResChtNum = b.PbsChtNum 
 order by a.ResLabCod 


[2018-11-01 오후 12:05:55] SqlStr :  select a.ResAcpDte, a.ResAcpCod, a.ResAcpNum, a.ResSpmCod, a.ResChtNum, b.PbsPatNam, a.ResLabCod 
  from ResInf a, PbsInf b 
 where a.ResSpmNum = '1820043749'
   and a.ResAcpCod = 'URI' 
   and a.ResMzhTyp <> 'L' 
   and a.ResRepTyp <> 'F' 
   and a.ResChtNum = b.PbsChtNum 
 order by a.ResLabCod 


[2018-11-01 오후 12:06:09] SqlStr :  select a.ResAcpDte, a.ResAcpCod, a.ResAcpNum, a.ResSpmCod, a.ResChtNum, b.PbsPatNam, a.ResLabCod 
  from ResInf a, PbsInf b 
 where a.ResSpmNum = '1820043821'
   and a.ResAcpCod = 'URI' 
   and a.ResMzhTyp <> 'L' 
   and a.ResRepTyp <> 'F' 
   and a.ResChtNum = b.PbsChtNum 
 order by a.ResLabCod 


[2018-11-01 오후 12:06:21] SqlStr :  select a.ResAcpDte, a.ResAcpCod, a.ResAcpNum, a.ResSpmCod, a.ResChtNum, b.PbsPatNam, a.ResLabCod 
  from ResInf a, PbsInf b 
 where a.ResSpmNum = '1820043711'
   and a.ResAcpCod = 'URI' 
   and a.ResMzhTyp <> 'L' 
   and a.ResRepTyp <> 'F' 
   and a.ResChtNum = b.PbsChtNum 
 order by a.ResLabCod 


[2018-11-01 오후 12:06:35] SqlStr :  select a.ResAcpDte, a.ResAcpCod, a.ResAcpNum, a.ResSpmCod, a.ResChtNum, b.PbsPatNam, a.ResLabCod 
  from ResInf a, PbsInf b 
 where a.ResSpmNum = '1820043838'
   and a.ResAcpCod = 'URI' 
   and a.ResMzhTyp <> 'L' 
   and a.ResRepTyp <> 'F' 
   and a.ResChtNum = b.PbsChtNum 
 order by a.ResLabCod 


[2018-11-01 오후 12:06:42] SqlStr :  select a.ResAcpDte, a.ResAcpCod, a.ResAcpNum, a.ResSpmCod, a.ResChtNum, b.PbsPatNam, a.ResLabCod 
  from ResInf a, PbsInf b 
 where a.ResSpmNum = '1820043831'
   and a.ResAcpCod = 'URI' 
   and a.ResMzhTyp <> 'L' 
   and a.ResRepTyp <> 'F' 
   and a.ResChtNum = b.PbsChtNum 
 order by a.ResLabCod 


[2018-11-01 오후 12:06:42] sOrdList : 20181101|URI/26/U01|284224|이용호|1|005|

[2018-11-01 오후 12:06:48] SqlStr :  select a.ResAcpDte, a.ResAcpCod, a.ResAcpNum, a.ResSpmCod, a.ResChtNum, b.PbsPatNam, a.ResLabCod 
  from ResInf a, PbsInf b 
 where a.ResSpmNum = '1820043828'
   and a.ResAcpCod = 'URI' 
   and a.ResMzhTyp <> 'L' 
   and a.ResRepTyp <> 'F' 
   and a.ResChtNum = b.PbsChtNum 
 order by a.ResLabCod 


[2018-11-01 오후 12:06:55] SqlStr :  select a.ResAcpDte, a.ResAcpCod, a.ResAcpNum, a.ResSpmCod, a.ResChtNum, b.PbsPatNam, a.ResLabCod 
  from ResInf a, PbsInf b 
 where a.ResSpmNum = '1820043835'
   and a.ResAcpCod = 'URI' 
   and a.ResMzhTyp <> 'L' 
   and a.ResRepTyp <> 'F' 
   and a.ResChtNum = b.PbsChtNum 
 order by a.ResLabCod 


[2018-11-01 오후 12:06:55] sOrdList : 20181101|URI/27/U01|97521|조아라|1|005|

[2018-11-01 오후 12:07:03] SqlStr :  select a.ResAcpDte, a.ResAcpCod, a.ResAcpNum, a.ResSpmCod, a.ResChtNum, b.PbsPatNam, a.ResLabCod 
  from ResInf a, PbsInf b 
 where a.ResSpmNum = '1820043825'
   and a.ResAcpCod = 'URI' 
   and a.ResMzhTyp <> 'L' 
   and a.ResRepTyp <> 'F' 
   and a.ResChtNum = b.PbsChtNum 
 order by a.ResLabCod 


[2018-11-01 오후 12:07:07] SqlStr :  select a.ResAcpDte, a.ResAcpCod, a.ResAcpNum, a.ResSpmCod, a.ResChtNum, b.PbsPatNam, a.ResLabCod 
  from ResInf a, PbsInf b 
 where a.ResSpmNum = '1820043794'
   and a.ResAcpCod = 'URI' 
   and a.ResMzhTyp <> 'L' 
   and a.ResRepTyp <> 'F' 
   and a.ResChtNum = b.PbsChtNum 
 order by a.ResLabCod 


[2018-11-01 오후 12:07:07] sOrdList : 20181101|URI/28/U01|283097|조성남|1|005|

[2018-11-01 오후 12:07:14] SqlStr :  select a.ResAcpDte, a.ResAcpCod, a.ResAcpNum, a.ResSpmCod, a.ResChtNum, b.PbsPatNam, a.ResLabCod 
  from ResInf a, PbsInf b 
 where a.ResSpmNum = '1820043715'
   and a.ResAcpCod = 'URI' 
   and a.ResMzhTyp <> 'L' 
   and a.ResRepTyp <> 'F' 
   and a.ResChtNum = b.PbsChtNum 
 order by a.ResLabCod 


[2018-11-01 오후 12:07:20] SqlStr :  select a.ResAcpDte, a.ResAcpCod, a.ResAcpNum, a.ResSpmCod, a.ResChtNum, b.PbsPatNam, a.ResLabCod 
  from ResInf a, PbsInf b 
 where a.ResSpmNum = '1820043790'
   and a.ResAcpCod = 'URI' 
   and a.ResMzhTyp <> 'L' 
   and a.ResRepTyp <> 'F' 
   and a.ResChtNum = b.PbsChtNum 
 order by a.ResLabCod 


[2018-11-01 오후 12:07:20] sOrdList : 20181101|URI/29/U01|28022|유춘위|1|005|

[2018-11-01 오후 12:07:27] SqlStr :  select a.ResAcpDte, a.ResAcpCod, a.ResAcpNum, a.ResSpmCod, a.ResChtNum, b.PbsPatNam, a.ResLabCod 
  from ResInf a, PbsInf b 
 where a.ResSpmNum = '1820043745'
   and a.ResAcpCod = 'URI' 
   and a.ResMzhTyp <> 'L' 
   and a.ResRepTyp <> 'F' 
   and a.ResChtNum = b.PbsChtNum 
 order by a.ResLabCod 


[2018-11-01 오후 12:07:34] SqlStr :  select a.ResAcpDte, a.ResAcpCod, a.ResAcpNum, a.ResSpmCod, a.ResChtNum, b.PbsPatNam, a.ResLabCod 
  from ResInf a, PbsInf b 
 where a.ResSpmNum = '1820043760'
   and a.ResAcpCod = 'URI' 
   and a.ResMzhTyp <> 'L' 
   and a.ResRepTyp <> 'F' 
   and a.ResChtNum = b.PbsChtNum 
 order by a.ResLabCod 


[2018-11-01 오후 12:07:34] sOrdList : 20181101|URI/30/U01|163068|이은미|1|005|

[2018-11-01 오후 12:07:40] SqlStr :  select a.ResAcpDte, a.ResAcpCod, a.ResAcpNum, a.ResSpmCod, a.ResChtNum, b.PbsPatNam, a.ResLabCod 
  from ResInf a, PbsInf b 
 where a.ResSpmNum = '1820043772'
   and a.ResAcpCod = 'URI' 
   and a.ResMzhTyp <> 'L' 
   and a.ResRepTyp <> 'F' 
   and a.ResChtNum = b.PbsChtNum 
 order by a.ResLabCod 


[2018-11-01 오후 12:07:47] SqlStr :  select a.ResAcpDte, a.ResAcpCod, a.ResAcpNum, a.ResSpmCod, a.ResChtNum, b.PbsPatNam, a.ResLabCod 
  from ResInf a, PbsInf b 
 where a.ResSpmNum = '1820043749'
   and a.ResAcpCod = 'URI' 
   and a.ResMzhTyp <> 'L' 
   and a.ResRepTyp <> 'F' 
   and a.ResChtNum = b.PbsChtNum 
 order by a.ResLabCod 


[2018-11-01 오후 12:07:47] sOrdList : 20181101|URI/31/U01|279530|김정수|1|005|

[2018-11-01 오후 12:07:54] SqlStr :  select a.ResAcpDte, a.ResAcpCod, a.ResAcpNum, a.ResSpmCod, a.ResChtNum, b.PbsPatNam, a.ResLabCod 
  from ResInf a, PbsInf b 
 where a.ResSpmNum = '1820043682'
   and a.ResAcpCod = 'URI' 
   and a.ResMzhTyp <> 'L' 
   and a.ResRepTyp <> 'F' 
   and a.ResChtNum = b.PbsChtNum 
 order by a.ResLabCod 


[2018-11-01 오후 12:07:59] SqlStr :  select a.ResAcpDte, a.ResAcpCod, a.ResAcpNum, a.ResSpmCod, a.ResChtNum, b.PbsPatNam, a.ResLabCod 
  from ResInf a, PbsInf b 
 where a.ResSpmNum = '1820043821'
   and a.ResAcpCod = 'URI' 
   and a.ResMzhTyp <> 'L' 
   and a.ResRepTyp <> 'F' 
   and a.ResChtNum = b.PbsChtNum 
 order by a.ResLabCod 


[2018-11-01 오후 12:07:59] sOrdList : 20181101|URI/32/U01|79035|곽혜림|1|005|

[2018-11-01 오후 12:08:07] SqlStr :  select a.ResAcpDte, a.ResAcpCod, a.ResAcpNum, a.ResSpmCod, a.ResChtNum, b.PbsPatNam, a.ResLabCod 
  from ResInf a, PbsInf b 
 where a.ResSpmNum = '1820043703'
   and a.ResAcpCod = 'URI' 
   and a.ResMzhTyp <> 'L' 
   and a.ResRepTyp <> 'F' 
   and a.ResChtNum = b.PbsChtNum 
 order by a.ResLabCod 


[2018-11-01 오후 12:08:13] SqlStr :  select a.ResAcpDte, a.ResAcpCod, a.ResAcpNum, a.ResSpmCod, a.ResChtNum, b.PbsPatNam, a.ResLabCod 
  from ResInf a, PbsInf b 
 where a.ResSpmNum = '1820043711'
   and a.ResAcpCod = 'URI' 
   and a.ResMzhTyp <> 'L' 
   and a.ResRepTyp <> 'F' 
   and a.ResChtNum = b.PbsChtNum 
 order by a.ResLabCod 


[2018-11-01 오후 12:08:13] sOrdList : 20181101|URI/34/U01|75127|가다인|1|005|

[2018-11-01 오후 12:08:20] SqlStr :  select a.ResAcpDte, a.ResAcpCod, a.ResAcpNum, a.ResSpmCod, a.ResChtNum, b.PbsPatNam, a.ResLabCod 
  from ResInf a, PbsInf b 
 where a.ResSpmNum = '1820043799'
   and a.ResAcpCod = 'URI' 
   and a.ResMzhTyp <> 'L' 
   and a.ResRepTyp <> 'F' 
   and a.ResChtNum = b.PbsChtNum 
 order by a.ResLabCod 


[2018-11-01 오후 12:08:26] SqlStr :  select a.ResAcpDte, a.ResAcpCod, a.ResAcpNum, a.ResSpmCod, a.ResChtNum, b.PbsPatNam, a.ResLabCod 
  from ResInf a, PbsInf b 
 where a.ResSpmNum = '1820043838'
   and a.ResAcpCod = 'URI' 
   and a.ResMzhTyp <> 'L' 
   and a.ResRepTyp <> 'F' 
   and a.ResChtNum = b.PbsChtNum 
 order by a.ResLabCod 


[2018-11-01 오후 12:08:26] sOrdList : 20181101|URI/35/U01|69728|유영재|1|005|

[2018-11-01 오후 12:08:39] SqlStr :  select a.ResAcpDte, a.ResAcpCod, a.ResAcpNum, a.ResSpmCod, a.ResChtNum, b.PbsPatNam, a.ResLabCod 
  from ResInf a, PbsInf b 
 where a.ResSpmNum = '1820043828'
   and a.ResAcpCod = 'URI' 
   and a.ResMzhTyp <> 'L' 
   and a.ResRepTyp <> 'F' 
   and a.ResChtNum = b.PbsChtNum 
 order by a.ResLabCod 


[2018-11-01 오후 12:08:39] sOrdList : 20181101|URI/36/U01|57986|유덕준|1|005|

[2018-11-01 오후 12:08:46] SqlStr :  select a.ResAcpDte, a.ResAcpCod, a.ResAcpNum, a.ResSpmCod, a.ResChtNum, b.PbsPatNam, a.ResLabCod 
  from ResInf a, PbsInf b 
 where a.ResSpmNum = '1820043719'
   and a.ResAcpCod = 'URI' 
   and a.ResMzhTyp <> 'L' 
   and a.ResRepTyp <> 'F' 
   and a.ResChtNum = b.PbsChtNum 
 order by a.ResLabCod 


[2018-11-01 오후 12:08:51] SqlStr :  select a.ResAcpDte, a.ResAcpCod, a.ResAcpNum, a.ResSpmCod, a.ResChtNum, b.PbsPatNam, a.ResLabCod 
  from ResInf a, PbsInf b 
 where a.ResSpmNum = '1820043825'
   and a.ResAcpCod = 'URI' 
   and a.ResMzhTyp <> 'L' 
   and a.ResRepTyp <> 'F' 
   and a.ResChtNum = b.PbsChtNum 
 order by a.ResLabCod 


[2018-11-01 오후 12:08:51] sOrdList : 20181101|URI/37/U01|169031|신면수|1|005|

[2018-11-01 오후 12:08:59] SqlStr :  select a.ResAcpDte, a.ResAcpCod, a.ResAcpNum, a.ResSpmCod, a.ResChtNum, b.PbsPatNam, a.ResLabCod 
  from ResInf a, PbsInf b 
 where a.ResSpmNum = '1820043736'
   and a.ResAcpCod = 'URI' 
   and a.ResMzhTyp <> 'L' 
   and a.ResRepTyp <> 'F' 
   and a.ResChtNum = b.PbsChtNum 
 order by a.ResLabCod 


[2018-11-01 오후 12:09:05] SqlStr :  select a.ResAcpDte, a.ResAcpCod, a.ResAcpNum, a.ResSpmCod, a.ResChtNum, b.PbsPatNam, a.ResLabCod 
  from ResInf a, PbsInf b 
 where a.ResSpmNum = '1820043715'
   and a.ResAcpCod = 'URI' 
   and a.ResMzhTyp <> 'L' 
   and a.ResRepTyp <> 'F' 
   and a.ResChtNum = b.PbsChtNum 
 order by a.ResLabCod 


[2018-11-01 오후 12:09:05] sOrdList : 20181101|URI/38/U01|75241|기선옥|1|005|

[2018-11-01 오후 12:09:14] SqlStr :  select a.ResAcpDte, a.ResAcpCod, a.ResAcpNum, a.ResSpmCod, a.ResChtNum, b.PbsPatNam, a.ResLabCod 
  from ResInf a, PbsInf b 
 where a.ResSpmNum = '1820043700'
   and a.ResAcpCod = 'URI' 
   and a.ResMzhTyp <> 'L' 
   and a.ResRepTyp <> 'F' 
   and a.ResChtNum = b.PbsChtNum 
 order by a.ResLabCod 


[2018-11-01 오후 12:09:18] SqlStr :  select a.ResAcpDte, a.ResAcpCod, a.ResAcpNum, a.ResSpmCod, a.ResChtNum, b.PbsPatNam, a.ResLabCod 
  from ResInf a, PbsInf b 
 where a.ResSpmNum = '1820043745'
   and a.ResAcpCod = 'URI' 
   and a.ResMzhTyp <> 'L' 
   and a.ResRepTyp <> 'F' 
   and a.ResChtNum = b.PbsChtNum 
 order by a.ResLabCod 


[2018-11-01 오후 12:09:18] sOrdList : 20181101|URI/47/U01|20136|조동찬|1|005|

[2018-11-01 오후 12:09:25] SqlStr :  select a.ResAcpDte, a.ResAcpCod, a.ResAcpNum, a.ResSpmCod, a.ResChtNum, b.PbsPatNam, a.ResLabCod 
  from ResInf a, PbsInf b 
 where a.ResSpmNum = '1820043733'
   and a.ResAcpCod = 'URI' 
   and a.ResMzhTyp <> 'L' 
   and a.ResRepTyp <> 'F' 
   and a.ResChtNum = b.PbsChtNum 
 order by a.ResLabCod 


[2018-11-01 오후 12:09:31] SqlStr :  select a.ResAcpDte, a.ResAcpCod, a.ResAcpNum, a.ResSpmCod, a.ResChtNum, b.PbsPatNam, a.ResLabCod 
  from ResInf a, PbsInf b 
 where a.ResSpmNum = '1820043772'
   and a.ResAcpCod = 'URI' 
   and a.ResMzhTyp <> 'L' 
   and a.ResRepTyp <> 'F' 
   and a.ResChtNum = b.PbsChtNum 
 order by a.ResLabCod 


[2018-11-01 오후 12:09:31] sOrdList : 20181101|URI/39/U01|9350|우복실|1|005|

[2018-11-01 오후 12:09:38] SqlStr :  select a.ResAcpDte, a.ResAcpCod, a.ResAcpNum, a.ResSpmCod, a.ResChtNum, b.PbsPatNam, a.ResLabCod 
  from ResInf a, PbsInf b 
 where a.ResSpmNum = '1820043804'
   and a.ResAcpCod = 'URI' 
   and a.ResMzhTyp <> 'L' 
   and a.ResRepTyp <> 'F' 
   and a.ResChtNum = b.PbsChtNum 
 order by a.ResLabCod 


[2018-11-01 오후 12:09:44] SqlStr :  select a.ResAcpDte, a.ResAcpCod, a.ResAcpNum, a.ResSpmCod, a.ResChtNum, b.PbsPatNam, a.ResLabCod 
  from ResInf a, PbsInf b 
 where a.ResSpmNum = '1820043682'
   and a.ResAcpCod = 'URI' 
   and a.ResMzhTyp <> 'L' 
   and a.ResRepTyp <> 'F' 
   and a.ResChtNum = b.PbsChtNum 
 order by a.ResLabCod 


[2018-11-01 오후 12:09:44] sOrdList : 20181101|URI/64/U01|169068|심우보|1|005|

[2018-11-01 오후 12:09:51] SqlStr :  select a.ResAcpDte, a.ResAcpCod, a.ResAcpNum, a.ResSpmCod, a.ResChtNum, b.PbsPatNam, a.ResLabCod 
  from ResInf a, PbsInf b 
 where a.ResSpmNum = '1820043724'
   and a.ResAcpCod = 'URI' 
   and a.ResMzhTyp <> 'L' 
   and a.ResRepTyp <> 'F' 
   and a.ResChtNum = b.PbsChtNum 
 order by a.ResLabCod 


[2018-11-01 오후 12:09:57] SqlStr :  select a.ResAcpDte, a.ResAcpCod, a.ResAcpNum, a.ResSpmCod, a.ResChtNum, b.PbsPatNam, a.ResLabCod 
  from ResInf a, PbsInf b 
 where a.ResSpmNum = '1820043703'
   and a.ResAcpCod = 'URI' 
   and a.ResMzhTyp <> 'L' 
   and a.ResRepTyp <> 'F' 
   and a.ResChtNum = b.PbsChtNum 
 order by a.ResLabCod 


[2018-11-01 오후 12:09:57] sOrdList : 20181101|URI/48/U01|224865|최인규|1|005|

[2018-11-01 오후 12:10:04] SqlStr :  select a.ResAcpDte, a.ResAcpCod, a.ResAcpNum, a.ResSpmCod, a.ResChtNum, b.PbsPatNam, a.ResLabCod 
  from ResInf a, PbsInf b 
 where a.ResSpmNum = '1820043813'
   and a.ResAcpCod = 'URI' 
   and a.ResMzhTyp <> 'L' 
   and a.ResRepTyp <> 'F' 
   and a.ResChtNum = b.PbsChtNum 
 order by a.ResLabCod 


[2018-11-01 오후 12:10:11] SqlStr :  select a.ResAcpDte, a.ResAcpCod, a.ResAcpNum, a.ResSpmCod, a.ResChtNum, b.PbsPatNam, a.ResLabCod 
  from ResInf a, PbsInf b 
 where a.ResSpmNum = '1820043799'
   and a.ResAcpCod = 'URI' 
   and a.ResMzhTyp <> 'L' 
   and a.ResRepTyp <> 'F' 
   and a.ResChtNum = b.PbsChtNum 
 order by a.ResLabCod 


[2018-11-01 오후 12:10:11] sOrdList : 20181101|URI/40/U01|253974|유정자|1|005|

[2018-11-01 오후 12:10:18] SqlStr :  select a.ResAcpDte, a.ResAcpCod, a.ResAcpNum, a.ResSpmCod, a.ResChtNum, b.PbsPatNam, a.ResLabCod 
  from ResInf a, PbsInf b 
 where a.ResSpmNum = '1820043775'
   and a.ResAcpCod = 'URI' 
   and a.ResMzhTyp <> 'L' 
   and a.ResRepTyp <> 'F' 
   and a.ResChtNum = b.PbsChtNum 
 order by a.ResLabCod 


[2018-11-01 오후 12:10:31] SqlStr :  select a.ResAcpDte, a.ResAcpCod, a.ResAcpNum, a.ResSpmCod, a.ResChtNum, b.PbsPatNam, a.ResLabCod 
  from ResInf a, PbsInf b 
 where a.ResSpmNum = '1820043691'
   and a.ResAcpCod = 'URI' 
   and a.ResMzhTyp <> 'L' 
   and a.ResRepTyp <> 'F' 
   and a.ResChtNum = b.PbsChtNum 
 order by a.ResLabCod 


[2018-11-01 오후 12:10:37] SqlStr :  select a.ResAcpDte, a.ResAcpCod, a.ResAcpNum, a.ResSpmCod, a.ResChtNum, b.PbsPatNam, a.ResLabCod 
  from ResInf a, PbsInf b 
 where a.ResSpmNum = '1820043719'
   and a.ResAcpCod = 'URI' 
   and a.ResMzhTyp <> 'L' 
   and a.ResRepTyp <> 'F' 
   and a.ResChtNum = b.PbsChtNum 
 order by a.ResLabCod 


[2018-11-01 오후 12:10:37] sOrdList : 20181101|URI/49/U01|28723|나근왕|1|005|

[2018-11-01 오후 12:10:44] SqlStr :  select a.ResAcpDte, a.ResAcpCod, a.ResAcpNum, a.ResSpmCod, a.ResChtNum, b.PbsPatNam, a.ResLabCod 
  from ResInf a, PbsInf b 
 where a.ResSpmNum = '1820043672'
   and a.ResAcpCod = 'URI' 
   and a.ResMzhTyp <> 'L' 
   and a.ResRepTyp <> 'F' 
   and a.ResChtNum = b.PbsChtNum 
 order by a.ResLabCod 


[2018-11-01 오후 12:10:49] SqlStr :  select a.ResAcpDte, a.ResAcpCod, a.ResAcpNum, a.ResSpmCod, a.ResChtNum, b.PbsPatNam, a.ResLabCod 
  from ResInf a, PbsInf b 
 where a.ResSpmNum = '1820043736'
   and a.ResAcpCod = 'URI' 
   and a.ResMzhTyp <> 'L' 
   and a.ResRepTyp <> 'F' 
   and a.ResChtNum = b.PbsChtNum 
 order by a.ResLabCod 


[2018-11-01 오후 12:10:49] sOrdList : 20181101|URI/67/U01|249498|이정석|1|005|

[2018-11-01 오후 12:10:57] SqlStr :  select a.ResAcpDte, a.ResAcpCod, a.ResAcpNum, a.ResSpmCod, a.ResChtNum, b.PbsPatNam, a.ResLabCod 
  from ResInf a, PbsInf b 
 where a.ResSpmNum = '1820043764'
   and a.ResAcpCod = 'URI' 
   and a.ResMzhTyp <> 'L' 
   and a.ResRepTyp <> 'F' 
   and a.ResChtNum = b.PbsChtNum 
 order by a.ResLabCod 


[2018-11-01 오후 12:11:03] SqlStr :  select a.ResAcpDte, a.ResAcpCod, a.ResAcpNum, a.ResSpmCod, a.ResChtNum, b.PbsPatNam, a.ResLabCod 
  from ResInf a, PbsInf b 
 where a.ResSpmNum = '1820043700'
   and a.ResAcpCod = 'URI' 
   and a.ResMzhTyp <> 'L' 
   and a.ResRepTyp <> 'F' 
   and a.ResChtNum = b.PbsChtNum 
 order by a.ResLabCod 


[2018-11-01 오후 12:11:03] sOrdList : 20181101|URI/41/U01|264592|이명숙|1|005|

[2018-11-01 오후 12:11:10] SqlStr :  select a.ResAcpDte, a.ResAcpCod, a.ResAcpNum, a.ResSpmCod, a.ResChtNum, b.PbsPatNam, a.ResLabCod 
  from ResInf a, PbsInf b 
 where a.ResSpmNum = '1820043685'
   and a.ResAcpCod = 'URI' 
   and a.ResMzhTyp <> 'L' 
   and a.ResRepTyp <> 'F' 
   and a.ResChtNum = b.PbsChtNum 
 order by a.ResLabCod 


[2018-11-01 오후 12:11:15] SqlStr :  select a.ResAcpDte, a.ResAcpCod, a.ResAcpNum, a.ResSpmCod, a.ResChtNum, b.PbsPatNam, a.ResLabCod 
  from ResInf a, PbsInf b 
 where a.ResSpmNum = '1820043733'
   and a.ResAcpCod = 'URI' 
   and a.ResMzhTyp <> 'L' 
   and a.ResRepTyp <> 'F' 
   and a.ResChtNum = b.PbsChtNum 
 order by a.ResLabCod 


[2018-11-01 오후 12:11:15] sOrdList : 20181101|URI/42/U01|208807|고규애|1|005|

[2018-11-01 오후 12:11:24] SqlStr :  select a.ResAcpDte, a.ResAcpCod, a.ResAcpNum, a.ResSpmCod, a.ResChtNum, b.PbsPatNam, a.ResLabCod 
  from ResInf a, PbsInf b 
 where a.ResSpmNum = '1820043767'
   and a.ResAcpCod = 'URI' 
   and a.ResMzhTyp <> 'L' 
   and a.ResRepTyp <> 'F' 
   and a.ResChtNum = b.PbsChtNum 
 order by a.ResLabCod 


[2018-11-01 오후 12:11:29] SqlStr :  select a.ResAcpDte, a.ResAcpCod, a.ResAcpNum, a.ResSpmCod, a.ResChtNum, b.PbsPatNam, a.ResLabCod 
  from ResInf a, PbsInf b 
 where a.ResSpmNum = '1820043804'
   and a.ResAcpCod = 'URI' 
   and a.ResMzhTyp <> 'L' 
   and a.ResRepTyp <> 'F' 
   and a.ResChtNum = b.PbsChtNum 
 order by a.ResLabCod 


[2018-11-01 오후 12:11:29] sOrdList : 20181101|URI/43/U01|149909|박인자|1|005|

[2018-11-01 오후 12:11:36] SqlStr :  select a.ResAcpDte, a.ResAcpCod, a.ResAcpNum, a.ResSpmCod, a.ResChtNum, b.PbsPatNam, a.ResLabCod 
  from ResInf a, PbsInf b 
 where a.ResSpmNum = '1820043841'
   and a.ResAcpCod = 'URI' 
   and a.ResMzhTyp <> 'L' 
   and a.ResRepTyp <> 'F' 
   and a.ResChtNum = b.PbsChtNum 
 order by a.ResLabCod 


[2018-11-01 오후 12:11:42] SqlStr :  select a.ResAcpDte, a.ResAcpCod, a.ResAcpNum, a.ResSpmCod, a.ResChtNum, b.PbsPatNam, a.ResLabCod 
  from ResInf a, PbsInf b 
 where a.ResSpmNum = '1820043724'
   and a.ResAcpCod = 'URI' 
   and a.ResMzhTyp <> 'L' 
   and a.ResRepTyp <> 'F' 
   and a.ResChtNum = b.PbsChtNum 
 order by a.ResLabCod 


[2018-11-01 오후 12:11:42] sOrdList : 20181101|URI/44/U01|147378|김향선|1|005|

[2018-11-01 오후 12:11:49] SqlStr :  select a.ResAcpDte, a.ResAcpCod, a.ResAcpNum, a.ResSpmCod, a.ResChtNum, b.PbsPatNam, a.ResLabCod 
  from ResInf a, PbsInf b 
 where a.ResSpmNum = '1820043707'
   and a.ResAcpCod = 'URI' 
   and a.ResMzhTyp <> 'L' 
   and a.ResRepTyp <> 'F' 
   and a.ResChtNum = b.PbsChtNum 
 order by a.ResLabCod 


[2018-11-01 오후 12:11:53] SqlStr :  select a.ResAcpDte, a.ResAcpCod, a.ResAcpNum, a.ResSpmCod, a.ResChtNum, b.PbsPatNam, a.ResLabCod 
  from ResInf a, PbsInf b 
 where a.ResSpmNum = '1820043728'
   and a.ResAcpCod = 'URI' 
   and a.ResMzhTyp <> 'L' 
   and a.ResRepTyp <> 'F' 
   and a.ResChtNum = b.PbsChtNum 
 order by a.ResLabCod 


[2018-11-01 오후 12:11:53] sOrdList : 20181101|URI/66/U01|284213|조재천|1|005|

[2018-11-01 오후 12:12:01] SqlStr :  select a.ResAcpDte, a.ResAcpCod, a.ResAcpNum, a.ResSpmCod, a.ResChtNum, b.PbsPatNam, a.ResLabCod 
  from ResInf a, PbsInf b 
 where a.ResSpmNum = '1820043813'
   and a.ResAcpCod = 'URI' 
   and a.ResMzhTyp <> 'L' 
   and a.ResRepTyp <> 'F' 
   and a.ResChtNum = b.PbsChtNum 
 order by a.ResLabCod 


[2018-11-01 오후 12:12:01] sOrdList : 20181101|URI/45/U01|74918|박수현|1|005|

[2018-11-01 오후 12:12:02] SqlStr :  select a.ResAcpDte, a.ResAcpCod, a.ResAcpNum, a.ResSpmCod, a.ResChtNum, b.PbsPatNam, a.ResLabCod 
  from ResInf a, PbsInf b 
 where a.ResSpmNum = '1820043678'
   and a.ResAcpCod = 'URI' 
   and a.ResMzhTyp <> 'L' 
   and a.ResRepTyp <> 'F' 
   and a.ResChtNum = b.PbsChtNum 
 order by a.ResLabCod 


[2018-11-01 오후 12:12:09] SqlStr :  select a.ResAcpDte, a.ResAcpCod, a.ResAcpNum, a.ResSpmCod, a.ResChtNum, b.PbsPatNam, a.ResLabCod 
  from ResInf a, PbsInf b 
 where a.ResSpmNum = '1820043775'
   and a.ResAcpCod = 'URI' 
   and a.ResMzhTyp <> 'L' 
   and a.ResRepTyp <> 'F' 
   and a.ResChtNum = b.PbsChtNum 
 order by a.ResLabCod 


[2018-11-01 오후 12:12:09] sOrdList : 20181101|URI/46/U01|8721|한상현|1|005|

[2018-11-01 오후 12:12:21] SqlStr :  select a.ResAcpDte, a.ResAcpCod, a.ResAcpNum, a.ResSpmCod, a.ResChtNum, b.PbsPatNam, a.ResLabCod 
  from ResInf a, PbsInf b 
 where a.ResSpmNum = '1820043691'
   and a.ResAcpCod = 'URI' 
   and a.ResMzhTyp <> 'L' 
   and a.ResRepTyp <> 'F' 
   and a.ResChtNum = b.PbsChtNum 
 order by a.ResLabCod 


[2018-11-01 오후 12:12:21] sOrdList : 20181101|URI/63/U01|70274|윤한용|1|005|

[2018-11-01 오후 12:12:34] SqlStr :  select a.ResAcpDte, a.ResAcpCod, a.ResAcpNum, a.ResSpmCod, a.ResChtNum, b.PbsPatNam, a.ResLabCod 
  from ResInf a, PbsInf b 
 where a.ResSpmNum = '1820043672'
   and a.ResAcpCod = 'URI' 
   and a.ResMzhTyp <> 'L' 
   and a.ResRepTyp <> 'F' 
   and a.ResChtNum = b.PbsChtNum 
 order by a.ResLabCod 


[2018-11-01 오후 12:12:34] sOrdList : 20181101|URI/62/U01|32156|심효숙|1|005|

[2018-11-01 오후 12:12:48] SqlStr :  select a.ResAcpDte, a.ResAcpCod, a.ResAcpNum, a.ResSpmCod, a.ResChtNum, b.PbsPatNam, a.ResLabCod 
  from ResInf a, PbsInf b 
 where a.ResSpmNum = '1820043764'
   and a.ResAcpCod = 'URI' 
   and a.ResMzhTyp <> 'L' 
   and a.ResRepTyp <> 'F' 
   and a.ResChtNum = b.PbsChtNum 
 order by a.ResLabCod 


[2018-11-01 오후 12:12:48] sOrdList : 20181101|URI/58/U01|80975|최양숙|1|005|

[2018-11-01 오후 12:13:00] SqlStr :  select a.ResAcpDte, a.ResAcpCod, a.ResAcpNum, a.ResSpmCod, a.ResChtNum, b.PbsPatNam, a.ResLabCod 
  from ResInf a, PbsInf b 
 where a.ResSpmNum = '1820043685'
   and a.ResAcpCod = 'URI' 
   and a.ResMzhTyp <> 'L' 
   and a.ResRepTyp <> 'F' 
   and a.ResChtNum = b.PbsChtNum 
 order by a.ResLabCod 


[2018-11-01 오후 12:13:00] sOrdList : 20181101|URI/54/U01|121649|백명기|1|005|

[2018-11-01 오후 12:13:04] SqlStr :  select a.ResAcpDte, a.ResAcpCod, a.ResAcpNum, a.ResSpmCod, a.ResChtNum, b.PbsPatNam, a.ResLabCod 
  from ResInf a, PbsInf b 
 where a.ResSpmNum = '1800144189'
   and a.ResAcpCod = 'URI' 
   and a.ResMzhTyp <> 'L' 
   and a.ResRepTyp <> 'F' 
   and a.ResChtNum = b.PbsChtNum 
 order by a.ResLabCod 


[2018-11-01 오후 12:13:08] SqlStr :  select a.ResAcpDte, a.ResAcpCod, a.ResAcpNum, a.ResSpmCod, a.ResChtNum, b.PbsPatNam, a.ResLabCod 
  from ResInf a, PbsInf b 
 where a.ResSpmNum = '1820043661'
   and a.ResAcpCod = 'URI' 
   and a.ResMzhTyp <> 'L' 
   and a.ResRepTyp <> 'F' 
   and a.ResChtNum = b.PbsChtNum 
 order by a.ResLabCod 


[2018-11-01 오후 12:13:11] SqlStr :  select a.ResAcpDte, a.ResAcpCod, a.ResAcpNum, a.ResSpmCod, a.ResChtNum, b.PbsPatNam, a.ResLabCod 
  from ResInf a, PbsInf b 
 where a.ResSpmNum = '1820043655'
   and a.ResAcpCod = 'URI' 
   and a.ResMzhTyp <> 'L' 
   and a.ResRepTyp <> 'F' 
   and a.ResChtNum = b.PbsChtNum 
 order by a.ResLabCod 


[2018-11-01 오후 12:13:14] SqlStr :  select a.ResAcpDte, a.ResAcpCod, a.ResAcpNum, a.ResSpmCod, a.ResChtNum, b.PbsPatNam, a.ResLabCod 
  from ResInf a, PbsInf b 
 where a.ResSpmNum = '1820043767'
   and a.ResAcpCod = 'URI' 
   and a.ResMzhTyp <> 'L' 
   and a.ResRepTyp <> 'F' 
   and a.ResChtNum = b.PbsChtNum 
 order by a.ResLabCod 


[2018-11-01 오후 12:13:14] sOrdList : 20181101|URI/51/U01|122162|홍성달|1|005|

[2018-11-01 오후 12:13:29] SqlStr :  select a.ResAcpDte, a.ResAcpCod, a.ResAcpNum, a.ResSpmCod, a.ResChtNum, b.PbsPatNam, a.ResLabCod 
  from ResInf a, PbsInf b 
 where a.ResSpmNum = '1820043841'
   and a.ResAcpCod = 'URI' 
   and a.ResMzhTyp <> 'L' 
   and a.ResRepTyp <> 'F' 
   and a.ResChtNum = b.PbsChtNum 
 order by a.ResLabCod 


[2018-11-01 오후 12:13:29] sOrdList : 20181101|URI/68/U01|113338|한상구|1|005|

[2018-11-01 오후 12:13:33] SqlStr :  select a.ResAcpDte, a.ResAcpCod, a.ResAcpNum, a.ResSpmCod, a.ResChtNum, b.PbsPatNam, a.ResLabCod 
  from ResInf a, PbsInf b 
 where a.ResSpmNum = '1820043782'
   and a.ResAcpCod = 'URI' 
   and a.ResMzhTyp <> 'L' 
   and a.ResRepTyp <> 'F' 
   and a.ResChtNum = b.PbsChtNum 
 order by a.ResLabCod 


[2018-11-01 오후 12:13:40] SqlStr :  select a.ResAcpDte, a.ResAcpCod, a.ResAcpNum, a.ResSpmCod, a.ResChtNum, b.PbsPatNam, a.ResLabCod 
  from ResInf a, PbsInf b 
 where a.ResSpmNum = '1820043707'
   and a.ResAcpCod = 'URI' 
   and a.ResMzhTyp <> 'L' 
   and a.ResRepTyp <> 'F' 
   and a.ResChtNum = b.PbsChtNum 
 order by a.ResLabCod 


[2018-11-01 오후 12:13:40] sOrdList : 20181101|URI/52/U01|11759|권중식|1|005|

[2018-11-01 오후 12:13:46] SqlStr :  select a.ResAcpDte, a.ResAcpCod, a.ResAcpNum, a.ResSpmCod, a.ResChtNum, b.PbsPatNam, a.ResLabCod 
  from ResInf a, PbsInf b 
 where a.ResSpmNum = '1820043649'
   and a.ResAcpCod = 'URI' 
   and a.ResMzhTyp <> 'L' 
   and a.ResRepTyp <> 'F' 
   and a.ResChtNum = b.PbsChtNum 
 order by a.ResLabCod 


[2018-11-01 오후 12:13:52] SqlStr :  select a.ResAcpDte, a.ResAcpCod, a.ResAcpNum, a.ResSpmCod, a.ResChtNum, b.PbsPatNam, a.ResLabCod 
  from ResInf a, PbsInf b 
 where a.ResSpmNum = '1820043678'
   and a.ResAcpCod = 'URI' 
   and a.ResMzhTyp <> 'L' 
   and a.ResRepTyp <> 'F' 
   and a.ResChtNum = b.PbsChtNum 
 order by a.ResLabCod 


[2018-11-01 오후 12:13:52] sOrdList : 20181101|URI/53/U01|104590|이찬자|1|005|

[2018-11-01 오후 12:13:59] SqlStr :  select a.ResAcpDte, a.ResAcpCod, a.ResAcpNum, a.ResSpmCod, a.ResChtNum, b.PbsPatNam, a.ResLabCod 
  from ResInf a, PbsInf b 
 where a.ResSpmNum = '1820043809'
   and a.ResAcpCod = 'URI' 
   and a.ResMzhTyp <> 'L' 
   and a.ResRepTyp <> 'F' 
   and a.ResChtNum = b.PbsChtNum 
 order by a.ResLabCod 


[2018-11-01 오후 12:14:12] SqlStr :  select a.ResAcpDte, a.ResAcpCod, a.ResAcpNum, a.ResSpmCod, a.ResChtNum, b.PbsPatNam, a.ResLabCod 
  from ResInf a, PbsInf b 
 where a.ResSpmNum = '1820043696'
   and a.ResAcpCod = 'URI' 
   and a.ResMzhTyp <> 'L' 
   and a.ResRepTyp <> 'F' 
   and a.ResChtNum = b.PbsChtNum 
 order by a.ResLabCod 


[2018-11-01 오후 12:14:25] SqlStr :  select a.ResAcpDte, a.ResAcpCod, a.ResAcpNum, a.ResSpmCod, a.ResChtNum, b.PbsPatNam, a.ResLabCod 
  from ResInf a, PbsInf b 
 where a.ResSpmNum = '1820043668'
   and a.ResAcpCod = 'URI' 
   and a.ResMzhTyp <> 'L' 
   and a.ResRepTyp <> 'F' 
   and a.ResChtNum = b.PbsChtNum 
 order by a.ResLabCod 


[2018-11-01 오후 12:14:39] SqlStr :  select a.ResAcpDte, a.ResAcpCod, a.ResAcpNum, a.ResSpmCod, a.ResChtNum, b.PbsPatNam, a.ResLabCod 
  from ResInf a, PbsInf b 
 where a.ResSpmNum = '1820043741'
   and a.ResAcpCod = 'URI' 
   and a.ResMzhTyp <> 'L' 
   and a.ResRepTyp <> 'F' 
   and a.ResChtNum = b.PbsChtNum 
 order by a.ResLabCod 


[2018-11-01 오후 12:14:44] SqlStr :  select a.ResAcpDte, a.ResAcpCod, a.ResAcpNum, a.ResSpmCod, a.ResChtNum, b.PbsPatNam, a.ResLabCod 
  from ResInf a, PbsInf b 
 where a.ResSpmNum = '1800144189'
   and a.ResAcpCod = 'URI' 
   and a.ResMzhTyp <> 'L' 
   and a.ResRepTyp <> 'F' 
   and a.ResChtNum = b.PbsChtNum 
 order by a.ResLabCod 


[2018-11-01 오후 12:14:44] sOrdList : 20181101|URI/69/U01|220153|김태주|18|001|002|003|004|005|006|007|008|009|010|011|012|026|027|028|029|030|031|

[2018-11-01 오후 12:14:52] SqlStr :  select a.ResAcpDte, a.ResAcpCod, a.ResAcpNum, a.ResSpmCod, a.ResChtNum, b.PbsPatNam, a.ResLabCod 
  from ResInf a, PbsInf b 
 where a.ResSpmNum = '1820043818'
   and a.ResAcpCod = 'URI' 
   and a.ResMzhTyp <> 'L' 
   and a.ResRepTyp <> 'F' 
   and a.ResChtNum = b.PbsChtNum 
 order by a.ResLabCod 


[2018-11-01 오후 12:14:58] SqlStr :  select a.ResAcpDte, a.ResAcpCod, a.ResAcpNum, a.ResSpmCod, a.ResChtNum, b.PbsPatNam, a.ResLabCod 
  from ResInf a, PbsInf b 
 where a.ResSpmNum = '1820043661'
   and a.ResAcpCod = 'URI' 
   and a.ResMzhTyp <> 'L' 
   and a.ResRepTyp <> 'F' 
   and a.ResChtNum = b.PbsChtNum 
 order by a.ResLabCod 


[2018-11-01 오후 12:14:58] sOrdList : 20181101|URI/65/U01|114909|이윤석|18|001|002|003|004|005|006|007|008|009|010|011|012|026|027|028|029|030|031|

[2018-11-01 오후 12:15:10] SqlStr :  select a.ResAcpDte, a.ResAcpCod, a.ResAcpNum, a.ResSpmCod, a.ResChtNum, b.PbsPatNam, a.ResLabCod 
  from ResInf a, PbsInf b 
 where a.ResSpmNum = '1820043655'
   and a.ResAcpCod = 'URI' 
   and a.ResMzhTyp <> 'L' 
   and a.ResRepTyp <> 'F' 
   and a.ResChtNum = b.PbsChtNum 
 order by a.ResLabCod 


[2018-11-01 오후 12:15:11] sOrdList : 20181101|URI/61/U01|195182|심수정|18|001|002|003|004|005|006|007|008|009|010|011|012|026|027|028|029|030|031|

[2018-11-01 오후 12:15:24] SqlStr :  select a.ResAcpDte, a.ResAcpCod, a.ResAcpNum, a.ResSpmCod, a.ResChtNum, b.PbsPatNam, a.ResLabCod 
  from ResInf a, PbsInf b 
 where a.ResSpmNum = '1820043782'
   and a.ResAcpCod = 'URI' 
   and a.ResMzhTyp <> 'L' 
   and a.ResRepTyp <> 'F' 
   and a.ResChtNum = b.PbsChtNum 
 order by a.ResLabCod 


[2018-11-01 오후 12:15:24] sOrdList : 20181101|URI/60/U01|222741|최선재|18|001|002|003|004|005|006|007|008|009|010|011|012|026|027|028|029|030|031|

[2018-11-01 오후 12:15:37] SqlStr :  select a.ResAcpDte, a.ResAcpCod, a.ResAcpNum, a.ResSpmCod, a.ResChtNum, b.PbsPatNam, a.ResLabCod 
  from ResInf a, PbsInf b 
 where a.ResSpmNum = '1820043649'
   and a.ResAcpCod = 'URI' 
   and a.ResMzhTyp <> 'L' 
   and a.ResRepTyp <> 'F' 
   and a.ResChtNum = b.PbsChtNum 
 order by a.ResLabCod 


[2018-11-01 오후 12:15:37] sOrdList : 20181101|URI/59/U01|144227|최승수|18|001|002|003|004|005|006|007|008|009|010|011|012|026|027|028|029|030|031|

[2018-11-01 오후 12:15:50] SqlStr :  select a.ResAcpDte, a.ResAcpCod, a.ResAcpNum, a.ResSpmCod, a.ResChtNum, b.PbsPatNam, a.ResLabCod 
  from ResInf a, PbsInf b 
 where a.ResSpmNum = '1820043809'
   and a.ResAcpCod = 'URI' 
   and a.ResMzhTyp <> 'L' 
   and a.ResRepTyp <> 'F' 
   and a.ResChtNum = b.PbsChtNum 
 order by a.ResLabCod 


[2018-11-01 오후 12:15:50] sOrdList : 20181101|URI/57/U01|78063|송재원|12|001|002|003|004|005|006|007|008|009|010|011|012|

[2018-11-01 오후 12:16:03] SqlStr :  select a.ResAcpDte, a.ResAcpCod, a.ResAcpNum, a.ResSpmCod, a.ResChtNum, b.PbsPatNam, a.ResLabCod 
  from ResInf a, PbsInf b 
 where a.ResSpmNum = '1820043696'
   and a.ResAcpCod = 'URI' 
   and a.ResMzhTyp <> 'L' 
   and a.ResRepTyp <> 'F' 
   and a.ResChtNum = b.PbsChtNum 
 order by a.ResLabCod 


[2018-11-01 오후 12:16:03] sOrdList : 20181101|URI/56/U01|265229|김종걸|18|001|002|003|004|005|006|007|008|009|010|011|012|026|027|028|029|030|031|

[2018-11-01 오후 12:16:17] SqlStr :  select a.ResAcpDte, a.ResAcpCod, a.ResAcpNum, a.ResSpmCod, a.ResChtNum, b.PbsPatNam, a.ResLabCod 
  from ResInf a, PbsInf b 
 where a.ResSpmNum = '1820043668'
   and a.ResAcpCod = 'URI' 
   and a.ResMzhTyp <> 'L' 
   and a.ResRepTyp <> 'F' 
   and a.ResChtNum = b.PbsChtNum 
 order by a.ResLabCod 


[2018-11-01 오후 12:16:17] sOrdList : 20181101|URI/55/U01|123114|노치석|18|001|002|003|004|005|006|007|008|009|010|011|012|026|027|028|029|030|031|

[2018-11-01 오후 12:16:29] SqlStr :  select a.ResAcpDte, a.ResAcpCod, a.ResAcpNum, a.ResSpmCod, a.ResChtNum, b.PbsPatNam, a.ResLabCod 
  from ResInf a, PbsInf b 
 where a.ResSpmNum = '1820043741'
   and a.ResAcpCod = 'URI' 
   and a.ResMzhTyp <> 'L' 
   and a.ResRepTyp <> 'F' 
   and a.ResChtNum = b.PbsChtNum 
 order by a.ResLabCod 


[2018-11-01 오후 12:16:29] sOrdList : 20181101|URI/50/U01|123242|김도완|18|001|002|003|004|005|006|007|008|009|010|011|012|026|027|028|029|030|031|

[2018-11-01 오후 12:16:42] SqlStr :  select a.ResAcpDte, a.ResAcpCod, a.ResAcpNum, a.ResSpmCod, a.ResChtNum, b.PbsPatNam, a.ResLabCod 
  from ResInf a, PbsInf b 
 where a.ResSpmNum = '1820043818'
   and a.ResAcpCod = 'URI' 
   and a.ResMzhTyp <> 'L' 
   and a.ResRepTyp <> 'F' 
   and a.ResChtNum = b.PbsChtNum 
 order by a.ResLabCod 


[2018-11-01 오후 12:16:42] sOrdList : 20181101|URI/33/U01|284222|김양희|12|001|002|003|004|005|006|007|008|009|010|011|012|

[2018-11-01 오후 12:18:25] SqlStr :  select a.ResAcpDte, a.ResAcpCod, a.ResAcpNum, a.ResSpmCod, a.ResChtNum, b.PbsPatNam, a.ResLabCod 
  from ResInf a, PbsInf b 
 where a.ResSpmNum = '1810144188'
   and a.ResAcpCod = 'URI' 
   and a.ResMzhTyp <> 'L' 
   and a.ResRepTyp <> 'F' 
   and a.ResChtNum = b.PbsChtNum 
 order by a.ResLabCod 


[2018-11-01 오후 12:18:28] SqlStr :  select a.ResAcpDte, a.ResAcpCod, a.ResAcpNum, a.ResSpmCod, a.ResChtNum, b.PbsPatNam, a.ResLabCod 
  from ResInf a, PbsInf b 
 where a.ResSpmNum = '1800144192'
   and a.ResAcpCod = 'URI' 
   and a.ResMzhTyp <> 'L' 
   and a.ResRepTyp <> 'F' 
   and a.ResChtNum = b.PbsChtNum 
 order by a.ResLabCod 


[2018-11-01 오후 12:19:42] SqlStr :  select a.ResAcpDte, a.ResAcpCod, a.ResAcpNum, a.ResSpmCod, a.ResChtNum, b.PbsPatNam, a.ResLabCod 
  from ResInf a, PbsInf b 
 where a.ResSpmNum = '1800144179'
   and a.ResAcpCod = 'URI' 
   and a.ResMzhTyp <> 'L' 
   and a.ResRepTyp <> 'F' 
   and a.ResChtNum = b.PbsChtNum 
 order by a.ResLabCod 


[2018-11-01 오후 12:20:11] SqlStr :  select a.ResAcpDte, a.ResAcpCod, a.ResAcpNum, a.ResSpmCod, a.ResChtNum, b.PbsPatNam, a.ResLabCod 
  from ResInf a, PbsInf b 
 where a.ResSpmNum = '1820043809'
   and a.ResAcpCod = 'URI' 
   and a.ResMzhTyp <> 'L' 
   and a.ResRepTyp <> 'F' 
   and a.ResChtNum = b.PbsChtNum 
 order by a.ResLabCod 


[2018-11-01 오후 12:20:13] SqlStr :  select a.ResAcpDte, a.ResAcpCod, a.ResAcpNum, a.ResSpmCod, a.ResChtNum, b.PbsPatNam, a.ResLabCod 
  from ResInf a, PbsInf b 
 where a.ResSpmNum = '1810144188'
   and a.ResAcpCod = 'URI' 
   and a.ResMzhTyp <> 'L' 
   and a.ResRepTyp <> 'F' 
   and a.ResChtNum = b.PbsChtNum 
 order by a.ResLabCod 


[2018-11-01 오후 12:20:13] sOrdList : 20181101|URI/71/U01|284223|이현|18|001|002|003|004|005|006|007|008|009|010|011|012|026|027|028|029|030|031|

[2018-11-01 오후 12:20:22] SqlStr :  select a.ResAcpDte, a.ResAcpCod, a.ResAcpNum, a.ResSpmCod, a.ResChtNum, b.PbsPatNam, a.ResLabCod 
  from ResInf a, PbsInf b 
 where a.ResSpmNum = '1820043818'
   and a.ResAcpCod = 'URI' 
   and a.ResMzhTyp <> 'L' 
   and a.ResRepTyp <> 'F' 
   and a.ResChtNum = b.PbsChtNum 
 order by a.ResLabCod 


[2018-11-01 오후 12:20:26] SqlStr :  select a.ResAcpDte, a.ResAcpCod, a.ResAcpNum, a.ResSpmCod, a.ResChtNum, b.PbsPatNam, a.ResLabCod 
  from ResInf a, PbsInf b 
 where a.ResSpmNum = '1800144192'
   and a.ResAcpCod = 'URI' 
   and a.ResMzhTyp <> 'L' 
   and a.ResRepTyp <> 'F' 
   and a.ResChtNum = b.PbsChtNum 
 order by a.ResLabCod 


[2018-11-01 오후 12:20:26] sOrdList : 20181101|URI/70/U01|35263|김영선|18|001|002|003|004|005|006|007|008|009|010|011|012|026|027|028|029|030|031|

[2018-11-01 오후 12:21:35] SqlStr :  select a.ResAcpDte, a.ResAcpCod, a.ResAcpNum, a.ResSpmCod, a.ResChtNum, b.PbsPatNam, a.ResLabCod 
  from ResInf a, PbsInf b 
 where a.ResSpmNum = '1800144179'
   and a.ResAcpCod = 'URI' 
   and a.ResMzhTyp <> 'L' 
   and a.ResRepTyp <> 'F' 
   and a.ResChtNum = b.PbsChtNum 
 order by a.ResLabCod 


[2018-11-01 오후 12:21:35] sOrdList : 20181101|URI/72/U01|67986|조정애|18|001|002|003|004|005|006|007|008|009|010|011|012|026|027|028|029|030|031|

[2018-11-01 오후 1:57:17] SqlStr :  select a.ResAcpDte, a.ResAcpCod, a.ResAcpNum, a.ResSpmCod, a.ResChtNum, b.PbsPatNam, a.ResLabCod 
  from ResInf a, PbsInf b 
 where a.ResSpmNum = 'QC-UK0050LL'
   and a.ResAcpCod = 'URI' 
   and a.ResMzhTyp <> 'L' 
   and a.ResRepTyp <> 'F' 
   and a.ResChtNum = b.PbsChtNum 
 order by a.ResLabCod 


[2018-11-01 오후 1:57:17] sOrdList : 

[2018-11-01 오후 1:59:52] SqlStr :  select a.ResAcpDte, a.ResAcpCod, a.ResAcpNum, a.ResSpmCod, a.ResChtNum, b.PbsPatNam, a.ResLabCod 
  from ResInf a, PbsInf b 
 where a.ResSpmNum = 'QC-UK0050HL'
   and a.ResAcpCod = 'URI' 
   and a.ResMzhTyp <> 'L' 
   and a.ResRepTyp <> 'F' 
   and a.ResChtNum = b.PbsChtNum 
 order by a.ResLabCod 


[2018-11-01 오후 1:59:52] sOrdList : 

[2018-11-01 오후 2:03:17] SqlStr :  select a.ResAcpDte, a.ResAcpCod, a.ResAcpNum, a.ResSpmCod, a.ResChtNum, b.PbsPatNam, a.ResLabCod 
  from ResInf a, PbsInf b 
 where a.ResSpmNum = 'QC-UC01801L'
   and a.ResAcpCod = 'URI' 
   and a.ResMzhTyp <> 'L' 
   and a.ResRepTyp <> 'F' 
   and a.ResChtNum = b.PbsChtNum 
 order by a.ResLabCod 


[2018-11-01 오후 2:03:17] sOrdList : 

[2018-11-01 오후 2:03:29] SqlStr :  select a.ResAcpDte, a.ResAcpCod, a.ResAcpNum, a.ResSpmCod, a.ResChtNum, b.PbsPatNam, a.ResLabCod 
  from ResInf a, PbsInf b 
 where a.ResSpmNum = 'QC-UC01801H'
   and a.ResAcpCod = 'URI' 
   and a.ResMzhTyp <> 'L' 
   and a.ResRepTyp <> 'F' 
   and a.ResChtNum = b.PbsChtNum 
 order by a.ResLabCod 


[2018-11-01 오후 2:03:29] sOrdList : 

[2018-11-01 오후 2:07:25] SqlStr :  select a.ResAcpDte, a.ResAcpCod, a.ResAcpNum, a.ResSpmCod, a.ResChtNum, b.PbsPatNam, a.ResLabCod 
  from ResInf a, PbsInf b 
 where a.ResSpmNum = '1800144209'
   and a.ResAcpCod = 'URI' 
   and a.ResMzhTyp <> 'L' 
   and a.ResRepTyp <> 'F' 
   and a.ResChtNum = b.PbsChtNum 
 order by a.ResLabCod 


[2018-11-01 오후 2:07:32] SqlStr :  select a.ResAcpDte, a.ResAcpCod, a.ResAcpNum, a.ResSpmCod, a.ResChtNum, b.PbsPatNam, a.ResLabCod 
  from ResInf a, PbsInf b 
 where a.ResSpmNum = '1810144194'
   and a.ResAcpCod = 'URI' 
   and a.ResMzhTyp <> 'L' 
   and a.ResRepTyp <> 'F' 
   and a.ResChtNum = b.PbsChtNum 
 order by a.ResLabCod 


[2018-11-01 오후 2:07:36] SqlStr :  select a.ResAcpDte, a.ResAcpCod, a.ResAcpNum, a.ResSpmCod, a.ResChtNum, b.PbsPatNam, a.ResLabCod 
  from ResInf a, PbsInf b 
 where a.ResSpmNum = '1820043757'
   and a.ResAcpCod = 'URI' 
   and a.ResMzhTyp <> 'L' 
   and a.ResRepTyp <> 'F' 
   and a.ResChtNum = b.PbsChtNum 
 order by a.ResLabCod 


[2018-11-01 오후 2:08:05] SqlStr :  select a.ResAcpDte, a.ResAcpCod, a.ResAcpNum, a.ResSpmCod, a.ResChtNum, b.PbsPatNam, a.ResLabCod 
  from ResInf a, PbsInf b 
 where a.ResSpmNum = '1820043850'
   and a.ResAcpCod = 'URI' 
   and a.ResMzhTyp <> 'L' 
   and a.ResRepTyp <> 'F' 
   and a.ResChtNum = b.PbsChtNum 
 order by a.ResLabCod 


[2018-11-01 오후 2:09:18] SqlStr :  select a.ResAcpDte, a.ResAcpCod, a.ResAcpNum, a.ResSpmCod, a.ResChtNum, b.PbsPatNam, a.ResLabCod 
  from ResInf a, PbsInf b 
 where a.ResSpmNum = '1800144209'
   and a.ResAcpCod = 'URI' 
   and a.ResMzhTyp <> 'L' 
   and a.ResRepTyp <> 'F' 
   and a.ResChtNum = b.PbsChtNum 
 order by a.ResLabCod 


[2018-11-01 오후 2:09:18] sOrdList : 20181101|URI/73/U01|199307|서인숙|18|001|002|003|004|005|006|007|008|009|010|011|012|026|027|028|029|030|031|

[2018-11-01 오후 2:09:30] SqlStr :  select a.ResAcpDte, a.ResAcpCod, a.ResAcpNum, a.ResSpmCod, a.ResChtNum, b.PbsPatNam, a.ResLabCod 
  from ResInf a, PbsInf b 
 where a.ResSpmNum = '1810144194'
   and a.ResAcpCod = 'URI' 
   and a.ResMzhTyp <> 'L' 
   and a.ResRepTyp <> 'F' 
   and a.ResChtNum = b.PbsChtNum 
 order by a.ResLabCod 


[2018-11-01 오후 2:09:30] sOrdList : 20181101|URI/74/U01|283766|박지섭|18|001|002|003|004|005|006|007|008|009|010|011|012|026|027|028|029|030|031|

[2018-11-01 오후 2:09:43] SqlStr :  select a.ResAcpDte, a.ResAcpCod, a.ResAcpNum, a.ResSpmCod, a.ResChtNum, b.PbsPatNam, a.ResLabCod 
  from ResInf a, PbsInf b 
 where a.ResSpmNum = '1820043757'
   and a.ResAcpCod = 'URI' 
   and a.ResMzhTyp <> 'L' 
   and a.ResRepTyp <> 'F' 
   and a.ResChtNum = b.PbsChtNum 
 order by a.ResLabCod 


[2018-11-01 오후 2:09:43] sOrdList : 

[2018-11-01 오후 2:09:56] SqlStr :  select a.ResAcpDte, a.ResAcpCod, a.ResAcpNum, a.ResSpmCod, a.ResChtNum, b.PbsPatNam, a.ResLabCod 
  from ResInf a, PbsInf b 
 where a.ResSpmNum = '1820043850'
   and a.ResAcpCod = 'URI' 
   and a.ResMzhTyp <> 'L' 
   and a.ResRepTyp <> 'F' 
   and a.ResChtNum = b.PbsChtNum 
 order by a.ResLabCod 


[2018-11-01 오후 2:09:56] sOrdList : 

[2018-11-01 오후 2:10:35] SqlStr :  select a.ResAcpDte, a.ResAcpCod, a.ResAcpNum, a.ResSpmCod, a.ResChtNum, b.PbsPatNam, a.ResLabCod 
  from ResInf a, PbsInf b 
 where a.ResSpmNum = '1820043757'
   and a.ResAcpCod = 'URI' 
   and a.ResMzhTyp <> 'L' 
   and a.ResRepTyp <> 'F' 
   and a.ResChtNum = b.PbsChtNum 
 order by a.ResLabCod 


[2018-11-01 오후 2:10:38] SqlStr :  select a.ResAcpDte, a.ResAcpCod, a.ResAcpNum, a.ResSpmCod, a.ResChtNum, b.PbsPatNam, a.ResLabCod 
  from ResInf a, PbsInf b 
 where a.ResSpmNum = '1820043850'
   and a.ResAcpCod = 'URI' 
   and a.ResMzhTyp <> 'L' 
   and a.ResRepTyp <> 'F' 
   and a.ResChtNum = b.PbsChtNum 
 order by a.ResLabCod 


[2018-11-01 오후 2:15:11] SqlStr :  select a.ResAcpDte, a.ResAcpCod, a.ResAcpNum, a.ResSpmCod, a.ResChtNum, b.PbsPatNam, a.ResLabCod 
  from ResInf a, PbsInf b 
 where a.ResSpmNum = '1820043757'
   and a.ResAcpCod = 'URI' 
   and a.ResMzhTyp <> 'L' 
   and a.ResRepTyp <> 'F' 
   and a.ResChtNum = b.PbsChtNum 
 order by a.ResLabCod 


[2018-11-01 오후 2:15:11] sOrdList : 20181101|URI/76/U01|263836|김석남|1|005|

[2018-11-01 오후 2:15:19] SqlStr :  select a.ResAcpDte, a.ResAcpCod, a.ResAcpNum, a.ResSpmCod, a.ResChtNum, b.PbsPatNam, a.ResLabCod 
  from ResInf a, PbsInf b 
 where a.ResSpmNum = '1820043850'
   and a.ResAcpCod = 'URI' 
   and a.ResMzhTyp <> 'L' 
   and a.ResRepTyp <> 'F' 
   and a.ResChtNum = b.PbsChtNum 
 order by a.ResLabCod 


[2018-11-01 오후 2:15:19] sOrdList : 20181101|URI/77/U01|80654|김득수|1|005|

[2018-11-01 오후 2:38:12] SqlStr :  select a.ResAcpDte, a.ResAcpCod, a.ResAcpNum, a.ResSpmCod, a.ResChtNum, b.PbsPatNam, a.ResLabCod 
  from ResInf a, PbsInf b 
 where a.ResSpmNum = '1810144231'
   and a.ResAcpCod = 'URI' 
   and a.ResMzhTyp <> 'L' 
   and a.ResRepTyp <> 'F' 
   and a.ResChtNum = b.PbsChtNum 
 order by a.ResLabCod 


[2018-11-01 오후 2:38:15] SqlStr :  select a.ResAcpDte, a.ResAcpCod, a.ResAcpNum, a.ResSpmCod, a.ResChtNum, b.PbsPatNam, a.ResLabCod 
  from ResInf a, PbsInf b 
 where a.ResSpmNum = '1810144041'
   and a.ResAcpCod = 'URI' 
   and a.ResMzhTyp <> 'L' 
   and a.ResRepTyp <> 'F' 
   and a.ResChtNum = b.PbsChtNum 
 order by a.ResLabCod 


[2018-11-01 오후 2:39:38] SqlStr :  select a.ResAcpDte, a.ResAcpCod, a.ResAcpNum, a.ResSpmCod, a.ResChtNum, b.PbsPatNam, a.ResLabCod 
  from ResInf a, PbsInf b 
 where a.ResSpmNum = '1820043857'
   and a.ResAcpCod = 'URI' 
   and a.ResMzhTyp <> 'L' 
   and a.ResRepTyp <> 'F' 
   and a.ResChtNum = b.PbsChtNum 
 order by a.ResLabCod 


[2018-11-01 오후 2:39:41] SqlStr :  select a.ResAcpDte, a.ResAcpCod, a.ResAcpNum, a.ResSpmCod, a.ResChtNum, b.PbsPatNam, a.ResLabCod 
  from ResInf a, PbsInf b 
 where a.ResSpmNum = '1820043854'
   and a.ResAcpCod = 'URI' 
   and a.ResMzhTyp <> 'L' 
   and a.ResRepTyp <> 'F' 
   and a.ResChtNum = b.PbsChtNum 
 order by a.ResLabCod 


[2018-11-01 오후 2:40:00] SqlStr :  select a.ResAcpDte, a.ResAcpCod, a.ResAcpNum, a.ResSpmCod, a.ResChtNum, b.PbsPatNam, a.ResLabCod 
  from ResInf a, PbsInf b 
 where a.ResSpmNum = '1810144231'
   and a.ResAcpCod = 'URI' 
   and a.ResMzhTyp <> 'L' 
   and a.ResRepTyp <> 'F' 
   and a.ResChtNum = b.PbsChtNum 
 order by a.ResLabCod 


[2018-11-01 오후 2:40:00] sOrdList : 20181101|URI/75/U01|282236|이종희|18|001|002|003|004|005|006|007|008|009|010|011|012|026|027|028|029|030|031|

[2018-11-01 오후 2:40:13] SqlStr :  select a.ResAcpDte, a.ResAcpCod, a.ResAcpNum, a.ResSpmCod, a.ResChtNum, b.PbsPatNam, a.ResLabCod 
  from ResInf a, PbsInf b 
 where a.ResSpmNum = '1810144041'
   and a.ResAcpCod = 'URI' 
   and a.ResMzhTyp <> 'L' 
   and a.ResRepTyp <> 'F' 
   and a.ResChtNum = b.PbsChtNum 
 order by a.ResLabCod 


[2018-11-01 오후 2:40:13] sOrdList : 20181101|URI/80/U01|246908|이춘화|18|001|002|003|004|005|006|007|008|009|010|011|012|026|027|028|029|030|031|

[2018-11-01 오후 2:41:18] SqlStr :  select a.ResAcpDte, a.ResAcpCod, a.ResAcpNum, a.ResSpmCod, a.ResChtNum, b.PbsPatNam, a.ResLabCod 
  from ResInf a, PbsInf b 
 where a.ResSpmNum = '1820043857'
   and a.ResAcpCod = 'URI' 
   and a.ResMzhTyp <> 'L' 
   and a.ResRepTyp <> 'F' 
   and a.ResChtNum = b.PbsChtNum 
 order by a.ResLabCod 


[2018-11-01 오후 2:41:18] sOrdList : 20181101|URI/78/U01|266925|이은정|1|005|

[2018-11-01 오후 2:41:31] SqlStr :  select a.ResAcpDte, a.ResAcpCod, a.ResAcpNum, a.ResSpmCod, a.ResChtNum, b.PbsPatNam, a.ResLabCod 
  from ResInf a, PbsInf b 
 where a.ResSpmNum = '1820043854'
   and a.ResAcpCod = 'URI' 
   and a.ResMzhTyp <> 'L' 
   and a.ResRepTyp <> 'F' 
   and a.ResChtNum = b.PbsChtNum 
 order by a.ResLabCod 


[2018-11-01 오후 2:41:31] sOrdList : 20181101|URI/79/U01|164688|고이곤|1|005|

[2018-11-01 오후 2:45:47] SqlStr :  select a.ResAcpDte, a.ResAcpCod, a.ResAcpNum, a.ResSpmCod, a.ResChtNum, b.PbsPatNam, a.ResLabCod 
  from ResInf a, PbsInf b 
 where a.ResSpmNum = '1820043857'
   and a.ResAcpCod = 'URI' 
   and a.ResMzhTyp <> 'L' 
   and a.ResRepTyp <> 'F' 
   and a.ResChtNum = b.PbsChtNum 
 order by a.ResLabCod 


[2018-11-01 오후 2:45:50] SqlStr :  select a.ResAcpDte, a.ResAcpCod, a.ResAcpNum, a.ResSpmCod, a.ResChtNum, b.PbsPatNam, a.ResLabCod 
  from ResInf a, PbsInf b 
 where a.ResSpmNum = '1820043854'
   and a.ResAcpCod = 'URI' 
   and a.ResMzhTyp <> 'L' 
   and a.ResRepTyp <> 'F' 
   and a.ResChtNum = b.PbsChtNum 
 order by a.ResLabCod 


[2018-11-01 오후 3:10:15] SqlStr :  select a.ResAcpDte, a.ResAcpCod, a.ResAcpNum, a.ResSpmCod, a.ResChtNum, b.PbsPatNam, a.ResLabCod 
  from ResInf a, PbsInf b 
 where a.ResSpmNum = '1810144216'
   and a.ResAcpCod = 'URI' 
   and a.ResMzhTyp <> 'L' 
   and a.ResRepTyp <> 'F' 
   and a.ResChtNum = b.PbsChtNum 
 order by a.ResLabCod 


[2018-11-01 오후 3:10:18] SqlStr :  select a.ResAcpDte, a.ResAcpCod, a.ResAcpNum, a.ResSpmCod, a.ResChtNum, b.PbsPatNam, a.ResLabCod 
  from ResInf a, PbsInf b 
 where a.ResSpmNum = '1810144210'
   and a.ResAcpCod = 'URI' 
   and a.ResMzhTyp <> 'L' 
   and a.ResRepTyp <> 'F' 
   and a.ResChtNum = b.PbsChtNum 
 order by a.ResLabCod 


[2018-11-01 오후 3:10:21] SqlStr :  select a.ResAcpDte, a.ResAcpCod, a.ResAcpNum, a.ResSpmCod, a.ResChtNum, b.PbsPatNam, a.ResLabCod 
  from ResInf a, PbsInf b 
 where a.ResSpmNum = '1810144232'
   and a.ResAcpCod = 'URI' 
   and a.ResMzhTyp <> 'L' 
   and a.ResRepTyp <> 'F' 
   and a.ResChtNum = b.PbsChtNum 
 order by a.ResLabCod 


[2018-11-01 오후 3:12:03] SqlStr :  select a.ResAcpDte, a.ResAcpCod, a.ResAcpNum, a.ResSpmCod, a.ResChtNum, b.PbsPatNam, a.ResLabCod 
  from ResInf a, PbsInf b 
 where a.ResSpmNum = '1810144216'
   and a.ResAcpCod = 'URI' 
   and a.ResMzhTyp <> 'L' 
   and a.ResRepTyp <> 'F' 
   and a.ResChtNum = b.PbsChtNum 
 order by a.ResLabCod 


[2018-11-01 오후 3:12:03] sOrdList : 

[2018-11-01 오후 3:12:15] SqlStr :  select a.ResAcpDte, a.ResAcpCod, a.ResAcpNum, a.ResSpmCod, a.ResChtNum, b.PbsPatNam, a.ResLabCod 
  from ResInf a, PbsInf b 
 where a.ResSpmNum = '1810144210'
   and a.ResAcpCod = 'URI' 
   and a.ResMzhTyp <> 'L' 
   and a.ResRepTyp <> 'F' 
   and a.ResChtNum = b.PbsChtNum 
 order by a.ResLabCod 


[2018-11-01 오후 3:12:15] sOrdList : 20181101|URI/81/U01|49180|김광복|18|001|002|003|004|005|006|007|008|009|010|011|012|026|027|028|029|030|031|

[2018-11-01 오후 3:12:28] SqlStr :  select a.ResAcpDte, a.ResAcpCod, a.ResAcpNum, a.ResSpmCod, a.ResChtNum, b.PbsPatNam, a.ResLabCod 
  from ResInf a, PbsInf b 
 where a.ResSpmNum = '1810144232'
   and a.ResAcpCod = 'URI' 
   and a.ResMzhTyp <> 'L' 
   and a.ResRepTyp <> 'F' 
   and a.ResChtNum = b.PbsChtNum 
 order by a.ResLabCod 


[2018-11-01 오후 3:12:28] sOrdList : 20181101|URI/82/U01|144121|정창옥|18|001|002|003|004|005|006|007|008|009|010|011|012|026|027|028|029|030|031|

[2018-11-01 오후 3:15:42] SqlStr :  select a.ResAcpDte, a.ResAcpCod, a.ResAcpNum, a.ResSpmCod, a.ResChtNum, b.PbsPatNam, a.ResLabCod 
  from ResInf a, PbsInf b 
 where a.ResSpmNum = '1810144216'
   and a.ResAcpCod = 'URI' 
   and a.ResMzhTyp <> 'L' 
   and a.ResRepTyp <> 'F' 
   and a.ResChtNum = b.PbsChtNum 
 order by a.ResLabCod 


[2018-11-01 오후 3:20:44] SqlStr :  select a.ResAcpDte, a.ResAcpCod, a.ResAcpNum, a.ResSpmCod, a.ResChtNum, b.PbsPatNam, a.ResLabCod 
  from ResInf a, PbsInf b 
 where a.ResSpmNum = '1810144216'
   and a.ResAcpCod = 'URI' 
   and a.ResMzhTyp <> 'L' 
   and a.ResRepTyp <> 'F' 
   and a.ResChtNum = b.PbsChtNum 
 order by a.ResLabCod 


[2018-11-01 오후 3:22:14] SqlStr :  select a.ResAcpDte, a.ResAcpCod, a.ResAcpNum, a.ResSpmCod, a.ResChtNum, b.PbsPatNam, a.ResLabCod 
  from ResInf a, PbsInf b 
 where a.ResSpmNum = '1810144216'
   and a.ResAcpCod = 'URI' 
   and a.ResMzhTyp <> 'L' 
   and a.ResRepTyp <> 'F' 
   and a.ResChtNum = b.PbsChtNum 
 order by a.ResLabCod 


[2018-11-01 오후 3:22:14] sOrdList : 20181101|URI/83/U01|159415|강옥순|18|001|002|003|004|005|006|007|008|009|010|011|012|026|027|028|029|030|031|

[2018-11-01 오후 4:16:43] SqlStr :  select a.ResAcpDte, a.ResAcpCod, a.ResAcpNum, a.ResSpmCod, a.ResChtNum, b.PbsPatNam, a.ResLabCod 
  from ResInf a, PbsInf b 
 where a.ResSpmNum = '1820043858'
   and a.ResAcpCod = 'URI' 
   and a.ResMzhTyp <> 'L' 
   and a.ResRepTyp <> 'F' 
   and a.ResChtNum = b.PbsChtNum 
 order by a.ResLabCod 


[2018-11-01 오후 4:18:31] SqlStr :  select a.ResAcpDte, a.ResAcpCod, a.ResAcpNum, a.ResSpmCod, a.ResChtNum, b.PbsPatNam, a.ResLabCod 
  from ResInf a, PbsInf b 
 where a.ResSpmNum = '1820043858'
   and a.ResAcpCod = 'URI' 
   and a.ResMzhTyp <> 'L' 
   and a.ResRepTyp <> 'F' 
   and a.ResChtNum = b.PbsChtNum 
 order by a.ResLabCod 


[2018-11-01 오후 4:18:31] sOrdList : 20181101|URI/84/U01|230705|이선형|4|005|008|013|015|

[2018-11-01 오후 4:21:49] SqlStr :  select a.ResAcpDte, a.ResAcpCod, a.ResAcpNum, a.ResSpmCod, a.ResChtNum, b.PbsPatNam, a.ResLabCod 
  from ResInf a, PbsInf b 
 where a.ResSpmNum = '1820043858'
   and a.ResAcpCod = 'URI' 
   and a.ResMzhTyp <> 'L' 
   and a.ResRepTyp <> 'F' 
   and a.ResChtNum = b.PbsChtNum 
 order by a.ResLabCod 


[2018-11-01 오후 4:33:52] SqlStr :  select a.ResAcpDte, a.ResAcpCod, a.ResAcpNum, a.ResSpmCod, a.ResChtNum, b.PbsPatNam, a.ResLabCod 
  from ResInf a, PbsInf b 
 where a.ResSpmNum = '1810143997'
   and a.ResAcpCod = 'URI' 
   and a.ResMzhTyp <> 'L' 
   and a.ResRepTyp <> 'F' 
   and a.ResChtNum = b.PbsChtNum 
 order by a.ResLabCod 


[2018-11-01 오후 4:35:39] SqlStr :  select a.ResAcpDte, a.ResAcpCod, a.ResAcpNum, a.ResSpmCod, a.ResChtNum, b.PbsPatNam, a.ResLabCod 
  from ResInf a, PbsInf b 
 where a.ResSpmNum = '1810143997'
   and a.ResAcpCod = 'URI' 
   and a.ResMzhTyp <> 'L' 
   and a.ResRepTyp <> 'F' 
   and a.ResChtNum = b.PbsChtNum 
 order by a.ResLabCod 


[2018-11-01 오후 4:35:39] sOrdList : 20181101|URI/85/U01|106401|박자영|18|001|002|003|004|005|006|007|008|009|010|011|012|026|027|028|029|030|031|

[2018-11-01 오후 4:59:48] SqlStr :  select a.ResAcpDte, a.ResAcpCod, a.ResAcpNum, a.ResSpmCod, a.ResChtNum, b.PbsPatNam, a.ResLabCod 
  from ResInf a, PbsInf b 
 where a.ResSpmNum = '1810144281'
   and a.ResAcpCod = 'URI' 
   and a.ResMzhTyp <> 'L' 
   and a.ResRepTyp <> 'F' 
   and a.ResChtNum = b.PbsChtNum 
 order by a.ResLabCod 


[2018-11-01 오후 4:59:51] SqlStr :  select a.ResAcpDte, a.ResAcpCod, a.ResAcpNum, a.ResSpmCod, a.ResChtNum, b.PbsPatNam, a.ResLabCod 
  from ResInf a, PbsInf b 
 where a.ResSpmNum = '1810144292'
   and a.ResAcpCod = 'URI' 
   and a.ResMzhTyp <> 'L' 
   and a.ResRepTyp <> 'F' 
   and a.ResChtNum = b.PbsChtNum 
 order by a.ResLabCod 


[2018-11-01 오후 5:01:35] SqlStr :  select a.ResAcpDte, a.ResAcpCod, a.ResAcpNum, a.ResSpmCod, a.ResChtNum, b.PbsPatNam, a.ResLabCod 
  from ResInf a, PbsInf b 
 where a.ResSpmNum = '1810144281'
   and a.ResAcpCod = 'URI' 
   and a.ResMzhTyp <> 'L' 
   and a.ResRepTyp <> 'F' 
   and a.ResChtNum = b.PbsChtNum 
 order by a.ResLabCod 


[2018-11-01 오후 5:01:35] sOrdList : 20181101|URI/86/U01|7875|김시연|18|001|002|003|004|005|006|007|008|009|010|011|012|026|027|028|029|030|031|

[2018-11-01 오후 5:01:48] SqlStr :  select a.ResAcpDte, a.ResAcpCod, a.ResAcpNum, a.ResSpmCod, a.ResChtNum, b.PbsPatNam, a.ResLabCod 
  from ResInf a, PbsInf b 
 where a.ResSpmNum = '1810144292'
   and a.ResAcpCod = 'URI' 
   and a.ResMzhTyp <> 'L' 
   and a.ResRepTyp <> 'F' 
   and a.ResChtNum = b.PbsChtNum 
 order by a.ResLabCod 


[2018-11-01 오후 5:01:48] sOrdList : 20181101|URI/88/U01|86546|지정수|18|001|002|003|004|005|006|007|008|009|010|011|012|026|027|028|029|030|031|

[2018-11-01 오후 5:25:15] SqlStr :  select a.ResAcpDte, a.ResAcpCod, a.ResAcpNum, a.ResSpmCod, a.ResChtNum, b.PbsPatNam, a.ResLabCod 
  from ResInf a, PbsInf b 
 where a.ResSpmNum = '1820043861'
   and a.ResAcpCod = 'URI' 
   and a.ResMzhTyp <> 'L' 
   and a.ResRepTyp <> 'F' 
   and a.ResChtNum = b.PbsChtNum 
 order by a.ResLabCod 


[2018-11-01 오후 5:27:02] SqlStr :  select a.ResAcpDte, a.ResAcpCod, a.ResAcpNum, a.ResSpmCod, a.ResChtNum, b.PbsPatNam, a.ResLabCod 
  from ResInf a, PbsInf b 
 where a.ResSpmNum = '1820043861'
   and a.ResAcpCod = 'URI' 
   and a.ResMzhTyp <> 'L' 
   and a.ResRepTyp <> 'F' 
   and a.ResChtNum = b.PbsChtNum 
 order by a.ResLabCod 


[2018-11-01 오후 5:27:02] sOrdList : 20181101|URI/87/U01|279914|이윤서|4|005|008|013|015|

[2018-11-01 오후 5:30:16] SqlStr :  select a.ResAcpDte, a.ResAcpCod, a.ResAcpNum, a.ResSpmCod, a.ResChtNum, b.PbsPatNam, a.ResLabCod 
  from ResInf a, PbsInf b 
 where a.ResSpmNum = '1820043861'
   and a.ResAcpCod = 'URI' 
   and a.ResMzhTyp <> 'L' 
   and a.ResRepTyp <> 'F' 
   and a.ResChtNum = b.PbsChtNum 
 order by a.ResLabCod 


[2018-11-01 오후 7:21:53] SqlStr :  select a.ResAcpDte, a.ResAcpCod, a.ResAcpNum, a.ResSpmCod, a.ResChtNum, b.PbsPatNam, a.ResLabCod 
  from ResInf a, PbsInf b 
 where a.ResSpmNum = '1800144368'
   and a.ResAcpCod = 'URI' 
   and a.ResMzhTyp <> 'L' 
   and a.ResRepTyp <> 'F' 
   and a.ResChtNum = b.PbsChtNum 
 order by a.ResLabCod 


[2018-11-01 오후 7:21:56] SqlStr :  select a.ResAcpDte, a.ResAcpCod, a.ResAcpNum, a.ResSpmCod, a.ResChtNum, b.PbsPatNam, a.ResLabCod 
  from ResInf a, PbsInf b 
 where a.ResSpmNum = '1800144375'
   and a.ResAcpCod = 'URI' 
   and a.ResMzhTyp <> 'L' 
   and a.ResRepTyp <> 'F' 
   and a.ResChtNum = b.PbsChtNum 
 order by a.ResLabCod 


[2018-11-01 오후 7:23:41] SqlStr :  select a.ResAcpDte, a.ResAcpCod, a.ResAcpNum, a.ResSpmCod, a.ResChtNum, b.PbsPatNam, a.ResLabCod 
  from ResInf a, PbsInf b 
 where a.ResSpmNum = '1800144368'
   and a.ResAcpCod = 'URI' 
   and a.ResMzhTyp <> 'L' 
   and a.ResRepTyp <> 'F' 
   and a.ResChtNum = b.PbsChtNum 
 order by a.ResLabCod 


[2018-11-01 오후 7:23:41] sOrdList : 20181101|URI/90/U01|254309|김다솜|18|001|002|003|004|005|006|007|008|009|010|011|012|026|027|028|029|030|031|

[2018-11-01 오후 7:23:54] SqlStr :  select a.ResAcpDte, a.ResAcpCod, a.ResAcpNum, a.ResSpmCod, a.ResChtNum, b.PbsPatNam, a.ResLabCod 
  from ResInf a, PbsInf b 
 where a.ResSpmNum = '1800144375'
   and a.ResAcpCod = 'URI' 
   and a.ResMzhTyp <> 'L' 
   and a.ResRepTyp <> 'F' 
   and a.ResChtNum = b.PbsChtNum 
 order by a.ResLabCod 


[2018-11-01 오후 7:23:54] sOrdList : 20181101|URI/89/U01|35322|김우진|18|001|002|003|004|005|006|007|008|009|010|011|012|026|027|028|029|030|031|

[2018-11-01 오후 11:25:19] SqlStr :  select a.ResAcpDte, a.ResAcpCod, a.ResAcpNum, a.ResSpmCod, a.ResChtNum, b.PbsPatNam, a.ResLabCod 
  from ResInf a, PbsInf b 
 where a.ResSpmNum = '1810144250'
   and a.ResAcpCod = 'URI' 
   and a.ResMzhTyp <> 'L' 
   and a.ResRepTyp <> 'F' 
   and a.ResChtNum = b.PbsChtNum 
 order by a.ResLabCod 


[2018-11-01 오후 11:25:22] SqlStr :  select a.ResAcpDte, a.ResAcpCod, a.ResAcpNum, a.ResSpmCod, a.ResChtNum, b.PbsPatNam, a.ResLabCod 
  from ResInf a, PbsInf b 
 where a.ResSpmNum = '1800144424'
   and a.ResAcpCod = 'URI' 
   and a.ResMzhTyp <> 'L' 
   and a.ResRepTyp <> 'F' 
   and a.ResChtNum = b.PbsChtNum 
 order by a.ResLabCod 


[2018-11-01 오후 11:27:07] SqlStr :  select a.ResAcpDte, a.ResAcpCod, a.ResAcpNum, a.ResSpmCod, a.ResChtNum, b.PbsPatNam, a.ResLabCod 
  from ResInf a, PbsInf b 
 where a.ResSpmNum = '1810144250'
   and a.ResAcpCod = 'URI' 
   and a.ResMzhTyp <> 'L' 
   and a.ResRepTyp <> 'F' 
   and a.ResChtNum = b.PbsChtNum 
 order by a.ResLabCod 


[2018-11-01 오후 11:27:07] sOrdList : 20181101|URI/92/U01|284231|김형숙|18|001|002|003|004|005|006|007|008|009|010|011|012|026|027|028|029|030|031|

[2018-11-01 오후 11:27:22] SqlStr :  select a.ResAcpDte, a.ResAcpCod, a.ResAcpNum, a.ResSpmCod, a.ResChtNum, b.PbsPatNam, a.ResLabCod 
  from ResInf a, PbsInf b 
 where a.ResSpmNum = '1800144424'
   and a.ResAcpCod = 'URI' 
   and a.ResMzhTyp <> 'L' 
   and a.ResRepTyp <> 'F' 
   and a.ResChtNum = b.PbsChtNum 
 order by a.ResLabCod 


[2018-11-01 오후 11:27:22] sOrdList : 20181101|URI/91/U01|284246|장기윤|18|001|002|003|004|005|006|007|008|009|010|011|012|026|027|028|029|030|031|

[2018-11-01 오후 11:39:02] SqlStr :  select a.ResAcpDte, a.ResAcpCod, a.ResAcpNum, a.ResSpmCod, a.ResChtNum, b.PbsPatNam, a.ResLabCod 
  from ResInf a, PbsInf b 
 where a.ResSpmNum = '1800144427'
   and a.ResAcpCod = 'URI' 
   and a.ResMzhTyp <> 'L' 
   and a.ResRepTyp <> 'F' 
   and a.ResChtNum = b.PbsChtNum 
 order by a.ResLabCod 


[2018-11-01 오후 11:40:49] SqlStr :  select a.ResAcpDte, a.ResAcpCod, a.ResAcpNum, a.ResSpmCod, a.ResChtNum, b.PbsPatNam, a.ResLabCod 
  from ResInf a, PbsInf b 
 where a.ResSpmNum = '1800144427'
   and a.ResAcpCod = 'URI' 
   and a.ResMzhTyp <> 'L' 
   and a.ResRepTyp <> 'F' 
   and a.ResChtNum = b.PbsChtNum 
 order by a.ResLabCod 


[2018-11-01 오후 11:40:49] sOrdList : 20181101|URI/93/U01|284246|장기윤|18|001|002|003|004|005|006|007|008|009|010|011|012|026|027|028|029|030|031|

